[0.015s] Invoking command in '/home/leedonghyuck/ws_px4/build/collision_avoidance': CMAKE_PREFIX_PATH=/home/leedonghyuck/ws_px4/install/px4_ros2_cpp:/home/leedonghyuck/ws_px4/install/px4_msgs:/home/leedonghyuck/ws_px4/install/px4_ros_com:/home/leedonghyuck/ws_px4/install/px4_ros2_py:/home/leedonghyuck/ws_px4/install/example_rover_velocity_mode_cpp:/home/leedonghyuck/ws_px4/install/example_mode_with_executor_cpp:/home/leedonghyuck/ws_px4/install/example_mode_vtol_cpp:/home/leedonghyuck/ws_px4/install/example_mode_rtl_replacement_cpp:/home/leedonghyuck/ws_px4/install/example_mode_mission_cpp:/home/leedonghyuck/ws_px4/install/example_mode_manual_cpp:/home/leedonghyuck/ws_px4/install/example_mode_goto_global_cpp:/home/leedonghyuck/ws_px4/install/example_mode_goto_cpp:/home/leedonghyuck/ws_px4/install/example_mode_fw_attitude_cpp:/home/leedonghyuck/ws_px4/install/example_local_navigation_cpp:/home/leedonghyuck/ws_px4/install/example_global_navigation_cpp:/home/leedonghyuck/ws_px4/install/example_executor_with_multiple_modes_cpp:/home/leedonghyuck/ws_px4/install/collision_avoidance:/home/leedonghyuck/ws_px4/install/example_mode_with_rclpy_py:/home/leedonghyuck/ws_px4/install/example_mode_goto_py:/opt/ros/humble LD_LIBRARY_PATH=/home/leedonghyuck/ws_px4/install/px4_ros2_cpp/lib:/home/leedonghyuck/ws_px4/install/px4_msgs/lib:/home/leedonghyuck/ws_px4/install/px4_ros_com/lib:/usr/lib/x86_64-linux-gnu/gazebo-11/plugins:/opt/ros/humble/opt/rviz_ogre_vendor/lib:/opt/ros/humble/lib/x86_64-linux-gnu:/opt/ros/humble/lib:/home/username/.mujoco/mujoco210/bin /usr/bin/cmake --build /home/leedonghyuck/ws_px4/build/collision_avoidance -- -j32 -l32
[0.037s] -- Found eigen3_cmake_module: 0.1.1 (/opt/ros/humble/share/eigen3_cmake_module/cmake)
[0.038s] -- Found ament_cmake: 1.3.13 (/opt/ros/humble/share/ament_cmake/cmake)
[0.149s] -- Found rclcpp: 16.0.18 (/opt/ros/humble/share/rclcpp/cmake)
[0.188s] -- Found rosidl_generator_c: 3.1.8 (/opt/ros/humble/share/rosidl_generator_c/cmake)
[0.189s] -- Found rosidl_adapter: 3.1.8 (/opt/ros/humble/share/rosidl_adapter/cmake)
[0.194s] -- Found rosidl_generator_cpp: 3.1.8 (/opt/ros/humble/share/rosidl_generator_cpp/cmake)
[0.201s] -- Using all available rosidl_typesupport_c: rosidl_typesupport_fastrtps_c;rosidl_typesupport_introspection_c
[0.211s] -- Using all available rosidl_typesupport_cpp: rosidl_typesupport_fastrtps_cpp;rosidl_typesupport_introspection_cpp
[0.235s] -- Found rmw_implementation_cmake: 6.1.2 (/opt/ros/humble/share/rmw_implementation_cmake/cmake)
[0.236s] -- Found rmw_fastrtps_cpp: 6.2.10 (/opt/ros/humble/share/rmw_fastrtps_cpp/cmake)
[0.352s] -- Using RMW implementation 'rmw_fastrtps_cpp' as default
[0.389s] -- Found px4_ros2_cpp: 0.0.1 (/home/leedonghyuck/ws_px4/install/px4_ros2_cpp/share/px4_ros2_cpp/cmake)
[0.402s] CMake Error at CMakeLists.txt:19 (target_link_libraries):
[0.402s]   The plain signature for target_link_libraries has already been used with
[0.402s]   the target "collision_avoidance_node".  All uses of target_link_libraries
[0.402s]   with a target must be either all-keyword or all-plain.
[0.402s] 
[0.402s]   The uses of the plain signature are here:
[0.402s] 
[0.402s]    * /opt/ros/humble/share/ament_cmake_target_dependencies/cmake/ament_target_dependencies.cmake:145 (target_link_libraries)
[0.402s] 
[0.402s] 
[0.402s] 
[0.454s] -- Configuring incomplete, errors occurred!
[0.454s] See also "/home/leedonghyuck/ws_px4/build/collision_avoidance/CMakeFiles/CMakeOutput.log".
[0.460s] gmake: *** [Makefile:267: cmake_check_build_system] Error 1
[0.463s] Invoked command in '/home/leedonghyuck/ws_px4/build/collision_avoidance' returned '2': CMAKE_PREFIX_PATH=/home/leedonghyuck/ws_px4/install/px4_ros2_cpp:/home/leedonghyuck/ws_px4/install/px4_msgs:/home/leedonghyuck/ws_px4/install/px4_ros_com:/home/leedonghyuck/ws_px4/install/px4_ros2_py:/home/leedonghyuck/ws_px4/install/example_rover_velocity_mode_cpp:/home/leedonghyuck/ws_px4/install/example_mode_with_executor_cpp:/home/leedonghyuck/ws_px4/install/example_mode_vtol_cpp:/home/leedonghyuck/ws_px4/install/example_mode_rtl_replacement_cpp:/home/leedonghyuck/ws_px4/install/example_mode_mission_cpp:/home/leedonghyuck/ws_px4/install/example_mode_manual_cpp:/home/leedonghyuck/ws_px4/install/example_mode_goto_global_cpp:/home/leedonghyuck/ws_px4/install/example_mode_goto_cpp:/home/leedonghyuck/ws_px4/install/example_mode_fw_attitude_cpp:/home/leedonghyuck/ws_px4/install/example_local_navigation_cpp:/home/leedonghyuck/ws_px4/install/example_global_navigation_cpp:/home/leedonghyuck/ws_px4/install/example_executor_with_multiple_modes_cpp:/home/leedonghyuck/ws_px4/install/collision_avoidance:/home/leedonghyuck/ws_px4/install/example_mode_with_rclpy_py:/home/leedonghyuck/ws_px4/install/example_mode_goto_py:/opt/ros/humble LD_LIBRARY_PATH=/home/leedonghyuck/ws_px4/install/px4_ros2_cpp/lib:/home/leedonghyuck/ws_px4/install/px4_msgs/lib:/home/leedonghyuck/ws_px4/install/px4_ros_com/lib:/usr/lib/x86_64-linux-gnu/gazebo-11/plugins:/opt/ros/humble/opt/rviz_ogre_vendor/lib:/opt/ros/humble/lib/x86_64-linux-gnu:/opt/ros/humble/lib:/home/username/.mujoco/mujoco210/bin /usr/bin/cmake --build /home/leedonghyuck/ws_px4/build/collision_avoidance -- -j32 -l32
