[0.072s] DEBUG:colcon:Command line arguments: ['/usr/bin/colcon', 'list', '-p', '--base-paths', '/home/leedonghyuck/ws_px4']
[0.072s] DEBUG:colcon:Parsed command line arguments: Namespace(log_base=None, log_level=None, verb_name='list', build_base='build', ignore_user_meta=False, metas=['./colcon.meta'], base_paths=['/home/leedonghyuck/ws_px4'], packages_ignore=None, packages_ignore_regex=None, paths=None, packages_up_to=None, packages_up_to_regex=None, packages_above=None, packages_above_and_dependencies=None, packages_above_depth=None, packages_select_by_dep=None, packages_skip_by_dep=None, packages_skip_up_to=None, packages_select_build_failed=False, packages_skip_build_finished=False, packages_select_test_failures=False, packages_skip_test_passed=False, packages_select=None, packages_skip=None, packages_select_regex=None, packages_skip_regex=None, packages_start=None, packages_end=None, allow_overriding=[], topological_order=False, names_only=False, paths_only=True, topological_graph=False, topological_graph_dot=False, topological_graph_density=False, topological_graph_legend=False, topological_graph_dot_cluster=False, topological_graph_dot_include_skipped=False, verb_parser=<colcon_defaults.argument_parser.defaults.DefaultArgumentsDecorator object at 0x77834bd5eb90>, verb_extension=<colcon_package_information.verb.list.ListVerb object at 0x77834bd5dd20>, main=<bound method ListVerb.main of <colcon_package_information.verb.list.ListVerb object at 0x77834bd5dd20>>)
[0.231s] Level 1:colcon.colcon_core.package_discovery:discover_packages(colcon_meta) check parameters
[0.231s] Level 1:colcon.colcon_core.package_discovery:discover_packages(recursive) check parameters
[0.231s] Level 1:colcon.colcon_core.package_discovery:discover_packages(ignore) check parameters
[0.231s] Level 1:colcon.colcon_core.package_discovery:discover_packages(path) check parameters
[0.231s] Level 1:colcon.colcon_core.package_discovery:discover_packages(recursive) discover
[0.231s] INFO:colcon.colcon_core.package_discovery:Crawling recursively for packages in '/home/leedonghyuck/ws_px4'
[0.232s] Level 1:colcon.colcon_core.package_identification:_identify(/home/leedonghyuck/ws_px4) by extensions ['ignore', 'ignore_ament_install']
[0.232s] Level 1:colcon.colcon_core.package_identification:_identify(/home/leedonghyuck/ws_px4) by extension 'ignore'
[0.232s] Level 1:colcon.colcon_core.package_identification:_identify(/home/leedonghyuck/ws_px4) by extension 'ignore_ament_install'
[0.232s] Level 1:colcon.colcon_core.package_identification:_identify(/home/leedonghyuck/ws_px4) by extensions ['colcon_pkg']
[0.232s] Level 1:colcon.colcon_core.package_identification:_identify(/home/leedonghyuck/ws_px4) by extension 'colcon_pkg'
[0.232s] Level 1:colcon.colcon_core.package_identification:_identify(/home/leedonghyuck/ws_px4) by extensions ['colcon_meta']
[0.232s] Level 1:colcon.colcon_core.package_identification:_identify(/home/leedonghyuck/ws_px4) by extension 'colcon_meta'
[0.232s] Level 1:colcon.colcon_core.package_identification:_identify(/home/leedonghyuck/ws_px4) by extensions ['ros']
[0.232s] Level 1:colcon.colcon_core.package_identification:_identify(/home/leedonghyuck/ws_px4) by extension 'ros'
[0.244s] Level 1:colcon.colcon_core.package_identification:_identify(/home/leedonghyuck/ws_px4) by extensions ['cmake', 'python']
[0.244s] Level 1:colcon.colcon_core.package_identification:_identify(/home/leedonghyuck/ws_px4) by extension 'cmake'
[0.244s] Level 1:colcon.colcon_core.package_identification:_identify(/home/leedonghyuck/ws_px4) by extension 'python'
[0.244s] Level 1:colcon.colcon_core.package_identification:_identify(/home/leedonghyuck/ws_px4) by extensions ['python_setup_py']
[0.244s] Level 1:colcon.colcon_core.package_identification:_identify(/home/leedonghyuck/ws_px4) by extension 'python_setup_py'
[0.244s] Level 1:colcon.colcon_core.package_identification:_identify(/home/leedonghyuck/ws_px4/build) by extensions ['ignore', 'ignore_ament_install']
[0.244s] Level 1:colcon.colcon_core.package_identification:_identify(/home/leedonghyuck/ws_px4/build) by extension 'ignore'
[0.244s] Level 1:colcon.colcon_core.package_identification:_identify(/home/leedonghyuck/ws_px4/build) ignored
[0.244s] Level 1:colcon.colcon_core.package_identification:_identify(/home/leedonghyuck/ws_px4/install) by extensions ['ignore', 'ignore_ament_install']
[0.244s] Level 1:colcon.colcon_core.package_identification:_identify(/home/leedonghyuck/ws_px4/install) by extension 'ignore'
[0.244s] Level 1:colcon.colcon_core.package_identification:_identify(/home/leedonghyuck/ws_px4/install) ignored
[0.244s] Level 1:colcon.colcon_core.package_identification:_identify(/home/leedonghyuck/ws_px4/log) by extensions ['ignore', 'ignore_ament_install']
[0.244s] Level 1:colcon.colcon_core.package_identification:_identify(/home/leedonghyuck/ws_px4/log) by extension 'ignore'
[0.244s] Level 1:colcon.colcon_core.package_identification:_identify(/home/leedonghyuck/ws_px4/log) ignored
[0.244s] Level 1:colcon.colcon_core.package_identification:_identify(/home/leedonghyuck/ws_px4/src) by extensions ['ignore', 'ignore_ament_install']
[0.244s] Level 1:colcon.colcon_core.package_identification:_identify(/home/leedonghyuck/ws_px4/src) by extension 'ignore'
[0.244s] Level 1:colcon.colcon_core.package_identification:_identify(/home/leedonghyuck/ws_px4/src) by extension 'ignore_ament_install'
[0.244s] Level 1:colcon.colcon_core.package_identification:_identify(/home/leedonghyuck/ws_px4/src) by extensions ['colcon_pkg']
[0.245s] Level 1:colcon.colcon_core.package_identification:_identify(/home/leedonghyuck/ws_px4/src) by extension 'colcon_pkg'
[0.245s] Level 1:colcon.colcon_core.package_identification:_identify(/home/leedonghyuck/ws_px4/src) by extensions ['colcon_meta']
[0.245s] Level 1:colcon.colcon_core.package_identification:_identify(/home/leedonghyuck/ws_px4/src) by extension 'colcon_meta'
[0.245s] Level 1:colcon.colcon_core.package_identification:_identify(/home/leedonghyuck/ws_px4/src) by extensions ['ros']
[0.245s] Level 1:colcon.colcon_core.package_identification:_identify(/home/leedonghyuck/ws_px4/src) by extension 'ros'
[0.245s] Level 1:colcon.colcon_core.package_identification:_identify(/home/leedonghyuck/ws_px4/src) by extensions ['cmake', 'python']
[0.245s] Level 1:colcon.colcon_core.package_identification:_identify(/home/leedonghyuck/ws_px4/src) by extension 'cmake'
[0.245s] Level 1:colcon.colcon_core.package_identification:_identify(/home/leedonghyuck/ws_px4/src) by extension 'python'
[0.245s] Level 1:colcon.colcon_core.package_identification:_identify(/home/leedonghyuck/ws_px4/src) by extensions ['python_setup_py']
[0.245s] Level 1:colcon.colcon_core.package_identification:_identify(/home/leedonghyuck/ws_px4/src) by extension 'python_setup_py'
[0.245s] Level 1:colcon.colcon_core.package_identification:_identify(/home/leedonghyuck/ws_px4/src/build) by extensions ['ignore', 'ignore_ament_install']
[0.245s] Level 1:colcon.colcon_core.package_identification:_identify(/home/leedonghyuck/ws_px4/src/build) by extension 'ignore'
[0.245s] Level 1:colcon.colcon_core.package_identification:_identify(/home/leedonghyuck/ws_px4/src/build) by extension 'ignore_ament_install'
[0.245s] Level 1:colcon.colcon_core.package_identification:_identify(/home/leedonghyuck/ws_px4/src/build) by extensions ['colcon_pkg']
[0.245s] Level 1:colcon.colcon_core.package_identification:_identify(/home/leedonghyuck/ws_px4/src/build) by extension 'colcon_pkg'
[0.245s] Level 1:colcon.colcon_core.package_identification:_identify(/home/leedonghyuck/ws_px4/src/build) by extensions ['colcon_meta']
[0.245s] Level 1:colcon.colcon_core.package_identification:_identify(/home/leedonghyuck/ws_px4/src/build) by extension 'colcon_meta'
[0.245s] Level 1:colcon.colcon_core.package_identification:_identify(/home/leedonghyuck/ws_px4/src/build) by extensions ['ros']
[0.245s] Level 1:colcon.colcon_core.package_identification:_identify(/home/leedonghyuck/ws_px4/src/build) by extension 'ros'
[0.245s] Level 1:colcon.colcon_core.package_identification:_identify(/home/leedonghyuck/ws_px4/src/build) by extensions ['cmake', 'python']
[0.245s] Level 1:colcon.colcon_core.package_identification:_identify(/home/leedonghyuck/ws_px4/src/build) by extension 'cmake'
[0.245s] Level 1:colcon.colcon_core.package_identification:_identify(/home/leedonghyuck/ws_px4/src/build) by extension 'python'
[0.245s] Level 1:colcon.colcon_core.package_identification:_identify(/home/leedonghyuck/ws_px4/src/build) by extensions ['python_setup_py']
[0.245s] Level 1:colcon.colcon_core.package_identification:_identify(/home/leedonghyuck/ws_px4/src/build) by extension 'python_setup_py'
[0.245s] Level 1:colcon.colcon_core.package_identification:_identify(/home/leedonghyuck/ws_px4/src/build/CMakeFiles) by extensions ['ignore', 'ignore_ament_install']
[0.245s] Level 1:colcon.colcon_core.package_identification:_identify(/home/leedonghyuck/ws_px4/src/build/CMakeFiles) by extension 'ignore'
[0.245s] Level 1:colcon.colcon_core.package_identification:_identify(/home/leedonghyuck/ws_px4/src/build/CMakeFiles) by extension 'ignore_ament_install'
[0.245s] Level 1:colcon.colcon_core.package_identification:_identify(/home/leedonghyuck/ws_px4/src/build/CMakeFiles) by extensions ['colcon_pkg']
[0.246s] Level 1:colcon.colcon_core.package_identification:_identify(/home/leedonghyuck/ws_px4/src/build/CMakeFiles) by extension 'colcon_pkg'
[0.246s] Level 1:colcon.colcon_core.package_identification:_identify(/home/leedonghyuck/ws_px4/src/build/CMakeFiles) by extensions ['colcon_meta']
[0.246s] Level 1:colcon.colcon_core.package_identification:_identify(/home/leedonghyuck/ws_px4/src/build/CMakeFiles) by extension 'colcon_meta'
[0.246s] Level 1:colcon.colcon_core.package_identification:_identify(/home/leedonghyuck/ws_px4/src/build/CMakeFiles) by extensions ['ros']
[0.246s] Level 1:colcon.colcon_core.package_identification:_identify(/home/leedonghyuck/ws_px4/src/build/CMakeFiles) by extension 'ros'
[0.246s] Level 1:colcon.colcon_core.package_identification:_identify(/home/leedonghyuck/ws_px4/src/build/CMakeFiles) by extensions ['cmake', 'python']
[0.246s] Level 1:colcon.colcon_core.package_identification:_identify(/home/leedonghyuck/ws_px4/src/build/CMakeFiles) by extension 'cmake'
[0.246s] Level 1:colcon.colcon_core.package_identification:_identify(/home/leedonghyuck/ws_px4/src/build/CMakeFiles) by extension 'python'
[0.246s] Level 1:colcon.colcon_core.package_identification:_identify(/home/leedonghyuck/ws_px4/src/build/CMakeFiles) by extensions ['python_setup_py']
[0.246s] Level 1:colcon.colcon_core.package_identification:_identify(/home/leedonghyuck/ws_px4/src/build/CMakeFiles) by extension 'python_setup_py'
[0.246s] Level 1:colcon.colcon_core.package_identification:_identify(/home/leedonghyuck/ws_px4/src/build/CMakeFiles/3.22.1) by extensions ['ignore', 'ignore_ament_install']
[0.246s] Level 1:colcon.colcon_core.package_identification:_identify(/home/leedonghyuck/ws_px4/src/build/CMakeFiles/3.22.1) by extension 'ignore'
[0.246s] Level 1:colcon.colcon_core.package_identification:_identify(/home/leedonghyuck/ws_px4/src/build/CMakeFiles/3.22.1) by extension 'ignore_ament_install'
[0.246s] Level 1:colcon.colcon_core.package_identification:_identify(/home/leedonghyuck/ws_px4/src/build/CMakeFiles/3.22.1) by extensions ['colcon_pkg']
[0.246s] Level 1:colcon.colcon_core.package_identification:_identify(/home/leedonghyuck/ws_px4/src/build/CMakeFiles/3.22.1) by extension 'colcon_pkg'
[0.246s] Level 1:colcon.colcon_core.package_identification:_identify(/home/leedonghyuck/ws_px4/src/build/CMakeFiles/3.22.1) by extensions ['colcon_meta']
[0.246s] Level 1:colcon.colcon_core.package_identification:_identify(/home/leedonghyuck/ws_px4/src/build/CMakeFiles/3.22.1) by extension 'colcon_meta'
[0.246s] Level 1:colcon.colcon_core.package_identification:_identify(/home/leedonghyuck/ws_px4/src/build/CMakeFiles/3.22.1) by extensions ['ros']
[0.246s] Level 1:colcon.colcon_core.package_identification:_identify(/home/leedonghyuck/ws_px4/src/build/CMakeFiles/3.22.1) by extension 'ros'
[0.246s] Level 1:colcon.colcon_core.package_identification:_identify(/home/leedonghyuck/ws_px4/src/build/CMakeFiles/3.22.1) by extensions ['cmake', 'python']
[0.246s] Level 1:colcon.colcon_core.package_identification:_identify(/home/leedonghyuck/ws_px4/src/build/CMakeFiles/3.22.1) by extension 'cmake'
[0.246s] Level 1:colcon.colcon_core.package_identification:_identify(/home/leedonghyuck/ws_px4/src/build/CMakeFiles/3.22.1) by extension 'python'
[0.246s] Level 1:colcon.colcon_core.package_identification:_identify(/home/leedonghyuck/ws_px4/src/build/CMakeFiles/3.22.1) by extensions ['python_setup_py']
[0.246s] Level 1:colcon.colcon_core.package_identification:_identify(/home/leedonghyuck/ws_px4/src/build/CMakeFiles/3.22.1) by extension 'python_setup_py'
[0.246s] Level 1:colcon.colcon_core.package_identification:_identify(/home/leedonghyuck/ws_px4/src/build/CMakeFiles/3.22.1/CompilerIdC) by extensions ['ignore', 'ignore_ament_install']
[0.246s] Level 1:colcon.colcon_core.package_identification:_identify(/home/leedonghyuck/ws_px4/src/build/CMakeFiles/3.22.1/CompilerIdC) by extension 'ignore'
[0.246s] Level 1:colcon.colcon_core.package_identification:_identify(/home/leedonghyuck/ws_px4/src/build/CMakeFiles/3.22.1/CompilerIdC) by extension 'ignore_ament_install'
[0.247s] Level 1:colcon.colcon_core.package_identification:_identify(/home/leedonghyuck/ws_px4/src/build/CMakeFiles/3.22.1/CompilerIdC) by extensions ['colcon_pkg']
[0.247s] Level 1:colcon.colcon_core.package_identification:_identify(/home/leedonghyuck/ws_px4/src/build/CMakeFiles/3.22.1/CompilerIdC) by extension 'colcon_pkg'
[0.247s] Level 1:colcon.colcon_core.package_identification:_identify(/home/leedonghyuck/ws_px4/src/build/CMakeFiles/3.22.1/CompilerIdC) by extensions ['colcon_meta']
[0.247s] Level 1:colcon.colcon_core.package_identification:_identify(/home/leedonghyuck/ws_px4/src/build/CMakeFiles/3.22.1/CompilerIdC) by extension 'colcon_meta'
[0.247s] Level 1:colcon.colcon_core.package_identification:_identify(/home/leedonghyuck/ws_px4/src/build/CMakeFiles/3.22.1/CompilerIdC) by extensions ['ros']
[0.247s] Level 1:colcon.colcon_core.package_identification:_identify(/home/leedonghyuck/ws_px4/src/build/CMakeFiles/3.22.1/CompilerIdC) by extension 'ros'
[0.247s] Level 1:colcon.colcon_core.package_identification:_identify(/home/leedonghyuck/ws_px4/src/build/CMakeFiles/3.22.1/CompilerIdC) by extensions ['cmake', 'python']
[0.247s] Level 1:colcon.colcon_core.package_identification:_identify(/home/leedonghyuck/ws_px4/src/build/CMakeFiles/3.22.1/CompilerIdC) by extension 'cmake'
[0.247s] Level 1:colcon.colcon_core.package_identification:_identify(/home/leedonghyuck/ws_px4/src/build/CMakeFiles/3.22.1/CompilerIdC) by extension 'python'
[0.247s] Level 1:colcon.colcon_core.package_identification:_identify(/home/leedonghyuck/ws_px4/src/build/CMakeFiles/3.22.1/CompilerIdC) by extensions ['python_setup_py']
[0.247s] Level 1:colcon.colcon_core.package_identification:_identify(/home/leedonghyuck/ws_px4/src/build/CMakeFiles/3.22.1/CompilerIdC) by extension 'python_setup_py'
[0.247s] Level 1:colcon.colcon_core.package_identification:_identify(/home/leedonghyuck/ws_px4/src/build/CMakeFiles/3.22.1/CompilerIdC/tmp) by extensions ['ignore', 'ignore_ament_install']
[0.247s] Level 1:colcon.colcon_core.package_identification:_identify(/home/leedonghyuck/ws_px4/src/build/CMakeFiles/3.22.1/CompilerIdC/tmp) by extension 'ignore'
[0.247s] Level 1:colcon.colcon_core.package_identification:_identify(/home/leedonghyuck/ws_px4/src/build/CMakeFiles/3.22.1/CompilerIdC/tmp) by extension 'ignore_ament_install'
[0.247s] Level 1:colcon.colcon_core.package_identification:_identify(/home/leedonghyuck/ws_px4/src/build/CMakeFiles/3.22.1/CompilerIdC/tmp) by extensions ['colcon_pkg']
[0.247s] Level 1:colcon.colcon_core.package_identification:_identify(/home/leedonghyuck/ws_px4/src/build/CMakeFiles/3.22.1/CompilerIdC/tmp) by extension 'colcon_pkg'
[0.247s] Level 1:colcon.colcon_core.package_identification:_identify(/home/leedonghyuck/ws_px4/src/build/CMakeFiles/3.22.1/CompilerIdC/tmp) by extensions ['colcon_meta']
[0.247s] Level 1:colcon.colcon_core.package_identification:_identify(/home/leedonghyuck/ws_px4/src/build/CMakeFiles/3.22.1/CompilerIdC/tmp) by extension 'colcon_meta'
[0.247s] Level 1:colcon.colcon_core.package_identification:_identify(/home/leedonghyuck/ws_px4/src/build/CMakeFiles/3.22.1/CompilerIdC/tmp) by extensions ['ros']
[0.247s] Level 1:colcon.colcon_core.package_identification:_identify(/home/leedonghyuck/ws_px4/src/build/CMakeFiles/3.22.1/CompilerIdC/tmp) by extension 'ros'
[0.247s] Level 1:colcon.colcon_core.package_identification:_identify(/home/leedonghyuck/ws_px4/src/build/CMakeFiles/3.22.1/CompilerIdC/tmp) by extensions ['cmake', 'python']
[0.247s] Level 1:colcon.colcon_core.package_identification:_identify(/home/leedonghyuck/ws_px4/src/build/CMakeFiles/3.22.1/CompilerIdC/tmp) by extension 'cmake'
[0.247s] Level 1:colcon.colcon_core.package_identification:_identify(/home/leedonghyuck/ws_px4/src/build/CMakeFiles/3.22.1/CompilerIdC/tmp) by extension 'python'
[0.247s] Level 1:colcon.colcon_core.package_identification:_identify(/home/leedonghyuck/ws_px4/src/build/CMakeFiles/3.22.1/CompilerIdC/tmp) by extensions ['python_setup_py']
[0.247s] Level 1:colcon.colcon_core.package_identification:_identify(/home/leedonghyuck/ws_px4/src/build/CMakeFiles/3.22.1/CompilerIdC/tmp) by extension 'python_setup_py'
[0.247s] Level 1:colcon.colcon_core.package_identification:_identify(/home/leedonghyuck/ws_px4/src/build/CMakeFiles/3.22.1/CompilerIdCXX) by extensions ['ignore', 'ignore_ament_install']
[0.248s] Level 1:colcon.colcon_core.package_identification:_identify(/home/leedonghyuck/ws_px4/src/build/CMakeFiles/3.22.1/CompilerIdCXX) by extension 'ignore'
[0.248s] Level 1:colcon.colcon_core.package_identification:_identify(/home/leedonghyuck/ws_px4/src/build/CMakeFiles/3.22.1/CompilerIdCXX) by extension 'ignore_ament_install'
[0.248s] Level 1:colcon.colcon_core.package_identification:_identify(/home/leedonghyuck/ws_px4/src/build/CMakeFiles/3.22.1/CompilerIdCXX) by extensions ['colcon_pkg']
[0.248s] Level 1:colcon.colcon_core.package_identification:_identify(/home/leedonghyuck/ws_px4/src/build/CMakeFiles/3.22.1/CompilerIdCXX) by extension 'colcon_pkg'
[0.248s] Level 1:colcon.colcon_core.package_identification:_identify(/home/leedonghyuck/ws_px4/src/build/CMakeFiles/3.22.1/CompilerIdCXX) by extensions ['colcon_meta']
[0.248s] Level 1:colcon.colcon_core.package_identification:_identify(/home/leedonghyuck/ws_px4/src/build/CMakeFiles/3.22.1/CompilerIdCXX) by extension 'colcon_meta'
[0.248s] Level 1:colcon.colcon_core.package_identification:_identify(/home/leedonghyuck/ws_px4/src/build/CMakeFiles/3.22.1/CompilerIdCXX) by extensions ['ros']
[0.248s] Level 1:colcon.colcon_core.package_identification:_identify(/home/leedonghyuck/ws_px4/src/build/CMakeFiles/3.22.1/CompilerIdCXX) by extension 'ros'
[0.248s] Level 1:colcon.colcon_core.package_identification:_identify(/home/leedonghyuck/ws_px4/src/build/CMakeFiles/3.22.1/CompilerIdCXX) by extensions ['cmake', 'python']
[0.248s] Level 1:colcon.colcon_core.package_identification:_identify(/home/leedonghyuck/ws_px4/src/build/CMakeFiles/3.22.1/CompilerIdCXX) by extension 'cmake'
[0.248s] Level 1:colcon.colcon_core.package_identification:_identify(/home/leedonghyuck/ws_px4/src/build/CMakeFiles/3.22.1/CompilerIdCXX) by extension 'python'
[0.248s] Level 1:colcon.colcon_core.package_identification:_identify(/home/leedonghyuck/ws_px4/src/build/CMakeFiles/3.22.1/CompilerIdCXX) by extensions ['python_setup_py']
[0.248s] Level 1:colcon.colcon_core.package_identification:_identify(/home/leedonghyuck/ws_px4/src/build/CMakeFiles/3.22.1/CompilerIdCXX) by extension 'python_setup_py'
[0.248s] Level 1:colcon.colcon_core.package_identification:_identify(/home/leedonghyuck/ws_px4/src/build/CMakeFiles/3.22.1/CompilerIdCXX/tmp) by extensions ['ignore', 'ignore_ament_install']
[0.248s] Level 1:colcon.colcon_core.package_identification:_identify(/home/leedonghyuck/ws_px4/src/build/CMakeFiles/3.22.1/CompilerIdCXX/tmp) by extension 'ignore'
[0.248s] Level 1:colcon.colcon_core.package_identification:_identify(/home/leedonghyuck/ws_px4/src/build/CMakeFiles/3.22.1/CompilerIdCXX/tmp) by extension 'ignore_ament_install'
[0.248s] Level 1:colcon.colcon_core.package_identification:_identify(/home/leedonghyuck/ws_px4/src/build/CMakeFiles/3.22.1/CompilerIdCXX/tmp) by extensions ['colcon_pkg']
[0.248s] Level 1:colcon.colcon_core.package_identification:_identify(/home/leedonghyuck/ws_px4/src/build/CMakeFiles/3.22.1/CompilerIdCXX/tmp) by extension 'colcon_pkg'
[0.248s] Level 1:colcon.colcon_core.package_identification:_identify(/home/leedonghyuck/ws_px4/src/build/CMakeFiles/3.22.1/CompilerIdCXX/tmp) by extensions ['colcon_meta']
[0.248s] Level 1:colcon.colcon_core.package_identification:_identify(/home/leedonghyuck/ws_px4/src/build/CMakeFiles/3.22.1/CompilerIdCXX/tmp) by extension 'colcon_meta'
[0.248s] Level 1:colcon.colcon_core.package_identification:_identify(/home/leedonghyuck/ws_px4/src/build/CMakeFiles/3.22.1/CompilerIdCXX/tmp) by extensions ['ros']
[0.248s] Level 1:colcon.colcon_core.package_identification:_identify(/home/leedonghyuck/ws_px4/src/build/CMakeFiles/3.22.1/CompilerIdCXX/tmp) by extension 'ros'
[0.248s] Level 1:colcon.colcon_core.package_identification:_identify(/home/leedonghyuck/ws_px4/src/build/CMakeFiles/3.22.1/CompilerIdCXX/tmp) by extensions ['cmake', 'python']
[0.248s] Level 1:colcon.colcon_core.package_identification:_identify(/home/leedonghyuck/ws_px4/src/build/CMakeFiles/3.22.1/CompilerIdCXX/tmp) by extension 'cmake'
[0.248s] Level 1:colcon.colcon_core.package_identification:_identify(/home/leedonghyuck/ws_px4/src/build/CMakeFiles/3.22.1/CompilerIdCXX/tmp) by extension 'python'
[0.248s] Level 1:colcon.colcon_core.package_identification:_identify(/home/leedonghyuck/ws_px4/src/build/CMakeFiles/3.22.1/CompilerIdCXX/tmp) by extensions ['python_setup_py']
[0.248s] Level 1:colcon.colcon_core.package_identification:_identify(/home/leedonghyuck/ws_px4/src/build/CMakeFiles/3.22.1/CompilerIdCXX/tmp) by extension 'python_setup_py'
[0.248s] Level 1:colcon.colcon_core.package_identification:_identify(/home/leedonghyuck/ws_px4/src/build/CMakeFiles/CMakeTmp) by extensions ['ignore', 'ignore_ament_install']
[0.249s] Level 1:colcon.colcon_core.package_identification:_identify(/home/leedonghyuck/ws_px4/src/build/CMakeFiles/CMakeTmp) by extension 'ignore'
[0.249s] Level 1:colcon.colcon_core.package_identification:_identify(/home/leedonghyuck/ws_px4/src/build/CMakeFiles/CMakeTmp) by extension 'ignore_ament_install'
[0.249s] Level 1:colcon.colcon_core.package_identification:_identify(/home/leedonghyuck/ws_px4/src/build/CMakeFiles/CMakeTmp) by extensions ['colcon_pkg']
[0.249s] Level 1:colcon.colcon_core.package_identification:_identify(/home/leedonghyuck/ws_px4/src/build/CMakeFiles/CMakeTmp) by extension 'colcon_pkg'
[0.249s] Level 1:colcon.colcon_core.package_identification:_identify(/home/leedonghyuck/ws_px4/src/build/CMakeFiles/CMakeTmp) by extensions ['colcon_meta']
[0.249s] Level 1:colcon.colcon_core.package_identification:_identify(/home/leedonghyuck/ws_px4/src/build/CMakeFiles/CMakeTmp) by extension 'colcon_meta'
[0.249s] Level 1:colcon.colcon_core.package_identification:_identify(/home/leedonghyuck/ws_px4/src/build/CMakeFiles/CMakeTmp) by extensions ['ros']
[0.249s] Level 1:colcon.colcon_core.package_identification:_identify(/home/leedonghyuck/ws_px4/src/build/CMakeFiles/CMakeTmp) by extension 'ros'
[0.249s] Level 1:colcon.colcon_core.package_identification:_identify(/home/leedonghyuck/ws_px4/src/build/CMakeFiles/CMakeTmp) by extensions ['cmake', 'python']
[0.249s] Level 1:colcon.colcon_core.package_identification:_identify(/home/leedonghyuck/ws_px4/src/build/CMakeFiles/CMakeTmp) by extension 'cmake'
[0.249s] Level 1:colcon.colcon_core.package_identification:_identify(/home/leedonghyuck/ws_px4/src/build/CMakeFiles/CMakeTmp) by extension 'python'
[0.249s] Level 1:colcon.colcon_core.package_identification:_identify(/home/leedonghyuck/ws_px4/src/build/CMakeFiles/CMakeTmp) by extensions ['python_setup_py']
[0.249s] Level 1:colcon.colcon_core.package_identification:_identify(/home/leedonghyuck/ws_px4/src/build/CMakeFiles/CMakeTmp) by extension 'python_setup_py'
[0.249s] Level 1:colcon.colcon_core.package_identification:_identify(/home/leedonghyuck/ws_px4/src/build/ament_cmake_core) by extensions ['ignore', 'ignore_ament_install']
[0.249s] Level 1:colcon.colcon_core.package_identification:_identify(/home/leedonghyuck/ws_px4/src/build/ament_cmake_core) by extension 'ignore'
[0.249s] Level 1:colcon.colcon_core.package_identification:_identify(/home/leedonghyuck/ws_px4/src/build/ament_cmake_core) by extension 'ignore_ament_install'
[0.249s] Level 1:colcon.colcon_core.package_identification:_identify(/home/leedonghyuck/ws_px4/src/build/ament_cmake_core) by extensions ['colcon_pkg']
[0.249s] Level 1:colcon.colcon_core.package_identification:_identify(/home/leedonghyuck/ws_px4/src/build/ament_cmake_core) by extension 'colcon_pkg'
[0.249s] Level 1:colcon.colcon_core.package_identification:_identify(/home/leedonghyuck/ws_px4/src/build/ament_cmake_core) by extensions ['colcon_meta']
[0.249s] Level 1:colcon.colcon_core.package_identification:_identify(/home/leedonghyuck/ws_px4/src/build/ament_cmake_core) by extension 'colcon_meta'
[0.249s] Level 1:colcon.colcon_core.package_identification:_identify(/home/leedonghyuck/ws_px4/src/build/ament_cmake_core) by extensions ['ros']
[0.249s] Level 1:colcon.colcon_core.package_identification:_identify(/home/leedonghyuck/ws_px4/src/build/ament_cmake_core) by extension 'ros'
[0.249s] Level 1:colcon.colcon_core.package_identification:_identify(/home/leedonghyuck/ws_px4/src/build/ament_cmake_core) by extensions ['cmake', 'python']
[0.249s] Level 1:colcon.colcon_core.package_identification:_identify(/home/leedonghyuck/ws_px4/src/build/ament_cmake_core) by extension 'cmake'
[0.249s] Level 1:colcon.colcon_core.package_identification:_identify(/home/leedonghyuck/ws_px4/src/build/ament_cmake_core) by extension 'python'
[0.249s] Level 1:colcon.colcon_core.package_identification:_identify(/home/leedonghyuck/ws_px4/src/build/ament_cmake_core) by extensions ['python_setup_py']
[0.249s] Level 1:colcon.colcon_core.package_identification:_identify(/home/leedonghyuck/ws_px4/src/build/ament_cmake_core) by extension 'python_setup_py'
[0.250s] Level 1:colcon.colcon_core.package_identification:_identify(/home/leedonghyuck/ws_px4/src/build/ament_cmake_core/stamps) by extensions ['ignore', 'ignore_ament_install']
[0.250s] Level 1:colcon.colcon_core.package_identification:_identify(/home/leedonghyuck/ws_px4/src/build/ament_cmake_core/stamps) by extension 'ignore'
[0.250s] Level 1:colcon.colcon_core.package_identification:_identify(/home/leedonghyuck/ws_px4/src/build/ament_cmake_core/stamps) by extension 'ignore_ament_install'
[0.250s] Level 1:colcon.colcon_core.package_identification:_identify(/home/leedonghyuck/ws_px4/src/build/ament_cmake_core/stamps) by extensions ['colcon_pkg']
[0.250s] Level 1:colcon.colcon_core.package_identification:_identify(/home/leedonghyuck/ws_px4/src/build/ament_cmake_core/stamps) by extension 'colcon_pkg'
[0.250s] Level 1:colcon.colcon_core.package_identification:_identify(/home/leedonghyuck/ws_px4/src/build/ament_cmake_core/stamps) by extensions ['colcon_meta']
[0.250s] Level 1:colcon.colcon_core.package_identification:_identify(/home/leedonghyuck/ws_px4/src/build/ament_cmake_core/stamps) by extension 'colcon_meta'
[0.250s] Level 1:colcon.colcon_core.package_identification:_identify(/home/leedonghyuck/ws_px4/src/build/ament_cmake_core/stamps) by extensions ['ros']
[0.250s] Level 1:colcon.colcon_core.package_identification:_identify(/home/leedonghyuck/ws_px4/src/build/ament_cmake_core/stamps) by extension 'ros'
[0.250s] Level 1:colcon.colcon_core.package_identification:_identify(/home/leedonghyuck/ws_px4/src/build/ament_cmake_core/stamps) by extensions ['cmake', 'python']
[0.250s] Level 1:colcon.colcon_core.package_identification:_identify(/home/leedonghyuck/ws_px4/src/build/ament_cmake_core/stamps) by extension 'cmake'
[0.250s] Level 1:colcon.colcon_core.package_identification:_identify(/home/leedonghyuck/ws_px4/src/build/ament_cmake_core/stamps) by extension 'python'
[0.250s] Level 1:colcon.colcon_core.package_identification:_identify(/home/leedonghyuck/ws_px4/src/build/ament_cmake_core/stamps) by extensions ['python_setup_py']
[0.250s] Level 1:colcon.colcon_core.package_identification:_identify(/home/leedonghyuck/ws_px4/src/build/ament_cmake_core/stamps) by extension 'python_setup_py'
[0.250s] Level 1:colcon.colcon_core.package_identification:_identify(/home/leedonghyuck/ws_px4/src/build/ament_cmake_package_templates) by extensions ['ignore', 'ignore_ament_install']
[0.250s] Level 1:colcon.colcon_core.package_identification:_identify(/home/leedonghyuck/ws_px4/src/build/ament_cmake_package_templates) by extension 'ignore'
[0.250s] Level 1:colcon.colcon_core.package_identification:_identify(/home/leedonghyuck/ws_px4/src/build/ament_cmake_package_templates) by extension 'ignore_ament_install'
[0.250s] Level 1:colcon.colcon_core.package_identification:_identify(/home/leedonghyuck/ws_px4/src/build/ament_cmake_package_templates) by extensions ['colcon_pkg']
[0.250s] Level 1:colcon.colcon_core.package_identification:_identify(/home/leedonghyuck/ws_px4/src/build/ament_cmake_package_templates) by extension 'colcon_pkg'
[0.250s] Level 1:colcon.colcon_core.package_identification:_identify(/home/leedonghyuck/ws_px4/src/build/ament_cmake_package_templates) by extensions ['colcon_meta']
[0.250s] Level 1:colcon.colcon_core.package_identification:_identify(/home/leedonghyuck/ws_px4/src/build/ament_cmake_package_templates) by extension 'colcon_meta'
[0.250s] Level 1:colcon.colcon_core.package_identification:_identify(/home/leedonghyuck/ws_px4/src/build/ament_cmake_package_templates) by extensions ['ros']
[0.250s] Level 1:colcon.colcon_core.package_identification:_identify(/home/leedonghyuck/ws_px4/src/build/ament_cmake_package_templates) by extension 'ros'
[0.250s] Level 1:colcon.colcon_core.package_identification:_identify(/home/leedonghyuck/ws_px4/src/build/ament_cmake_package_templates) by extensions ['cmake', 'python']
[0.250s] Level 1:colcon.colcon_core.package_identification:_identify(/home/leedonghyuck/ws_px4/src/build/ament_cmake_package_templates) by extension 'cmake'
[0.250s] Level 1:colcon.colcon_core.package_identification:_identify(/home/leedonghyuck/ws_px4/src/build/ament_cmake_package_templates) by extension 'python'
[0.250s] Level 1:colcon.colcon_core.package_identification:_identify(/home/leedonghyuck/ws_px4/src/build/ament_cmake_package_templates) by extensions ['python_setup_py']
[0.250s] Level 1:colcon.colcon_core.package_identification:_identify(/home/leedonghyuck/ws_px4/src/build/ament_cmake_package_templates) by extension 'python_setup_py'
[0.251s] Level 1:colcon.colcon_core.package_identification:_identify(/home/leedonghyuck/ws_px4/src/build/ament_cmake_uninstall_target) by extensions ['ignore', 'ignore_ament_install']
[0.251s] Level 1:colcon.colcon_core.package_identification:_identify(/home/leedonghyuck/ws_px4/src/build/ament_cmake_uninstall_target) by extension 'ignore'
[0.251s] Level 1:colcon.colcon_core.package_identification:_identify(/home/leedonghyuck/ws_px4/src/build/ament_cmake_uninstall_target) by extension 'ignore_ament_install'
[0.251s] Level 1:colcon.colcon_core.package_identification:_identify(/home/leedonghyuck/ws_px4/src/build/ament_cmake_uninstall_target) by extensions ['colcon_pkg']
[0.251s] Level 1:colcon.colcon_core.package_identification:_identify(/home/leedonghyuck/ws_px4/src/build/ament_cmake_uninstall_target) by extension 'colcon_pkg'
[0.251s] Level 1:colcon.colcon_core.package_identification:_identify(/home/leedonghyuck/ws_px4/src/build/ament_cmake_uninstall_target) by extensions ['colcon_meta']
[0.251s] Level 1:colcon.colcon_core.package_identification:_identify(/home/leedonghyuck/ws_px4/src/build/ament_cmake_uninstall_target) by extension 'colcon_meta'
[0.251s] Level 1:colcon.colcon_core.package_identification:_identify(/home/leedonghyuck/ws_px4/src/build/ament_cmake_uninstall_target) by extensions ['ros']
[0.251s] Level 1:colcon.colcon_core.package_identification:_identify(/home/leedonghyuck/ws_px4/src/build/ament_cmake_uninstall_target) by extension 'ros'
[0.251s] Level 1:colcon.colcon_core.package_identification:_identify(/home/leedonghyuck/ws_px4/src/build/ament_cmake_uninstall_target) by extensions ['cmake', 'python']
[0.251s] Level 1:colcon.colcon_core.package_identification:_identify(/home/leedonghyuck/ws_px4/src/build/ament_cmake_uninstall_target) by extension 'cmake'
[0.251s] Level 1:colcon.colcon_core.package_identification:_identify(/home/leedonghyuck/ws_px4/src/build/ament_cmake_uninstall_target) by extension 'python'
[0.251s] Level 1:colcon.colcon_core.package_identification:_identify(/home/leedonghyuck/ws_px4/src/build/ament_cmake_uninstall_target) by extensions ['python_setup_py']
[0.251s] Level 1:colcon.colcon_core.package_identification:_identify(/home/leedonghyuck/ws_px4/src/build/ament_cmake_uninstall_target) by extension 'python_setup_py'
[0.251s] Level 1:colcon.colcon_core.package_identification:_identify(/home/leedonghyuck/ws_px4/src/collision_avoidance) by extensions ['ignore', 'ignore_ament_install']
[0.251s] Level 1:colcon.colcon_core.package_identification:_identify(/home/leedonghyuck/ws_px4/src/collision_avoidance) by extension 'ignore'
[0.251s] Level 1:colcon.colcon_core.package_identification:_identify(/home/leedonghyuck/ws_px4/src/collision_avoidance) by extension 'ignore_ament_install'
[0.251s] Level 1:colcon.colcon_core.package_identification:_identify(/home/leedonghyuck/ws_px4/src/collision_avoidance) by extensions ['colcon_pkg']
[0.251s] Level 1:colcon.colcon_core.package_identification:_identify(/home/leedonghyuck/ws_px4/src/collision_avoidance) by extension 'colcon_pkg'
[0.251s] Level 1:colcon.colcon_core.package_identification:_identify(/home/leedonghyuck/ws_px4/src/collision_avoidance) by extensions ['colcon_meta']
[0.251s] Level 1:colcon.colcon_core.package_identification:_identify(/home/leedonghyuck/ws_px4/src/collision_avoidance) by extension 'colcon_meta'
[0.251s] Level 1:colcon.colcon_core.package_identification:_identify(/home/leedonghyuck/ws_px4/src/collision_avoidance) by extensions ['ros']
[0.251s] Level 1:colcon.colcon_core.package_identification:_identify(/home/leedonghyuck/ws_px4/src/collision_avoidance) by extension 'ros'
[0.253s] DEBUG:colcon.colcon_core.package_identification:Package '/home/leedonghyuck/ws_px4/src/collision_avoidance' with type 'ros.ament_cmake' and name 'collision_avoidance'
[0.253s] Level 1:colcon.colcon_core.package_identification:_identify(/home/leedonghyuck/ws_px4/src/px4-ros2-interface-lib) by extensions ['ignore', 'ignore_ament_install']
[0.253s] Level 1:colcon.colcon_core.package_identification:_identify(/home/leedonghyuck/ws_px4/src/px4-ros2-interface-lib) by extension 'ignore'
[0.254s] Level 1:colcon.colcon_core.package_identification:_identify(/home/leedonghyuck/ws_px4/src/px4-ros2-interface-lib) by extension 'ignore_ament_install'
[0.254s] Level 1:colcon.colcon_core.package_identification:_identify(/home/leedonghyuck/ws_px4/src/px4-ros2-interface-lib) by extensions ['colcon_pkg']
[0.254s] Level 1:colcon.colcon_core.package_identification:_identify(/home/leedonghyuck/ws_px4/src/px4-ros2-interface-lib) by extension 'colcon_pkg'
[0.254s] Level 1:colcon.colcon_core.package_identification:_identify(/home/leedonghyuck/ws_px4/src/px4-ros2-interface-lib) by extensions ['colcon_meta']
[0.254s] Level 1:colcon.colcon_core.package_identification:_identify(/home/leedonghyuck/ws_px4/src/px4-ros2-interface-lib) by extension 'colcon_meta'
[0.254s] Level 1:colcon.colcon_core.package_identification:_identify(/home/leedonghyuck/ws_px4/src/px4-ros2-interface-lib) by extensions ['ros']
[0.254s] Level 1:colcon.colcon_core.package_identification:_identify(/home/leedonghyuck/ws_px4/src/px4-ros2-interface-lib) by extension 'ros'
[0.254s] Level 1:colcon.colcon_core.package_identification:_identify(/home/leedonghyuck/ws_px4/src/px4-ros2-interface-lib) by extensions ['cmake', 'python']
[0.254s] Level 1:colcon.colcon_core.package_identification:_identify(/home/leedonghyuck/ws_px4/src/px4-ros2-interface-lib) by extension 'cmake'
[0.254s] Level 1:colcon.colcon_core.package_identification:_identify(/home/leedonghyuck/ws_px4/src/px4-ros2-interface-lib) by extension 'python'
[0.254s] Level 1:colcon.colcon_core.package_identification:_identify(/home/leedonghyuck/ws_px4/src/px4-ros2-interface-lib) by extensions ['python_setup_py']
[0.254s] Level 1:colcon.colcon_core.package_identification:_identify(/home/leedonghyuck/ws_px4/src/px4-ros2-interface-lib) by extension 'python_setup_py'
[0.254s] Level 1:colcon.colcon_core.package_identification:_identify(/home/leedonghyuck/ws_px4/src/px4-ros2-interface-lib/examples) by extensions ['ignore', 'ignore_ament_install']
[0.254s] Level 1:colcon.colcon_core.package_identification:_identify(/home/leedonghyuck/ws_px4/src/px4-ros2-interface-lib/examples) by extension 'ignore'
[0.254s] Level 1:colcon.colcon_core.package_identification:_identify(/home/leedonghyuck/ws_px4/src/px4-ros2-interface-lib/examples) by extension 'ignore_ament_install'
[0.254s] Level 1:colcon.colcon_core.package_identification:_identify(/home/leedonghyuck/ws_px4/src/px4-ros2-interface-lib/examples) by extensions ['colcon_pkg']
[0.254s] Level 1:colcon.colcon_core.package_identification:_identify(/home/leedonghyuck/ws_px4/src/px4-ros2-interface-lib/examples) by extension 'colcon_pkg'
[0.254s] Level 1:colcon.colcon_core.package_identification:_identify(/home/leedonghyuck/ws_px4/src/px4-ros2-interface-lib/examples) by extensions ['colcon_meta']
[0.254s] Level 1:colcon.colcon_core.package_identification:_identify(/home/leedonghyuck/ws_px4/src/px4-ros2-interface-lib/examples) by extension 'colcon_meta'
[0.254s] Level 1:colcon.colcon_core.package_identification:_identify(/home/leedonghyuck/ws_px4/src/px4-ros2-interface-lib/examples) by extensions ['ros']
[0.254s] Level 1:colcon.colcon_core.package_identification:_identify(/home/leedonghyuck/ws_px4/src/px4-ros2-interface-lib/examples) by extension 'ros'
[0.254s] Level 1:colcon.colcon_core.package_identification:_identify(/home/leedonghyuck/ws_px4/src/px4-ros2-interface-lib/examples) by extensions ['cmake', 'python']
[0.254s] Level 1:colcon.colcon_core.package_identification:_identify(/home/leedonghyuck/ws_px4/src/px4-ros2-interface-lib/examples) by extension 'cmake'
[0.254s] Level 1:colcon.colcon_core.package_identification:_identify(/home/leedonghyuck/ws_px4/src/px4-ros2-interface-lib/examples) by extension 'python'
[0.254s] Level 1:colcon.colcon_core.package_identification:_identify(/home/leedonghyuck/ws_px4/src/px4-ros2-interface-lib/examples) by extensions ['python_setup_py']
[0.254s] Level 1:colcon.colcon_core.package_identification:_identify(/home/leedonghyuck/ws_px4/src/px4-ros2-interface-lib/examples) by extension 'python_setup_py'
[0.254s] Level 1:colcon.colcon_core.package_identification:_identify(/home/leedonghyuck/ws_px4/src/px4-ros2-interface-lib/examples/cpp) by extensions ['ignore', 'ignore_ament_install']
[0.254s] Level 1:colcon.colcon_core.package_identification:_identify(/home/leedonghyuck/ws_px4/src/px4-ros2-interface-lib/examples/cpp) by extension 'ignore'
[0.255s] Level 1:colcon.colcon_core.package_identification:_identify(/home/leedonghyuck/ws_px4/src/px4-ros2-interface-lib/examples/cpp) by extension 'ignore_ament_install'
[0.255s] Level 1:colcon.colcon_core.package_identification:_identify(/home/leedonghyuck/ws_px4/src/px4-ros2-interface-lib/examples/cpp) by extensions ['colcon_pkg']
[0.255s] Level 1:colcon.colcon_core.package_identification:_identify(/home/leedonghyuck/ws_px4/src/px4-ros2-interface-lib/examples/cpp) by extension 'colcon_pkg'
[0.255s] Level 1:colcon.colcon_core.package_identification:_identify(/home/leedonghyuck/ws_px4/src/px4-ros2-interface-lib/examples/cpp) by extensions ['colcon_meta']
[0.255s] Level 1:colcon.colcon_core.package_identification:_identify(/home/leedonghyuck/ws_px4/src/px4-ros2-interface-lib/examples/cpp) by extension 'colcon_meta'
[0.255s] Level 1:colcon.colcon_core.package_identification:_identify(/home/leedonghyuck/ws_px4/src/px4-ros2-interface-lib/examples/cpp) by extensions ['ros']
[0.255s] Level 1:colcon.colcon_core.package_identification:_identify(/home/leedonghyuck/ws_px4/src/px4-ros2-interface-lib/examples/cpp) by extension 'ros'
[0.255s] Level 1:colcon.colcon_core.package_identification:_identify(/home/leedonghyuck/ws_px4/src/px4-ros2-interface-lib/examples/cpp) by extensions ['cmake', 'python']
[0.255s] Level 1:colcon.colcon_core.package_identification:_identify(/home/leedonghyuck/ws_px4/src/px4-ros2-interface-lib/examples/cpp) by extension 'cmake'
[0.255s] Level 1:colcon.colcon_core.package_identification:_identify(/home/leedonghyuck/ws_px4/src/px4-ros2-interface-lib/examples/cpp) by extension 'python'
[0.255s] Level 1:colcon.colcon_core.package_identification:_identify(/home/leedonghyuck/ws_px4/src/px4-ros2-interface-lib/examples/cpp) by extensions ['python_setup_py']
[0.255s] Level 1:colcon.colcon_core.package_identification:_identify(/home/leedonghyuck/ws_px4/src/px4-ros2-interface-lib/examples/cpp) by extension 'python_setup_py'
[0.255s] Level 1:colcon.colcon_core.package_identification:_identify(/home/leedonghyuck/ws_px4/src/px4-ros2-interface-lib/examples/cpp/modes) by extensions ['ignore', 'ignore_ament_install']
[0.255s] Level 1:colcon.colcon_core.package_identification:_identify(/home/leedonghyuck/ws_px4/src/px4-ros2-interface-lib/examples/cpp/modes) by extension 'ignore'
[0.255s] Level 1:colcon.colcon_core.package_identification:_identify(/home/leedonghyuck/ws_px4/src/px4-ros2-interface-lib/examples/cpp/modes) by extension 'ignore_ament_install'
[0.255s] Level 1:colcon.colcon_core.package_identification:_identify(/home/leedonghyuck/ws_px4/src/px4-ros2-interface-lib/examples/cpp/modes) by extensions ['colcon_pkg']
[0.255s] Level 1:colcon.colcon_core.package_identification:_identify(/home/leedonghyuck/ws_px4/src/px4-ros2-interface-lib/examples/cpp/modes) by extension 'colcon_pkg'
[0.255s] Level 1:colcon.colcon_core.package_identification:_identify(/home/leedonghyuck/ws_px4/src/px4-ros2-interface-lib/examples/cpp/modes) by extensions ['colcon_meta']
[0.255s] Level 1:colcon.colcon_core.package_identification:_identify(/home/leedonghyuck/ws_px4/src/px4-ros2-interface-lib/examples/cpp/modes) by extension 'colcon_meta'
[0.255s] Level 1:colcon.colcon_core.package_identification:_identify(/home/leedonghyuck/ws_px4/src/px4-ros2-interface-lib/examples/cpp/modes) by extensions ['ros']
[0.255s] Level 1:colcon.colcon_core.package_identification:_identify(/home/leedonghyuck/ws_px4/src/px4-ros2-interface-lib/examples/cpp/modes) by extension 'ros'
[0.255s] Level 1:colcon.colcon_core.package_identification:_identify(/home/leedonghyuck/ws_px4/src/px4-ros2-interface-lib/examples/cpp/modes) by extensions ['cmake', 'python']
[0.255s] Level 1:colcon.colcon_core.package_identification:_identify(/home/leedonghyuck/ws_px4/src/px4-ros2-interface-lib/examples/cpp/modes) by extension 'cmake'
[0.255s] Level 1:colcon.colcon_core.package_identification:_identify(/home/leedonghyuck/ws_px4/src/px4-ros2-interface-lib/examples/cpp/modes) by extension 'python'
[0.255s] Level 1:colcon.colcon_core.package_identification:_identify(/home/leedonghyuck/ws_px4/src/px4-ros2-interface-lib/examples/cpp/modes) by extensions ['python_setup_py']
[0.255s] Level 1:colcon.colcon_core.package_identification:_identify(/home/leedonghyuck/ws_px4/src/px4-ros2-interface-lib/examples/cpp/modes) by extension 'python_setup_py'
[0.255s] Level 1:colcon.colcon_core.package_identification:_identify(/home/leedonghyuck/ws_px4/src/px4-ros2-interface-lib/examples/cpp/modes/executor_with_multiple_modes) by extensions ['ignore', 'ignore_ament_install']
[0.256s] Level 1:colcon.colcon_core.package_identification:_identify(/home/leedonghyuck/ws_px4/src/px4-ros2-interface-lib/examples/cpp/modes/executor_with_multiple_modes) by extension 'ignore'
[0.256s] Level 1:colcon.colcon_core.package_identification:_identify(/home/leedonghyuck/ws_px4/src/px4-ros2-interface-lib/examples/cpp/modes/executor_with_multiple_modes) by extension 'ignore_ament_install'
[0.256s] Level 1:colcon.colcon_core.package_identification:_identify(/home/leedonghyuck/ws_px4/src/px4-ros2-interface-lib/examples/cpp/modes/executor_with_multiple_modes) by extensions ['colcon_pkg']
[0.256s] Level 1:colcon.colcon_core.package_identification:_identify(/home/leedonghyuck/ws_px4/src/px4-ros2-interface-lib/examples/cpp/modes/executor_with_multiple_modes) by extension 'colcon_pkg'
[0.256s] Level 1:colcon.colcon_core.package_identification:_identify(/home/leedonghyuck/ws_px4/src/px4-ros2-interface-lib/examples/cpp/modes/executor_with_multiple_modes) by extensions ['colcon_meta']
[0.256s] Level 1:colcon.colcon_core.package_identification:_identify(/home/leedonghyuck/ws_px4/src/px4-ros2-interface-lib/examples/cpp/modes/executor_with_multiple_modes) by extension 'colcon_meta'
[0.256s] Level 1:colcon.colcon_core.package_identification:_identify(/home/leedonghyuck/ws_px4/src/px4-ros2-interface-lib/examples/cpp/modes/executor_with_multiple_modes) by extensions ['ros']
[0.256s] Level 1:colcon.colcon_core.package_identification:_identify(/home/leedonghyuck/ws_px4/src/px4-ros2-interface-lib/examples/cpp/modes/executor_with_multiple_modes) by extension 'ros'
[0.256s] DEBUG:colcon.colcon_core.package_identification:Package '/home/leedonghyuck/ws_px4/src/px4-ros2-interface-lib/examples/cpp/modes/executor_with_multiple_modes' with type 'ros.ament_cmake' and name 'example_executor_with_multiple_modes_cpp'
[0.256s] Level 1:colcon.colcon_core.package_identification:_identify(/home/leedonghyuck/ws_px4/src/px4-ros2-interface-lib/examples/cpp/modes/fw_attitude) by extensions ['ignore', 'ignore_ament_install']
[0.256s] Level 1:colcon.colcon_core.package_identification:_identify(/home/leedonghyuck/ws_px4/src/px4-ros2-interface-lib/examples/cpp/modes/fw_attitude) by extension 'ignore'
[0.256s] Level 1:colcon.colcon_core.package_identification:_identify(/home/leedonghyuck/ws_px4/src/px4-ros2-interface-lib/examples/cpp/modes/fw_attitude) by extension 'ignore_ament_install'
[0.257s] Level 1:colcon.colcon_core.package_identification:_identify(/home/leedonghyuck/ws_px4/src/px4-ros2-interface-lib/examples/cpp/modes/fw_attitude) by extensions ['colcon_pkg']
[0.257s] Level 1:colcon.colcon_core.package_identification:_identify(/home/leedonghyuck/ws_px4/src/px4-ros2-interface-lib/examples/cpp/modes/fw_attitude) by extension 'colcon_pkg'
[0.257s] Level 1:colcon.colcon_core.package_identification:_identify(/home/leedonghyuck/ws_px4/src/px4-ros2-interface-lib/examples/cpp/modes/fw_attitude) by extensions ['colcon_meta']
[0.257s] Level 1:colcon.colcon_core.package_identification:_identify(/home/leedonghyuck/ws_px4/src/px4-ros2-interface-lib/examples/cpp/modes/fw_attitude) by extension 'colcon_meta'
[0.257s] Level 1:colcon.colcon_core.package_identification:_identify(/home/leedonghyuck/ws_px4/src/px4-ros2-interface-lib/examples/cpp/modes/fw_attitude) by extensions ['ros']
[0.257s] Level 1:colcon.colcon_core.package_identification:_identify(/home/leedonghyuck/ws_px4/src/px4-ros2-interface-lib/examples/cpp/modes/fw_attitude) by extension 'ros'
[0.257s] DEBUG:colcon.colcon_core.package_identification:Package '/home/leedonghyuck/ws_px4/src/px4-ros2-interface-lib/examples/cpp/modes/fw_attitude' with type 'ros.ament_cmake' and name 'example_mode_fw_attitude_cpp'
[0.257s] Level 1:colcon.colcon_core.package_identification:_identify(/home/leedonghyuck/ws_px4/src/px4-ros2-interface-lib/examples/cpp/modes/goto) by extensions ['ignore', 'ignore_ament_install']
[0.257s] Level 1:colcon.colcon_core.package_identification:_identify(/home/leedonghyuck/ws_px4/src/px4-ros2-interface-lib/examples/cpp/modes/goto) by extension 'ignore'
[0.257s] Level 1:colcon.colcon_core.package_identification:_identify(/home/leedonghyuck/ws_px4/src/px4-ros2-interface-lib/examples/cpp/modes/goto) by extension 'ignore_ament_install'
[0.257s] Level 1:colcon.colcon_core.package_identification:_identify(/home/leedonghyuck/ws_px4/src/px4-ros2-interface-lib/examples/cpp/modes/goto) by extensions ['colcon_pkg']
[0.257s] Level 1:colcon.colcon_core.package_identification:_identify(/home/leedonghyuck/ws_px4/src/px4-ros2-interface-lib/examples/cpp/modes/goto) by extension 'colcon_pkg'
[0.257s] Level 1:colcon.colcon_core.package_identification:_identify(/home/leedonghyuck/ws_px4/src/px4-ros2-interface-lib/examples/cpp/modes/goto) by extensions ['colcon_meta']
[0.257s] Level 1:colcon.colcon_core.package_identification:_identify(/home/leedonghyuck/ws_px4/src/px4-ros2-interface-lib/examples/cpp/modes/goto) by extension 'colcon_meta'
[0.257s] Level 1:colcon.colcon_core.package_identification:_identify(/home/leedonghyuck/ws_px4/src/px4-ros2-interface-lib/examples/cpp/modes/goto) by extensions ['ros']
[0.257s] Level 1:colcon.colcon_core.package_identification:_identify(/home/leedonghyuck/ws_px4/src/px4-ros2-interface-lib/examples/cpp/modes/goto) by extension 'ros'
[0.258s] DEBUG:colcon.colcon_core.package_identification:Package '/home/leedonghyuck/ws_px4/src/px4-ros2-interface-lib/examples/cpp/modes/goto' with type 'ros.ament_cmake' and name 'example_mode_goto_cpp'
[0.258s] Level 1:colcon.colcon_core.package_identification:_identify(/home/leedonghyuck/ws_px4/src/px4-ros2-interface-lib/examples/cpp/modes/goto_global) by extensions ['ignore', 'ignore_ament_install']
[0.258s] Level 1:colcon.colcon_core.package_identification:_identify(/home/leedonghyuck/ws_px4/src/px4-ros2-interface-lib/examples/cpp/modes/goto_global) by extension 'ignore'
[0.258s] Level 1:colcon.colcon_core.package_identification:_identify(/home/leedonghyuck/ws_px4/src/px4-ros2-interface-lib/examples/cpp/modes/goto_global) by extension 'ignore_ament_install'
[0.258s] Level 1:colcon.colcon_core.package_identification:_identify(/home/leedonghyuck/ws_px4/src/px4-ros2-interface-lib/examples/cpp/modes/goto_global) by extensions ['colcon_pkg']
[0.258s] Level 1:colcon.colcon_core.package_identification:_identify(/home/leedonghyuck/ws_px4/src/px4-ros2-interface-lib/examples/cpp/modes/goto_global) by extension 'colcon_pkg'
[0.258s] Level 1:colcon.colcon_core.package_identification:_identify(/home/leedonghyuck/ws_px4/src/px4-ros2-interface-lib/examples/cpp/modes/goto_global) by extensions ['colcon_meta']
[0.258s] Level 1:colcon.colcon_core.package_identification:_identify(/home/leedonghyuck/ws_px4/src/px4-ros2-interface-lib/examples/cpp/modes/goto_global) by extension 'colcon_meta'
[0.258s] Level 1:colcon.colcon_core.package_identification:_identify(/home/leedonghyuck/ws_px4/src/px4-ros2-interface-lib/examples/cpp/modes/goto_global) by extensions ['ros']
[0.258s] Level 1:colcon.colcon_core.package_identification:_identify(/home/leedonghyuck/ws_px4/src/px4-ros2-interface-lib/examples/cpp/modes/goto_global) by extension 'ros'
[0.259s] DEBUG:colcon.colcon_core.package_identification:Package '/home/leedonghyuck/ws_px4/src/px4-ros2-interface-lib/examples/cpp/modes/goto_global' with type 'ros.ament_cmake' and name 'example_mode_goto_global_cpp'
[0.259s] Level 1:colcon.colcon_core.package_identification:_identify(/home/leedonghyuck/ws_px4/src/px4-ros2-interface-lib/examples/cpp/modes/manual) by extensions ['ignore', 'ignore_ament_install']
[0.259s] Level 1:colcon.colcon_core.package_identification:_identify(/home/leedonghyuck/ws_px4/src/px4-ros2-interface-lib/examples/cpp/modes/manual) by extension 'ignore'
[0.259s] Level 1:colcon.colcon_core.package_identification:_identify(/home/leedonghyuck/ws_px4/src/px4-ros2-interface-lib/examples/cpp/modes/manual) by extension 'ignore_ament_install'
[0.259s] Level 1:colcon.colcon_core.package_identification:_identify(/home/leedonghyuck/ws_px4/src/px4-ros2-interface-lib/examples/cpp/modes/manual) by extensions ['colcon_pkg']
[0.259s] Level 1:colcon.colcon_core.package_identification:_identify(/home/leedonghyuck/ws_px4/src/px4-ros2-interface-lib/examples/cpp/modes/manual) by extension 'colcon_pkg'
[0.259s] Level 1:colcon.colcon_core.package_identification:_identify(/home/leedonghyuck/ws_px4/src/px4-ros2-interface-lib/examples/cpp/modes/manual) by extensions ['colcon_meta']
[0.259s] Level 1:colcon.colcon_core.package_identification:_identify(/home/leedonghyuck/ws_px4/src/px4-ros2-interface-lib/examples/cpp/modes/manual) by extension 'colcon_meta'
[0.259s] Level 1:colcon.colcon_core.package_identification:_identify(/home/leedonghyuck/ws_px4/src/px4-ros2-interface-lib/examples/cpp/modes/manual) by extensions ['ros']
[0.259s] Level 1:colcon.colcon_core.package_identification:_identify(/home/leedonghyuck/ws_px4/src/px4-ros2-interface-lib/examples/cpp/modes/manual) by extension 'ros'
[0.260s] DEBUG:colcon.colcon_core.package_identification:Package '/home/leedonghyuck/ws_px4/src/px4-ros2-interface-lib/examples/cpp/modes/manual' with type 'ros.ament_cmake' and name 'example_mode_manual_cpp'
[0.260s] Level 1:colcon.colcon_core.package_identification:_identify(/home/leedonghyuck/ws_px4/src/px4-ros2-interface-lib/examples/cpp/modes/mission) by extensions ['ignore', 'ignore_ament_install']
[0.260s] Level 1:colcon.colcon_core.package_identification:_identify(/home/leedonghyuck/ws_px4/src/px4-ros2-interface-lib/examples/cpp/modes/mission) by extension 'ignore'
[0.260s] Level 1:colcon.colcon_core.package_identification:_identify(/home/leedonghyuck/ws_px4/src/px4-ros2-interface-lib/examples/cpp/modes/mission) by extension 'ignore_ament_install'
[0.260s] Level 1:colcon.colcon_core.package_identification:_identify(/home/leedonghyuck/ws_px4/src/px4-ros2-interface-lib/examples/cpp/modes/mission) by extensions ['colcon_pkg']
[0.260s] Level 1:colcon.colcon_core.package_identification:_identify(/home/leedonghyuck/ws_px4/src/px4-ros2-interface-lib/examples/cpp/modes/mission) by extension 'colcon_pkg'
[0.260s] Level 1:colcon.colcon_core.package_identification:_identify(/home/leedonghyuck/ws_px4/src/px4-ros2-interface-lib/examples/cpp/modes/mission) by extensions ['colcon_meta']
[0.260s] Level 1:colcon.colcon_core.package_identification:_identify(/home/leedonghyuck/ws_px4/src/px4-ros2-interface-lib/examples/cpp/modes/mission) by extension 'colcon_meta'
[0.260s] Level 1:colcon.colcon_core.package_identification:_identify(/home/leedonghyuck/ws_px4/src/px4-ros2-interface-lib/examples/cpp/modes/mission) by extensions ['ros']
[0.260s] Level 1:colcon.colcon_core.package_identification:_identify(/home/leedonghyuck/ws_px4/src/px4-ros2-interface-lib/examples/cpp/modes/mission) by extension 'ros'
[0.260s] DEBUG:colcon.colcon_core.package_identification:Package '/home/leedonghyuck/ws_px4/src/px4-ros2-interface-lib/examples/cpp/modes/mission' with type 'ros.ament_cmake' and name 'example_mode_mission_cpp'
[0.261s] Level 1:colcon.colcon_core.package_identification:_identify(/home/leedonghyuck/ws_px4/src/px4-ros2-interface-lib/examples/cpp/modes/mode_with_executor) by extensions ['ignore', 'ignore_ament_install']
[0.261s] Level 1:colcon.colcon_core.package_identification:_identify(/home/leedonghyuck/ws_px4/src/px4-ros2-interface-lib/examples/cpp/modes/mode_with_executor) by extension 'ignore'
[0.261s] Level 1:colcon.colcon_core.package_identification:_identify(/home/leedonghyuck/ws_px4/src/px4-ros2-interface-lib/examples/cpp/modes/mode_with_executor) by extension 'ignore_ament_install'
[0.261s] Level 1:colcon.colcon_core.package_identification:_identify(/home/leedonghyuck/ws_px4/src/px4-ros2-interface-lib/examples/cpp/modes/mode_with_executor) by extensions ['colcon_pkg']
[0.261s] Level 1:colcon.colcon_core.package_identification:_identify(/home/leedonghyuck/ws_px4/src/px4-ros2-interface-lib/examples/cpp/modes/mode_with_executor) by extension 'colcon_pkg'
[0.261s] Level 1:colcon.colcon_core.package_identification:_identify(/home/leedonghyuck/ws_px4/src/px4-ros2-interface-lib/examples/cpp/modes/mode_with_executor) by extensions ['colcon_meta']
[0.261s] Level 1:colcon.colcon_core.package_identification:_identify(/home/leedonghyuck/ws_px4/src/px4-ros2-interface-lib/examples/cpp/modes/mode_with_executor) by extension 'colcon_meta'
[0.261s] Level 1:colcon.colcon_core.package_identification:_identify(/home/leedonghyuck/ws_px4/src/px4-ros2-interface-lib/examples/cpp/modes/mode_with_executor) by extensions ['ros']
[0.261s] Level 1:colcon.colcon_core.package_identification:_identify(/home/leedonghyuck/ws_px4/src/px4-ros2-interface-lib/examples/cpp/modes/mode_with_executor) by extension 'ros'
[0.261s] DEBUG:colcon.colcon_core.package_identification:Package '/home/leedonghyuck/ws_px4/src/px4-ros2-interface-lib/examples/cpp/modes/mode_with_executor' with type 'ros.ament_cmake' and name 'example_mode_with_executor_cpp'
[0.261s] Level 1:colcon.colcon_core.package_identification:_identify(/home/leedonghyuck/ws_px4/src/px4-ros2-interface-lib/examples/cpp/modes/rover_velocity) by extensions ['ignore', 'ignore_ament_install']
[0.261s] Level 1:colcon.colcon_core.package_identification:_identify(/home/leedonghyuck/ws_px4/src/px4-ros2-interface-lib/examples/cpp/modes/rover_velocity) by extension 'ignore'
[0.261s] Level 1:colcon.colcon_core.package_identification:_identify(/home/leedonghyuck/ws_px4/src/px4-ros2-interface-lib/examples/cpp/modes/rover_velocity) by extension 'ignore_ament_install'
[0.262s] Level 1:colcon.colcon_core.package_identification:_identify(/home/leedonghyuck/ws_px4/src/px4-ros2-interface-lib/examples/cpp/modes/rover_velocity) by extensions ['colcon_pkg']
[0.262s] Level 1:colcon.colcon_core.package_identification:_identify(/home/leedonghyuck/ws_px4/src/px4-ros2-interface-lib/examples/cpp/modes/rover_velocity) by extension 'colcon_pkg'
[0.262s] Level 1:colcon.colcon_core.package_identification:_identify(/home/leedonghyuck/ws_px4/src/px4-ros2-interface-lib/examples/cpp/modes/rover_velocity) by extensions ['colcon_meta']
[0.262s] Level 1:colcon.colcon_core.package_identification:_identify(/home/leedonghyuck/ws_px4/src/px4-ros2-interface-lib/examples/cpp/modes/rover_velocity) by extension 'colcon_meta'
[0.262s] Level 1:colcon.colcon_core.package_identification:_identify(/home/leedonghyuck/ws_px4/src/px4-ros2-interface-lib/examples/cpp/modes/rover_velocity) by extensions ['ros']
[0.262s] Level 1:colcon.colcon_core.package_identification:_identify(/home/leedonghyuck/ws_px4/src/px4-ros2-interface-lib/examples/cpp/modes/rover_velocity) by extension 'ros'
[0.262s] DEBUG:colcon.colcon_core.package_identification:Package '/home/leedonghyuck/ws_px4/src/px4-ros2-interface-lib/examples/cpp/modes/rover_velocity' with type 'ros.ament_cmake' and name 'example_rover_velocity_mode_cpp'
[0.262s] Level 1:colcon.colcon_core.package_identification:_identify(/home/leedonghyuck/ws_px4/src/px4-ros2-interface-lib/examples/cpp/modes/rtl_replacement) by extensions ['ignore', 'ignore_ament_install']
[0.262s] Level 1:colcon.colcon_core.package_identification:_identify(/home/leedonghyuck/ws_px4/src/px4-ros2-interface-lib/examples/cpp/modes/rtl_replacement) by extension 'ignore'
[0.262s] Level 1:colcon.colcon_core.package_identification:_identify(/home/leedonghyuck/ws_px4/src/px4-ros2-interface-lib/examples/cpp/modes/rtl_replacement) by extension 'ignore_ament_install'
[0.262s] Level 1:colcon.colcon_core.package_identification:_identify(/home/leedonghyuck/ws_px4/src/px4-ros2-interface-lib/examples/cpp/modes/rtl_replacement) by extensions ['colcon_pkg']
[0.262s] Level 1:colcon.colcon_core.package_identification:_identify(/home/leedonghyuck/ws_px4/src/px4-ros2-interface-lib/examples/cpp/modes/rtl_replacement) by extension 'colcon_pkg'
[0.262s] Level 1:colcon.colcon_core.package_identification:_identify(/home/leedonghyuck/ws_px4/src/px4-ros2-interface-lib/examples/cpp/modes/rtl_replacement) by extensions ['colcon_meta']
[0.262s] Level 1:colcon.colcon_core.package_identification:_identify(/home/leedonghyuck/ws_px4/src/px4-ros2-interface-lib/examples/cpp/modes/rtl_replacement) by extension 'colcon_meta'
[0.262s] Level 1:colcon.colcon_core.package_identification:_identify(/home/leedonghyuck/ws_px4/src/px4-ros2-interface-lib/examples/cpp/modes/rtl_replacement) by extensions ['ros']
[0.262s] Level 1:colcon.colcon_core.package_identification:_identify(/home/leedonghyuck/ws_px4/src/px4-ros2-interface-lib/examples/cpp/modes/rtl_replacement) by extension 'ros'
[0.263s] DEBUG:colcon.colcon_core.package_identification:Package '/home/leedonghyuck/ws_px4/src/px4-ros2-interface-lib/examples/cpp/modes/rtl_replacement' with type 'ros.ament_cmake' and name 'example_mode_rtl_replacement_cpp'
[0.263s] Level 1:colcon.colcon_core.package_identification:_identify(/home/leedonghyuck/ws_px4/src/px4-ros2-interface-lib/examples/cpp/modes/vtol) by extensions ['ignore', 'ignore_ament_install']
[0.263s] Level 1:colcon.colcon_core.package_identification:_identify(/home/leedonghyuck/ws_px4/src/px4-ros2-interface-lib/examples/cpp/modes/vtol) by extension 'ignore'
[0.263s] Level 1:colcon.colcon_core.package_identification:_identify(/home/leedonghyuck/ws_px4/src/px4-ros2-interface-lib/examples/cpp/modes/vtol) by extension 'ignore_ament_install'
[0.263s] Level 1:colcon.colcon_core.package_identification:_identify(/home/leedonghyuck/ws_px4/src/px4-ros2-interface-lib/examples/cpp/modes/vtol) by extensions ['colcon_pkg']
[0.263s] Level 1:colcon.colcon_core.package_identification:_identify(/home/leedonghyuck/ws_px4/src/px4-ros2-interface-lib/examples/cpp/modes/vtol) by extension 'colcon_pkg'
[0.263s] Level 1:colcon.colcon_core.package_identification:_identify(/home/leedonghyuck/ws_px4/src/px4-ros2-interface-lib/examples/cpp/modes/vtol) by extensions ['colcon_meta']
[0.263s] Level 1:colcon.colcon_core.package_identification:_identify(/home/leedonghyuck/ws_px4/src/px4-ros2-interface-lib/examples/cpp/modes/vtol) by extension 'colcon_meta'
[0.263s] Level 1:colcon.colcon_core.package_identification:_identify(/home/leedonghyuck/ws_px4/src/px4-ros2-interface-lib/examples/cpp/modes/vtol) by extensions ['ros']
[0.263s] Level 1:colcon.colcon_core.package_identification:_identify(/home/leedonghyuck/ws_px4/src/px4-ros2-interface-lib/examples/cpp/modes/vtol) by extension 'ros'
[0.264s] DEBUG:colcon.colcon_core.package_identification:Package '/home/leedonghyuck/ws_px4/src/px4-ros2-interface-lib/examples/cpp/modes/vtol' with type 'ros.ament_cmake' and name 'example_mode_vtol_cpp'
[0.264s] Level 1:colcon.colcon_core.package_identification:_identify(/home/leedonghyuck/ws_px4/src/px4-ros2-interface-lib/examples/cpp/navigation) by extensions ['ignore', 'ignore_ament_install']
[0.264s] Level 1:colcon.colcon_core.package_identification:_identify(/home/leedonghyuck/ws_px4/src/px4-ros2-interface-lib/examples/cpp/navigation) by extension 'ignore'
[0.264s] Level 1:colcon.colcon_core.package_identification:_identify(/home/leedonghyuck/ws_px4/src/px4-ros2-interface-lib/examples/cpp/navigation) by extension 'ignore_ament_install'
[0.264s] Level 1:colcon.colcon_core.package_identification:_identify(/home/leedonghyuck/ws_px4/src/px4-ros2-interface-lib/examples/cpp/navigation) by extensions ['colcon_pkg']
[0.264s] Level 1:colcon.colcon_core.package_identification:_identify(/home/leedonghyuck/ws_px4/src/px4-ros2-interface-lib/examples/cpp/navigation) by extension 'colcon_pkg'
[0.264s] Level 1:colcon.colcon_core.package_identification:_identify(/home/leedonghyuck/ws_px4/src/px4-ros2-interface-lib/examples/cpp/navigation) by extensions ['colcon_meta']
[0.264s] Level 1:colcon.colcon_core.package_identification:_identify(/home/leedonghyuck/ws_px4/src/px4-ros2-interface-lib/examples/cpp/navigation) by extension 'colcon_meta'
[0.264s] Level 1:colcon.colcon_core.package_identification:_identify(/home/leedonghyuck/ws_px4/src/px4-ros2-interface-lib/examples/cpp/navigation) by extensions ['ros']
[0.264s] Level 1:colcon.colcon_core.package_identification:_identify(/home/leedonghyuck/ws_px4/src/px4-ros2-interface-lib/examples/cpp/navigation) by extension 'ros'
[0.264s] Level 1:colcon.colcon_core.package_identification:_identify(/home/leedonghyuck/ws_px4/src/px4-ros2-interface-lib/examples/cpp/navigation) by extensions ['cmake', 'python']
[0.264s] Level 1:colcon.colcon_core.package_identification:_identify(/home/leedonghyuck/ws_px4/src/px4-ros2-interface-lib/examples/cpp/navigation) by extension 'cmake'
[0.264s] Level 1:colcon.colcon_core.package_identification:_identify(/home/leedonghyuck/ws_px4/src/px4-ros2-interface-lib/examples/cpp/navigation) by extension 'python'
[0.264s] Level 1:colcon.colcon_core.package_identification:_identify(/home/leedonghyuck/ws_px4/src/px4-ros2-interface-lib/examples/cpp/navigation) by extensions ['python_setup_py']
[0.264s] Level 1:colcon.colcon_core.package_identification:_identify(/home/leedonghyuck/ws_px4/src/px4-ros2-interface-lib/examples/cpp/navigation) by extension 'python_setup_py'
[0.264s] Level 1:colcon.colcon_core.package_identification:_identify(/home/leedonghyuck/ws_px4/src/px4-ros2-interface-lib/examples/cpp/navigation/global_navigation) by extensions ['ignore', 'ignore_ament_install']
[0.264s] Level 1:colcon.colcon_core.package_identification:_identify(/home/leedonghyuck/ws_px4/src/px4-ros2-interface-lib/examples/cpp/navigation/global_navigation) by extension 'ignore'
[0.264s] Level 1:colcon.colcon_core.package_identification:_identify(/home/leedonghyuck/ws_px4/src/px4-ros2-interface-lib/examples/cpp/navigation/global_navigation) by extension 'ignore_ament_install'
[0.264s] Level 1:colcon.colcon_core.package_identification:_identify(/home/leedonghyuck/ws_px4/src/px4-ros2-interface-lib/examples/cpp/navigation/global_navigation) by extensions ['colcon_pkg']
[0.264s] Level 1:colcon.colcon_core.package_identification:_identify(/home/leedonghyuck/ws_px4/src/px4-ros2-interface-lib/examples/cpp/navigation/global_navigation) by extension 'colcon_pkg'
[0.264s] Level 1:colcon.colcon_core.package_identification:_identify(/home/leedonghyuck/ws_px4/src/px4-ros2-interface-lib/examples/cpp/navigation/global_navigation) by extensions ['colcon_meta']
[0.264s] Level 1:colcon.colcon_core.package_identification:_identify(/home/leedonghyuck/ws_px4/src/px4-ros2-interface-lib/examples/cpp/navigation/global_navigation) by extension 'colcon_meta'
[0.265s] Level 1:colcon.colcon_core.package_identification:_identify(/home/leedonghyuck/ws_px4/src/px4-ros2-interface-lib/examples/cpp/navigation/global_navigation) by extensions ['ros']
[0.265s] Level 1:colcon.colcon_core.package_identification:_identify(/home/leedonghyuck/ws_px4/src/px4-ros2-interface-lib/examples/cpp/navigation/global_navigation) by extension 'ros'
[0.265s] DEBUG:colcon.colcon_core.package_identification:Package '/home/leedonghyuck/ws_px4/src/px4-ros2-interface-lib/examples/cpp/navigation/global_navigation' with type 'ros.ament_cmake' and name 'example_global_navigation_cpp'
[0.265s] Level 1:colcon.colcon_core.package_identification:_identify(/home/leedonghyuck/ws_px4/src/px4-ros2-interface-lib/examples/cpp/navigation/local_navigation) by extensions ['ignore', 'ignore_ament_install']
[0.265s] Level 1:colcon.colcon_core.package_identification:_identify(/home/leedonghyuck/ws_px4/src/px4-ros2-interface-lib/examples/cpp/navigation/local_navigation) by extension 'ignore'
[0.265s] Level 1:colcon.colcon_core.package_identification:_identify(/home/leedonghyuck/ws_px4/src/px4-ros2-interface-lib/examples/cpp/navigation/local_navigation) by extension 'ignore_ament_install'
[0.265s] Level 1:colcon.colcon_core.package_identification:_identify(/home/leedonghyuck/ws_px4/src/px4-ros2-interface-lib/examples/cpp/navigation/local_navigation) by extensions ['colcon_pkg']
[0.265s] Level 1:colcon.colcon_core.package_identification:_identify(/home/leedonghyuck/ws_px4/src/px4-ros2-interface-lib/examples/cpp/navigation/local_navigation) by extension 'colcon_pkg'
[0.265s] Level 1:colcon.colcon_core.package_identification:_identify(/home/leedonghyuck/ws_px4/src/px4-ros2-interface-lib/examples/cpp/navigation/local_navigation) by extensions ['colcon_meta']
[0.265s] Level 1:colcon.colcon_core.package_identification:_identify(/home/leedonghyuck/ws_px4/src/px4-ros2-interface-lib/examples/cpp/navigation/local_navigation) by extension 'colcon_meta'
[0.265s] Level 1:colcon.colcon_core.package_identification:_identify(/home/leedonghyuck/ws_px4/src/px4-ros2-interface-lib/examples/cpp/navigation/local_navigation) by extensions ['ros']
[0.265s] Level 1:colcon.colcon_core.package_identification:_identify(/home/leedonghyuck/ws_px4/src/px4-ros2-interface-lib/examples/cpp/navigation/local_navigation) by extension 'ros'
[0.266s] DEBUG:colcon.colcon_core.package_identification:Package '/home/leedonghyuck/ws_px4/src/px4-ros2-interface-lib/examples/cpp/navigation/local_navigation' with type 'ros.ament_cmake' and name 'example_local_navigation_cpp'
[0.266s] Level 1:colcon.colcon_core.package_identification:_identify(/home/leedonghyuck/ws_px4/src/px4-ros2-interface-lib/examples/python) by extensions ['ignore', 'ignore_ament_install']
[0.266s] Level 1:colcon.colcon_core.package_identification:_identify(/home/leedonghyuck/ws_px4/src/px4-ros2-interface-lib/examples/python) by extension 'ignore'
[0.266s] Level 1:colcon.colcon_core.package_identification:_identify(/home/leedonghyuck/ws_px4/src/px4-ros2-interface-lib/examples/python) by extension 'ignore_ament_install'
[0.266s] Level 1:colcon.colcon_core.package_identification:_identify(/home/leedonghyuck/ws_px4/src/px4-ros2-interface-lib/examples/python) by extensions ['colcon_pkg']
[0.266s] Level 1:colcon.colcon_core.package_identification:_identify(/home/leedonghyuck/ws_px4/src/px4-ros2-interface-lib/examples/python) by extension 'colcon_pkg'
[0.266s] Level 1:colcon.colcon_core.package_identification:_identify(/home/leedonghyuck/ws_px4/src/px4-ros2-interface-lib/examples/python) by extensions ['colcon_meta']
[0.266s] Level 1:colcon.colcon_core.package_identification:_identify(/home/leedonghyuck/ws_px4/src/px4-ros2-interface-lib/examples/python) by extension 'colcon_meta'
[0.266s] Level 1:colcon.colcon_core.package_identification:_identify(/home/leedonghyuck/ws_px4/src/px4-ros2-interface-lib/examples/python) by extensions ['ros']
[0.266s] Level 1:colcon.colcon_core.package_identification:_identify(/home/leedonghyuck/ws_px4/src/px4-ros2-interface-lib/examples/python) by extension 'ros'
[0.266s] Level 1:colcon.colcon_core.package_identification:_identify(/home/leedonghyuck/ws_px4/src/px4-ros2-interface-lib/examples/python) by extensions ['cmake', 'python']
[0.266s] Level 1:colcon.colcon_core.package_identification:_identify(/home/leedonghyuck/ws_px4/src/px4-ros2-interface-lib/examples/python) by extension 'cmake'
[0.266s] Level 1:colcon.colcon_core.package_identification:_identify(/home/leedonghyuck/ws_px4/src/px4-ros2-interface-lib/examples/python) by extension 'python'
[0.266s] Level 1:colcon.colcon_core.package_identification:_identify(/home/leedonghyuck/ws_px4/src/px4-ros2-interface-lib/examples/python) by extensions ['python_setup_py']
[0.266s] Level 1:colcon.colcon_core.package_identification:_identify(/home/leedonghyuck/ws_px4/src/px4-ros2-interface-lib/examples/python) by extension 'python_setup_py'
[0.266s] Level 1:colcon.colcon_core.package_identification:_identify(/home/leedonghyuck/ws_px4/src/px4-ros2-interface-lib/examples/python/modes) by extensions ['ignore', 'ignore_ament_install']
[0.267s] Level 1:colcon.colcon_core.package_identification:_identify(/home/leedonghyuck/ws_px4/src/px4-ros2-interface-lib/examples/python/modes) by extension 'ignore'
[0.267s] Level 1:colcon.colcon_core.package_identification:_identify(/home/leedonghyuck/ws_px4/src/px4-ros2-interface-lib/examples/python/modes) by extension 'ignore_ament_install'
[0.267s] Level 1:colcon.colcon_core.package_identification:_identify(/home/leedonghyuck/ws_px4/src/px4-ros2-interface-lib/examples/python/modes) by extensions ['colcon_pkg']
[0.267s] Level 1:colcon.colcon_core.package_identification:_identify(/home/leedonghyuck/ws_px4/src/px4-ros2-interface-lib/examples/python/modes) by extension 'colcon_pkg'
[0.267s] Level 1:colcon.colcon_core.package_identification:_identify(/home/leedonghyuck/ws_px4/src/px4-ros2-interface-lib/examples/python/modes) by extensions ['colcon_meta']
[0.267s] Level 1:colcon.colcon_core.package_identification:_identify(/home/leedonghyuck/ws_px4/src/px4-ros2-interface-lib/examples/python/modes) by extension 'colcon_meta'
[0.267s] Level 1:colcon.colcon_core.package_identification:_identify(/home/leedonghyuck/ws_px4/src/px4-ros2-interface-lib/examples/python/modes) by extensions ['ros']
[0.267s] Level 1:colcon.colcon_core.package_identification:_identify(/home/leedonghyuck/ws_px4/src/px4-ros2-interface-lib/examples/python/modes) by extension 'ros'
[0.267s] Level 1:colcon.colcon_core.package_identification:_identify(/home/leedonghyuck/ws_px4/src/px4-ros2-interface-lib/examples/python/modes) by extensions ['cmake', 'python']
[0.267s] Level 1:colcon.colcon_core.package_identification:_identify(/home/leedonghyuck/ws_px4/src/px4-ros2-interface-lib/examples/python/modes) by extension 'cmake'
[0.267s] Level 1:colcon.colcon_core.package_identification:_identify(/home/leedonghyuck/ws_px4/src/px4-ros2-interface-lib/examples/python/modes) by extension 'python'
[0.267s] Level 1:colcon.colcon_core.package_identification:_identify(/home/leedonghyuck/ws_px4/src/px4-ros2-interface-lib/examples/python/modes) by extensions ['python_setup_py']
[0.267s] Level 1:colcon.colcon_core.package_identification:_identify(/home/leedonghyuck/ws_px4/src/px4-ros2-interface-lib/examples/python/modes) by extension 'python_setup_py'
[0.267s] Level 1:colcon.colcon_core.package_identification:_identify(/home/leedonghyuck/ws_px4/src/px4-ros2-interface-lib/examples/python/modes/goto) by extensions ['ignore', 'ignore_ament_install']
[0.267s] Level 1:colcon.colcon_core.package_identification:_identify(/home/leedonghyuck/ws_px4/src/px4-ros2-interface-lib/examples/python/modes/goto) by extension 'ignore'
[0.267s] Level 1:colcon.colcon_core.package_identification:_identify(/home/leedonghyuck/ws_px4/src/px4-ros2-interface-lib/examples/python/modes/goto) by extension 'ignore_ament_install'
[0.267s] Level 1:colcon.colcon_core.package_identification:_identify(/home/leedonghyuck/ws_px4/src/px4-ros2-interface-lib/examples/python/modes/goto) by extensions ['colcon_pkg']
[0.267s] Level 1:colcon.colcon_core.package_identification:_identify(/home/leedonghyuck/ws_px4/src/px4-ros2-interface-lib/examples/python/modes/goto) by extension 'colcon_pkg'
[0.267s] Level 1:colcon.colcon_core.package_identification:_identify(/home/leedonghyuck/ws_px4/src/px4-ros2-interface-lib/examples/python/modes/goto) by extensions ['colcon_meta']
[0.267s] Level 1:colcon.colcon_core.package_identification:_identify(/home/leedonghyuck/ws_px4/src/px4-ros2-interface-lib/examples/python/modes/goto) by extension 'colcon_meta'
[0.267s] Level 1:colcon.colcon_core.package_identification:_identify(/home/leedonghyuck/ws_px4/src/px4-ros2-interface-lib/examples/python/modes/goto) by extensions ['ros']
[0.267s] Level 1:colcon.colcon_core.package_identification:_identify(/home/leedonghyuck/ws_px4/src/px4-ros2-interface-lib/examples/python/modes/goto) by extension 'ros'
[0.268s] DEBUG:colcon.colcon_core.package_identification:Package '/home/leedonghyuck/ws_px4/src/px4-ros2-interface-lib/examples/python/modes/goto' with type 'ros.ament_python' and name 'example_mode_goto_py'
[0.268s] Level 1:colcon.colcon_core.package_identification:_identify(/home/leedonghyuck/ws_px4/src/px4-ros2-interface-lib/examples/python/modes/goto_with_rclpy) by extensions ['ignore', 'ignore_ament_install']
[0.268s] Level 1:colcon.colcon_core.package_identification:_identify(/home/leedonghyuck/ws_px4/src/px4-ros2-interface-lib/examples/python/modes/goto_with_rclpy) by extension 'ignore'
[0.268s] Level 1:colcon.colcon_core.package_identification:_identify(/home/leedonghyuck/ws_px4/src/px4-ros2-interface-lib/examples/python/modes/goto_with_rclpy) by extension 'ignore_ament_install'
[0.268s] Level 1:colcon.colcon_core.package_identification:_identify(/home/leedonghyuck/ws_px4/src/px4-ros2-interface-lib/examples/python/modes/goto_with_rclpy) by extensions ['colcon_pkg']
[0.268s] Level 1:colcon.colcon_core.package_identification:_identify(/home/leedonghyuck/ws_px4/src/px4-ros2-interface-lib/examples/python/modes/goto_with_rclpy) by extension 'colcon_pkg'
[0.268s] Level 1:colcon.colcon_core.package_identification:_identify(/home/leedonghyuck/ws_px4/src/px4-ros2-interface-lib/examples/python/modes/goto_with_rclpy) by extensions ['colcon_meta']
[0.268s] Level 1:colcon.colcon_core.package_identification:_identify(/home/leedonghyuck/ws_px4/src/px4-ros2-interface-lib/examples/python/modes/goto_with_rclpy) by extension 'colcon_meta'
[0.268s] Level 1:colcon.colcon_core.package_identification:_identify(/home/leedonghyuck/ws_px4/src/px4-ros2-interface-lib/examples/python/modes/goto_with_rclpy) by extensions ['ros']
[0.268s] Level 1:colcon.colcon_core.package_identification:_identify(/home/leedonghyuck/ws_px4/src/px4-ros2-interface-lib/examples/python/modes/goto_with_rclpy) by extension 'ros'
[0.268s] DEBUG:colcon.colcon_core.package_identification:Package '/home/leedonghyuck/ws_px4/src/px4-ros2-interface-lib/examples/python/modes/goto_with_rclpy' with type 'ros.ament_python' and name 'example_mode_with_rclpy_py'
[0.268s] Level 1:colcon.colcon_core.package_identification:_identify(/home/leedonghyuck/ws_px4/src/px4-ros2-interface-lib/mission) by extensions ['ignore', 'ignore_ament_install']
[0.268s] Level 1:colcon.colcon_core.package_identification:_identify(/home/leedonghyuck/ws_px4/src/px4-ros2-interface-lib/mission) by extension 'ignore'
[0.268s] Level 1:colcon.colcon_core.package_identification:_identify(/home/leedonghyuck/ws_px4/src/px4-ros2-interface-lib/mission) by extension 'ignore_ament_install'
[0.268s] Level 1:colcon.colcon_core.package_identification:_identify(/home/leedonghyuck/ws_px4/src/px4-ros2-interface-lib/mission) by extensions ['colcon_pkg']
[0.268s] Level 1:colcon.colcon_core.package_identification:_identify(/home/leedonghyuck/ws_px4/src/px4-ros2-interface-lib/mission) by extension 'colcon_pkg'
[0.269s] Level 1:colcon.colcon_core.package_identification:_identify(/home/leedonghyuck/ws_px4/src/px4-ros2-interface-lib/mission) by extensions ['colcon_meta']
[0.269s] Level 1:colcon.colcon_core.package_identification:_identify(/home/leedonghyuck/ws_px4/src/px4-ros2-interface-lib/mission) by extension 'colcon_meta'
[0.269s] Level 1:colcon.colcon_core.package_identification:_identify(/home/leedonghyuck/ws_px4/src/px4-ros2-interface-lib/mission) by extensions ['ros']
[0.269s] Level 1:colcon.colcon_core.package_identification:_identify(/home/leedonghyuck/ws_px4/src/px4-ros2-interface-lib/mission) by extension 'ros'
[0.269s] Level 1:colcon.colcon_core.package_identification:_identify(/home/leedonghyuck/ws_px4/src/px4-ros2-interface-lib/mission) by extensions ['cmake', 'python']
[0.269s] Level 1:colcon.colcon_core.package_identification:_identify(/home/leedonghyuck/ws_px4/src/px4-ros2-interface-lib/mission) by extension 'cmake'
[0.269s] Level 1:colcon.colcon_core.package_identification:_identify(/home/leedonghyuck/ws_px4/src/px4-ros2-interface-lib/mission) by extension 'python'
[0.269s] Level 1:colcon.colcon_core.package_identification:_identify(/home/leedonghyuck/ws_px4/src/px4-ros2-interface-lib/mission) by extensions ['python_setup_py']
[0.269s] Level 1:colcon.colcon_core.package_identification:_identify(/home/leedonghyuck/ws_px4/src/px4-ros2-interface-lib/mission) by extension 'python_setup_py'
[0.269s] Level 1:colcon.colcon_core.package_identification:_identify(/home/leedonghyuck/ws_px4/src/px4-ros2-interface-lib/mission/examples) by extensions ['ignore', 'ignore_ament_install']
[0.269s] Level 1:colcon.colcon_core.package_identification:_identify(/home/leedonghyuck/ws_px4/src/px4-ros2-interface-lib/mission/examples) by extension 'ignore'
[0.269s] Level 1:colcon.colcon_core.package_identification:_identify(/home/leedonghyuck/ws_px4/src/px4-ros2-interface-lib/mission/examples) by extension 'ignore_ament_install'
[0.269s] Level 1:colcon.colcon_core.package_identification:_identify(/home/leedonghyuck/ws_px4/src/px4-ros2-interface-lib/mission/examples) by extensions ['colcon_pkg']
[0.269s] Level 1:colcon.colcon_core.package_identification:_identify(/home/leedonghyuck/ws_px4/src/px4-ros2-interface-lib/mission/examples) by extension 'colcon_pkg'
[0.269s] Level 1:colcon.colcon_core.package_identification:_identify(/home/leedonghyuck/ws_px4/src/px4-ros2-interface-lib/mission/examples) by extensions ['colcon_meta']
[0.269s] Level 1:colcon.colcon_core.package_identification:_identify(/home/leedonghyuck/ws_px4/src/px4-ros2-interface-lib/mission/examples) by extension 'colcon_meta'
[0.269s] Level 1:colcon.colcon_core.package_identification:_identify(/home/leedonghyuck/ws_px4/src/px4-ros2-interface-lib/mission/examples) by extensions ['ros']
[0.269s] Level 1:colcon.colcon_core.package_identification:_identify(/home/leedonghyuck/ws_px4/src/px4-ros2-interface-lib/mission/examples) by extension 'ros'
[0.269s] Level 1:colcon.colcon_core.package_identification:_identify(/home/leedonghyuck/ws_px4/src/px4-ros2-interface-lib/mission/examples) by extensions ['cmake', 'python']
[0.269s] Level 1:colcon.colcon_core.package_identification:_identify(/home/leedonghyuck/ws_px4/src/px4-ros2-interface-lib/mission/examples) by extension 'cmake'
[0.269s] Level 1:colcon.colcon_core.package_identification:_identify(/home/leedonghyuck/ws_px4/src/px4-ros2-interface-lib/mission/examples) by extension 'python'
[0.269s] Level 1:colcon.colcon_core.package_identification:_identify(/home/leedonghyuck/ws_px4/src/px4-ros2-interface-lib/mission/examples) by extensions ['python_setup_py']
[0.269s] Level 1:colcon.colcon_core.package_identification:_identify(/home/leedonghyuck/ws_px4/src/px4-ros2-interface-lib/mission/examples) by extension 'python_setup_py'
[0.269s] Level 1:colcon.colcon_core.package_identification:_identify(/home/leedonghyuck/ws_px4/src/px4-ros2-interface-lib/px4_ros2_cpp) by extensions ['ignore', 'ignore_ament_install']
[0.269s] Level 1:colcon.colcon_core.package_identification:_identify(/home/leedonghyuck/ws_px4/src/px4-ros2-interface-lib/px4_ros2_cpp) by extension 'ignore'
[0.269s] Level 1:colcon.colcon_core.package_identification:_identify(/home/leedonghyuck/ws_px4/src/px4-ros2-interface-lib/px4_ros2_cpp) by extension 'ignore_ament_install'
[0.269s] Level 1:colcon.colcon_core.package_identification:_identify(/home/leedonghyuck/ws_px4/src/px4-ros2-interface-lib/px4_ros2_cpp) by extensions ['colcon_pkg']
[0.269s] Level 1:colcon.colcon_core.package_identification:_identify(/home/leedonghyuck/ws_px4/src/px4-ros2-interface-lib/px4_ros2_cpp) by extension 'colcon_pkg'
[0.270s] Level 1:colcon.colcon_core.package_identification:_identify(/home/leedonghyuck/ws_px4/src/px4-ros2-interface-lib/px4_ros2_cpp) by extensions ['colcon_meta']
[0.270s] Level 1:colcon.colcon_core.package_identification:_identify(/home/leedonghyuck/ws_px4/src/px4-ros2-interface-lib/px4_ros2_cpp) by extension 'colcon_meta'
[0.270s] Level 1:colcon.colcon_core.package_identification:_identify(/home/leedonghyuck/ws_px4/src/px4-ros2-interface-lib/px4_ros2_cpp) by extensions ['ros']
[0.270s] Level 1:colcon.colcon_core.package_identification:_identify(/home/leedonghyuck/ws_px4/src/px4-ros2-interface-lib/px4_ros2_cpp) by extension 'ros'
[0.270s] DEBUG:colcon.colcon_core.package_identification:Package '/home/leedonghyuck/ws_px4/src/px4-ros2-interface-lib/px4_ros2_cpp' with type 'ros.ament_cmake' and name 'px4_ros2_cpp'
[0.270s] Level 1:colcon.colcon_core.package_identification:_identify(/home/leedonghyuck/ws_px4/src/px4-ros2-interface-lib/px4_ros2_py) by extensions ['ignore', 'ignore_ament_install']
[0.270s] Level 1:colcon.colcon_core.package_identification:_identify(/home/leedonghyuck/ws_px4/src/px4-ros2-interface-lib/px4_ros2_py) by extension 'ignore'
[0.270s] Level 1:colcon.colcon_core.package_identification:_identify(/home/leedonghyuck/ws_px4/src/px4-ros2-interface-lib/px4_ros2_py) by extension 'ignore_ament_install'
[0.270s] Level 1:colcon.colcon_core.package_identification:_identify(/home/leedonghyuck/ws_px4/src/px4-ros2-interface-lib/px4_ros2_py) by extensions ['colcon_pkg']
[0.270s] Level 1:colcon.colcon_core.package_identification:_identify(/home/leedonghyuck/ws_px4/src/px4-ros2-interface-lib/px4_ros2_py) by extension 'colcon_pkg'
[0.270s] Level 1:colcon.colcon_core.package_identification:_identify(/home/leedonghyuck/ws_px4/src/px4-ros2-interface-lib/px4_ros2_py) by extensions ['colcon_meta']
[0.270s] Level 1:colcon.colcon_core.package_identification:_identify(/home/leedonghyuck/ws_px4/src/px4-ros2-interface-lib/px4_ros2_py) by extension 'colcon_meta'
[0.270s] Level 1:colcon.colcon_core.package_identification:_identify(/home/leedonghyuck/ws_px4/src/px4-ros2-interface-lib/px4_ros2_py) by extensions ['ros']
[0.270s] Level 1:colcon.colcon_core.package_identification:_identify(/home/leedonghyuck/ws_px4/src/px4-ros2-interface-lib/px4_ros2_py) by extension 'ros'
[0.271s] DEBUG:colcon.colcon_core.package_identification:Package '/home/leedonghyuck/ws_px4/src/px4-ros2-interface-lib/px4_ros2_py' with type 'ros.ament_cmake' and name 'px4_ros2_py'
[0.271s] Level 1:colcon.colcon_core.package_identification:_identify(/home/leedonghyuck/ws_px4/src/px4-ros2-interface-lib/python_docs) by extensions ['ignore', 'ignore_ament_install']
[0.271s] Level 1:colcon.colcon_core.package_identification:_identify(/home/leedonghyuck/ws_px4/src/px4-ros2-interface-lib/python_docs) by extension 'ignore'
[0.271s] Level 1:colcon.colcon_core.package_identification:_identify(/home/leedonghyuck/ws_px4/src/px4-ros2-interface-lib/python_docs) by extension 'ignore_ament_install'
[0.271s] Level 1:colcon.colcon_core.package_identification:_identify(/home/leedonghyuck/ws_px4/src/px4-ros2-interface-lib/python_docs) by extensions ['colcon_pkg']
[0.271s] Level 1:colcon.colcon_core.package_identification:_identify(/home/leedonghyuck/ws_px4/src/px4-ros2-interface-lib/python_docs) by extension 'colcon_pkg'
[0.271s] Level 1:colcon.colcon_core.package_identification:_identify(/home/leedonghyuck/ws_px4/src/px4-ros2-interface-lib/python_docs) by extensions ['colcon_meta']
[0.271s] Level 1:colcon.colcon_core.package_identification:_identify(/home/leedonghyuck/ws_px4/src/px4-ros2-interface-lib/python_docs) by extension 'colcon_meta'
[0.271s] Level 1:colcon.colcon_core.package_identification:_identify(/home/leedonghyuck/ws_px4/src/px4-ros2-interface-lib/python_docs) by extensions ['ros']
[0.271s] Level 1:colcon.colcon_core.package_identification:_identify(/home/leedonghyuck/ws_px4/src/px4-ros2-interface-lib/python_docs) by extension 'ros'
[0.271s] Level 1:colcon.colcon_core.package_identification:_identify(/home/leedonghyuck/ws_px4/src/px4-ros2-interface-lib/python_docs) by extensions ['cmake', 'python']
[0.271s] Level 1:colcon.colcon_core.package_identification:_identify(/home/leedonghyuck/ws_px4/src/px4-ros2-interface-lib/python_docs) by extension 'cmake'
[0.271s] Level 1:colcon.colcon_core.package_identification:_identify(/home/leedonghyuck/ws_px4/src/px4-ros2-interface-lib/python_docs) by extension 'python'
[0.271s] Level 1:colcon.colcon_core.package_identification:_identify(/home/leedonghyuck/ws_px4/src/px4-ros2-interface-lib/python_docs) by extensions ['python_setup_py']
[0.271s] Level 1:colcon.colcon_core.package_identification:_identify(/home/leedonghyuck/ws_px4/src/px4-ros2-interface-lib/python_docs) by extension 'python_setup_py'
[0.271s] Level 1:colcon.colcon_core.package_identification:_identify(/home/leedonghyuck/ws_px4/src/px4-ros2-interface-lib/scripts) by extensions ['ignore', 'ignore_ament_install']
[0.272s] Level 1:colcon.colcon_core.package_identification:_identify(/home/leedonghyuck/ws_px4/src/px4-ros2-interface-lib/scripts) by extension 'ignore'
[0.272s] Level 1:colcon.colcon_core.package_identification:_identify(/home/leedonghyuck/ws_px4/src/px4-ros2-interface-lib/scripts) by extension 'ignore_ament_install'
[0.272s] Level 1:colcon.colcon_core.package_identification:_identify(/home/leedonghyuck/ws_px4/src/px4-ros2-interface-lib/scripts) by extensions ['colcon_pkg']
[0.272s] Level 1:colcon.colcon_core.package_identification:_identify(/home/leedonghyuck/ws_px4/src/px4-ros2-interface-lib/scripts) by extension 'colcon_pkg'
[0.272s] Level 1:colcon.colcon_core.package_identification:_identify(/home/leedonghyuck/ws_px4/src/px4-ros2-interface-lib/scripts) by extensions ['colcon_meta']
[0.272s] Level 1:colcon.colcon_core.package_identification:_identify(/home/leedonghyuck/ws_px4/src/px4-ros2-interface-lib/scripts) by extension 'colcon_meta'
[0.272s] Level 1:colcon.colcon_core.package_identification:_identify(/home/leedonghyuck/ws_px4/src/px4-ros2-interface-lib/scripts) by extensions ['ros']
[0.272s] Level 1:colcon.colcon_core.package_identification:_identify(/home/leedonghyuck/ws_px4/src/px4-ros2-interface-lib/scripts) by extension 'ros'
[0.272s] Level 1:colcon.colcon_core.package_identification:_identify(/home/leedonghyuck/ws_px4/src/px4-ros2-interface-lib/scripts) by extensions ['cmake', 'python']
[0.272s] Level 1:colcon.colcon_core.package_identification:_identify(/home/leedonghyuck/ws_px4/src/px4-ros2-interface-lib/scripts) by extension 'cmake'
[0.272s] Level 1:colcon.colcon_core.package_identification:_identify(/home/leedonghyuck/ws_px4/src/px4-ros2-interface-lib/scripts) by extension 'python'
[0.272s] Level 1:colcon.colcon_core.package_identification:_identify(/home/leedonghyuck/ws_px4/src/px4-ros2-interface-lib/scripts) by extensions ['python_setup_py']
[0.272s] Level 1:colcon.colcon_core.package_identification:_identify(/home/leedonghyuck/ws_px4/src/px4-ros2-interface-lib/scripts) by extension 'python_setup_py'
[0.272s] Level 1:colcon.colcon_core.package_identification:_identify(/home/leedonghyuck/ws_px4/src/px4_msgs) by extensions ['ignore', 'ignore_ament_install']
[0.272s] Level 1:colcon.colcon_core.package_identification:_identify(/home/leedonghyuck/ws_px4/src/px4_msgs) by extension 'ignore'
[0.272s] Level 1:colcon.colcon_core.package_identification:_identify(/home/leedonghyuck/ws_px4/src/px4_msgs) by extension 'ignore_ament_install'
[0.272s] Level 1:colcon.colcon_core.package_identification:_identify(/home/leedonghyuck/ws_px4/src/px4_msgs) by extensions ['colcon_pkg']
[0.272s] Level 1:colcon.colcon_core.package_identification:_identify(/home/leedonghyuck/ws_px4/src/px4_msgs) by extension 'colcon_pkg'
[0.272s] Level 1:colcon.colcon_core.package_identification:_identify(/home/leedonghyuck/ws_px4/src/px4_msgs) by extensions ['colcon_meta']
[0.272s] Level 1:colcon.colcon_core.package_identification:_identify(/home/leedonghyuck/ws_px4/src/px4_msgs) by extension 'colcon_meta'
[0.272s] Level 1:colcon.colcon_core.package_identification:_identify(/home/leedonghyuck/ws_px4/src/px4_msgs) by extensions ['ros']
[0.272s] Level 1:colcon.colcon_core.package_identification:_identify(/home/leedonghyuck/ws_px4/src/px4_msgs) by extension 'ros'
[0.273s] DEBUG:colcon.colcon_core.package_identification:Package '/home/leedonghyuck/ws_px4/src/px4_msgs' with type 'ros.ament_cmake' and name 'px4_msgs'
[0.273s] Level 1:colcon.colcon_core.package_identification:_identify(/home/leedonghyuck/ws_px4/src/px4_ros_com) by extensions ['ignore', 'ignore_ament_install']
[0.273s] Level 1:colcon.colcon_core.package_identification:_identify(/home/leedonghyuck/ws_px4/src/px4_ros_com) by extension 'ignore'
[0.273s] Level 1:colcon.colcon_core.package_identification:_identify(/home/leedonghyuck/ws_px4/src/px4_ros_com) by extension 'ignore_ament_install'
[0.273s] Level 1:colcon.colcon_core.package_identification:_identify(/home/leedonghyuck/ws_px4/src/px4_ros_com) by extensions ['colcon_pkg']
[0.273s] Level 1:colcon.colcon_core.package_identification:_identify(/home/leedonghyuck/ws_px4/src/px4_ros_com) by extension 'colcon_pkg'
[0.273s] Level 1:colcon.colcon_core.package_identification:_identify(/home/leedonghyuck/ws_px4/src/px4_ros_com) by extensions ['colcon_meta']
[0.273s] Level 1:colcon.colcon_core.package_identification:_identify(/home/leedonghyuck/ws_px4/src/px4_ros_com) by extension 'colcon_meta'
[0.273s] Level 1:colcon.colcon_core.package_identification:_identify(/home/leedonghyuck/ws_px4/src/px4_ros_com) by extensions ['ros']
[0.273s] Level 1:colcon.colcon_core.package_identification:_identify(/home/leedonghyuck/ws_px4/src/px4_ros_com) by extension 'ros'
[0.274s] DEBUG:colcon.colcon_core.package_identification:Package '/home/leedonghyuck/ws_px4/src/px4_ros_com' with type 'ros.ament_cmake' and name 'px4_ros_com'
[0.274s] Level 1:colcon.colcon_core.package_discovery:discover_packages(recursive) using defaults
