[01m[K/home/leedonghyuck/ws_px4/src/collision_avoidance/src/CollisionAvoidanceControl.cpp:147:6:[m[K [01;31m[Kerror: [m[Kno declaration matches ‘[01m[Kvoid safetyfilter::CollisionAvoidanceControl::disarm() const[m[K’
  147 | void [01;31m[KCollisionAvoidanceControl[m[K::disarm() const {
      |      [01;31m[K^~~~~~~~~~~~~~~~~~~~~~~~~[m[K
In file included from [01m[K/home/leedonghyuck/ws_px4/src/collision_avoidance/src/CollisionAvoidanceControl.cpp:1[m[K:
[01m[K/home/leedonghyuck/ws_px4/src/collision_avoidance/include/collision_avoidance/CollisionAvoidanceControl.hpp:51:14:[m[K [01;36m[Knote: [m[Kcandidate is: ‘[01m[Kvoid safetyfilter::CollisionAvoidanceControl::disarm()[m[K’
   51 |         void [01;36m[Kdisarm[m[K();
      |              [01;36m[K^~~~~~[m[K
[01m[K/home/leedonghyuck/ws_px4/src/collision_avoidance/include/collision_avoidance/CollisionAvoidanceControl.hpp:17:7:[m[K [01;36m[Knote: [m[K‘[01m[Kclass safetyfilter::CollisionAvoidanceControl[m[K’ defined here
   17 | class [01;36m[KCollisionAvoidanceControl[m[K: public rclcpp::Node
      |       [01;36m[K^~~~~~~~~~~~~~~~~~~~~~~~~[m[K
[01m[K/home/leedonghyuck/ws_px4/src/collision_avoidance/src/CollisionAvoidanceControl.cpp:[m[K In member function ‘[01m[Kvoid safetyfilter::CollisionAvoidanceControl::set_position()[m[K’:
[01m[K/home/leedonghyuck/ws_px4/src/collision_avoidance/src/CollisionAvoidanceControl.cpp:213:22:[m[K [01;31m[Kerror: [m[K‘[01m[Kusing TrajectorySetpoint = struct px4_msgs::msg::TrajectorySetpoint_<std::allocator<void> >[m[K’ {aka ‘[01m[Kstruct px4_msgs::msg::TrajectorySetpoint_<std::allocator<void> >[m[K’} has no member named ‘[01m[Kposition_ned_m_x[m[K’
  213 |     desired_position.[01;31m[Kposition_ned_m_x[m[K=10.0;
      |                      [01;31m[K^~~~~~~~~~~~~~~~[m[K
[01m[K/home/leedonghyuck/ws_px4/src/collision_avoidance/src/CollisionAvoidanceControl.cpp:214:22:[m[K [01;31m[Kerror: [m[K‘[01m[Kusing TrajectorySetpoint = struct px4_msgs::msg::TrajectorySetpoint_<std::allocator<void> >[m[K’ {aka ‘[01m[Kstruct px4_msgs::msg::TrajectorySetpoint_<std::allocator<void> >[m[K’} has no member named ‘[01m[Kposition_ned_m_y[m[K’
  214 |     desired_position.[01;31m[Kposition_ned_m_y[m[K=10.0;
      |                      [01;31m[K^~~~~~~~~~~~~~~~[m[K
[01m[K/home/leedonghyuck/ws_px4/src/collision_avoidance/src/CollisionAvoidanceControl.cpp:215:22:[m[K [01;31m[Kerror: [m[K‘[01m[Kusing TrajectorySetpoint = struct px4_msgs::msg::TrajectorySetpoint_<std::allocator<void> >[m[K’ {aka ‘[01m[Kstruct px4_msgs::msg::TrajectorySetpoint_<std::allocator<void> >[m[K’} has no member named ‘[01m[Kposition_ned_m_[m[K’
  215 |     desired_position.[01;31m[Kposition_ned_m_[m[K=-10.0;
      |                      [01;31m[K^~~~~~~~~~~~~~~[m[K
gmake[2]: *** [CMakeFiles/collision_avoidance_node.dir/build.make:90: CMakeFiles/collision_avoidance_node.dir/src/CollisionAvoidanceControl.cpp.o] Error 1
gmake[1]: *** [CMakeFiles/Makefile2:137: CMakeFiles/collision_avoidance_node.dir/all] Error 2
gmake: *** [Makefile:146: all] Error 2
