[0.017s] Invoking command in '/home/leedonghyuck/ws_px4/build/collision_avoidance': CMAKE_PREFIX_PATH=/home/leedonghyuck/ws_px4/install/px4_ros2_cpp:/home/leedonghyuck/ws_px4/install/px4_msgs:/home/leedonghyuck/ws_px4/install/px4_ros_com:/home/leedonghyuck/ws_px4/install/px4_ros2_py:/home/leedonghyuck/ws_px4/install/example_rover_velocity_mode_cpp:/home/leedonghyuck/ws_px4/install/example_mode_with_executor_cpp:/home/leedonghyuck/ws_px4/install/example_mode_vtol_cpp:/home/leedonghyuck/ws_px4/install/example_mode_rtl_replacement_cpp:/home/leedonghyuck/ws_px4/install/example_mode_mission_cpp:/home/leedonghyuck/ws_px4/install/example_mode_manual_cpp:/home/leedonghyuck/ws_px4/install/example_mode_goto_global_cpp:/home/leedonghyuck/ws_px4/install/example_mode_goto_cpp:/home/leedonghyuck/ws_px4/install/example_mode_fw_attitude_cpp:/home/leedonghyuck/ws_px4/install/example_local_navigation_cpp:/home/leedonghyuck/ws_px4/install/example_global_navigation_cpp:/home/leedonghyuck/ws_px4/install/example_executor_with_multiple_modes_cpp:/home/leedonghyuck/ws_px4/install/collision_avoidance:/home/leedonghyuck/ws_px4/install/example_mode_with_rclpy_py:/home/leedonghyuck/ws_px4/install/example_mode_goto_py:/opt/ros/humble LD_LIBRARY_PATH=/home/leedonghyuck/ws_px4/install/px4_ros2_cpp/lib:/home/leedonghyuck/ws_px4/install/px4_msgs/lib:/home/leedonghyuck/ws_px4/install/px4_ros_com/lib:/usr/lib/x86_64-linux-gnu/gazebo-11/plugins:/opt/ros/humble/opt/rviz_ogre_vendor/lib:/opt/ros/humble/lib/x86_64-linux-gnu:/opt/ros/humble/lib:/home/username/.mujoco/mujoco210/bin /usr/bin/cmake --build /home/leedonghyuck/ws_px4/build/collision_avoidance -- -j32 -l32
[0.063s] [35m[1mConsolidate compiler generated dependencies of target collision_avoidance_node[0m
[0.081s] [ 33%] [32mBuilding CXX object CMakeFiles/collision_avoidance_node.dir/src/main.cpp.o[0m
[0.083s] [ 66%] [32mBuilding CXX object CMakeFiles/collision_avoidance_node.dir/src/CollisionAvoidanceControl.cpp.o[0m
[1.859s] [01m[K/home/leedonghyuck/ws_px4/src/collision_avoidance/src/CollisionAvoidanceControl.cpp:147:6:[m[K [01;31m[Kerror: [m[Kno declaration matches ‘[01m[Kvoid safetyfilter::CollisionAvoidanceControl::disarm() const[m[K’
[1.859s]   147 | void [01;31m[KCollisionAvoidanceControl[m[K::disarm() const {
[1.859s]       |      [01;31m[K^~~~~~~~~~~~~~~~~~~~~~~~~[m[K
[1.859s] In file included from [01m[K/home/leedonghyuck/ws_px4/src/collision_avoidance/src/CollisionAvoidanceControl.cpp:1[m[K:
[1.859s] [01m[K/home/leedonghyuck/ws_px4/src/collision_avoidance/include/collision_avoidance/CollisionAvoidanceControl.hpp:51:14:[m[K [01;36m[Knote: [m[Kcandidate is: ‘[01m[Kvoid safetyfilter::CollisionAvoidanceControl::disarm()[m[K’
[1.859s]    51 |         void [01;36m[Kdisarm[m[K();
[1.860s]       |              [01;36m[K^~~~~~[m[K
[1.860s] [01m[K/home/leedonghyuck/ws_px4/src/collision_avoidance/include/collision_avoidance/CollisionAvoidanceControl.hpp:17:7:[m[K [01;36m[Knote: [m[K‘[01m[Kclass safetyfilter::CollisionAvoidanceControl[m[K’ defined here
[1.860s]    17 | class [01;36m[KCollisionAvoidanceControl[m[K: public rclcpp::Node
[1.860s]       |       [01;36m[K^~~~~~~~~~~~~~~~~~~~~~~~~[m[K
[1.860s] [01m[K/home/leedonghyuck/ws_px4/src/collision_avoidance/src/CollisionAvoidanceControl.cpp:[m[K In member function ‘[01m[Kvoid safetyfilter::CollisionAvoidanceControl::set_position()[m[K’:
[1.860s] [01m[K/home/leedonghyuck/ws_px4/src/collision_avoidance/src/CollisionAvoidanceControl.cpp:213:22:[m[K [01;31m[Kerror: [m[K‘[01m[Kusing TrajectorySetpoint = struct px4_msgs::msg::TrajectorySetpoint_<std::allocator<void> >[m[K’ {aka ‘[01m[Kstruct px4_msgs::msg::TrajectorySetpoint_<std::allocator<void> >[m[K’} has no member named ‘[01m[Kposition_ned_m_x[m[K’
[1.860s]   213 |     desired_position.[01;31m[Kposition_ned_m_x[m[K=10.0;
[1.860s]       |                      [01;31m[K^~~~~~~~~~~~~~~~[m[K
[1.860s] [01m[K/home/leedonghyuck/ws_px4/src/collision_avoidance/src/CollisionAvoidanceControl.cpp:214:22:[m[K [01;31m[Kerror: [m[K‘[01m[Kusing TrajectorySetpoint = struct px4_msgs::msg::TrajectorySetpoint_<std::allocator<void> >[m[K’ {aka ‘[01m[Kstruct px4_msgs::msg::TrajectorySetpoint_<std::allocator<void> >[m[K’} has no member named ‘[01m[Kposition_ned_m_y[m[K’
[1.860s]   214 |     desired_position.[01;31m[Kposition_ned_m_y[m[K=10.0;
[1.861s]       |                      [01;31m[K^~~~~~~~~~~~~~~~[m[K
[1.861s] [01m[K/home/leedonghyuck/ws_px4/src/collision_avoidance/src/CollisionAvoidanceControl.cpp:215:22:[m[K [01;31m[Kerror: [m[K‘[01m[Kusing TrajectorySetpoint = struct px4_msgs::msg::TrajectorySetpoint_<std::allocator<void> >[m[K’ {aka ‘[01m[Kstruct px4_msgs::msg::TrajectorySetpoint_<std::allocator<void> >[m[K’} has no member named ‘[01m[Kposition_ned_m_[m[K’
[1.861s]   215 |     desired_position.[01;31m[Kposition_ned_m_[m[K=-10.0;
[1.861s]       |                      [01;31m[K^~~~~~~~~~~~~~~[m[K
[2.618s] gmake[2]: *** [CMakeFiles/collision_avoidance_node.dir/build.make:90: CMakeFiles/collision_avoidance_node.dir/src/CollisionAvoidanceControl.cpp.o] Error 1
[2.618s] gmake[1]: *** [CMakeFiles/Makefile2:137: CMakeFiles/collision_avoidance_node.dir/all] Error 2
[2.618s] gmake: *** [Makefile:146: all] Error 2
[2.622s] Invoked command in '/home/leedonghyuck/ws_px4/build/collision_avoidance' returned '2': CMAKE_PREFIX_PATH=/home/leedonghyuck/ws_px4/install/px4_ros2_cpp:/home/leedonghyuck/ws_px4/install/px4_msgs:/home/leedonghyuck/ws_px4/install/px4_ros_com:/home/leedonghyuck/ws_px4/install/px4_ros2_py:/home/leedonghyuck/ws_px4/install/example_rover_velocity_mode_cpp:/home/leedonghyuck/ws_px4/install/example_mode_with_executor_cpp:/home/leedonghyuck/ws_px4/install/example_mode_vtol_cpp:/home/leedonghyuck/ws_px4/install/example_mode_rtl_replacement_cpp:/home/leedonghyuck/ws_px4/install/example_mode_mission_cpp:/home/leedonghyuck/ws_px4/install/example_mode_manual_cpp:/home/leedonghyuck/ws_px4/install/example_mode_goto_global_cpp:/home/leedonghyuck/ws_px4/install/example_mode_goto_cpp:/home/leedonghyuck/ws_px4/install/example_mode_fw_attitude_cpp:/home/leedonghyuck/ws_px4/install/example_local_navigation_cpp:/home/leedonghyuck/ws_px4/install/example_global_navigation_cpp:/home/leedonghyuck/ws_px4/install/example_executor_with_multiple_modes_cpp:/home/leedonghyuck/ws_px4/install/collision_avoidance:/home/leedonghyuck/ws_px4/install/example_mode_with_rclpy_py:/home/leedonghyuck/ws_px4/install/example_mode_goto_py:/opt/ros/humble LD_LIBRARY_PATH=/home/leedonghyuck/ws_px4/install/px4_ros2_cpp/lib:/home/leedonghyuck/ws_px4/install/px4_msgs/lib:/home/leedonghyuck/ws_px4/install/px4_ros_com/lib:/usr/lib/x86_64-linux-gnu/gazebo-11/plugins:/opt/ros/humble/opt/rviz_ogre_vendor/lib:/opt/ros/humble/lib/x86_64-linux-gnu:/opt/ros/humble/lib:/home/username/.mujoco/mujoco210/bin /usr/bin/cmake --build /home/leedonghyuck/ws_px4/build/collision_avoidance -- -j32 -l32
