-- The C compiler identification is GNU 11.4.0
-- The CXX compiler identification is GNU 11.4.0
-- Detecting C compiler ABI info
-- Detecting C compiler ABI info - done
-- Check for working C compiler: /usr/bin/cc - skipped
-- Detecting C compile features
-- Detecting C compile features - done
-- Detecting CXX compiler ABI info
-- Detecting CXX compiler ABI info - done
-- Check for working CXX compiler: /usr/bin/c++ - skipped
-- Detecting CXX compile features
-- Detecting CXX compile features - done
-- Found ament_cmake: 1.3.13 (/opt/ros/humble/share/ament_cmake/cmake)
-- Found Python3: /usr/bin/python3 (found version "3.10.12") found components: Interpreter 
-- Found rclcpp: 16.0.18 (/opt/ros/humble/share/rclcpp/cmake)
-- Found rosidl_generator_c: 3.1.8 (/opt/ros/humble/share/rosidl_generator_c/cmake)
-- Found rosidl_adapter: 3.1.8 (/opt/ros/humble/share/rosidl_adapter/cmake)
-- Found rosidl_generator_cpp: 3.1.8 (/opt/ros/humble/share/rosidl_generator_cpp/cmake)
-- Using all available rosidl_typesupport_c: rosidl_typesupport_fastrtps_c;rosidl_typesupport_introspection_c
-- Using all available rosidl_typesupport_cpp: rosidl_typesupport_fastrtps_cpp;rosidl_typesupport_introspection_cpp
-- Found rmw_implementation_cmake: 6.1.2 (/opt/ros/humble/share/rmw_implementation_cmake/cmake)
-- Found rmw_fastrtps_cpp: 6.2.10 (/opt/ros/humble/share/rmw_fastrtps_cpp/cmake)
-- Found OpenSSL: /usr/lib/x86_64-linux-gnu/libcrypto.so (found version "3.0.2")  
-- Found FastRTPS: /opt/ros/humble/include  
-- Using RMW implementation 'rmw_fastrtps_cpp' as default
-- Looking for pthread.h
-- Looking for pthread.h - found
-- Performing Test CMAKE_HAVE_LIBC_PTHREAD
-- Performing Test CMAKE_HAVE_LIBC_PTHREAD - Success
-- Found Threads: TRUE  
-- Found px4_ros2_cpp: 0.0.1 (/home/leedonghyuck/ws_px4/install/px4_ros2_cpp/share/px4_ros2_cpp/cmake)
-- Found ament_lint_auto: 0.12.15 (/opt/ros/humble/share/ament_lint_auto/cmake)
-- Added test 'copyright' to check source files copyright and LICENSE
-- Added test 'cppcheck' to perform static code analysis on C / C++ code
-- Configured cppcheck include dirs: /home/leedonghyuck/ws_px4/src/px4-ros2-interface-lib/examples/cpp/modes/rover_velocity/include
-- Configured cppcheck exclude dirs and/or files: 
-- Added test 'cpplint' to check C / C++ code against the Google style
-- Configured cpplint exclude dirs and/or files: 
-- Added test 'lint_cmake' to check CMake code style
-- Added test 'uncrustify' to check C / C++ code style
-- Configured uncrustify additional arguments: 
-- Added test 'xmllint' to check XML markup files
-- Configuring done
-- Generating done
-- Build files have been written to: /home/leedonghyuck/ws_px4/build/example_rover_velocity_mode_cpp
[ 50%] [32mBuilding CXX object CMakeFiles/rover_velocity_mode.dir/src/main.cpp.o[0m
[100%] [32m[1mLinking CXX executable rover_velocity_mode[0m
[100%] Built target rover_velocity_mode
-- Install configuration: ""
-- Installing: /home/leedonghyuck/ws_px4/install/example_rover_velocity_mode_cpp/lib/example_rover_velocity_mode_cpp/rover_velocity_mode
-- Set runtime path of "/home/leedonghyuck/ws_px4/install/example_rover_velocity_mode_cpp/lib/example_rover_velocity_mode_cpp/rover_velocity_mode" to ""
-- Installing: /home/leedonghyuck/ws_px4/install/example_rover_velocity_mode_cpp/share/ament_index/resource_index/package_run_dependencies/example_rover_velocity_mode_cpp
-- Installing: /home/leedonghyuck/ws_px4/install/example_rover_velocity_mode_cpp/share/ament_index/resource_index/parent_prefix_path/example_rover_velocity_mode_cpp
-- Installing: /home/leedonghyuck/ws_px4/install/example_rover_velocity_mode_cpp/share/example_rover_velocity_mode_cpp/environment/ament_prefix_path.sh
-- Installing: /home/leedonghyuck/ws_px4/install/example_rover_velocity_mode_cpp/share/example_rover_velocity_mode_cpp/environment/ament_prefix_path.dsv
-- Installing: /home/leedonghyuck/ws_px4/install/example_rover_velocity_mode_cpp/share/example_rover_velocity_mode_cpp/environment/path.sh
-- Installing: /home/leedonghyuck/ws_px4/install/example_rover_velocity_mode_cpp/share/example_rover_velocity_mode_cpp/environment/path.dsv
-- Installing: /home/leedonghyuck/ws_px4/install/example_rover_velocity_mode_cpp/share/example_rover_velocity_mode_cpp/local_setup.bash
-- Installing: /home/leedonghyuck/ws_px4/install/example_rover_velocity_mode_cpp/share/example_rover_velocity_mode_cpp/local_setup.sh
-- Installing: /home/leedonghyuck/ws_px4/install/example_rover_velocity_mode_cpp/share/example_rover_velocity_mode_cpp/local_setup.zsh
-- Installing: /home/leedonghyuck/ws_px4/install/example_rover_velocity_mode_cpp/share/example_rover_velocity_mode_cpp/local_setup.dsv
-- Installing: /home/leedonghyuck/ws_px4/install/example_rover_velocity_mode_cpp/share/example_rover_velocity_mode_cpp/package.dsv
-- Installing: /home/leedonghyuck/ws_px4/install/example_rover_velocity_mode_cpp/share/ament_index/resource_index/packages/example_rover_velocity_mode_cpp
-- Installing: /home/leedonghyuck/ws_px4/install/example_rover_velocity_mode_cpp/share/example_rover_velocity_mode_cpp/cmake/example_rover_velocity_mode_cppConfig.cmake
-- Installing: /home/leedonghyuck/ws_px4/install/example_rover_velocity_mode_cpp/share/example_rover_velocity_mode_cpp/cmake/example_rover_velocity_mode_cppConfig-version.cmake
-- Installing: /home/leedonghyuck/ws_px4/install/example_rover_velocity_mode_cpp/share/example_rover_velocity_mode_cpp/package.xml
