-- The C compiler identification is GNU 11.4.0
-- The CXX compiler identification is GNU 11.4.0
-- Detecting C compiler ABI info
-- Detecting C compiler ABI info - done
-- Check for working C compiler: /usr/bin/cc - skipped
-- Detecting C compile features
-- Detecting C compile features - done
-- Detecting CXX compiler ABI info
-- Detecting CXX compiler ABI info - done
-- Check for working CXX compiler: /usr/bin/c++ - skipped
-- Detecting CXX compile features
-- Detecting CXX compile features - done
-- Found ament_cmake: 1.3.13 (/opt/ros/humble/share/ament_cmake/cmake)
-- Found Python3: /usr/bin/python3 (found version "3.10.12") found components: Interpreter 
-- Found rclcpp: 16.0.18 (/opt/ros/humble/share/rclcpp/cmake)
-- Found rosidl_generator_c: 3.1.8 (/opt/ros/humble/share/rosidl_generator_c/cmake)
-- Found rosidl_adapter: 3.1.8 (/opt/ros/humble/share/rosidl_adapter/cmake)
-- Found rosidl_generator_cpp: 3.1.8 (/opt/ros/humble/share/rosidl_generator_cpp/cmake)
-- Using all available rosidl_typesupport_c: rosidl_typesupport_fastrtps_c;rosidl_typesupport_introspection_c
-- Using all available rosidl_typesupport_cpp: rosidl_typesupport_fastrtps_cpp;rosidl_typesupport_introspection_cpp
-- Found rmw_implementation_cmake: 6.1.2 (/opt/ros/humble/share/rmw_implementation_cmake/cmake)
-- Found rmw_fastrtps_cpp: 6.2.10 (/opt/ros/humble/share/rmw_fastrtps_cpp/cmake)
-- Found OpenSSL: /usr/lib/x86_64-linux-gnu/libcrypto.so (found version "3.0.2")  
-- Found FastRTPS: /opt/ros/humble/include  
-- Using RMW implementation 'rmw_fastrtps_cpp' as default
-- Looking for pthread.h
-- Looking for pthread.h - found
-- Performing Test CMAKE_HAVE_LIBC_PTHREAD
-- Performing Test CMAKE_HAVE_LIBC_PTHREAD - Success
-- Found Threads: TRUE  
-- Found rclpy: 3.3.20 (/opt/ros/humble/share/rclpy/cmake)
-- Found px4_ros2_cpp: 0.0.1 (/home/leedonghyuck/ws_px4/install/px4_ros2_cpp/share/px4_ros2_cpp/cmake)
-- Found Python3: /usr/bin/python3 (found version "3.10.12") found components: Interpreter Development Development.Module Development.Embed 
-- Performing Test HAS_FLTO
-- Performing Test HAS_FLTO - Success
-- Found pybind11: /usr/include (found version "2.9.1")
-- Configuring done
-- Generating done
-- Build files have been written to: /home/leedonghyuck/ws_px4/build/px4_ros2_py
[ 12%] [32mBuilding CXX object CMakeFiles/px4_ros2_py.dir/src/px4_ros2/bind_main.cpp.o[0m
[ 25%] [32mBuilding CXX object CMakeFiles/px4_ros2_py.dir/src/px4_ros2/odometry/local_position.cpp.o[0m
[ 37%] [32mBuilding CXX object CMakeFiles/px4_ros2_py.dir/src/px4_ros2/components/mode_executor.cpp.o[0m
[ 62%] [32mBuilding CXX object CMakeFiles/px4_ros2_py.dir/src/px4_ros2/components/node_wrapper.cpp.o[0m
[ 62%] [32mBuilding CXX object CMakeFiles/px4_ros2_py.dir/src/px4_ros2/components/mode.cpp.o[0m
[ 75%] [32mBuilding CXX object CMakeFiles/px4_ros2_py.dir/src/px4_ros2/utils/geometry.cpp.o[0m
[ 87%] [32mBuilding CXX object CMakeFiles/px4_ros2_py.dir/src/px4_ros2/control/setpoint_types/multicopter/goto.cpp.o[0m
[ 87%] Built target ament_cmake_python_copy_px4_ros2
running egg_info
creating px4_ros2.egg-info
writing px4_ros2.egg-info/PKG-INFO
writing dependency_links to px4_ros2.egg-info/dependency_links.txt
writing top-level names to px4_ros2.egg-info/top_level.txt
writing manifest file 'px4_ros2.egg-info/SOURCES.txt'
reading manifest file 'px4_ros2.egg-info/SOURCES.txt'
writing manifest file 'px4_ros2.egg-info/SOURCES.txt'
[ 87%] Built target ament_cmake_python_build_px4_ros2_egg
[100%] [32m[1mLinking CXX shared module px4_ros2_py.cpython-310-x86_64-linux-gnu.so[0m
[100%] Built target px4_ros2_py
-- Install configuration: ""
-- Installing: /home/leedonghyuck/ws_px4/install/px4_ros2_py/share/px4_ros2_py/environment/pythonpath.sh
-- Installing: /home/leedonghyuck/ws_px4/install/px4_ros2_py/share/px4_ros2_py/environment/pythonpath.dsv
-- Installing: /home/leedonghyuck/ws_px4/install/px4_ros2_py/local/lib/python3.10/dist-packages/px4_ros2-0.0.1-py3.10.egg-info
-- Installing: /home/leedonghyuck/ws_px4/install/px4_ros2_py/local/lib/python3.10/dist-packages/px4_ros2-0.0.1-py3.10.egg-info/PKG-INFO
-- Installing: /home/leedonghyuck/ws_px4/install/px4_ros2_py/local/lib/python3.10/dist-packages/px4_ros2-0.0.1-py3.10.egg-info/SOURCES.txt
-- Installing: /home/leedonghyuck/ws_px4/install/px4_ros2_py/local/lib/python3.10/dist-packages/px4_ros2-0.0.1-py3.10.egg-info/dependency_links.txt
-- Installing: /home/leedonghyuck/ws_px4/install/px4_ros2_py/local/lib/python3.10/dist-packages/px4_ros2-0.0.1-py3.10.egg-info/top_level.txt
-- Installing: /home/leedonghyuck/ws_px4/install/px4_ros2_py/local/lib/python3.10/dist-packages/px4_ros2
-- Installing: /home/leedonghyuck/ws_px4/install/px4_ros2_py/local/lib/python3.10/dist-packages/px4_ros2/__init__.py
Listing '/home/leedonghyuck/ws_px4/install/px4_ros2_py/local/lib/python3.10/dist-packages/px4_ros2'...
Compiling '/home/leedonghyuck/ws_px4/install/px4_ros2_py/local/lib/python3.10/dist-packages/px4_ros2/__init__.py'...
-- Installing: /home/leedonghyuck/ws_px4/install/px4_ros2_py/local/lib/python3.10/dist-packages/px4_ros2/px4_ros2_py.cpython-310-x86_64-linux-gnu.so
-- Set runtime path of "/home/leedonghyuck/ws_px4/install/px4_ros2_py/local/lib/python3.10/dist-packages/px4_ros2/px4_ros2_py.cpython-310-x86_64-linux-gnu.so" to ""
-- Installing: /home/leedonghyuck/ws_px4/install/px4_ros2_py/share/ament_index/resource_index/package_run_dependencies/px4_ros2_py
-- Installing: /home/leedonghyuck/ws_px4/install/px4_ros2_py/share/ament_index/resource_index/parent_prefix_path/px4_ros2_py
-- Installing: /home/leedonghyuck/ws_px4/install/px4_ros2_py/share/px4_ros2_py/environment/ament_prefix_path.sh
-- Installing: /home/leedonghyuck/ws_px4/install/px4_ros2_py/share/px4_ros2_py/environment/ament_prefix_path.dsv
-- Installing: /home/leedonghyuck/ws_px4/install/px4_ros2_py/share/px4_ros2_py/environment/path.sh
-- Installing: /home/leedonghyuck/ws_px4/install/px4_ros2_py/share/px4_ros2_py/environment/path.dsv
-- Installing: /home/leedonghyuck/ws_px4/install/px4_ros2_py/share/px4_ros2_py/local_setup.bash
-- Installing: /home/leedonghyuck/ws_px4/install/px4_ros2_py/share/px4_ros2_py/local_setup.sh
-- Installing: /home/leedonghyuck/ws_px4/install/px4_ros2_py/share/px4_ros2_py/local_setup.zsh
-- Installing: /home/leedonghyuck/ws_px4/install/px4_ros2_py/share/px4_ros2_py/local_setup.dsv
-- Installing: /home/leedonghyuck/ws_px4/install/px4_ros2_py/share/px4_ros2_py/package.dsv
-- Installing: /home/leedonghyuck/ws_px4/install/px4_ros2_py/share/ament_index/resource_index/packages/px4_ros2_py
-- Installing: /home/leedonghyuck/ws_px4/install/px4_ros2_py/share/px4_ros2_py/cmake/px4_ros2_pyConfig.cmake
-- Installing: /home/leedonghyuck/ws_px4/install/px4_ros2_py/share/px4_ros2_py/cmake/px4_ros2_pyConfig-version.cmake
-- Installing: /home/leedonghyuck/ws_px4/install/px4_ros2_py/share/px4_ros2_py/package.xml
