[0.058s] Invoking command in '/home/leedonghyuck/ws_px4/build/px4_ros2_py': AMENT_PREFIX_PATH=/home/leedonghyuck/ws_px4/install/px4_ros2_cpp:/home/leedonghyuck/ws_px4/install/px4_msgs:${AMENT_PREFIX_PATH} CMAKE_PREFIX_PATH=/home/leedonghyuck/ws_px4/install/px4_ros2_cpp:/home/leedonghyuck/ws_px4/install/px4_msgs:/opt/ros/humble LD_LIBRARY_PATH=/home/leedonghyuck/ws_px4/install/px4_ros2_cpp/lib:/home/leedonghyuck/ws_px4/install/px4_msgs/lib:/opt/ros/humble/opt/rviz_ogre_vendor/lib:/opt/ros/humble/lib/x86_64-linux-gnu:/opt/ros/humble/lib:/home/username/.mujoco/mujoco210/bin PYTHONPATH=/home/leedonghyuck/ws_px4/install/px4_msgs/local/lib/python3.10/dist-packages:${PYTHONPATH} /usr/bin/cmake /home/leedonghyuck/ws_px4/src/px4-ros2-interface-lib/px4_ros2_py -DCMAKE_INSTALL_PREFIX=/home/leedonghyuck/ws_px4/install/px4_ros2_py
[0.108s] -- The C compiler identification is GNU 11.4.0
[0.159s] -- The CXX compiler identification is GNU 11.4.0
[0.166s] -- Detecting C compiler ABI info
[0.235s] -- Detecting C compiler ABI info - done
[0.242s] -- Check for working C compiler: /usr/bin/cc - skipped
[0.242s] -- Detecting C compile features
[0.242s] -- Detecting C compile features - done
[0.244s] -- Detecting CXX compiler ABI info
[0.325s] -- Detecting CXX compiler ABI info - done
[0.334s] -- Check for working CXX compiler: /usr/bin/c++ - skipped
[0.334s] -- Detecting CXX compile features
[0.334s] -- Detecting CXX compile features - done
[0.337s] -- Found ament_cmake: 1.3.13 (/opt/ros/humble/share/ament_cmake/cmake)
[0.468s] -- Found Python3: /usr/bin/python3 (found version "3.10.12") found components: Interpreter 
[0.549s] -- Found rclcpp: 16.0.18 (/opt/ros/humble/share/rclcpp/cmake)
[0.587s] -- Found rosidl_generator_c: 3.1.8 (/opt/ros/humble/share/rosidl_generator_c/cmake)
[0.591s] -- Found rosidl_adapter: 3.1.8 (/opt/ros/humble/share/rosidl_adapter/cmake)
[0.598s] -- Found rosidl_generator_cpp: 3.1.8 (/opt/ros/humble/share/rosidl_generator_cpp/cmake)
[0.608s] -- Using all available rosidl_typesupport_c: rosidl_typesupport_fastrtps_c;rosidl_typesupport_introspection_c
[0.622s] -- Using all available rosidl_typesupport_cpp: rosidl_typesupport_fastrtps_cpp;rosidl_typesupport_introspection_cpp
[0.657s] -- Found rmw_implementation_cmake: 6.1.2 (/opt/ros/humble/share/rmw_implementation_cmake/cmake)
[0.659s] -- Found rmw_fastrtps_cpp: 6.2.10 (/opt/ros/humble/share/rmw_fastrtps_cpp/cmake)
[0.748s] -- Found OpenSSL: /usr/lib/x86_64-linux-gnu/libcrypto.so (found version "3.0.2")  
[0.779s] -- Found FastRTPS: /opt/ros/humble/include  
[0.828s] -- Using RMW implementation 'rmw_fastrtps_cpp' as default
[0.835s] -- Looking for pthread.h
[0.907s] -- Looking for pthread.h - found
[0.907s] -- Performing Test CMAKE_HAVE_LIBC_PTHREAD
[0.979s] -- Performing Test CMAKE_HAVE_LIBC_PTHREAD - Success
[0.980s] -- Found Threads: TRUE  
[1.038s] -- Found rclpy: 3.3.20 (/opt/ros/humble/share/rclpy/cmake)
[1.038s] -- Found px4_ros2_cpp: 0.0.1 (/home/leedonghyuck/ws_px4/install/px4_ros2_cpp/share/px4_ros2_cpp/cmake)
[1.208s] -- Found Python3: /usr/bin/python3 (found version "3.10.12") found components: Interpreter Development Development.Module Development.Embed 
[1.249s] -- Performing Test HAS_FLTO
[1.388s] -- Performing Test HAS_FLTO - Success
[1.388s] -- Found pybind11: /usr/include (found version "2.9.1")
[1.521s] -- Configuring done
[1.536s] -- Generating done
[1.541s] -- Build files have been written to: /home/leedonghyuck/ws_px4/build/px4_ros2_py
[1.554s] Invoked command in '/home/leedonghyuck/ws_px4/build/px4_ros2_py' returned '0': AMENT_PREFIX_PATH=/home/leedonghyuck/ws_px4/install/px4_ros2_cpp:/home/leedonghyuck/ws_px4/install/px4_msgs:${AMENT_PREFIX_PATH} CMAKE_PREFIX_PATH=/home/leedonghyuck/ws_px4/install/px4_ros2_cpp:/home/leedonghyuck/ws_px4/install/px4_msgs:/opt/ros/humble LD_LIBRARY_PATH=/home/leedonghyuck/ws_px4/install/px4_ros2_cpp/lib:/home/leedonghyuck/ws_px4/install/px4_msgs/lib:/opt/ros/humble/opt/rviz_ogre_vendor/lib:/opt/ros/humble/lib/x86_64-linux-gnu:/opt/ros/humble/lib:/home/username/.mujoco/mujoco210/bin PYTHONPATH=/home/leedonghyuck/ws_px4/install/px4_msgs/local/lib/python3.10/dist-packages:${PYTHONPATH} /usr/bin/cmake /home/leedonghyuck/ws_px4/src/px4-ros2-interface-lib/px4_ros2_py -DCMAKE_INSTALL_PREFIX=/home/leedonghyuck/ws_px4/install/px4_ros2_py
[1.555s] Invoking command in '/home/leedonghyuck/ws_px4/build/px4_ros2_py': AMENT_PREFIX_PATH=/home/leedonghyuck/ws_px4/install/px4_ros2_cpp:/home/leedonghyuck/ws_px4/install/px4_msgs:${AMENT_PREFIX_PATH} CMAKE_PREFIX_PATH=/home/leedonghyuck/ws_px4/install/px4_ros2_cpp:/home/leedonghyuck/ws_px4/install/px4_msgs:/opt/ros/humble LD_LIBRARY_PATH=/home/leedonghyuck/ws_px4/install/px4_ros2_cpp/lib:/home/leedonghyuck/ws_px4/install/px4_msgs/lib:/opt/ros/humble/opt/rviz_ogre_vendor/lib:/opt/ros/humble/lib/x86_64-linux-gnu:/opt/ros/humble/lib:/home/username/.mujoco/mujoco210/bin PYTHONPATH=/home/leedonghyuck/ws_px4/install/px4_msgs/local/lib/python3.10/dist-packages:${PYTHONPATH} /usr/bin/cmake --build /home/leedonghyuck/ws_px4/build/px4_ros2_py -- -j32 -l32
[1.617s] [ 12%] [32mBuilding CXX object CMakeFiles/px4_ros2_py.dir/src/px4_ros2/bind_main.cpp.o[0m
[1.617s] [ 25%] [32mBuilding CXX object CMakeFiles/px4_ros2_py.dir/src/px4_ros2/odometry/local_position.cpp.o[0m
[1.617s] [ 37%] [32mBuilding CXX object CMakeFiles/px4_ros2_py.dir/src/px4_ros2/components/mode_executor.cpp.o[0m
[1.618s] [ 62%] [32mBuilding CXX object CMakeFiles/px4_ros2_py.dir/src/px4_ros2/components/node_wrapper.cpp.o[0m
[1.618s] [ 62%] [32mBuilding CXX object CMakeFiles/px4_ros2_py.dir/src/px4_ros2/components/mode.cpp.o[0m
[1.618s] [ 75%] [32mBuilding CXX object CMakeFiles/px4_ros2_py.dir/src/px4_ros2/utils/geometry.cpp.o[0m
[1.619s] [ 87%] [32mBuilding CXX object CMakeFiles/px4_ros2_py.dir/src/px4_ros2/control/setpoint_types/multicopter/goto.cpp.o[0m
[1.631s] [ 87%] Built target ament_cmake_python_copy_px4_ros2
[1.920s] running egg_info
[1.920s] creating px4_ros2.egg-info
[1.920s] writing px4_ros2.egg-info/PKG-INFO
[1.920s] writing dependency_links to px4_ros2.egg-info/dependency_links.txt
[1.921s] writing top-level names to px4_ros2.egg-info/top_level.txt
[1.921s] writing manifest file 'px4_ros2.egg-info/SOURCES.txt'
[1.923s] reading manifest file 'px4_ros2.egg-info/SOURCES.txt'
[1.923s] writing manifest file 'px4_ros2.egg-info/SOURCES.txt'
[1.963s] [ 87%] Built target ament_cmake_python_build_px4_ros2_egg
[9.311s] [100%] [32m[1mLinking CXX shared module px4_ros2_py.cpython-310-x86_64-linux-gnu.so[0m
[14.456s] [100%] Built target px4_ros2_py
[14.469s] Invoked command in '/home/leedonghyuck/ws_px4/build/px4_ros2_py' returned '0': AMENT_PREFIX_PATH=/home/leedonghyuck/ws_px4/install/px4_ros2_cpp:/home/leedonghyuck/ws_px4/install/px4_msgs:${AMENT_PREFIX_PATH} CMAKE_PREFIX_PATH=/home/leedonghyuck/ws_px4/install/px4_ros2_cpp:/home/leedonghyuck/ws_px4/install/px4_msgs:/opt/ros/humble LD_LIBRARY_PATH=/home/leedonghyuck/ws_px4/install/px4_ros2_cpp/lib:/home/leedonghyuck/ws_px4/install/px4_msgs/lib:/opt/ros/humble/opt/rviz_ogre_vendor/lib:/opt/ros/humble/lib/x86_64-linux-gnu:/opt/ros/humble/lib:/home/username/.mujoco/mujoco210/bin PYTHONPATH=/home/leedonghyuck/ws_px4/install/px4_msgs/local/lib/python3.10/dist-packages:${PYTHONPATH} /usr/bin/cmake --build /home/leedonghyuck/ws_px4/build/px4_ros2_py -- -j32 -l32
[14.470s] Invoking command in '/home/leedonghyuck/ws_px4/build/px4_ros2_py': AMENT_PREFIX_PATH=/home/leedonghyuck/ws_px4/install/px4_ros2_cpp:/home/leedonghyuck/ws_px4/install/px4_msgs:${AMENT_PREFIX_PATH} CMAKE_PREFIX_PATH=/home/leedonghyuck/ws_px4/install/px4_ros2_cpp:/home/leedonghyuck/ws_px4/install/px4_msgs:/opt/ros/humble LD_LIBRARY_PATH=/home/leedonghyuck/ws_px4/install/px4_ros2_cpp/lib:/home/leedonghyuck/ws_px4/install/px4_msgs/lib:/opt/ros/humble/opt/rviz_ogre_vendor/lib:/opt/ros/humble/lib/x86_64-linux-gnu:/opt/ros/humble/lib:/home/username/.mujoco/mujoco210/bin PYTHONPATH=/home/leedonghyuck/ws_px4/install/px4_msgs/local/lib/python3.10/dist-packages:${PYTHONPATH} /usr/bin/cmake --install /home/leedonghyuck/ws_px4/build/px4_ros2_py
[14.477s] -- Install configuration: ""
[14.477s] -- Installing: /home/leedonghyuck/ws_px4/install/px4_ros2_py/share/px4_ros2_py/environment/pythonpath.sh
[14.477s] -- Installing: /home/leedonghyuck/ws_px4/install/px4_ros2_py/share/px4_ros2_py/environment/pythonpath.dsv
[14.477s] -- Installing: /home/leedonghyuck/ws_px4/install/px4_ros2_py/local/lib/python3.10/dist-packages/px4_ros2-0.0.1-py3.10.egg-info
[14.478s] -- Installing: /home/leedonghyuck/ws_px4/install/px4_ros2_py/local/lib/python3.10/dist-packages/px4_ros2-0.0.1-py3.10.egg-info/PKG-INFO
[14.478s] -- Installing: /home/leedonghyuck/ws_px4/install/px4_ros2_py/local/lib/python3.10/dist-packages/px4_ros2-0.0.1-py3.10.egg-info/SOURCES.txt
[14.478s] -- Installing: /home/leedonghyuck/ws_px4/install/px4_ros2_py/local/lib/python3.10/dist-packages/px4_ros2-0.0.1-py3.10.egg-info/dependency_links.txt
[14.478s] -- Installing: /home/leedonghyuck/ws_px4/install/px4_ros2_py/local/lib/python3.10/dist-packages/px4_ros2-0.0.1-py3.10.egg-info/top_level.txt
[14.478s] -- Installing: /home/leedonghyuck/ws_px4/install/px4_ros2_py/local/lib/python3.10/dist-packages/px4_ros2
[14.478s] -- Installing: /home/leedonghyuck/ws_px4/install/px4_ros2_py/local/lib/python3.10/dist-packages/px4_ros2/__init__.py
[14.504s] Listing '/home/leedonghyuck/ws_px4/install/px4_ros2_py/local/lib/python3.10/dist-packages/px4_ros2'...
[14.504s] Compiling '/home/leedonghyuck/ws_px4/install/px4_ros2_py/local/lib/python3.10/dist-packages/px4_ros2/__init__.py'...
[14.507s] -- Installing: /home/leedonghyuck/ws_px4/install/px4_ros2_py/local/lib/python3.10/dist-packages/px4_ros2/px4_ros2_py.cpython-310-x86_64-linux-gnu.so
[14.510s] -- Set runtime path of "/home/leedonghyuck/ws_px4/install/px4_ros2_py/local/lib/python3.10/dist-packages/px4_ros2/px4_ros2_py.cpython-310-x86_64-linux-gnu.so" to ""
[14.510s] -- Installing: /home/leedonghyuck/ws_px4/install/px4_ros2_py/share/ament_index/resource_index/package_run_dependencies/px4_ros2_py
[14.510s] -- Installing: /home/leedonghyuck/ws_px4/install/px4_ros2_py/share/ament_index/resource_index/parent_prefix_path/px4_ros2_py
[14.510s] -- Installing: /home/leedonghyuck/ws_px4/install/px4_ros2_py/share/px4_ros2_py/environment/ament_prefix_path.sh
[14.510s] -- Installing: /home/leedonghyuck/ws_px4/install/px4_ros2_py/share/px4_ros2_py/environment/ament_prefix_path.dsv
[14.511s] -- Installing: /home/leedonghyuck/ws_px4/install/px4_ros2_py/share/px4_ros2_py/environment/path.sh
[14.511s] -- Installing: /home/leedonghyuck/ws_px4/install/px4_ros2_py/share/px4_ros2_py/environment/path.dsv
[14.511s] -- Installing: /home/leedonghyuck/ws_px4/install/px4_ros2_py/share/px4_ros2_py/local_setup.bash
[14.511s] -- Installing: /home/leedonghyuck/ws_px4/install/px4_ros2_py/share/px4_ros2_py/local_setup.sh
[14.511s] -- Installing: /home/leedonghyuck/ws_px4/install/px4_ros2_py/share/px4_ros2_py/local_setup.zsh
[14.511s] -- Installing: /home/leedonghyuck/ws_px4/install/px4_ros2_py/share/px4_ros2_py/local_setup.dsv
[14.511s] -- Installing: /home/leedonghyuck/ws_px4/install/px4_ros2_py/share/px4_ros2_py/package.dsv
[14.511s] -- Installing: /home/leedonghyuck/ws_px4/install/px4_ros2_py/share/ament_index/resource_index/packages/px4_ros2_py
[14.512s] -- Installing: /home/leedonghyuck/ws_px4/install/px4_ros2_py/share/px4_ros2_py/cmake/px4_ros2_pyConfig.cmake
[14.512s] -- Installing: /home/leedonghyuck/ws_px4/install/px4_ros2_py/share/px4_ros2_py/cmake/px4_ros2_pyConfig-version.cmake
[14.512s] -- Installing: /home/leedonghyuck/ws_px4/install/px4_ros2_py/share/px4_ros2_py/package.xml
[14.515s] Invoked command in '/home/leedonghyuck/ws_px4/build/px4_ros2_py' returned '0': AMENT_PREFIX_PATH=/home/leedonghyuck/ws_px4/install/px4_ros2_cpp:/home/leedonghyuck/ws_px4/install/px4_msgs:${AMENT_PREFIX_PATH} CMAKE_PREFIX_PATH=/home/leedonghyuck/ws_px4/install/px4_ros2_cpp:/home/leedonghyuck/ws_px4/install/px4_msgs:/opt/ros/humble LD_LIBRARY_PATH=/home/leedonghyuck/ws_px4/install/px4_ros2_cpp/lib:/home/leedonghyuck/ws_px4/install/px4_msgs/lib:/opt/ros/humble/opt/rviz_ogre_vendor/lib:/opt/ros/humble/lib/x86_64-linux-gnu:/opt/ros/humble/lib:/home/username/.mujoco/mujoco210/bin PYTHONPATH=/home/leedonghyuck/ws_px4/install/px4_msgs/local/lib/python3.10/dist-packages:${PYTHONPATH} /usr/bin/cmake --install /home/leedonghyuck/ws_px4/build/px4_ros2_py
