[0.010s] Invoking command in '/home/leedonghyuck/ws_px4/build/px4_ros_com': AMENT_PREFIX_PATH=/home/leedonghyuck/ws_px4/install/px4_msgs:${AMENT_PREFIX_PATH} CMAKE_PREFIX_PATH=/home/leedonghyuck/ws_px4/install/px4_msgs:/opt/ros/humble LD_LIBRARY_PATH=/home/leedonghyuck/ws_px4/install/px4_msgs/lib:/opt/ros/humble/opt/rviz_ogre_vendor/lib:/opt/ros/humble/lib/x86_64-linux-gnu:/opt/ros/humble/lib:/home/username/.mujoco/mujoco210/bin PYTHONPATH=/home/leedonghyuck/ws_px4/install/px4_msgs/local/lib/python3.10/dist-packages:${PYTHONPATH} /usr/bin/cmake /home/leedonghyuck/ws_px4/src/px4_ros_com -DCMAKE_INSTALL_PREFIX=/home/leedonghyuck/ws_px4/install/px4_ros_com
[0.059s] -- The C compiler identification is GNU 11.4.0
[0.109s] -- The CXX compiler identification is GNU 11.4.0
[0.118s] -- Detecting C compiler ABI info
[0.184s] -- Detecting C compiler ABI info - done
[0.190s] -- Check for working C compiler: /usr/bin/cc - skipped
[0.190s] -- Detecting C compile features
[0.190s] -- Detecting C compile features - done
[0.193s] -- Detecting CXX compiler ABI info
[0.264s] -- Detecting CXX compiler ABI info - done
[0.277s] -- Check for working CXX compiler: /usr/bin/c++ - skipped
[0.277s] -- Detecting CXX compile features
[0.278s] -- Detecting CXX compile features - done
[0.281s] -- Found ament_cmake: 1.3.13 (/opt/ros/humble/share/ament_cmake/cmake)
[0.408s] -- Found Python3: /usr/bin/python3 (found version "3.10.12") found components: Interpreter 
[0.494s] -- Found builtin_interfaces: 1.2.2 (/opt/ros/humble/share/builtin_interfaces/cmake)
[0.534s] -- Found rosidl_generator_c: 3.1.8 (/opt/ros/humble/share/rosidl_generator_c/cmake)
[0.538s] -- Found rosidl_adapter: 3.1.8 (/opt/ros/humble/share/rosidl_adapter/cmake)
[0.544s] -- Found rosidl_generator_cpp: 3.1.8 (/opt/ros/humble/share/rosidl_generator_cpp/cmake)
[0.553s] -- Using all available rosidl_typesupport_c: rosidl_typesupport_fastrtps_c;rosidl_typesupport_introspection_c
[0.565s] -- Using all available rosidl_typesupport_cpp: rosidl_typesupport_fastrtps_cpp;rosidl_typesupport_introspection_cpp
[0.576s] -- Found eigen3_cmake_module: 0.1.1 (/opt/ros/humble/share/eigen3_cmake_module/cmake)
[0.584s] -- Found Eigen3: TRUE (found version "3.4.0") 
[0.585s] -- Found geometry_msgs: 4.9.1 (/opt/ros/humble/share/geometry_msgs/cmake)
[0.605s] -- Found px4_msgs: 2.0.1 (/home/leedonghyuck/ws_px4/install/px4_msgs/share/px4_msgs/cmake)
[0.614s] -- Found rclcpp: 16.0.18 (/opt/ros/humble/share/rclcpp/cmake)
[0.642s] -- Found rmw_implementation_cmake: 6.1.2 (/opt/ros/humble/share/rmw_implementation_cmake/cmake)
[0.644s] -- Found rmw_fastrtps_cpp: 6.2.10 (/opt/ros/humble/share/rmw_fastrtps_cpp/cmake)
[0.730s] -- Found OpenSSL: /usr/lib/x86_64-linux-gnu/libcrypto.so (found version "3.0.2")  
[0.758s] -- Found FastRTPS: /opt/ros/humble/include  
[0.801s] -- Using RMW implementation 'rmw_fastrtps_cpp' as default
[0.807s] -- Looking for pthread.h
[0.875s] -- Looking for pthread.h - found
[0.875s] -- Performing Test CMAKE_HAVE_LIBC_PTHREAD
[0.944s] -- Performing Test CMAKE_HAVE_LIBC_PTHREAD - Success
[0.945s] -- Found Threads: TRUE  
[0.995s] -- Found sensor_msgs: 4.9.1 (/opt/ros/humble/share/sensor_msgs/cmake)
[1.009s] -- Found rclpy: 3.3.20 (/opt/ros/humble/share/rclpy/cmake)
[1.015s] -- Found ament_lint_auto: 0.12.15 (/opt/ros/humble/share/ament_lint_auto/cmake)
[1.096s] -- Added test 'copyright' to check source files copyright and LICENSE
[1.101s] -- Added test 'cppcheck' to perform static code analysis on C / C++ code
[1.101s] -- Configured cppcheck include dirs: /home/leedonghyuck/ws_px4/src/px4_ros_com/include;$<BUILD_INTERFACE:/home/leedonghyuck/ws_px4/src/px4_ros_com/include/px4_ros_com>
[1.101s] -- Configured cppcheck exclude dirs and/or files: 
[1.106s] -- Added test 'cpplint' to check C / C++ code against the Google style
[1.106s] -- Configured cpplint exclude dirs and/or files: 
[1.107s] -- Added test 'flake8' to check Python code syntax and style conventions
[1.108s] -- Added test 'lint_cmake' to check CMake code style
[1.109s] -- Added test 'pep257' to check Python code against some of the docstring style conventions in PEP 257
[1.113s] -- Added test 'uncrustify' to check C / C++ code style
[1.113s] -- Configured uncrustify additional arguments: 
[1.114s] -- Added test 'xmllint' to check XML markup files
[1.116s] -- Configuring done
[1.136s] -- Generating done
[1.144s] -- Build files have been written to: /home/leedonghyuck/ws_px4/build/px4_ros_com
[1.153s] Invoked command in '/home/leedonghyuck/ws_px4/build/px4_ros_com' returned '0': AMENT_PREFIX_PATH=/home/leedonghyuck/ws_px4/install/px4_msgs:${AMENT_PREFIX_PATH} CMAKE_PREFIX_PATH=/home/leedonghyuck/ws_px4/install/px4_msgs:/opt/ros/humble LD_LIBRARY_PATH=/home/leedonghyuck/ws_px4/install/px4_msgs/lib:/opt/ros/humble/opt/rviz_ogre_vendor/lib:/opt/ros/humble/lib/x86_64-linux-gnu:/opt/ros/humble/lib:/home/username/.mujoco/mujoco210/bin PYTHONPATH=/home/leedonghyuck/ws_px4/install/px4_msgs/local/lib/python3.10/dist-packages:${PYTHONPATH} /usr/bin/cmake /home/leedonghyuck/ws_px4/src/px4_ros_com -DCMAKE_INSTALL_PREFIX=/home/leedonghyuck/ws_px4/install/px4_ros_com
[1.155s] Invoking command in '/home/leedonghyuck/ws_px4/build/px4_ros_com': AMENT_PREFIX_PATH=/home/leedonghyuck/ws_px4/install/px4_msgs:${AMENT_PREFIX_PATH} CMAKE_PREFIX_PATH=/home/leedonghyuck/ws_px4/install/px4_msgs:/opt/ros/humble LD_LIBRARY_PATH=/home/leedonghyuck/ws_px4/install/px4_msgs/lib:/opt/ros/humble/opt/rviz_ogre_vendor/lib:/opt/ros/humble/lib/x86_64-linux-gnu:/opt/ros/humble/lib:/home/username/.mujoco/mujoco210/bin PYTHONPATH=/home/leedonghyuck/ws_px4/install/px4_msgs/local/lib/python3.10/dist-packages:${PYTHONPATH} /usr/bin/cmake --build /home/leedonghyuck/ws_px4/build/px4_ros_com -- -j32 -l32
[1.204s] [  8%] [32mBuilding CXX object CMakeFiles/sensor_combined_listener.dir/src/examples/listeners/sensor_combined_listener.cpp.o[0m
[1.204s] [ 16%] [32mBuilding CXX object CMakeFiles/vehicle_gps_position_listener.dir/src/examples/listeners/vehicle_gps_position_listener.cpp.o[0m
[1.204s] [ 25%] [32mBuilding CXX object CMakeFiles/frame_transforms.dir/src/lib/frame_transforms.cpp.o[0m
[1.204s] [ 41%] [32mBuilding CXX object CMakeFiles/debug_vect_advertiser.dir/src/examples/advertisers/debug_vect_advertiser.cpp.o[0m
[1.204s] [ 41%] [32mBuilding CXX object CMakeFiles/offboard_control_srv.dir/src/examples/offboard/offboard_control_srv.cpp.o[0m
[1.204s] [ 50%] [32mBuilding CXX object CMakeFiles/offboard_control.dir/src/examples/offboard/offboard_control.cpp.o[0m
[1.214s] [ 50%] Built target ament_cmake_python_copy_px4_ros_com
[1.425s] running egg_info
[1.425s] creating px4_ros_com.egg-info
[1.425s] writing px4_ros_com.egg-info/PKG-INFO
[1.425s] writing dependency_links to px4_ros_com.egg-info/dependency_links.txt
[1.425s] writing top-level names to px4_ros_com.egg-info/top_level.txt
[1.425s] writing manifest file 'px4_ros_com.egg-info/SOURCES.txt'
[1.427s] reading manifest file 'px4_ros_com.egg-info/SOURCES.txt'
[1.427s] writing manifest file 'px4_ros_com.egg-info/SOURCES.txt'
[1.451s] [ 50%] Built target ament_cmake_python_build_px4_ros_com_egg
[4.494s] [ 58%] [32m[1mLinking CXX executable debug_vect_advertiser[0m
[4.659s] [ 58%] Built target debug_vect_advertiser
[5.037s] [ 66%] [32m[1mLinking CXX executable offboard_control[0m
[5.229s] [ 66%] Built target offboard_control
[5.778s] [ 75%] [32m[1mLinking CXX executable offboard_control_srv[0m
[5.979s] [ 75%] Built target offboard_control_srv
[6.314s] [ 83%] [32m[1mLinking CXX shared library libframe_transforms.so[0m
[6.515s] [ 83%] Built target frame_transforms
[7.347s] [ 91%] [32m[1mLinking CXX executable sensor_combined_listener[0m
[7.392s] [100%] [32m[1mLinking CXX executable vehicle_gps_position_listener[0m
[7.629s] [100%] Built target sensor_combined_listener
[7.661s] [100%] Built target vehicle_gps_position_listener
[7.671s] Invoked command in '/home/leedonghyuck/ws_px4/build/px4_ros_com' returned '0': AMENT_PREFIX_PATH=/home/leedonghyuck/ws_px4/install/px4_msgs:${AMENT_PREFIX_PATH} CMAKE_PREFIX_PATH=/home/leedonghyuck/ws_px4/install/px4_msgs:/opt/ros/humble LD_LIBRARY_PATH=/home/leedonghyuck/ws_px4/install/px4_msgs/lib:/opt/ros/humble/opt/rviz_ogre_vendor/lib:/opt/ros/humble/lib/x86_64-linux-gnu:/opt/ros/humble/lib:/home/username/.mujoco/mujoco210/bin PYTHONPATH=/home/leedonghyuck/ws_px4/install/px4_msgs/local/lib/python3.10/dist-packages:${PYTHONPATH} /usr/bin/cmake --build /home/leedonghyuck/ws_px4/build/px4_ros_com -- -j32 -l32
[7.673s] Invoking command in '/home/leedonghyuck/ws_px4/build/px4_ros_com': AMENT_PREFIX_PATH=/home/leedonghyuck/ws_px4/install/px4_msgs:${AMENT_PREFIX_PATH} CMAKE_PREFIX_PATH=/home/leedonghyuck/ws_px4/install/px4_msgs:/opt/ros/humble LD_LIBRARY_PATH=/home/leedonghyuck/ws_px4/install/px4_msgs/lib:/opt/ros/humble/opt/rviz_ogre_vendor/lib:/opt/ros/humble/lib/x86_64-linux-gnu:/opt/ros/humble/lib:/home/username/.mujoco/mujoco210/bin PYTHONPATH=/home/leedonghyuck/ws_px4/install/px4_msgs/local/lib/python3.10/dist-packages:${PYTHONPATH} /usr/bin/cmake --install /home/leedonghyuck/ws_px4/build/px4_ros_com
[7.679s] -- Install configuration: ""
[7.680s] -- Installing: /home/leedonghyuck/ws_px4/install/px4_ros_com/lib/px4_ros_com/sensor_combined_listener
[7.683s] -- Set runtime path of "/home/leedonghyuck/ws_px4/install/px4_ros_com/lib/px4_ros_com/sensor_combined_listener" to ""
[7.683s] -- Installing: /home/leedonghyuck/ws_px4/install/px4_ros_com/lib/px4_ros_com/vehicle_gps_position_listener
[7.686s] -- Set runtime path of "/home/leedonghyuck/ws_px4/install/px4_ros_com/lib/px4_ros_com/vehicle_gps_position_listener" to ""
[7.686s] -- Installing: /home/leedonghyuck/ws_px4/install/px4_ros_com/lib/px4_ros_com/debug_vect_advertiser
[7.688s] -- Set runtime path of "/home/leedonghyuck/ws_px4/install/px4_ros_com/lib/px4_ros_com/debug_vect_advertiser" to ""
[7.688s] -- Installing: /home/leedonghyuck/ws_px4/install/px4_ros_com/lib/px4_ros_com/offboard_control
[7.689s] -- Set runtime path of "/home/leedonghyuck/ws_px4/install/px4_ros_com/lib/px4_ros_com/offboard_control" to ""
[7.689s] -- Installing: /home/leedonghyuck/ws_px4/install/px4_ros_com/lib/px4_ros_com/offboard_control_srv
[7.691s] -- Set runtime path of "/home/leedonghyuck/ws_px4/install/px4_ros_com/lib/px4_ros_com/offboard_control_srv" to ""
[7.691s] -- Installing: /home/leedonghyuck/ws_px4/install/px4_ros_com/share/px4_ros_com/environment/library_path.sh
[7.691s] -- Installing: /home/leedonghyuck/ws_px4/install/px4_ros_com/share/px4_ros_com/environment/library_path.dsv
[7.691s] -- Installing: /home/leedonghyuck/ws_px4/install/px4_ros_com/include/px4_ros_com
[7.692s] -- Installing: /home/leedonghyuck/ws_px4/install/px4_ros_com/include/px4_ros_com/frame_transforms.h
[7.692s] -- Installing: /home/leedonghyuck/ws_px4/install/px4_ros_com/lib/libframe_transforms.so
[7.696s] -- Set runtime path of "/home/leedonghyuck/ws_px4/install/px4_ros_com/lib/libframe_transforms.so" to ""
[7.696s] -- Installing: /home/leedonghyuck/ws_px4/install/px4_ros_com/share/px4_ros_com//launch
[7.696s] -- Installing: /home/leedonghyuck/ws_px4/install/px4_ros_com/share/px4_ros_com//launch/sensor_combined_listener.launch.py
[7.696s] -- Installing: /home/leedonghyuck/ws_px4/install/px4_ros_com/share/px4_ros_com//launch/offboard_control_launch.yaml
[7.696s] -- Installing: /home/leedonghyuck/ws_px4/install/px4_ros_com/share/px4_ros_com//test
[7.696s] -- Installing: /home/leedonghyuck/ws_px4/install/px4_ros_com/share/px4_ros_com//test/pipeline_io_test.py
[7.697s] -- Installing: /home/leedonghyuck/ws_px4/install/px4_ros_com/share/px4_ros_com//test/__init__.py
[7.697s] -- Installing: /home/leedonghyuck/ws_px4/install/px4_ros_com/share/px4_ros_com//test/test_output.py
[7.697s] -- Installing: /home/leedonghyuck/ws_px4/install/px4_ros_com/share/px4_ros_com//test/test_input.py
[7.697s] -- Installing: /home/leedonghyuck/ws_px4/install/px4_ros_com/share/px4_ros_com/environment/pythonpath.sh
[7.697s] -- Installing: /home/leedonghyuck/ws_px4/install/px4_ros_com/share/px4_ros_com/environment/pythonpath.dsv
[7.697s] -- Installing: /home/leedonghyuck/ws_px4/install/px4_ros_com/local/lib/python3.10/dist-packages/px4_ros_com-0.1.0-py3.10.egg-info
[7.697s] -- Installing: /home/leedonghyuck/ws_px4/install/px4_ros_com/local/lib/python3.10/dist-packages/px4_ros_com-0.1.0-py3.10.egg-info/PKG-INFO
[7.697s] -- Installing: /home/leedonghyuck/ws_px4/install/px4_ros_com/local/lib/python3.10/dist-packages/px4_ros_com-0.1.0-py3.10.egg-info/SOURCES.txt
[7.697s] -- Installing: /home/leedonghyuck/ws_px4/install/px4_ros_com/local/lib/python3.10/dist-packages/px4_ros_com-0.1.0-py3.10.egg-info/dependency_links.txt
[7.698s] -- Installing: /home/leedonghyuck/ws_px4/install/px4_ros_com/local/lib/python3.10/dist-packages/px4_ros_com-0.1.0-py3.10.egg-info/top_level.txt
[7.698s] -- Installing: /home/leedonghyuck/ws_px4/install/px4_ros_com/local/lib/python3.10/dist-packages/px4_ros_com
[7.698s] -- Installing: /home/leedonghyuck/ws_px4/install/px4_ros_com/local/lib/python3.10/dist-packages/px4_ros_com/__init__.py
[7.698s] -- Installing: /home/leedonghyuck/ws_px4/install/px4_ros_com/local/lib/python3.10/dist-packages/px4_ros_com/module_to_import.py
[7.723s] Listing '/home/leedonghyuck/ws_px4/install/px4_ros_com/local/lib/python3.10/dist-packages/px4_ros_com'...
[7.723s] Compiling '/home/leedonghyuck/ws_px4/install/px4_ros_com/local/lib/python3.10/dist-packages/px4_ros_com/__init__.py'...
[7.723s] Compiling '/home/leedonghyuck/ws_px4/install/px4_ros_com/local/lib/python3.10/dist-packages/px4_ros_com/module_to_import.py'...
[7.726s] -- Installing: /home/leedonghyuck/ws_px4/install/px4_ros_com/lib/px4_ros_com/offboard_control.py
[7.726s] -- Installing: /home/leedonghyuck/ws_px4/install/px4_ros_com/share/ament_index/resource_index/package_run_dependencies/px4_ros_com
[7.726s] -- Installing: /home/leedonghyuck/ws_px4/install/px4_ros_com/share/ament_index/resource_index/parent_prefix_path/px4_ros_com
[7.726s] -- Installing: /home/leedonghyuck/ws_px4/install/px4_ros_com/share/px4_ros_com/environment/ament_prefix_path.sh
[7.727s] -- Installing: /home/leedonghyuck/ws_px4/install/px4_ros_com/share/px4_ros_com/environment/ament_prefix_path.dsv
[7.727s] -- Installing: /home/leedonghyuck/ws_px4/install/px4_ros_com/share/px4_ros_com/environment/path.sh
[7.727s] -- Installing: /home/leedonghyuck/ws_px4/install/px4_ros_com/share/px4_ros_com/environment/path.dsv
[7.727s] -- Installing: /home/leedonghyuck/ws_px4/install/px4_ros_com/share/px4_ros_com/local_setup.bash
[7.727s] -- Installing: /home/leedonghyuck/ws_px4/install/px4_ros_com/share/px4_ros_com/local_setup.sh
[7.727s] -- Installing: /home/leedonghyuck/ws_px4/install/px4_ros_com/share/px4_ros_com/local_setup.zsh
[7.727s] -- Installing: /home/leedonghyuck/ws_px4/install/px4_ros_com/share/px4_ros_com/local_setup.dsv
[7.727s] -- Installing: /home/leedonghyuck/ws_px4/install/px4_ros_com/share/px4_ros_com/package.dsv
[7.728s] -- Installing: /home/leedonghyuck/ws_px4/install/px4_ros_com/share/ament_index/resource_index/packages/px4_ros_com
[7.728s] -- Installing: /home/leedonghyuck/ws_px4/install/px4_ros_com/share/px4_ros_com/cmake/export_frame_transformsExport.cmake
[7.728s] -- Installing: /home/leedonghyuck/ws_px4/install/px4_ros_com/share/px4_ros_com/cmake/export_frame_transformsExport-noconfig.cmake
[7.728s] -- Installing: /home/leedonghyuck/ws_px4/install/px4_ros_com/share/px4_ros_com/cmake/ament_cmake_export_dependencies-extras.cmake
[7.728s] -- Installing: /home/leedonghyuck/ws_px4/install/px4_ros_com/share/px4_ros_com/cmake/ament_cmake_export_targets-extras.cmake
[7.728s] -- Installing: /home/leedonghyuck/ws_px4/install/px4_ros_com/share/px4_ros_com/cmake/ament_cmake_export_include_directories-extras.cmake
[7.729s] -- Installing: /home/leedonghyuck/ws_px4/install/px4_ros_com/share/px4_ros_com/cmake/ament_cmake_export_libraries-extras.cmake
[7.729s] -- Installing: /home/leedonghyuck/ws_px4/install/px4_ros_com/share/px4_ros_com/cmake/px4_ros_comConfig.cmake
[7.729s] -- Installing: /home/leedonghyuck/ws_px4/install/px4_ros_com/share/px4_ros_com/cmake/px4_ros_comConfig-version.cmake
[7.729s] -- Installing: /home/leedonghyuck/ws_px4/install/px4_ros_com/share/px4_ros_com/package.xml
[7.732s] Invoked command in '/home/leedonghyuck/ws_px4/build/px4_ros_com' returned '0': AMENT_PREFIX_PATH=/home/leedonghyuck/ws_px4/install/px4_msgs:${AMENT_PREFIX_PATH} CMAKE_PREFIX_PATH=/home/leedonghyuck/ws_px4/install/px4_msgs:/opt/ros/humble LD_LIBRARY_PATH=/home/leedonghyuck/ws_px4/install/px4_msgs/lib:/opt/ros/humble/opt/rviz_ogre_vendor/lib:/opt/ros/humble/lib/x86_64-linux-gnu:/opt/ros/humble/lib:/home/username/.mujoco/mujoco210/bin PYTHONPATH=/home/leedonghyuck/ws_px4/install/px4_msgs/local/lib/python3.10/dist-packages:${PYTHONPATH} /usr/bin/cmake --install /home/leedonghyuck/ws_px4/build/px4_ros_com
