[0.032s] Invoking command in '/home/leedonghyuck/ws_px4/build/example_global_navigation_cpp': AMENT_PREFIX_PATH=/home/leedonghyuck/ws_px4/install/px4_ros2_cpp:/home/leedonghyuck/ws_px4/install/px4_msgs:${AMENT_PREFIX_PATH} CMAKE_PREFIX_PATH=/home/leedonghyuck/ws_px4/install/px4_ros2_cpp:/home/leedonghyuck/ws_px4/install/px4_msgs:/opt/ros/humble LD_LIBRARY_PATH=/home/leedonghyuck/ws_px4/install/px4_ros2_cpp/lib:/home/leedonghyuck/ws_px4/install/px4_msgs/lib:/opt/ros/humble/opt/rviz_ogre_vendor/lib:/opt/ros/humble/lib/x86_64-linux-gnu:/opt/ros/humble/lib:/home/username/.mujoco/mujoco210/bin PYTHONPATH=/home/leedonghyuck/ws_px4/install/px4_msgs/local/lib/python3.10/dist-packages:${PYTHONPATH} /usr/bin/cmake --build /home/leedonghyuck/ws_px4/build/example_global_navigation_cpp -- -j32 -l32
[0.085s] [100%] Built target example_global_navigation
[0.097s] Invoked command in '/home/leedonghyuck/ws_px4/build/example_global_navigation_cpp' returned '0': AMENT_PREFIX_PATH=/home/leedonghyuck/ws_px4/install/px4_ros2_cpp:/home/leedonghyuck/ws_px4/install/px4_msgs:${AMENT_PREFIX_PATH} CMAKE_PREFIX_PATH=/home/leedonghyuck/ws_px4/install/px4_ros2_cpp:/home/leedonghyuck/ws_px4/install/px4_msgs:/opt/ros/humble LD_LIBRARY_PATH=/home/leedonghyuck/ws_px4/install/px4_ros2_cpp/lib:/home/leedonghyuck/ws_px4/install/px4_msgs/lib:/opt/ros/humble/opt/rviz_ogre_vendor/lib:/opt/ros/humble/lib/x86_64-linux-gnu:/opt/ros/humble/lib:/home/username/.mujoco/mujoco210/bin PYTHONPATH=/home/leedonghyuck/ws_px4/install/px4_msgs/local/lib/python3.10/dist-packages:${PYTHONPATH} /usr/bin/cmake --build /home/leedonghyuck/ws_px4/build/example_global_navigation_cpp -- -j32 -l32
[0.098s] Invoking command in '/home/leedonghyuck/ws_px4/build/example_global_navigation_cpp': AMENT_PREFIX_PATH=/home/leedonghyuck/ws_px4/install/px4_ros2_cpp:/home/leedonghyuck/ws_px4/install/px4_msgs:${AMENT_PREFIX_PATH} CMAKE_PREFIX_PATH=/home/leedonghyuck/ws_px4/install/px4_ros2_cpp:/home/leedonghyuck/ws_px4/install/px4_msgs:/opt/ros/humble LD_LIBRARY_PATH=/home/leedonghyuck/ws_px4/install/px4_ros2_cpp/lib:/home/leedonghyuck/ws_px4/install/px4_msgs/lib:/opt/ros/humble/opt/rviz_ogre_vendor/lib:/opt/ros/humble/lib/x86_64-linux-gnu:/opt/ros/humble/lib:/home/username/.mujoco/mujoco210/bin PYTHONPATH=/home/leedonghyuck/ws_px4/install/px4_msgs/local/lib/python3.10/dist-packages:${PYTHONPATH} /usr/bin/cmake --install /home/leedonghyuck/ws_px4/build/example_global_navigation_cpp
[0.106s] -- Install configuration: ""
[0.106s] -- Up-to-date: /home/leedonghyuck/ws_px4/install/example_global_navigation_cpp/lib/example_global_navigation_cpp/example_global_navigation
[0.107s] -- Up-to-date: /home/leedonghyuck/ws_px4/install/example_global_navigation_cpp/share/ament_index/resource_index/package_run_dependencies/example_global_navigation_cpp
[0.107s] -- Up-to-date: /home/leedonghyuck/ws_px4/install/example_global_navigation_cpp/share/ament_index/resource_index/parent_prefix_path/example_global_navigation_cpp
[0.107s] -- Up-to-date: /home/leedonghyuck/ws_px4/install/example_global_navigation_cpp/share/example_global_navigation_cpp/environment/ament_prefix_path.sh
[0.107s] -- Up-to-date: /home/leedonghyuck/ws_px4/install/example_global_navigation_cpp/share/example_global_navigation_cpp/environment/ament_prefix_path.dsv
[0.108s] -- Up-to-date: /home/leedonghyuck/ws_px4/install/example_global_navigation_cpp/share/example_global_navigation_cpp/environment/path.sh
[0.108s] -- Up-to-date: /home/leedonghyuck/ws_px4/install/example_global_navigation_cpp/share/example_global_navigation_cpp/environment/path.dsv
[0.108s] -- Up-to-date: /home/leedonghyuck/ws_px4/install/example_global_navigation_cpp/share/example_global_navigation_cpp/local_setup.bash
[0.108s] -- Up-to-date: /home/leedonghyuck/ws_px4/install/example_global_navigation_cpp/share/example_global_navigation_cpp/local_setup.sh
[0.108s] -- Up-to-date: /home/leedonghyuck/ws_px4/install/example_global_navigation_cpp/share/example_global_navigation_cpp/local_setup.zsh
[0.108s] -- Up-to-date: /home/leedonghyuck/ws_px4/install/example_global_navigation_cpp/share/example_global_navigation_cpp/local_setup.dsv
[0.108s] -- Installing: /home/leedonghyuck/ws_px4/install/example_global_navigation_cpp/share/example_global_navigation_cpp/package.dsv
[0.108s] -- Up-to-date: /home/leedonghyuck/ws_px4/install/example_global_navigation_cpp/share/ament_index/resource_index/packages/example_global_navigation_cpp
[0.108s] -- Up-to-date: /home/leedonghyuck/ws_px4/install/example_global_navigation_cpp/share/example_global_navigation_cpp/cmake/example_global_navigation_cppConfig.cmake
[0.108s] -- Up-to-date: /home/leedonghyuck/ws_px4/install/example_global_navigation_cpp/share/example_global_navigation_cpp/cmake/example_global_navigation_cppConfig-version.cmake
[0.108s] -- Up-to-date: /home/leedonghyuck/ws_px4/install/example_global_navigation_cpp/share/example_global_navigation_cpp/package.xml
[0.119s] Invoked command in '/home/leedonghyuck/ws_px4/build/example_global_navigation_cpp' returned '0': AMENT_PREFIX_PATH=/home/leedonghyuck/ws_px4/install/px4_ros2_cpp:/home/leedonghyuck/ws_px4/install/px4_msgs:${AMENT_PREFIX_PATH} CMAKE_PREFIX_PATH=/home/leedonghyuck/ws_px4/install/px4_ros2_cpp:/home/leedonghyuck/ws_px4/install/px4_msgs:/opt/ros/humble LD_LIBRARY_PATH=/home/leedonghyuck/ws_px4/install/px4_ros2_cpp/lib:/home/leedonghyuck/ws_px4/install/px4_msgs/lib:/opt/ros/humble/opt/rviz_ogre_vendor/lib:/opt/ros/humble/lib/x86_64-linux-gnu:/opt/ros/humble/lib:/home/username/.mujoco/mujoco210/bin PYTHONPATH=/home/leedonghyuck/ws_px4/install/px4_msgs/local/lib/python3.10/dist-packages:${PYTHONPATH} /usr/bin/cmake --install /home/leedonghyuck/ws_px4/build/example_global_navigation_cpp
