[35m[1mConsolidate compiler generated dependencies of target collision_avoidance_node[0m
[ 50%] [32mBuilding CXX object CMakeFiles/collision_avoidance_node.dir/src/main.cpp.o[0m
[100%] [32m[1mLinking CXX executable collision_avoidance_node[0m
[100%] Built target collision_avoidance_node
-- Install configuration: ""
-- Installing: /home/leedonghyuck/ws_px4/install/collision_avoidance/lib/collision_avoidance/collision_avoidance_node
-- Set runtime path of "/home/leedonghyuck/ws_px4/install/collision_avoidance/lib/collision_avoidance/collision_avoidance_node" to ""
-- Installing: /home/leedonghyuck/ws_px4/install/collision_avoidance/share/ament_index/resource_index/package_run_dependencies/collision_avoidance
-- Installing: /home/leedonghyuck/ws_px4/install/collision_avoidance/share/ament_index/resource_index/parent_prefix_path/collision_avoidance
-- Installing: /home/leedonghyuck/ws_px4/install/collision_avoidance/share/collision_avoidance/environment/ament_prefix_path.sh
-- Installing: /home/leedonghyuck/ws_px4/install/collision_avoidance/share/collision_avoidance/environment/ament_prefix_path.dsv
-- Installing: /home/leedonghyuck/ws_px4/install/collision_avoidance/share/collision_avoidance/environment/path.sh
-- Installing: /home/leedonghyuck/ws_px4/install/collision_avoidance/share/collision_avoidance/environment/path.dsv
-- Installing: /home/leedonghyuck/ws_px4/install/collision_avoidance/share/collision_avoidance/local_setup.bash
-- Installing: /home/leedonghyuck/ws_px4/install/collision_avoidance/share/collision_avoidance/local_setup.sh
-- Installing: /home/leedonghyuck/ws_px4/install/collision_avoidance/share/collision_avoidance/local_setup.zsh
-- Installing: /home/leedonghyuck/ws_px4/install/collision_avoidance/share/collision_avoidance/local_setup.dsv
-- Installing: /home/leedonghyuck/ws_px4/install/collision_avoidance/share/collision_avoidance/package.dsv
-- Installing: /home/leedonghyuck/ws_px4/install/collision_avoidance/share/ament_index/resource_index/packages/collision_avoidance
-- Installing: /home/leedonghyuck/ws_px4/install/collision_avoidance/share/collision_avoidance/cmake/collision_avoidanceConfig.cmake
-- Installing: /home/leedonghyuck/ws_px4/install/collision_avoidance/share/collision_avoidance/cmake/collision_avoidanceConfig-version.cmake
-- Installing: /home/leedonghyuck/ws_px4/install/collision_avoidance/share/collision_avoidance/package.xml
