[0.084s] DEBUG:colcon:Command line arguments: ['/usr/bin/colcon', 'list', '-p', '--base-paths', '/home/leedonghyuck/ws_px4']
[0.084s] DEBUG:colcon:Parsed command line arguments: Namespace(log_base=None, log_level=None, verb_name='list', build_base='build', ignore_user_meta=False, metas=['./colcon.meta'], base_paths=['/home/leedonghyuck/ws_px4'], packages_ignore=None, packages_ignore_regex=None, paths=None, packages_up_to=None, packages_up_to_regex=None, packages_above=None, packages_above_and_dependencies=None, packages_above_depth=None, packages_select_by_dep=None, packages_skip_by_dep=None, packages_skip_up_to=None, packages_select_build_failed=False, packages_skip_build_finished=False, packages_select_test_failures=False, packages_skip_test_passed=False, packages_select=None, packages_skip=None, packages_select_regex=None, packages_skip_regex=None, packages_start=None, packages_end=None, allow_overriding=[], topological_order=False, names_only=False, paths_only=True, topological_graph=False, topological_graph_dot=False, topological_graph_density=False, topological_graph_legend=False, topological_graph_dot_cluster=False, topological_graph_dot_include_skipped=False, verb_parser=<colcon_defaults.argument_parser.defaults.DefaultArgumentsDecorator object at 0x7d083185ddb0>, verb_extension=<colcon_package_information.verb.list.ListVerb object at 0x7d083185cf40>, main=<bound method ListVerb.main of <colcon_package_information.verb.list.ListVerb object at 0x7d083185cf40>>)
[0.247s] Level 1:colcon.colcon_core.package_discovery:discover_packages(colcon_meta) check parameters
[0.247s] Level 1:colcon.colcon_core.package_discovery:discover_packages(recursive) check parameters
[0.247s] Level 1:colcon.colcon_core.package_discovery:discover_packages(ignore) check parameters
[0.247s] Level 1:colcon.colcon_core.package_discovery:discover_packages(path) check parameters
[0.247s] Level 1:colcon.colcon_core.package_discovery:discover_packages(recursive) discover
[0.247s] INFO:colcon.colcon_core.package_discovery:Crawling recursively for packages in '/home/leedonghyuck/ws_px4'
[0.247s] Level 1:colcon.colcon_core.package_identification:_identify(/home/leedonghyuck/ws_px4) by extensions ['ignore', 'ignore_ament_install']
[0.247s] Level 1:colcon.colcon_core.package_identification:_identify(/home/leedonghyuck/ws_px4) by extension 'ignore'
[0.247s] Level 1:colcon.colcon_core.package_identification:_identify(/home/leedonghyuck/ws_px4) by extension 'ignore_ament_install'
[0.247s] Level 1:colcon.colcon_core.package_identification:_identify(/home/leedonghyuck/ws_px4) by extensions ['colcon_pkg']
[0.247s] Level 1:colcon.colcon_core.package_identification:_identify(/home/leedonghyuck/ws_px4) by extension 'colcon_pkg'
[0.247s] Level 1:colcon.colcon_core.package_identification:_identify(/home/leedonghyuck/ws_px4) by extensions ['colcon_meta']
[0.247s] Level 1:colcon.colcon_core.package_identification:_identify(/home/leedonghyuck/ws_px4) by extension 'colcon_meta'
[0.247s] Level 1:colcon.colcon_core.package_identification:_identify(/home/leedonghyuck/ws_px4) by extensions ['ros']
[0.247s] Level 1:colcon.colcon_core.package_identification:_identify(/home/leedonghyuck/ws_px4) by extension 'ros'
[0.260s] Level 1:colcon.colcon_core.package_identification:_identify(/home/leedonghyuck/ws_px4) by extensions ['cmake', 'python']
[0.260s] Level 1:colcon.colcon_core.package_identification:_identify(/home/leedonghyuck/ws_px4) by extension 'cmake'
[0.260s] Level 1:colcon.colcon_core.package_identification:_identify(/home/leedonghyuck/ws_px4) by extension 'python'
[0.260s] Level 1:colcon.colcon_core.package_identification:_identify(/home/leedonghyuck/ws_px4) by extensions ['python_setup_py']
[0.260s] Level 1:colcon.colcon_core.package_identification:_identify(/home/leedonghyuck/ws_px4) by extension 'python_setup_py'
[0.260s] Level 1:colcon.colcon_core.package_identification:_identify(/home/leedonghyuck/ws_px4/build) by extensions ['ignore', 'ignore_ament_install']
[0.260s] Level 1:colcon.colcon_core.package_identification:_identify(/home/leedonghyuck/ws_px4/build) by extension 'ignore'
[0.260s] Level 1:colcon.colcon_core.package_identification:_identify(/home/leedonghyuck/ws_px4/build) ignored
[0.260s] Level 1:colcon.colcon_core.package_identification:_identify(/home/leedonghyuck/ws_px4/install) by extensions ['ignore', 'ignore_ament_install']
[0.260s] Level 1:colcon.colcon_core.package_identification:_identify(/home/leedonghyuck/ws_px4/install) by extension 'ignore'
[0.260s] Level 1:colcon.colcon_core.package_identification:_identify(/home/leedonghyuck/ws_px4/install) ignored
[0.260s] Level 1:colcon.colcon_core.package_identification:_identify(/home/leedonghyuck/ws_px4/log) by extensions ['ignore', 'ignore_ament_install']
[0.260s] Level 1:colcon.colcon_core.package_identification:_identify(/home/leedonghyuck/ws_px4/log) by extension 'ignore'
[0.260s] Level 1:colcon.colcon_core.package_identification:_identify(/home/leedonghyuck/ws_px4/log) ignored
[0.261s] Level 1:colcon.colcon_core.package_identification:_identify(/home/leedonghyuck/ws_px4/src) by extensions ['ignore', 'ignore_ament_install']
[0.261s] Level 1:colcon.colcon_core.package_identification:_identify(/home/leedonghyuck/ws_px4/src) by extension 'ignore'
[0.261s] Level 1:colcon.colcon_core.package_identification:_identify(/home/leedonghyuck/ws_px4/src) by extension 'ignore_ament_install'
[0.261s] Level 1:colcon.colcon_core.package_identification:_identify(/home/leedonghyuck/ws_px4/src) by extensions ['colcon_pkg']
[0.261s] Level 1:colcon.colcon_core.package_identification:_identify(/home/leedonghyuck/ws_px4/src) by extension 'colcon_pkg'
[0.261s] Level 1:colcon.colcon_core.package_identification:_identify(/home/leedonghyuck/ws_px4/src) by extensions ['colcon_meta']
[0.261s] Level 1:colcon.colcon_core.package_identification:_identify(/home/leedonghyuck/ws_px4/src) by extension 'colcon_meta'
[0.261s] Level 1:colcon.colcon_core.package_identification:_identify(/home/leedonghyuck/ws_px4/src) by extensions ['ros']
[0.261s] Level 1:colcon.colcon_core.package_identification:_identify(/home/leedonghyuck/ws_px4/src) by extension 'ros'
[0.261s] Level 1:colcon.colcon_core.package_identification:_identify(/home/leedonghyuck/ws_px4/src) by extensions ['cmake', 'python']
[0.261s] Level 1:colcon.colcon_core.package_identification:_identify(/home/leedonghyuck/ws_px4/src) by extension 'cmake'
[0.261s] Level 1:colcon.colcon_core.package_identification:_identify(/home/leedonghyuck/ws_px4/src) by extension 'python'
[0.261s] Level 1:colcon.colcon_core.package_identification:_identify(/home/leedonghyuck/ws_px4/src) by extensions ['python_setup_py']
[0.261s] Level 1:colcon.colcon_core.package_identification:_identify(/home/leedonghyuck/ws_px4/src) by extension 'python_setup_py'
[0.261s] Level 1:colcon.colcon_core.package_identification:_identify(/home/leedonghyuck/ws_px4/src/px4_msgs) by extensions ['ignore', 'ignore_ament_install']
[0.261s] Level 1:colcon.colcon_core.package_identification:_identify(/home/leedonghyuck/ws_px4/src/px4_msgs) by extension 'ignore'
[0.261s] Level 1:colcon.colcon_core.package_identification:_identify(/home/leedonghyuck/ws_px4/src/px4_msgs) by extension 'ignore_ament_install'
[0.261s] Level 1:colcon.colcon_core.package_identification:_identify(/home/leedonghyuck/ws_px4/src/px4_msgs) by extensions ['colcon_pkg']
[0.261s] Level 1:colcon.colcon_core.package_identification:_identify(/home/leedonghyuck/ws_px4/src/px4_msgs) by extension 'colcon_pkg'
[0.261s] Level 1:colcon.colcon_core.package_identification:_identify(/home/leedonghyuck/ws_px4/src/px4_msgs) by extensions ['colcon_meta']
[0.261s] Level 1:colcon.colcon_core.package_identification:_identify(/home/leedonghyuck/ws_px4/src/px4_msgs) by extension 'colcon_meta'
[0.261s] Level 1:colcon.colcon_core.package_identification:_identify(/home/leedonghyuck/ws_px4/src/px4_msgs) by extensions ['ros']
[0.261s] Level 1:colcon.colcon_core.package_identification:_identify(/home/leedonghyuck/ws_px4/src/px4_msgs) by extension 'ros'
[0.264s] DEBUG:colcon.colcon_core.package_identification:Package '/home/leedonghyuck/ws_px4/src/px4_msgs' with type 'ros.ament_cmake' and name 'px4_msgs'
[0.264s] Level 1:colcon.colcon_core.package_identification:_identify(/home/leedonghyuck/ws_px4/src/px4_ros_com) by extensions ['ignore', 'ignore_ament_install']
[0.264s] Level 1:colcon.colcon_core.package_identification:_identify(/home/leedonghyuck/ws_px4/src/px4_ros_com) by extension 'ignore'
[0.264s] Level 1:colcon.colcon_core.package_identification:_identify(/home/leedonghyuck/ws_px4/src/px4_ros_com) by extension 'ignore_ament_install'
[0.264s] Level 1:colcon.colcon_core.package_identification:_identify(/home/leedonghyuck/ws_px4/src/px4_ros_com) by extensions ['colcon_pkg']
[0.264s] Level 1:colcon.colcon_core.package_identification:_identify(/home/leedonghyuck/ws_px4/src/px4_ros_com) by extension 'colcon_pkg'
[0.264s] Level 1:colcon.colcon_core.package_identification:_identify(/home/leedonghyuck/ws_px4/src/px4_ros_com) by extensions ['colcon_meta']
[0.264s] Level 1:colcon.colcon_core.package_identification:_identify(/home/leedonghyuck/ws_px4/src/px4_ros_com) by extension 'colcon_meta'
[0.264s] Level 1:colcon.colcon_core.package_identification:_identify(/home/leedonghyuck/ws_px4/src/px4_ros_com) by extensions ['ros']
[0.264s] Level 1:colcon.colcon_core.package_identification:_identify(/home/leedonghyuck/ws_px4/src/px4_ros_com) by extension 'ros'
[0.265s] DEBUG:colcon.colcon_core.package_identification:Package '/home/leedonghyuck/ws_px4/src/px4_ros_com' with type 'ros.ament_cmake' and name 'px4_ros_com'
[0.265s] Level 1:colcon.colcon_core.package_discovery:discover_packages(recursive) using defaults
