[0.012s] Invoking command in '/home/leedonghyuck/ws_px4/build/px4_ros_com': AMENT_PREFIX_PATH=/home/leedonghyuck/ws_px4/install/px4_msgs:${AMENT_PREFIX_PATH} CMAKE_PREFIX_PATH=/home/leedonghyuck/ws_px4/install/px4_msgs:/opt/ros/humble LD_LIBRARY_PATH=/home/leedonghyuck/ws_px4/install/px4_msgs/lib:/opt/ros/humble/opt/rviz_ogre_vendor/lib:/opt/ros/humble/lib/x86_64-linux-gnu:/opt/ros/humble/lib:/home/username/.mujoco/mujoco210/bin PYTHONPATH=/home/leedonghyuck/ws_px4/install/px4_msgs/local/lib/python3.10/dist-packages:${PYTHONPATH} /usr/bin/cmake --build /home/leedonghyuck/ws_px4/build/px4_ros_com -- -j32 -l32
[0.050s] [35m[1mConsolidate compiler generated dependencies of target frame_transforms[0m
[0.050s] [35m[1mConsolidate compiler generated dependencies of target sensor_combined_listener[0m
[0.050s] [35m[1mConsolidate compiler generated dependencies of target debug_vect_advertiser[0m
[0.050s] [35m[1mConsolidate compiler generated dependencies of target vehicle_gps_position_listener[0m
[0.051s] [35m[1mConsolidate compiler generated dependencies of target offboard_control[0m
[0.051s] [35m[1mConsolidate compiler generated dependencies of target offboard_control_srv[0m
[0.064s] [ 16%] Built target frame_transforms
[0.064s] [ 33%] Built target sensor_combined_listener
[0.065s] [ 50%] Built target debug_vect_advertiser
[0.066s] [ 66%] Built target vehicle_gps_position_listener
[0.067s] [ 66%] Built target ament_cmake_python_copy_px4_ros_com
[0.067s] [ 83%] Built target offboard_control_srv
[0.068s] [100%] Built target offboard_control
[0.257s] running egg_info
[0.257s] writing px4_ros_com.egg-info/PKG-INFO
[0.257s] writing dependency_links to px4_ros_com.egg-info/dependency_links.txt
[0.258s] writing top-level names to px4_ros_com.egg-info/top_level.txt
[0.259s] reading manifest file 'px4_ros_com.egg-info/SOURCES.txt'
[0.259s] writing manifest file 'px4_ros_com.egg-info/SOURCES.txt'
[0.280s] [100%] Built target ament_cmake_python_build_px4_ros_com_egg
[0.291s] Invoked command in '/home/leedonghyuck/ws_px4/build/px4_ros_com' returned '0': AMENT_PREFIX_PATH=/home/leedonghyuck/ws_px4/install/px4_msgs:${AMENT_PREFIX_PATH} CMAKE_PREFIX_PATH=/home/leedonghyuck/ws_px4/install/px4_msgs:/opt/ros/humble LD_LIBRARY_PATH=/home/leedonghyuck/ws_px4/install/px4_msgs/lib:/opt/ros/humble/opt/rviz_ogre_vendor/lib:/opt/ros/humble/lib/x86_64-linux-gnu:/opt/ros/humble/lib:/home/username/.mujoco/mujoco210/bin PYTHONPATH=/home/leedonghyuck/ws_px4/install/px4_msgs/local/lib/python3.10/dist-packages:${PYTHONPATH} /usr/bin/cmake --build /home/leedonghyuck/ws_px4/build/px4_ros_com -- -j32 -l32
[0.292s] Invoking command in '/home/leedonghyuck/ws_px4/build/px4_ros_com': AMENT_PREFIX_PATH=/home/leedonghyuck/ws_px4/install/px4_msgs:${AMENT_PREFIX_PATH} CMAKE_PREFIX_PATH=/home/leedonghyuck/ws_px4/install/px4_msgs:/opt/ros/humble LD_LIBRARY_PATH=/home/leedonghyuck/ws_px4/install/px4_msgs/lib:/opt/ros/humble/opt/rviz_ogre_vendor/lib:/opt/ros/humble/lib/x86_64-linux-gnu:/opt/ros/humble/lib:/home/username/.mujoco/mujoco210/bin PYTHONPATH=/home/leedonghyuck/ws_px4/install/px4_msgs/local/lib/python3.10/dist-packages:${PYTHONPATH} /usr/bin/cmake --install /home/leedonghyuck/ws_px4/build/px4_ros_com
[0.299s] -- Install configuration: ""
[0.299s] -- Up-to-date: /home/leedonghyuck/ws_px4/install/px4_ros_com/lib/px4_ros_com/sensor_combined_listener
[0.300s] -- Up-to-date: /home/leedonghyuck/ws_px4/install/px4_ros_com/lib/px4_ros_com/vehicle_gps_position_listener
[0.300s] -- Up-to-date: /home/leedonghyuck/ws_px4/install/px4_ros_com/lib/px4_ros_com/debug_vect_advertiser
[0.300s] -- Up-to-date: /home/leedonghyuck/ws_px4/install/px4_ros_com/lib/px4_ros_com/offboard_control
[0.300s] -- Up-to-date: /home/leedonghyuck/ws_px4/install/px4_ros_com/lib/px4_ros_com/offboard_control_srv
[0.301s] -- Up-to-date: /home/leedonghyuck/ws_px4/install/px4_ros_com/share/px4_ros_com/environment/library_path.sh
[0.301s] -- Up-to-date: /home/leedonghyuck/ws_px4/install/px4_ros_com/share/px4_ros_com/environment/library_path.dsv
[0.301s] -- Up-to-date: /home/leedonghyuck/ws_px4/install/px4_ros_com/include/px4_ros_com
[0.301s] -- Up-to-date: /home/leedonghyuck/ws_px4/install/px4_ros_com/include/px4_ros_com/frame_transforms.h
[0.301s] -- Up-to-date: /home/leedonghyuck/ws_px4/install/px4_ros_com/lib/libframe_transforms.so
[0.301s] -- Up-to-date: /home/leedonghyuck/ws_px4/install/px4_ros_com/share/px4_ros_com//launch
[0.301s] -- Up-to-date: /home/leedonghyuck/ws_px4/install/px4_ros_com/share/px4_ros_com//launch/sensor_combined_listener.launch.py
[0.301s] -- Up-to-date: /home/leedonghyuck/ws_px4/install/px4_ros_com/share/px4_ros_com//launch/offboard_control_launch.yaml
[0.301s] -- Up-to-date: /home/leedonghyuck/ws_px4/install/px4_ros_com/share/px4_ros_com//test
[0.302s] -- Up-to-date: /home/leedonghyuck/ws_px4/install/px4_ros_com/share/px4_ros_com//test/pipeline_io_test.py
[0.302s] -- Up-to-date: /home/leedonghyuck/ws_px4/install/px4_ros_com/share/px4_ros_com//test/__init__.py
[0.302s] -- Up-to-date: /home/leedonghyuck/ws_px4/install/px4_ros_com/share/px4_ros_com//test/test_output.py
[0.302s] -- Up-to-date: /home/leedonghyuck/ws_px4/install/px4_ros_com/share/px4_ros_com//test/test_input.py
[0.302s] -- Up-to-date: /home/leedonghyuck/ws_px4/install/px4_ros_com/share/px4_ros_com/environment/pythonpath.sh
[0.302s] -- Up-to-date: /home/leedonghyuck/ws_px4/install/px4_ros_com/share/px4_ros_com/environment/pythonpath.dsv
[0.302s] -- Up-to-date: /home/leedonghyuck/ws_px4/install/px4_ros_com/local/lib/python3.10/dist-packages/px4_ros_com-0.1.0-py3.10.egg-info
[0.302s] -- Installing: /home/leedonghyuck/ws_px4/install/px4_ros_com/local/lib/python3.10/dist-packages/px4_ros_com-0.1.0-py3.10.egg-info/PKG-INFO
[0.302s] -- Installing: /home/leedonghyuck/ws_px4/install/px4_ros_com/local/lib/python3.10/dist-packages/px4_ros_com-0.1.0-py3.10.egg-info/SOURCES.txt
[0.302s] -- Installing: /home/leedonghyuck/ws_px4/install/px4_ros_com/local/lib/python3.10/dist-packages/px4_ros_com-0.1.0-py3.10.egg-info/dependency_links.txt
[0.302s] -- Installing: /home/leedonghyuck/ws_px4/install/px4_ros_com/local/lib/python3.10/dist-packages/px4_ros_com-0.1.0-py3.10.egg-info/top_level.txt
[0.303s] -- Up-to-date: /home/leedonghyuck/ws_px4/install/px4_ros_com/local/lib/python3.10/dist-packages/px4_ros_com
[0.303s] -- Up-to-date: /home/leedonghyuck/ws_px4/install/px4_ros_com/local/lib/python3.10/dist-packages/px4_ros_com/__init__.py
[0.303s] -- Up-to-date: /home/leedonghyuck/ws_px4/install/px4_ros_com/local/lib/python3.10/dist-packages/px4_ros_com/module_to_import.py
[0.326s] Listing '/home/leedonghyuck/ws_px4/install/px4_ros_com/local/lib/python3.10/dist-packages/px4_ros_com'...
[0.329s] -- Up-to-date: /home/leedonghyuck/ws_px4/install/px4_ros_com/lib/px4_ros_com/offboard_control.py
[0.329s] -- Up-to-date: /home/leedonghyuck/ws_px4/install/px4_ros_com/share/ament_index/resource_index/package_run_dependencies/px4_ros_com
[0.330s] -- Up-to-date: /home/leedonghyuck/ws_px4/install/px4_ros_com/share/ament_index/resource_index/parent_prefix_path/px4_ros_com
[0.330s] -- Up-to-date: /home/leedonghyuck/ws_px4/install/px4_ros_com/share/px4_ros_com/environment/ament_prefix_path.sh
[0.330s] -- Up-to-date: /home/leedonghyuck/ws_px4/install/px4_ros_com/share/px4_ros_com/environment/ament_prefix_path.dsv
[0.330s] -- Up-to-date: /home/leedonghyuck/ws_px4/install/px4_ros_com/share/px4_ros_com/environment/path.sh
[0.330s] -- Up-to-date: /home/leedonghyuck/ws_px4/install/px4_ros_com/share/px4_ros_com/environment/path.dsv
[0.330s] -- Up-to-date: /home/leedonghyuck/ws_px4/install/px4_ros_com/share/px4_ros_com/local_setup.bash
[0.330s] -- Up-to-date: /home/leedonghyuck/ws_px4/install/px4_ros_com/share/px4_ros_com/local_setup.sh
[0.330s] -- Up-to-date: /home/leedonghyuck/ws_px4/install/px4_ros_com/share/px4_ros_com/local_setup.zsh
[0.330s] -- Up-to-date: /home/leedonghyuck/ws_px4/install/px4_ros_com/share/px4_ros_com/local_setup.dsv
[0.331s] -- Installing: /home/leedonghyuck/ws_px4/install/px4_ros_com/share/px4_ros_com/package.dsv
[0.331s] -- Up-to-date: /home/leedonghyuck/ws_px4/install/px4_ros_com/share/ament_index/resource_index/packages/px4_ros_com
[0.331s] -- Up-to-date: /home/leedonghyuck/ws_px4/install/px4_ros_com/share/px4_ros_com/cmake/export_frame_transformsExport.cmake
[0.331s] -- Up-to-date: /home/leedonghyuck/ws_px4/install/px4_ros_com/share/px4_ros_com/cmake/export_frame_transformsExport-noconfig.cmake
[0.331s] -- Up-to-date: /home/leedonghyuck/ws_px4/install/px4_ros_com/share/px4_ros_com/cmake/ament_cmake_export_dependencies-extras.cmake
[0.331s] -- Up-to-date: /home/leedonghyuck/ws_px4/install/px4_ros_com/share/px4_ros_com/cmake/ament_cmake_export_targets-extras.cmake
[0.331s] -- Up-to-date: /home/leedonghyuck/ws_px4/install/px4_ros_com/share/px4_ros_com/cmake/ament_cmake_export_include_directories-extras.cmake
[0.331s] -- Up-to-date: /home/leedonghyuck/ws_px4/install/px4_ros_com/share/px4_ros_com/cmake/ament_cmake_export_libraries-extras.cmake
[0.331s] -- Up-to-date: /home/leedonghyuck/ws_px4/install/px4_ros_com/share/px4_ros_com/cmake/px4_ros_comConfig.cmake
[0.331s] -- Up-to-date: /home/leedonghyuck/ws_px4/install/px4_ros_com/share/px4_ros_com/cmake/px4_ros_comConfig-version.cmake
[0.331s] -- Up-to-date: /home/leedonghyuck/ws_px4/install/px4_ros_com/share/px4_ros_com/package.xml
[0.333s] Invoked command in '/home/leedonghyuck/ws_px4/build/px4_ros_com' returned '0': AMENT_PREFIX_PATH=/home/leedonghyuck/ws_px4/install/px4_msgs:${AMENT_PREFIX_PATH} CMAKE_PREFIX_PATH=/home/leedonghyuck/ws_px4/install/px4_msgs:/opt/ros/humble LD_LIBRARY_PATH=/home/leedonghyuck/ws_px4/install/px4_msgs/lib:/opt/ros/humble/opt/rviz_ogre_vendor/lib:/opt/ros/humble/lib/x86_64-linux-gnu:/opt/ros/humble/lib:/home/username/.mujoco/mujoco210/bin PYTHONPATH=/home/leedonghyuck/ws_px4/install/px4_msgs/local/lib/python3.10/dist-packages:${PYTHONPATH} /usr/bin/cmake --install /home/leedonghyuck/ws_px4/build/px4_ros_com
