[0.055s] Invoking command in '/home/leedonghyuck/ws_px4/build/example_global_navigation_cpp': AMENT_PREFIX_PATH=/home/leedonghyuck/ws_px4/install/px4_ros2_cpp:/home/leedonghyuck/ws_px4/install/px4_msgs:${AMENT_PREFIX_PATH} CMAKE_PREFIX_PATH=/home/leedonghyuck/ws_px4/install/px4_ros2_cpp:/home/leedonghyuck/ws_px4/install/px4_msgs:/opt/ros/humble LD_LIBRARY_PATH=/home/leedonghyuck/ws_px4/install/px4_ros2_cpp/lib:/home/leedonghyuck/ws_px4/install/px4_msgs/lib:/opt/ros/humble/opt/rviz_ogre_vendor/lib:/opt/ros/humble/lib/x86_64-linux-gnu:/opt/ros/humble/lib:/home/username/.mujoco/mujoco210/bin PYTHONPATH=/home/leedonghyuck/ws_px4/install/px4_msgs/local/lib/python3.10/dist-packages:${PYTHONPATH} /usr/bin/cmake /home/leedonghyuck/ws_px4/src/px4-ros2-interface-lib/examples/cpp/navigation/global_navigation -DCMAKE_INSTALL_PREFIX=/home/leedonghyuck/ws_px4/install/example_global_navigation_cpp
[0.102s] -- The C compiler identification is GNU 11.4.0
[0.154s] -- The CXX compiler identification is GNU 11.4.0
[0.161s] -- Detecting C compiler ABI info
[0.227s] -- Detecting C compiler ABI info - done
[0.234s] -- Check for working C compiler: /usr/bin/cc - skipped
[0.234s] -- Detecting C compile features
[0.234s] -- Detecting C compile features - done
[0.236s] -- Detecting CXX compiler ABI info
[0.317s] -- Detecting CXX compiler ABI info - done
[0.327s] -- Check for working CXX compiler: /usr/bin/c++ - skipped
[0.327s] -- Detecting CXX compile features
[0.328s] -- Detecting CXX compile features - done
[0.330s] -- Found eigen3_cmake_module: 0.1.1 (/opt/ros/humble/share/eigen3_cmake_module/cmake)
[0.342s] -- Found Eigen3: TRUE (found version "3.4.0") 
[0.344s] -- Found ament_cmake: 1.3.13 (/opt/ros/humble/share/ament_cmake/cmake)
[0.472s] -- Found Python3: /usr/bin/python3 (found version "3.10.12") found components: Interpreter 
[0.547s] -- Found rclcpp: 16.0.18 (/opt/ros/humble/share/rclcpp/cmake)
[0.584s] -- Found rosidl_generator_c: 3.1.8 (/opt/ros/humble/share/rosidl_generator_c/cmake)
[0.589s] -- Found rosidl_adapter: 3.1.8 (/opt/ros/humble/share/rosidl_adapter/cmake)
[0.596s] -- Found rosidl_generator_cpp: 3.1.8 (/opt/ros/humble/share/rosidl_generator_cpp/cmake)
[0.606s] -- Using all available rosidl_typesupport_c: rosidl_typesupport_fastrtps_c;rosidl_typesupport_introspection_c
[0.619s] -- Using all available rosidl_typesupport_cpp: rosidl_typesupport_fastrtps_cpp;rosidl_typesupport_introspection_cpp
[0.655s] -- Found rmw_implementation_cmake: 6.1.2 (/opt/ros/humble/share/rmw_implementation_cmake/cmake)
[0.657s] -- Found rmw_fastrtps_cpp: 6.2.10 (/opt/ros/humble/share/rmw_fastrtps_cpp/cmake)
[0.747s] -- Found OpenSSL: /usr/lib/x86_64-linux-gnu/libcrypto.so (found version "3.0.2")  
[0.783s] -- Found FastRTPS: /opt/ros/humble/include  
[0.833s] -- Using RMW implementation 'rmw_fastrtps_cpp' as default
[0.842s] -- Looking for pthread.h
[0.916s] -- Looking for pthread.h - found
[0.916s] -- Performing Test CMAKE_HAVE_LIBC_PTHREAD
[0.987s] -- Performing Test CMAKE_HAVE_LIBC_PTHREAD - Success
[0.988s] -- Found Threads: TRUE  
[1.029s] -- Found px4_ros2_cpp: 0.0.1 (/home/leedonghyuck/ws_px4/install/px4_ros2_cpp/share/px4_ros2_cpp/cmake)
[1.042s] -- Found ament_lint_auto: 0.12.15 (/opt/ros/humble/share/ament_lint_auto/cmake)
[1.112s] -- Added test 'copyright' to check source files copyright and LICENSE
[1.113s] -- Added test 'cppcheck' to perform static code analysis on C / C++ code
[1.113s] -- Configured cppcheck include dirs: /home/leedonghyuck/ws_px4/src/px4-ros2-interface-lib/examples/cpp/navigation/global_navigation/include
[1.114s] -- Configured cppcheck exclude dirs and/or files: 
[1.114s] -- Added test 'cpplint' to check C / C++ code against the Google style
[1.114s] -- Configured cpplint exclude dirs and/or files: 
[1.115s] -- Added test 'lint_cmake' to check CMake code style
[1.116s] -- Added test 'uncrustify' to check C / C++ code style
[1.116s] -- Configured uncrustify additional arguments: 
[1.116s] -- Added test 'xmllint' to check XML markup files
[1.117s] -- Configuring done
[1.126s] -- Generating done
[1.129s] -- Build files have been written to: /home/leedonghyuck/ws_px4/build/example_global_navigation_cpp
[1.144s] Invoked command in '/home/leedonghyuck/ws_px4/build/example_global_navigation_cpp' returned '0': AMENT_PREFIX_PATH=/home/leedonghyuck/ws_px4/install/px4_ros2_cpp:/home/leedonghyuck/ws_px4/install/px4_msgs:${AMENT_PREFIX_PATH} CMAKE_PREFIX_PATH=/home/leedonghyuck/ws_px4/install/px4_ros2_cpp:/home/leedonghyuck/ws_px4/install/px4_msgs:/opt/ros/humble LD_LIBRARY_PATH=/home/leedonghyuck/ws_px4/install/px4_ros2_cpp/lib:/home/leedonghyuck/ws_px4/install/px4_msgs/lib:/opt/ros/humble/opt/rviz_ogre_vendor/lib:/opt/ros/humble/lib/x86_64-linux-gnu:/opt/ros/humble/lib:/home/username/.mujoco/mujoco210/bin PYTHONPATH=/home/leedonghyuck/ws_px4/install/px4_msgs/local/lib/python3.10/dist-packages:${PYTHONPATH} /usr/bin/cmake /home/leedonghyuck/ws_px4/src/px4-ros2-interface-lib/examples/cpp/navigation/global_navigation -DCMAKE_INSTALL_PREFIX=/home/leedonghyuck/ws_px4/install/example_global_navigation_cpp
[1.146s] Invoking command in '/home/leedonghyuck/ws_px4/build/example_global_navigation_cpp': AMENT_PREFIX_PATH=/home/leedonghyuck/ws_px4/install/px4_ros2_cpp:/home/leedonghyuck/ws_px4/install/px4_msgs:${AMENT_PREFIX_PATH} CMAKE_PREFIX_PATH=/home/leedonghyuck/ws_px4/install/px4_ros2_cpp:/home/leedonghyuck/ws_px4/install/px4_msgs:/opt/ros/humble LD_LIBRARY_PATH=/home/leedonghyuck/ws_px4/install/px4_ros2_cpp/lib:/home/leedonghyuck/ws_px4/install/px4_msgs/lib:/opt/ros/humble/opt/rviz_ogre_vendor/lib:/opt/ros/humble/lib/x86_64-linux-gnu:/opt/ros/humble/lib:/home/username/.mujoco/mujoco210/bin PYTHONPATH=/home/leedonghyuck/ws_px4/install/px4_msgs/local/lib/python3.10/dist-packages:${PYTHONPATH} /usr/bin/cmake --build /home/leedonghyuck/ws_px4/build/example_global_navigation_cpp -- -j32 -l32
[1.190s] [ 50%] [32mBuilding CXX object CMakeFiles/example_global_navigation.dir/src/main.cpp.o[0m
[5.396s] [100%] [32m[1mLinking CXX executable example_global_navigation[0m
[8.980s] [100%] Built target example_global_navigation
[8.996s] Invoked command in '/home/leedonghyuck/ws_px4/build/example_global_navigation_cpp' returned '0': AMENT_PREFIX_PATH=/home/leedonghyuck/ws_px4/install/px4_ros2_cpp:/home/leedonghyuck/ws_px4/install/px4_msgs:${AMENT_PREFIX_PATH} CMAKE_PREFIX_PATH=/home/leedonghyuck/ws_px4/install/px4_ros2_cpp:/home/leedonghyuck/ws_px4/install/px4_msgs:/opt/ros/humble LD_LIBRARY_PATH=/home/leedonghyuck/ws_px4/install/px4_ros2_cpp/lib:/home/leedonghyuck/ws_px4/install/px4_msgs/lib:/opt/ros/humble/opt/rviz_ogre_vendor/lib:/opt/ros/humble/lib/x86_64-linux-gnu:/opt/ros/humble/lib:/home/username/.mujoco/mujoco210/bin PYTHONPATH=/home/leedonghyuck/ws_px4/install/px4_msgs/local/lib/python3.10/dist-packages:${PYTHONPATH} /usr/bin/cmake --build /home/leedonghyuck/ws_px4/build/example_global_navigation_cpp -- -j32 -l32
[8.998s] Invoking command in '/home/leedonghyuck/ws_px4/build/example_global_navigation_cpp': AMENT_PREFIX_PATH=/home/leedonghyuck/ws_px4/install/px4_ros2_cpp:/home/leedonghyuck/ws_px4/install/px4_msgs:${AMENT_PREFIX_PATH} CMAKE_PREFIX_PATH=/home/leedonghyuck/ws_px4/install/px4_ros2_cpp:/home/leedonghyuck/ws_px4/install/px4_msgs:/opt/ros/humble LD_LIBRARY_PATH=/home/leedonghyuck/ws_px4/install/px4_ros2_cpp/lib:/home/leedonghyuck/ws_px4/install/px4_msgs/lib:/opt/ros/humble/opt/rviz_ogre_vendor/lib:/opt/ros/humble/lib/x86_64-linux-gnu:/opt/ros/humble/lib:/home/username/.mujoco/mujoco210/bin PYTHONPATH=/home/leedonghyuck/ws_px4/install/px4_msgs/local/lib/python3.10/dist-packages:${PYTHONPATH} /usr/bin/cmake --install /home/leedonghyuck/ws_px4/build/example_global_navigation_cpp
[9.008s] -- Install configuration: ""
[9.008s] -- Installing: /home/leedonghyuck/ws_px4/install/example_global_navigation_cpp/lib/example_global_navigation_cpp/example_global_navigation
[9.009s] -- Set runtime path of "/home/leedonghyuck/ws_px4/install/example_global_navigation_cpp/lib/example_global_navigation_cpp/example_global_navigation" to ""
[9.009s] -- Installing: /home/leedonghyuck/ws_px4/install/example_global_navigation_cpp/share/ament_index/resource_index/package_run_dependencies/example_global_navigation_cpp
[9.009s] -- Installing: /home/leedonghyuck/ws_px4/install/example_global_navigation_cpp/share/ament_index/resource_index/parent_prefix_path/example_global_navigation_cpp
[9.009s] -- Installing: /home/leedonghyuck/ws_px4/install/example_global_navigation_cpp/share/example_global_navigation_cpp/environment/ament_prefix_path.sh
[9.009s] -- Installing: /home/leedonghyuck/ws_px4/install/example_global_navigation_cpp/share/example_global_navigation_cpp/environment/ament_prefix_path.dsv
[9.009s] -- Installing: /home/leedonghyuck/ws_px4/install/example_global_navigation_cpp/share/example_global_navigation_cpp/environment/path.sh
[9.009s] -- Installing: /home/leedonghyuck/ws_px4/install/example_global_navigation_cpp/share/example_global_navigation_cpp/environment/path.dsv
[9.010s] -- Installing: /home/leedonghyuck/ws_px4/install/example_global_navigation_cpp/share/example_global_navigation_cpp/local_setup.bash
[9.010s] -- Installing: /home/leedonghyuck/ws_px4/install/example_global_navigation_cpp/share/example_global_navigation_cpp/local_setup.sh
[9.010s] -- Installing: /home/leedonghyuck/ws_px4/install/example_global_navigation_cpp/share/example_global_navigation_cpp/local_setup.zsh
[9.010s] -- Installing: /home/leedonghyuck/ws_px4/install/example_global_navigation_cpp/share/example_global_navigation_cpp/local_setup.dsv
[9.010s] -- Installing: /home/leedonghyuck/ws_px4/install/example_global_navigation_cpp/share/example_global_navigation_cpp/package.dsv
[9.010s] -- Installing: /home/leedonghyuck/ws_px4/install/example_global_navigation_cpp/share/ament_index/resource_index/packages/example_global_navigation_cpp
[9.010s] -- Installing: /home/leedonghyuck/ws_px4/install/example_global_navigation_cpp/share/example_global_navigation_cpp/cmake/example_global_navigation_cppConfig.cmake
[9.011s] -- Installing: /home/leedonghyuck/ws_px4/install/example_global_navigation_cpp/share/example_global_navigation_cpp/cmake/example_global_navigation_cppConfig-version.cmake
[9.011s] -- Installing: /home/leedonghyuck/ws_px4/install/example_global_navigation_cpp/share/example_global_navigation_cpp/package.xml
[9.014s] Invoked command in '/home/leedonghyuck/ws_px4/build/example_global_navigation_cpp' returned '0': AMENT_PREFIX_PATH=/home/leedonghyuck/ws_px4/install/px4_ros2_cpp:/home/leedonghyuck/ws_px4/install/px4_msgs:${AMENT_PREFIX_PATH} CMAKE_PREFIX_PATH=/home/leedonghyuck/ws_px4/install/px4_ros2_cpp:/home/leedonghyuck/ws_px4/install/px4_msgs:/opt/ros/humble LD_LIBRARY_PATH=/home/leedonghyuck/ws_px4/install/px4_ros2_cpp/lib:/home/leedonghyuck/ws_px4/install/px4_msgs/lib:/opt/ros/humble/opt/rviz_ogre_vendor/lib:/opt/ros/humble/lib/x86_64-linux-gnu:/opt/ros/humble/lib:/home/username/.mujoco/mujoco210/bin PYTHONPATH=/home/leedonghyuck/ws_px4/install/px4_msgs/local/lib/python3.10/dist-packages:${PYTHONPATH} /usr/bin/cmake --install /home/leedonghyuck/ws_px4/build/example_global_navigation_cpp
