[0.010s] Invoking command in '/home/leedonghyuck/ws_px4/build/px4_ros2_cpp': AMENT_PREFIX_PATH=/home/leedonghyuck/ws_px4/install/px4_msgs:${AMENT_PREFIX_PATH} CMAKE_PREFIX_PATH=/home/leedonghyuck/ws_px4/install/px4_msgs:/opt/ros/humble LD_LIBRARY_PATH=/home/leedonghyuck/ws_px4/install/px4_msgs/lib:/opt/ros/humble/opt/rviz_ogre_vendor/lib:/opt/ros/humble/lib/x86_64-linux-gnu:/opt/ros/humble/lib:/home/username/.mujoco/mujoco210/bin PYTHONPATH=/home/leedonghyuck/ws_px4/install/px4_msgs/local/lib/python3.10/dist-packages:${PYTHONPATH} /usr/bin/cmake --build /home/leedonghyuck/ws_px4/build/px4_ros2_cpp -- -j32 -l32
[0.054s] [  1%] Built target generate_px4_header
[0.057s] [  4%] Built target gtest_main
[0.058s] [ 10%] Built target unit_utils
[0.058s] [ 10%] Built target gtest
[0.059s] [ 13%] Built target integration_utils
[0.129s] [ 71%] Built target px4_ros2_cpp
[0.163s] [ 83%] Built target integration_tests
[0.165s] [100%] Built target px4_ros2_cpp_unit_tests
[0.176s] Invoked command in '/home/leedonghyuck/ws_px4/build/px4_ros2_cpp' returned '0': AMENT_PREFIX_PATH=/home/leedonghyuck/ws_px4/install/px4_msgs:${AMENT_PREFIX_PATH} CMAKE_PREFIX_PATH=/home/leedonghyuck/ws_px4/install/px4_msgs:/opt/ros/humble LD_LIBRARY_PATH=/home/leedonghyuck/ws_px4/install/px4_msgs/lib:/opt/ros/humble/opt/rviz_ogre_vendor/lib:/opt/ros/humble/lib/x86_64-linux-gnu:/opt/ros/humble/lib:/home/username/.mujoco/mujoco210/bin PYTHONPATH=/home/leedonghyuck/ws_px4/install/px4_msgs/local/lib/python3.10/dist-packages:${PYTHONPATH} /usr/bin/cmake --build /home/leedonghyuck/ws_px4/build/px4_ros2_cpp -- -j32 -l32
[0.177s] Invoking command in '/home/leedonghyuck/ws_px4/build/px4_ros2_cpp': AMENT_PREFIX_PATH=/home/leedonghyuck/ws_px4/install/px4_msgs:${AMENT_PREFIX_PATH} CMAKE_PREFIX_PATH=/home/leedonghyuck/ws_px4/install/px4_msgs:/opt/ros/humble LD_LIBRARY_PATH=/home/leedonghyuck/ws_px4/install/px4_msgs/lib:/opt/ros/humble/opt/rviz_ogre_vendor/lib:/opt/ros/humble/lib/x86_64-linux-gnu:/opt/ros/humble/lib:/home/username/.mujoco/mujoco210/bin PYTHONPATH=/home/leedonghyuck/ws_px4/install/px4_msgs/local/lib/python3.10/dist-packages:${PYTHONPATH} /usr/bin/cmake --install /home/leedonghyuck/ws_px4/build/px4_ros2_cpp
[0.184s] -- Install configuration: ""
[0.185s] -- Up-to-date: /home/leedonghyuck/ws_px4/install/px4_ros2_cpp/share/px4_ros2_cpp/environment/library_path.sh
[0.185s] -- Up-to-date: /home/leedonghyuck/ws_px4/install/px4_ros2_cpp/share/px4_ros2_cpp/environment/library_path.dsv
[0.185s] -- Up-to-date: /home/leedonghyuck/ws_px4/install/px4_ros2_cpp/include/px4_ros2
[0.185s] -- Up-to-date: /home/leedonghyuck/ws_px4/install/px4_ros2_cpp/include/px4_ros2/utils
[0.185s] -- Up-to-date: /home/leedonghyuck/ws_px4/install/px4_ros2_cpp/include/px4_ros2/utils/geodesic.hpp
[0.185s] -- Up-to-date: /home/leedonghyuck/ws_px4/install/px4_ros2_cpp/include/px4_ros2/utils/message_version.hpp
[0.185s] -- Up-to-date: /home/leedonghyuck/ws_px4/install/px4_ros2_cpp/include/px4_ros2/utils/geometry.hpp
[0.185s] -- Up-to-date: /home/leedonghyuck/ws_px4/install/px4_ros2_cpp/include/px4_ros2/utils/frame_conversion.hpp
[0.185s] -- Up-to-date: /home/leedonghyuck/ws_px4/install/px4_ros2_cpp/include/px4_ros2/utils/subscription.hpp
[0.186s] -- Up-to-date: /home/leedonghyuck/ws_px4/install/px4_ros2_cpp/include/px4_ros2/utils/groups.dox
[0.186s] -- Up-to-date: /home/leedonghyuck/ws_px4/install/px4_ros2_cpp/include/px4_ros2/utils/visit.hpp
[0.186s] -- Up-to-date: /home/leedonghyuck/ws_px4/install/px4_ros2_cpp/include/px4_ros2/components
[0.186s] -- Up-to-date: /home/leedonghyuck/ws_px4/install/px4_ros2_cpp/include/px4_ros2/components/health_and_arming_checks.hpp
[0.186s] -- Up-to-date: /home/leedonghyuck/ws_px4/install/px4_ros2_cpp/include/px4_ros2/components/manual_control_input.hpp
[0.186s] -- Up-to-date: /home/leedonghyuck/ws_px4/install/px4_ros2_cpp/include/px4_ros2/components/message_compatibility_check.hpp
[0.186s] -- Up-to-date: /home/leedonghyuck/ws_px4/install/px4_ros2_cpp/include/px4_ros2/components/overrides.hpp
[0.186s] -- Up-to-date: /home/leedonghyuck/ws_px4/install/px4_ros2_cpp/include/px4_ros2/components/mode_executor.hpp
[0.186s] -- Up-to-date: /home/leedonghyuck/ws_px4/install/px4_ros2_cpp/include/px4_ros2/components/wait_for_fmu.hpp
[0.187s] -- Up-to-date: /home/leedonghyuck/ws_px4/install/px4_ros2_cpp/include/px4_ros2/components/groups.dox
[0.187s] -- Up-to-date: /home/leedonghyuck/ws_px4/install/px4_ros2_cpp/include/px4_ros2/components/shared_subscription.hpp
[0.187s] -- Up-to-date: /home/leedonghyuck/ws_px4/install/px4_ros2_cpp/include/px4_ros2/components/events.hpp
[0.187s] -- Up-to-date: /home/leedonghyuck/ws_px4/install/px4_ros2_cpp/include/px4_ros2/components/node_with_mode.hpp
[0.187s] -- Up-to-date: /home/leedonghyuck/ws_px4/install/px4_ros2_cpp/include/px4_ros2/components/mode.hpp
[0.187s] -- Up-to-date: /home/leedonghyuck/ws_px4/install/px4_ros2_cpp/include/px4_ros2/common
[0.187s] -- Up-to-date: /home/leedonghyuck/ws_px4/install/px4_ros2_cpp/include/px4_ros2/common/context.hpp
[0.187s] -- Up-to-date: /home/leedonghyuck/ws_px4/install/px4_ros2_cpp/include/px4_ros2/common/setpoint_base.hpp
[0.187s] -- Up-to-date: /home/leedonghyuck/ws_px4/install/px4_ros2_cpp/include/px4_ros2/common/exception.hpp
[0.187s] -- Up-to-date: /home/leedonghyuck/ws_px4/install/px4_ros2_cpp/include/px4_ros2/common/requirement_flags.hpp
[0.187s] -- Up-to-date: /home/leedonghyuck/ws_px4/install/px4_ros2_cpp/include/px4_ros2/common/frame.hpp
[0.188s] -- Up-to-date: /home/leedonghyuck/ws_px4/install/px4_ros2_cpp/include/px4_ros2/control
[0.188s] -- Up-to-date: /home/leedonghyuck/ws_px4/install/px4_ros2_cpp/include/px4_ros2/control/vtol.hpp
[0.188s] -- Up-to-date: /home/leedonghyuck/ws_px4/install/px4_ros2_cpp/include/px4_ros2/control/setpoint_types
[0.188s] -- Up-to-date: /home/leedonghyuck/ws_px4/install/px4_ros2_cpp/include/px4_ros2/control/setpoint_types/experimental
[0.188s] -- Up-to-date: /home/leedonghyuck/ws_px4/install/px4_ros2_cpp/include/px4_ros2/control/setpoint_types/experimental/attitude.hpp
[0.188s] -- Up-to-date: /home/leedonghyuck/ws_px4/install/px4_ros2_cpp/include/px4_ros2/control/setpoint_types/experimental/trajectory.hpp
[0.188s] -- Up-to-date: /home/leedonghyuck/ws_px4/install/px4_ros2_cpp/include/px4_ros2/control/setpoint_types/experimental/rover
[0.188s] -- Up-to-date: /home/leedonghyuck/ws_px4/install/px4_ros2_cpp/include/px4_ros2/control/setpoint_types/experimental/rover/position.hpp
[0.188s] -- Up-to-date: /home/leedonghyuck/ws_px4/install/px4_ros2_cpp/include/px4_ros2/control/setpoint_types/experimental/rover/speed_rate.hpp
[0.188s] -- Up-to-date: /home/leedonghyuck/ws_px4/install/px4_ros2_cpp/include/px4_ros2/control/setpoint_types/experimental/rover/throttle_attitude.hpp
[0.188s] -- Up-to-date: /home/leedonghyuck/ws_px4/install/px4_ros2_cpp/include/px4_ros2/control/setpoint_types/experimental/rover/speed_steering.hpp
[0.188s] -- Up-to-date: /home/leedonghyuck/ws_px4/install/px4_ros2_cpp/include/px4_ros2/control/setpoint_types/experimental/rover/throttle_steering.hpp
[0.189s] -- Up-to-date: /home/leedonghyuck/ws_px4/install/px4_ros2_cpp/include/px4_ros2/control/setpoint_types/experimental/rover/throttle_rate.hpp
[0.189s] -- Up-to-date: /home/leedonghyuck/ws_px4/install/px4_ros2_cpp/include/px4_ros2/control/setpoint_types/experimental/rover/speed_attitude.hpp
[0.189s] -- Up-to-date: /home/leedonghyuck/ws_px4/install/px4_ros2_cpp/include/px4_ros2/control/setpoint_types/experimental/rates.hpp
[0.189s] -- Up-to-date: /home/leedonghyuck/ws_px4/install/px4_ros2_cpp/include/px4_ros2/control/setpoint_types/fixedwing
[0.189s] -- Up-to-date: /home/leedonghyuck/ws_px4/install/px4_ros2_cpp/include/px4_ros2/control/setpoint_types/fixedwing/lateral_longitudinal.hpp
[0.189s] -- Up-to-date: /home/leedonghyuck/ws_px4/install/px4_ros2_cpp/include/px4_ros2/control/setpoint_types/direct_actuators.hpp
[0.189s] -- Up-to-date: /home/leedonghyuck/ws_px4/install/px4_ros2_cpp/include/px4_ros2/control/setpoint_types/groups.dox
[0.190s] -- Up-to-date: /home/leedonghyuck/ws_px4/install/px4_ros2_cpp/include/px4_ros2/control/setpoint_types/multicopter
[0.190s] -- Up-to-date: /home/leedonghyuck/ws_px4/install/px4_ros2_cpp/include/px4_ros2/control/setpoint_types/multicopter/goto.hpp
[0.190s] -- Up-to-date: /home/leedonghyuck/ws_px4/install/px4_ros2_cpp/include/px4_ros2/control/groups.dox
[0.190s] -- Up-to-date: /home/leedonghyuck/ws_px4/install/px4_ros2_cpp/include/px4_ros2/control/peripheral_actuators.hpp
[0.191s] -- Up-to-date: /home/leedonghyuck/ws_px4/install/px4_ros2_cpp/include/px4_ros2/navigation
[0.191s] -- Up-to-date: /home/leedonghyuck/ws_px4/install/px4_ros2_cpp/include/px4_ros2/navigation/experimental
[0.191s] -- Up-to-date: /home/leedonghyuck/ws_px4/install/px4_ros2_cpp/include/px4_ros2/navigation/experimental/local_position_measurement_interface.hpp
[0.191s] -- Up-to-date: /home/leedonghyuck/ws_px4/install/px4_ros2_cpp/include/px4_ros2/navigation/experimental/global_position_measurement_interface.hpp
[0.191s] -- Up-to-date: /home/leedonghyuck/ws_px4/install/px4_ros2_cpp/include/px4_ros2/navigation/experimental/navigation_interface_base.hpp
[0.191s] -- Up-to-date: /home/leedonghyuck/ws_px4/install/px4_ros2_cpp/include/px4_ros2/navigation/groups.dox
[0.191s] -- Up-to-date: /home/leedonghyuck/ws_px4/install/px4_ros2_cpp/include/px4_ros2/vehicle_state
[0.191s] -- Up-to-date: /home/leedonghyuck/ws_px4/install/px4_ros2_cpp/include/px4_ros2/vehicle_state/land_detected.hpp
[0.191s] -- Up-to-date: /home/leedonghyuck/ws_px4/install/px4_ros2_cpp/include/px4_ros2/vehicle_state/vehicle_status.hpp
[0.191s] -- Up-to-date: /home/leedonghyuck/ws_px4/install/px4_ros2_cpp/include/px4_ros2/vehicle_state/battery.hpp
[0.191s] -- Up-to-date: /home/leedonghyuck/ws_px4/install/px4_ros2_cpp/include/px4_ros2/vehicle_state/groups.dox
[0.191s] -- Up-to-date: /home/leedonghyuck/ws_px4/install/px4_ros2_cpp/include/px4_ros2/vehicle_state/home_position.hpp
[0.192s] -- Up-to-date: /home/leedonghyuck/ws_px4/install/px4_ros2_cpp/include/px4_ros2/vehicle_state/vtol_status.hpp
[0.192s] -- Up-to-date: /home/leedonghyuck/ws_px4/install/px4_ros2_cpp/include/px4_ros2/mission
[0.192s] -- Up-to-date: /home/leedonghyuck/ws_px4/install/px4_ros2_cpp/include/px4_ros2/mission/mission.hpp
[0.192s] -- Up-to-date: /home/leedonghyuck/ws_px4/install/px4_ros2_cpp/include/px4_ros2/mission/trajectory
[0.192s] -- Up-to-date: /home/leedonghyuck/ws_px4/install/px4_ros2_cpp/include/px4_ros2/mission/trajectory/trajectory_executor.hpp
[0.192s] -- Up-to-date: /home/leedonghyuck/ws_px4/install/px4_ros2_cpp/include/px4_ros2/mission/trajectory/multicopter
[0.192s] -- Up-to-date: /home/leedonghyuck/ws_px4/install/px4_ros2_cpp/include/px4_ros2/mission/trajectory/multicopter/groups.dox
[0.192s] -- Up-to-date: /home/leedonghyuck/ws_px4/install/px4_ros2_cpp/include/px4_ros2/mission/trajectory/multicopter/waypoint_trajectory_executor.hpp
[0.192s] -- Up-to-date: /home/leedonghyuck/ws_px4/install/px4_ros2_cpp/include/px4_ros2/mission/groups.dox
[0.193s] -- Up-to-date: /home/leedonghyuck/ws_px4/install/px4_ros2_cpp/include/px4_ros2/mission/mission_executor.hpp
[0.193s] -- Up-to-date: /home/leedonghyuck/ws_px4/install/px4_ros2_cpp/include/px4_ros2/mission/actions
[0.193s] -- Up-to-date: /home/leedonghyuck/ws_px4/install/px4_ros2_cpp/include/px4_ros2/mission/actions/default_actions.hpp
[0.193s] -- Up-to-date: /home/leedonghyuck/ws_px4/install/px4_ros2_cpp/include/px4_ros2/mission/actions/action.hpp
[0.193s] -- Up-to-date: /home/leedonghyuck/ws_px4/install/px4_ros2_cpp/include/px4_ros2/mission/actions/groups.dox
[0.193s] -- Up-to-date: /home/leedonghyuck/ws_px4/install/px4_ros2_cpp/include/px4_ros2/third_party
[0.193s] -- Up-to-date: /home/leedonghyuck/ws_px4/install/px4_ros2_cpp/include/px4_ros2/third_party/nlohmann
[0.193s] -- Up-to-date: /home/leedonghyuck/ws_px4/install/px4_ros2_cpp/include/px4_ros2/third_party/nlohmann/json_fwd.hpp
[0.193s] -- Up-to-date: /home/leedonghyuck/ws_px4/install/px4_ros2_cpp/include/px4_ros2/third_party/nlohmann/json.hpp
[0.193s] -- Up-to-date: /home/leedonghyuck/ws_px4/install/px4_ros2_cpp/include/px4_ros2/odometry
[0.193s] -- Up-to-date: /home/leedonghyuck/ws_px4/install/px4_ros2_cpp/include/px4_ros2/odometry/odometry.hpp
[0.194s] -- Up-to-date: /home/leedonghyuck/ws_px4/install/px4_ros2_cpp/include/px4_ros2/odometry/attitude.hpp
[0.194s] -- Up-to-date: /home/leedonghyuck/ws_px4/install/px4_ros2_cpp/include/px4_ros2/odometry/angular_velocity.hpp
[0.194s] -- Up-to-date: /home/leedonghyuck/ws_px4/install/px4_ros2_cpp/include/px4_ros2/odometry/local_position.hpp
[0.194s] -- Up-to-date: /home/leedonghyuck/ws_px4/install/px4_ros2_cpp/include/px4_ros2/odometry/groups.dox
[0.194s] -- Up-to-date: /home/leedonghyuck/ws_px4/install/px4_ros2_cpp/include/px4_ros2/odometry/global_position.hpp
[0.194s] -- Up-to-date: /home/leedonghyuck/ws_px4/install/px4_ros2_cpp/include/px4_ros2/odometry/airspeed.hpp
[0.194s] -- Up-to-date: /home/leedonghyuck/ws_px4/install/px4_ros2_cpp/lib/libpx4_ros2_cpp.so
[0.194s] -- Up-to-date: /home/leedonghyuck/ws_px4/install/px4_ros2_cpp/share/ament_index/resource_index/package_run_dependencies/px4_ros2_cpp
[0.194s] -- Up-to-date: /home/leedonghyuck/ws_px4/install/px4_ros2_cpp/share/ament_index/resource_index/parent_prefix_path/px4_ros2_cpp
[0.194s] -- Up-to-date: /home/leedonghyuck/ws_px4/install/px4_ros2_cpp/share/px4_ros2_cpp/environment/ament_prefix_path.sh
[0.194s] -- Up-to-date: /home/leedonghyuck/ws_px4/install/px4_ros2_cpp/share/px4_ros2_cpp/environment/ament_prefix_path.dsv
[0.195s] -- Up-to-date: /home/leedonghyuck/ws_px4/install/px4_ros2_cpp/share/px4_ros2_cpp/environment/path.sh
[0.195s] -- Up-to-date: /home/leedonghyuck/ws_px4/install/px4_ros2_cpp/share/px4_ros2_cpp/environment/path.dsv
[0.195s] -- Up-to-date: /home/leedonghyuck/ws_px4/install/px4_ros2_cpp/share/px4_ros2_cpp/local_setup.bash
[0.195s] -- Up-to-date: /home/leedonghyuck/ws_px4/install/px4_ros2_cpp/share/px4_ros2_cpp/local_setup.sh
[0.195s] -- Up-to-date: /home/leedonghyuck/ws_px4/install/px4_ros2_cpp/share/px4_ros2_cpp/local_setup.zsh
[0.195s] -- Up-to-date: /home/leedonghyuck/ws_px4/install/px4_ros2_cpp/share/px4_ros2_cpp/local_setup.dsv
[0.195s] -- Installing: /home/leedonghyuck/ws_px4/install/px4_ros2_cpp/share/px4_ros2_cpp/package.dsv
[0.195s] -- Up-to-date: /home/leedonghyuck/ws_px4/install/px4_ros2_cpp/share/ament_index/resource_index/packages/px4_ros2_cpp
[0.195s] -- Up-to-date: /home/leedonghyuck/ws_px4/install/px4_ros2_cpp/share/px4_ros2_cpp/cmake/px4_ros2_cppExport.cmake
[0.195s] -- Up-to-date: /home/leedonghyuck/ws_px4/install/px4_ros2_cpp/share/px4_ros2_cpp/cmake/px4_ros2_cppExport-noconfig.cmake
[0.195s] -- Up-to-date: /home/leedonghyuck/ws_px4/install/px4_ros2_cpp/share/px4_ros2_cpp/cmake/ament_cmake_export_targets-extras.cmake
[0.195s] -- Up-to-date: /home/leedonghyuck/ws_px4/install/px4_ros2_cpp/share/px4_ros2_cpp/cmake/ament_cmake_export_dependencies-extras.cmake
[0.196s] -- Up-to-date: /home/leedonghyuck/ws_px4/install/px4_ros2_cpp/share/px4_ros2_cpp/cmake/px4_ros2_cppConfig.cmake
[0.196s] -- Up-to-date: /home/leedonghyuck/ws_px4/install/px4_ros2_cpp/share/px4_ros2_cpp/cmake/px4_ros2_cppConfig-version.cmake
[0.196s] -- Up-to-date: /home/leedonghyuck/ws_px4/install/px4_ros2_cpp/share/px4_ros2_cpp/package.xml
[0.196s] Invoked command in '/home/leedonghyuck/ws_px4/build/px4_ros2_cpp' returned '0': AMENT_PREFIX_PATH=/home/leedonghyuck/ws_px4/install/px4_msgs:${AMENT_PREFIX_PATH} CMAKE_PREFIX_PATH=/home/leedonghyuck/ws_px4/install/px4_msgs:/opt/ros/humble LD_LIBRARY_PATH=/home/leedonghyuck/ws_px4/install/px4_msgs/lib:/opt/ros/humble/opt/rviz_ogre_vendor/lib:/opt/ros/humble/lib/x86_64-linux-gnu:/opt/ros/humble/lib:/home/username/.mujoco/mujoco210/bin PYTHONPATH=/home/leedonghyuck/ws_px4/install/px4_msgs/local/lib/python3.10/dist-packages:${PYTHONPATH} /usr/bin/cmake --install /home/leedonghyuck/ws_px4/build/px4_ros2_cpp
