[0.735s] Invoking command in '/home/leedonghyuck/ws_px4/src/px4-ros2-interface-lib/examples/python/modes/goto': AMENT_PREFIX_PATH=/home/leedonghyuck/ws_px4/install/px4_ros2_py:/home/leedonghyuck/ws_px4/install/px4_ros2_cpp:/home/leedonghyuck/ws_px4/install/px4_msgs:${AMENT_PREFIX_PATH} CMAKE_PREFIX_PATH=/home/leedonghyuck/ws_px4/install/px4_ros2_py:/home/leedonghyuck/ws_px4/install/px4_ros2_cpp:/home/leedonghyuck/ws_px4/install/px4_msgs LD_LIBRARY_PATH=/home/leedonghyuck/ws_px4/install/px4_ros2_cpp/lib:/home/leedonghyuck/ws_px4/install/px4_msgs/lib:/opt/ros/humble/opt/rviz_ogre_vendor/lib:/opt/ros/humble/lib/x86_64-linux-gnu:/opt/ros/humble/lib:/home/username/.mujoco/mujoco210/bin PYTHONPATH=/home/leedonghyuck/ws_px4/build/example_mode_goto_py/prefix_override:/usr/lib/python3/dist-packages/colcon_core/task/python/colcon_distutils_commands:/home/leedonghyuck/ws_px4/install/example_mode_goto_py/lib/python3.10/site-packages:/home/leedonghyuck/ws_px4/install/px4_ros2_py/local/lib/python3.10/dist-packages:/home/leedonghyuck/ws_px4/install/px4_msgs/local/lib/python3.10/dist-packages:${PYTHONPATH} /usr/bin/python3 -W ignore:setup.py install is deprecated -W ignore:easy_install command is deprecated setup.py egg_info --egg-base ../../../../../../build/example_mode_goto_py build --build-base /home/leedonghyuck/ws_px4/build/example_mode_goto_py/build install --record /home/leedonghyuck/ws_px4/build/example_mode_goto_py/install.log --single-version-externally-managed install_data
[0.926s] running egg_info
[0.927s] creating ../../../../../../build/example_mode_goto_py/example_mode_goto_py.egg-info
[0.927s] writing ../../../../../../build/example_mode_goto_py/example_mode_goto_py.egg-info/PKG-INFO
[0.927s] writing dependency_links to ../../../../../../build/example_mode_goto_py/example_mode_goto_py.egg-info/dependency_links.txt
[0.927s] writing entry points to ../../../../../../build/example_mode_goto_py/example_mode_goto_py.egg-info/entry_points.txt
[0.927s] writing requirements to ../../../../../../build/example_mode_goto_py/example_mode_goto_py.egg-info/requires.txt
[0.928s] writing top-level names to ../../../../../../build/example_mode_goto_py/example_mode_goto_py.egg-info/top_level.txt
[0.928s] writing manifest file '../../../../../../build/example_mode_goto_py/example_mode_goto_py.egg-info/SOURCES.txt'
[0.928s] reading manifest file '../../../../../../build/example_mode_goto_py/example_mode_goto_py.egg-info/SOURCES.txt'
[0.929s] writing manifest file '../../../../../../build/example_mode_goto_py/example_mode_goto_py.egg-info/SOURCES.txt'
[0.929s] running build
[0.929s] running build_py
[0.929s] creating /home/leedonghyuck/ws_px4/build/example_mode_goto_py/build
[0.929s] creating /home/leedonghyuck/ws_px4/build/example_mode_goto_py/build/lib
[0.929s] creating /home/leedonghyuck/ws_px4/build/example_mode_goto_py/build/lib/example_mode_goto_py
[0.929s] copying example_mode_goto_py/__init__.py -> /home/leedonghyuck/ws_px4/build/example_mode_goto_py/build/lib/example_mode_goto_py
[0.929s] copying example_mode_goto_py/mode.py -> /home/leedonghyuck/ws_px4/build/example_mode_goto_py/build/lib/example_mode_goto_py
[0.930s] running install
[0.930s] running install_lib
[0.930s] creating /home/leedonghyuck/ws_px4/install/example_mode_goto_py/lib/python3.10/site-packages/example_mode_goto_py
[0.930s] copying /home/leedonghyuck/ws_px4/build/example_mode_goto_py/build/lib/example_mode_goto_py/__init__.py -> /home/leedonghyuck/ws_px4/install/example_mode_goto_py/lib/python3.10/site-packages/example_mode_goto_py
[0.930s] copying /home/leedonghyuck/ws_px4/build/example_mode_goto_py/build/lib/example_mode_goto_py/mode.py -> /home/leedonghyuck/ws_px4/install/example_mode_goto_py/lib/python3.10/site-packages/example_mode_goto_py
[0.930s] byte-compiling /home/leedonghyuck/ws_px4/install/example_mode_goto_py/lib/python3.10/site-packages/example_mode_goto_py/__init__.py to __init__.cpython-310.pyc
[0.930s] byte-compiling /home/leedonghyuck/ws_px4/install/example_mode_goto_py/lib/python3.10/site-packages/example_mode_goto_py/mode.py to mode.cpython-310.pyc
[0.931s] running install_data
[0.931s] creating /home/leedonghyuck/ws_px4/install/example_mode_goto_py/share/ament_index
[0.931s] creating /home/leedonghyuck/ws_px4/install/example_mode_goto_py/share/ament_index/resource_index
[0.931s] creating /home/leedonghyuck/ws_px4/install/example_mode_goto_py/share/ament_index/resource_index/packages
[0.931s] copying resource/example_mode_goto_py -> /home/leedonghyuck/ws_px4/install/example_mode_goto_py/share/ament_index/resource_index/packages
[0.931s] copying package.xml -> /home/leedonghyuck/ws_px4/install/example_mode_goto_py/share/example_mode_goto_py
[0.931s] running install_egg_info
[0.932s] Copying ../../../../../../build/example_mode_goto_py/example_mode_goto_py.egg-info to /home/leedonghyuck/ws_px4/install/example_mode_goto_py/lib/python3.10/site-packages/example_mode_goto_py-0.0.1-py3.10.egg-info
[0.933s] running install_scripts
[0.947s] Installing goto script to /home/leedonghyuck/ws_px4/install/example_mode_goto_py/lib/example_mode_goto_py
[0.947s] writing list of installed files to '/home/leedonghyuck/ws_px4/build/example_mode_goto_py/install.log'
[0.968s] Invoked command in '/home/leedonghyuck/ws_px4/src/px4-ros2-interface-lib/examples/python/modes/goto' returned '0': AMENT_PREFIX_PATH=/home/leedonghyuck/ws_px4/install/px4_ros2_py:/home/leedonghyuck/ws_px4/install/px4_ros2_cpp:/home/leedonghyuck/ws_px4/install/px4_msgs:${AMENT_PREFIX_PATH} CMAKE_PREFIX_PATH=/home/leedonghyuck/ws_px4/install/px4_ros2_py:/home/leedonghyuck/ws_px4/install/px4_ros2_cpp:/home/leedonghyuck/ws_px4/install/px4_msgs LD_LIBRARY_PATH=/home/leedonghyuck/ws_px4/install/px4_ros2_cpp/lib:/home/leedonghyuck/ws_px4/install/px4_msgs/lib:/opt/ros/humble/opt/rviz_ogre_vendor/lib:/opt/ros/humble/lib/x86_64-linux-gnu:/opt/ros/humble/lib:/home/username/.mujoco/mujoco210/bin PYTHONPATH=/home/leedonghyuck/ws_px4/build/example_mode_goto_py/prefix_override:/usr/lib/python3/dist-packages/colcon_core/task/python/colcon_distutils_commands:/home/leedonghyuck/ws_px4/install/example_mode_goto_py/lib/python3.10/site-packages:/home/leedonghyuck/ws_px4/install/px4_ros2_py/local/lib/python3.10/dist-packages:/home/leedonghyuck/ws_px4/install/px4_msgs/local/lib/python3.10/dist-packages:${PYTHONPATH} /usr/bin/python3 -W ignore:setup.py install is deprecated -W ignore:easy_install command is deprecated setup.py egg_info --egg-base ../../../../../../build/example_mode_goto_py build --build-base /home/leedonghyuck/ws_px4/build/example_mode_goto_py/build install --record /home/leedonghyuck/ws_px4/build/example_mode_goto_py/install.log --single-version-externally-managed install_data
