-- Found eigen3_cmake_module: 0.1.1 (/opt/ros/humble/share/eigen3_cmake_module/cmake)
-- Found ament_cmake: 1.3.13 (/opt/ros/humble/share/ament_cmake/cmake)
-- Found rclcpp: 16.0.18 (/opt/ros/humble/share/rclcpp/cmake)
-- Found rosidl_generator_c: 3.1.8 (/opt/ros/humble/share/rosidl_generator_c/cmake)
-- Found rosidl_adapter: 3.1.8 (/opt/ros/humble/share/rosidl_adapter/cmake)
-- Found rosidl_generator_cpp: 3.1.8 (/opt/ros/humble/share/rosidl_generator_cpp/cmake)
-- Using all available rosidl_typesupport_c: rosidl_typesupport_fastrtps_c;rosidl_typesupport_introspection_c
-- Using all available rosidl_typesupport_cpp: rosidl_typesupport_fastrtps_cpp;rosidl_typesupport_introspection_cpp
-- Found rmw_implementation_cmake: 6.1.2 (/opt/ros/humble/share/rmw_implementation_cmake/cmake)
-- Found rmw_fastrtps_cpp: 6.2.10 (/opt/ros/humble/share/rmw_fastrtps_cpp/cmake)
-- Using RMW implementation 'rmw_fastrtps_cpp' as default
-- Found px4_ros2_cpp: 0.0.1 (/home/leedonghyuck/ws_px4/install/px4_ros2_cpp/share/px4_ros2_cpp/cmake)
-- Configuring done
-- Generating done
-- Build files have been written to: /home/leedonghyuck/ws_px4/build/collision_avoidance
Consolidate compiler generated dependencies of target collision_avoidance_node
[ 33%] Building CXX object CMakeFiles/collision_avoidance_node.dir/src/CollisionAvoidanceControl.cpp.o
[ 66%] Building CXX object CMakeFiles/collision_avoidance_node.dir/src/main.cpp.o
[100%] Linking CXX executable collision_avoidance_node
/usr/bin/ld: CMakeFiles/collision_avoidance_node.dir/src/CollisionAvoidanceControl.cpp.o: in function `safetyfilter::CollisionAvoidanceControl::arm()':
CollisionAvoidanceControl.cpp:(.text+0x670): undefined reference to `safetyfilter::CollisionAvoidanceControl::publish_vehicle_command(unsigned short, float, float)'
collect2: error: ld returned 1 exit status
gmake[2]: *** [CMakeFiles/collision_avoidance_node.dir/build.make:176: collision_avoidance_node] Error 1
gmake[1]: *** [CMakeFiles/Makefile2:137: CMakeFiles/collision_avoidance_node.dir/all] Error 2
gmake: *** [Makefile:146: all] Error 2
