[0.014s] Invoking command in '/home/leedonghyuck/ws_px4/build/collision_avoidance': CMAKE_PREFIX_PATH=/home/leedonghyuck/ws_px4/install/px4_ros2_cpp:/home/leedonghyuck/ws_px4/install/px4_msgs:/home/leedonghyuck/ws_px4/install/px4_ros_com:/home/leedonghyuck/ws_px4/install/px4_ros2_py:/home/leedonghyuck/ws_px4/install/example_rover_velocity_mode_cpp:/home/leedonghyuck/ws_px4/install/example_mode_with_executor_cpp:/home/leedonghyuck/ws_px4/install/example_mode_vtol_cpp:/home/leedonghyuck/ws_px4/install/example_mode_rtl_replacement_cpp:/home/leedonghyuck/ws_px4/install/example_mode_mission_cpp:/home/leedonghyuck/ws_px4/install/example_mode_manual_cpp:/home/leedonghyuck/ws_px4/install/example_mode_goto_global_cpp:/home/leedonghyuck/ws_px4/install/example_mode_goto_cpp:/home/leedonghyuck/ws_px4/install/example_mode_fw_attitude_cpp:/home/leedonghyuck/ws_px4/install/example_local_navigation_cpp:/home/leedonghyuck/ws_px4/install/example_global_navigation_cpp:/home/leedonghyuck/ws_px4/install/example_executor_with_multiple_modes_cpp:/home/leedonghyuck/ws_px4/install/collision_avoidance:/home/leedonghyuck/ws_px4/install/example_mode_with_rclpy_py:/home/leedonghyuck/ws_px4/install/example_mode_goto_py:/opt/ros/humble LD_LIBRARY_PATH=/home/leedonghyuck/ws_px4/install/px4_ros2_cpp/lib:/home/leedonghyuck/ws_px4/install/px4_msgs/lib:/home/leedonghyuck/ws_px4/install/px4_ros_com/lib:/usr/lib/x86_64-linux-gnu/gazebo-11/plugins:/opt/ros/humble/opt/rviz_ogre_vendor/lib:/opt/ros/humble/lib/x86_64-linux-gnu:/opt/ros/humble/lib:/home/username/.mujoco/mujoco210/bin /usr/bin/cmake --build /home/leedonghyuck/ws_px4/build/collision_avoidance -- -j32 -l32
[0.037s] -- Found eigen3_cmake_module: 0.1.1 (/opt/ros/humble/share/eigen3_cmake_module/cmake)
[0.038s] -- Found ament_cmake: 1.3.13 (/opt/ros/humble/share/ament_cmake/cmake)
[0.146s] -- Found rclcpp: 16.0.18 (/opt/ros/humble/share/rclcpp/cmake)
[0.189s] -- Found rosidl_generator_c: 3.1.8 (/opt/ros/humble/share/rosidl_generator_c/cmake)
[0.191s] -- Found rosidl_adapter: 3.1.8 (/opt/ros/humble/share/rosidl_adapter/cmake)
[0.196s] -- Found rosidl_generator_cpp: 3.1.8 (/opt/ros/humble/share/rosidl_generator_cpp/cmake)
[0.204s] -- Using all available rosidl_typesupport_c: rosidl_typesupport_fastrtps_c;rosidl_typesupport_introspection_c
[0.214s] -- Using all available rosidl_typesupport_cpp: rosidl_typesupport_fastrtps_cpp;rosidl_typesupport_introspection_cpp
[0.240s] -- Found rmw_implementation_cmake: 6.1.2 (/opt/ros/humble/share/rmw_implementation_cmake/cmake)
[0.241s] -- Found rmw_fastrtps_cpp: 6.2.10 (/opt/ros/humble/share/rmw_fastrtps_cpp/cmake)
[0.359s] -- Using RMW implementation 'rmw_fastrtps_cpp' as default
[0.397s] -- Found px4_ros2_cpp: 0.0.1 (/home/leedonghyuck/ws_px4/install/px4_ros2_cpp/share/px4_ros2_cpp/cmake)
[0.462s] -- Configuring done
[0.471s] -- Generating done
[0.474s] -- Build files have been written to: /home/leedonghyuck/ws_px4/build/collision_avoidance
[0.500s] Consolidate compiler generated dependencies of target collision_avoidance_node
[0.510s] [ 33%] Building CXX object CMakeFiles/collision_avoidance_node.dir/src/CollisionAvoidanceControl.cpp.o
[0.511s] [ 66%] Building CXX object CMakeFiles/collision_avoidance_node.dir/src/main.cpp.o
[3.566s] [100%] Linking CXX executable collision_avoidance_node
[3.754s] /usr/bin/ld: CMakeFiles/collision_avoidance_node.dir/src/CollisionAvoidanceControl.cpp.o: in function `safetyfilter::CollisionAvoidanceControl::arm()':
[3.754s] CollisionAvoidanceControl.cpp:(.text+0x670): undefined reference to `safetyfilter::CollisionAvoidanceControl::publish_vehicle_command(unsigned short, float, float)'
[3.769s] collect2: error: ld returned 1 exit status
[3.772s] gmake[2]: *** [CMakeFiles/collision_avoidance_node.dir/build.make:176: collision_avoidance_node] Error 1
[3.772s] gmake[1]: *** [CMakeFiles/Makefile2:137: CMakeFiles/collision_avoidance_node.dir/all] Error 2
[3.773s] gmake: *** [Makefile:146: all] Error 2
[3.775s] Invoked command in '/home/leedonghyuck/ws_px4/build/collision_avoidance' returned '2': CMAKE_PREFIX_PATH=/home/leedonghyuck/ws_px4/install/px4_ros2_cpp:/home/leedonghyuck/ws_px4/install/px4_msgs:/home/leedonghyuck/ws_px4/install/px4_ros_com:/home/leedonghyuck/ws_px4/install/px4_ros2_py:/home/leedonghyuck/ws_px4/install/example_rover_velocity_mode_cpp:/home/leedonghyuck/ws_px4/install/example_mode_with_executor_cpp:/home/leedonghyuck/ws_px4/install/example_mode_vtol_cpp:/home/leedonghyuck/ws_px4/install/example_mode_rtl_replacement_cpp:/home/leedonghyuck/ws_px4/install/example_mode_mission_cpp:/home/leedonghyuck/ws_px4/install/example_mode_manual_cpp:/home/leedonghyuck/ws_px4/install/example_mode_goto_global_cpp:/home/leedonghyuck/ws_px4/install/example_mode_goto_cpp:/home/leedonghyuck/ws_px4/install/example_mode_fw_attitude_cpp:/home/leedonghyuck/ws_px4/install/example_local_navigation_cpp:/home/leedonghyuck/ws_px4/install/example_global_navigation_cpp:/home/leedonghyuck/ws_px4/install/example_executor_with_multiple_modes_cpp:/home/leedonghyuck/ws_px4/install/collision_avoidance:/home/leedonghyuck/ws_px4/install/example_mode_with_rclpy_py:/home/leedonghyuck/ws_px4/install/example_mode_goto_py:/opt/ros/humble LD_LIBRARY_PATH=/home/leedonghyuck/ws_px4/install/px4_ros2_cpp/lib:/home/leedonghyuck/ws_px4/install/px4_msgs/lib:/home/leedonghyuck/ws_px4/install/px4_ros_com/lib:/usr/lib/x86_64-linux-gnu/gazebo-11/plugins:/opt/ros/humble/opt/rviz_ogre_vendor/lib:/opt/ros/humble/lib/x86_64-linux-gnu:/opt/ros/humble/lib:/home/username/.mujoco/mujoco210/bin /usr/bin/cmake --build /home/leedonghyuck/ws_px4/build/collision_avoidance -- -j32 -l32
