[0.017s] Invoking command in '/home/leedonghyuck/ws_px4/build/collision_avoidance': CMAKE_PREFIX_PATH=/home/leedonghyuck/ws_px4/install/px4_ros2_cpp:/home/leedonghyuck/ws_px4/install/px4_msgs:/home/leedonghyuck/ws_px4/install/px4_ros_com:/home/leedonghyuck/ws_px4/install/px4_ros2_py:/home/leedonghyuck/ws_px4/install/example_rover_velocity_mode_cpp:/home/leedonghyuck/ws_px4/install/example_mode_with_executor_cpp:/home/leedonghyuck/ws_px4/install/example_mode_vtol_cpp:/home/leedonghyuck/ws_px4/install/example_mode_rtl_replacement_cpp:/home/leedonghyuck/ws_px4/install/example_mode_mission_cpp:/home/leedonghyuck/ws_px4/install/example_mode_manual_cpp:/home/leedonghyuck/ws_px4/install/example_mode_goto_global_cpp:/home/leedonghyuck/ws_px4/install/example_mode_goto_cpp:/home/leedonghyuck/ws_px4/install/example_mode_fw_attitude_cpp:/home/leedonghyuck/ws_px4/install/example_local_navigation_cpp:/home/leedonghyuck/ws_px4/install/example_global_navigation_cpp:/home/leedonghyuck/ws_px4/install/example_executor_with_multiple_modes_cpp:/home/leedonghyuck/ws_px4/install/collision_avoidance:/home/leedonghyuck/ws_px4/install/example_mode_with_rclpy_py:/home/leedonghyuck/ws_px4/install/example_mode_goto_py:/opt/ros/humble LD_LIBRARY_PATH=/home/leedonghyuck/ws_px4/install/px4_ros2_cpp/lib:/home/leedonghyuck/ws_px4/install/px4_msgs/lib:/home/leedonghyuck/ws_px4/install/px4_ros_com/lib:/usr/lib/x86_64-linux-gnu/gazebo-11/plugins:/opt/ros/humble/opt/rviz_ogre_vendor/lib:/opt/ros/humble/lib/x86_64-linux-gnu:/opt/ros/humble/lib:/home/username/.mujoco/mujoco210/bin /usr/bin/cmake --build /home/leedonghyuck/ws_px4/build/collision_avoidance -- -j32 -l32
[0.070s] [ 50%] [32mBuilding CXX object CMakeFiles/collision_avoidance_node.dir/src/main.cpp.o[0m
[0.296s] [01m[K/home/leedonghyuck/ws_px4/src/collision_avoidance/src/main.cpp:1:1:[m[K [01;31m[Kerror: [m[K‘[01m[Kinclude[m[K’ does not name a type
[0.296s]     1 | [01;31m[Kinclude[m[K <mode.hpp>
[0.296s]       | [01;31m[K^~~~~~~[m[K
[0.297s] In file included from [01m[K/usr/include/c++/11/bits/move.h:57[m[K,
[0.297s]                  from [01m[K/usr/include/c++/11/bits/stl_pair.h:59[m[K,
[0.297s]                  from [01m[K/usr/include/c++/11/utility:70[m[K,
[0.297s]                  from [01m[K/usr/include/c++/11/algorithm:60[m[K,
[0.297s]                  from [01m[K/home/leedonghyuck/ws_px4/install/px4_msgs/include/px4_msgs/px4_msgs/msg/detail/mode_completed__struct.hpp:8[m[K,
[0.297s]                  from [01m[K/home/leedonghyuck/ws_px4/install/px4_msgs/include/px4_msgs/px4_msgs/msg/mode_completed.hpp:7[m[K,
[0.297s]                  from [01m[K/home/leedonghyuck/ws_px4/install/px4_ros2_cpp/include/px4_ros2/components/mode.hpp:9[m[K,
[0.297s]                  from [01m[K/home/leedonghyuck/ws_px4/install/px4_ros2_cpp/include/px4_ros2/components/node_with_mode.hpp:8[m[K,
[0.297s]                  from [01m[K/home/leedonghyuck/ws_px4/src/collision_avoidance/src/main.cpp:2[m[K:
[0.298s] [01m[K/usr/include/c++/11/type_traits:227:27:[m[K [01;31m[Kerror: [m[K‘[01m[Ksize_t[m[K’ has not been declared
[0.298s]   227 |   template <typename _Tp, [01;31m[Ksize_t[m[K = sizeof(_Tp)>
[0.298s]       |                           [01;31m[K^~~~~~[m[K
[0.298s] [01m[K/usr/include/c++/11/type_traits:431:26:[m[K [01;31m[Kerror: [m[K‘[01m[Kstd::size_t[m[K’ has not been declared
[0.298s]   431 |   template<typename _Tp, [01;31m[Kstd[m[K::size_t _Size>
[0.298s]       |                          [01;31m[K^~~[m[K
[0.298s] [01m[K/usr/include/c++/11/type_traits:432:25:[m[K [01;31m[Kerror: [m[K‘[01m[K_Size[m[K’ was not declared in this scope
[0.298s]   432 |     struct is_array<_Tp[[01;31m[K_Size[m[K]>
[0.298s]       |                         [01;31m[K^~~~~[m[K
[0.298s] [01m[K/usr/include/c++/11/type_traits:432:31:[m[K [01;31m[Kerror: [m[Ktemplate argument 1 is invalid
[0.298s]   432 |     struct is_array<_Tp[_Size][01;31m[K>[m[K
[0.298s]       |                               [01;31m[K^[m[K
[0.299s] [01m[K/usr/include/c++/11/type_traits:537:42:[m[K [01;31m[Kerror: [m[K‘[01m[Knullptr_t[m[K’ is not a member of ‘[01m[Kstd[m[K’
[0.299s]   537 |     struct __is_null_pointer_helper<std::[01;31m[Knullptr_t[m[K>
[0.299s]       |                                          [01;31m[K^~~~~~~~~[m[K
[0.299s] [01m[K/usr/include/c++/11/type_traits:537:51:[m[K [01;31m[Kerror: [m[Ktemplate argument 1 is invalid
[0.299s]   537 |     struct __is_null_pointer_helper<std::nullptr_t[01;31m[K>[m[K
[0.299s]       |                                                   [01;31m[K^[m[K
[0.299s] [01m[K/usr/include/c++/11/type_traits:1361:37:[m[K [01;31m[Kerror: [m[K‘[01m[Ksize_t[m[K’ is not a member of ‘[01m[Kstd[m[K’
[0.300s]  1361 |     : public integral_constant<std::[01;31m[Ksize_t[m[K, alignof(_Tp)>
[0.300s]       |                                     [01;31m[K^~~~~~[m[K
[0.300s] [01m[K/usr/include/c++/11/type_traits:1361:57:[m[K [01;31m[Kerror: [m[Ktemplate argument 1 is invalid
[0.300s]  1361 |     : public integral_constant<std::size_t, alignof(_Tp)[01;31m[K>[m[K
[0.300s]       |                                                         [01;31m[K^[m[K
[0.300s] [01m[K/usr/include/c++/11/type_traits:1361:57:[m[K [01;36m[Knote: [m[Kinvalid template non-type parameter
[0.300s] [01m[K/usr/include/c++/11/type_traits:1370:37:[m[K [01;31m[Kerror: [m[K‘[01m[Ksize_t[m[K’ is not a member of ‘[01m[Kstd[m[K’
[0.300s]  1370 |     : public integral_constant<std::[01;31m[Ksize_t[m[K, 0> { };
[0.301s]       |                                     [01;31m[K^~~~~~[m[K
[0.301s] [01m[K/usr/include/c++/11/type_traits:1370:46:[m[K [01;31m[Kerror: [m[Ktemplate argument 1 is invalid
[0.301s]  1370 |     : public integral_constant<std::size_t, 0[01;31m[K>[m[K { };
[0.301s]       |                                              [01;31m[K^[m[K
[0.301s] [01m[K/usr/include/c++/11/type_traits:1370:46:[m[K [01;36m[Knote: [m[Kinvalid template non-type parameter
[0.301s] [01m[K/usr/include/c++/11/type_traits:1372:26:[m[K [01;31m[Kerror: [m[K‘[01m[Kstd::size_t[m[K’ has not been declared
[0.301s]  1372 |   template<typename _Tp, [01;31m[Kstd[m[K::size_t _Size>
[0.301s]       |                          [01;31m[K^~~[m[K
[0.301s] [01m[K/usr/include/c++/11/type_traits:1373:21:[m[K [01;31m[Kerror: [m[K‘[01m[K_Size[m[K’ was not declared in this scope
[0.301s]  1373 |     struct rank<_Tp[[01;31m[K_Size[m[K]>
[0.302s]       |                     [01;31m[K^~~~~[m[K
[0.302s] [01m[K/usr/include/c++/11/type_traits:1373:27:[m[K [01;31m[Kerror: [m[Ktemplate argument 1 is invalid
[0.302s]  1373 |     struct rank<_Tp[_Size][01;31m[K>[m[K
[0.302s]       |                           [01;31m[K^[m[K
[0.302s] [01m[K/usr/include/c++/11/type_traits:1374:37:[m[K [01;31m[Kerror: [m[K‘[01m[Ksize_t[m[K’ is not a member of ‘[01m[Kstd[m[K’
[0.302s]  1374 |     : public integral_constant<std::[01;31m[Ksize_t[m[K, 1 + rank<_Tp>::value> { };
[0.302s]       |                                     [01;31m[K^~~~~~[m[K
[0.302s] [01m[K/usr/include/c++/11/type_traits:1374:65:[m[K [01;31m[Kerror: [m[Ktemplate argument 1 is invalid
[0.302s]  1374 |     : public integral_constant<std::size_t, 1 + rank<_Tp>::value[01;31m[K>[m[K { };
[0.303s]       |                                                                 [01;31m[K^[m[K
[0.303s] [01m[K/usr/include/c++/11/type_traits:1374:65:[m[K [01;36m[Knote: [m[Kinvalid template non-type parameter
[0.303s] [01m[K/usr/include/c++/11/type_traits:1378:37:[m[K [01;31m[Kerror: [m[K‘[01m[Ksize_t[m[K’ is not a member of ‘[01m[Kstd[m[K’
[0.303s]  1378 |     : public integral_constant<std::[01;31m[Ksize_t[m[K, 1 + rank<_Tp>::value> { };
[0.303s]       |                                     [01;31m[K^~~~~~[m[K
[0.303s] [01m[K/usr/include/c++/11/type_traits:1378:65:[m[K [01;31m[Kerror: [m[Ktemplate argument 1 is invalid
[0.303s]  1378 |     : public integral_constant<std::size_t, 1 + rank<_Tp>::value[01;31m[K>[m[K { };
[0.303s]       |                                                                 [01;31m[K^[m[K
[0.303s] [01m[K/usr/include/c++/11/type_traits:1378:65:[m[K [01;36m[Knote: [m[Kinvalid template non-type parameter
[0.304s] [01m[K/usr/include/c++/11/type_traits:1383:37:[m[K [01;31m[Kerror: [m[K‘[01m[Ksize_t[m[K’ is not a member of ‘[01m[Kstd[m[K’
[0.304s]  1383 |     : public integral_constant<std::[01;31m[Ksize_t[m[K, 0> { };
[0.304s]       |                                     [01;31m[K^~~~~~[m[K
[0.304s] [01m[K/usr/include/c++/11/type_traits:1383:46:[m[K [01;31m[Kerror: [m[Ktemplate argument 1 is invalid
[0.304s]  1383 |     : public integral_constant<std::size_t, 0[01;31m[K>[m[K { };
[0.304s]       |                                              [01;31m[K^[m[K
[0.304s] [01m[K/usr/include/c++/11/type_traits:1383:46:[m[K [01;36m[Knote: [m[Kinvalid template non-type parameter
[0.304s] [01m[K/usr/include/c++/11/type_traits:1385:42:[m[K [01;31m[Kerror: [m[K‘[01m[Kstd::size_t[m[K’ has not been declared
[0.304s]  1385 |   template<typename _Tp, unsigned _Uint, [01;31m[Kstd[m[K::size_t _Size>
[0.304s]       |                                          [01;31m[K^~~[m[K
[0.304s] [01m[K/usr/include/c++/11/type_traits:1386:23:[m[K [01;31m[Kerror: [m[K‘[01m[K_Size[m[K’ was not declared in this scope
[0.305s]  1386 |     struct extent<_Tp[[01;31m[K_Size[m[K], _Uint>
[0.305s]       |                       [01;31m[K^~~~~[m[K
[0.305s] [01m[K/usr/include/c++/11/type_traits:1386:36:[m[K [01;31m[Kerror: [m[Ktemplate argument 1 is invalid
[0.305s]  1386 |     struct extent<_Tp[_Size], _Uint[01;31m[K>[m[K
[0.305s]       |                                    [01;31m[K^[m[K
[0.305s] [01m[K/usr/include/c++/11/type_traits:1387:37:[m[K [01;31m[Kerror: [m[K‘[01m[Ksize_t[m[K’ is not a member of ‘[01m[Kstd[m[K’
[0.305s]  1387 |     : public integral_constant<std::[01;31m[Ksize_t[m[K,
[0.305s]       |                                     [01;31m[K^~~~~~[m[K
[0.305s] [01m[K/usr/include/c++/11/type_traits:1388:45:[m[K [01;31m[Kerror: [m[K‘[01m[K_Size[m[K’ was not declared in this scope
[0.305s]  1388 |                                _Uint == 0 ? [01;31m[K_Size[m[K : extent<_Tp,
[0.306s]       |                                             [01;31m[K^~~~~[m[K
[0.306s] [01m[K/usr/include/c++/11/type_traits:1389:77:[m[K [01;31m[Kerror: [m[Ktemplate argument 1 is invalid
[0.306s]  1389 |                                                            _Uint - 1>::value[01;31m[K>[m[K
[0.306s]       |                                                                             [01;31m[K^[m[K
[0.306s] [01m[K/usr/include/c++/11/type_traits:1389:77:[m[K [01;36m[Knote: [m[Kinvalid template non-type parameter
[0.306s] [01m[K/usr/include/c++/11/type_traits:1394:37:[m[K [01;31m[Kerror: [m[K‘[01m[Ksize_t[m[K’ is not a member of ‘[01m[Kstd[m[K’
[0.306s]  1394 |     : public integral_constant<std::[01;31m[Ksize_t[m[K,
[0.306s]       |                                     [01;31m[K^~~~~~[m[K
[0.306s] [01m[K/usr/include/c++/11/type_traits:1396:73:[m[K [01;31m[Kerror: [m[Ktemplate argument 1 is invalid
[0.306s]  1396 |                                                        _Uint - 1>::value[01;31m[K>[m[K
[0.306s]       |                                                                         [01;31m[K^[m[K
[0.307s] [01m[K/usr/include/c++/11/type_traits:1396:73:[m[K [01;36m[Knote: [m[Kinvalid template non-type parameter
[0.307s] [01m[K/usr/include/c++/11/type_traits:1759:26:[m[K [01;31m[Kerror: [m[K‘[01m[Ksize_t[m[K’ does not name a type
[0.307s]  1759 |       { static constexpr [01;31m[Ksize_t[m[K __size = sizeof(_Tp); };
[0.307s]       |                          [01;31m[K^~~~~~[m[K
[0.307s] In file included from [01m[K/usr/include/c++/11/bits/move.h:57[m[K,
[0.307s]                  from [01m[K/usr/include/c++/11/bits/stl_pair.h:59[m[K,
[0.307s]                  from [01m[K/usr/include/c++/11/utility:70[m[K,
[0.307s]                  from [01m[K/usr/include/c++/11/algorithm:60[m[K,
[0.307s]                  from [01m[K/home/leedonghyuck/ws_px4/install/px4_msgs/include/px4_msgs/px4_msgs/msg/detail/mode_completed__struct.hpp:8[m[K,
[0.307s]                  from [01m[K/home/leedonghyuck/ws_px4/install/px4_msgs/include/px4_msgs/px4_msgs/msg/mode_completed.hpp:7[m[K,
[0.307s]                  from [01m[K/home/leedonghyuck/ws_px4/install/px4_ros2_cpp/include/px4_ros2/components/mode.hpp:9[m[K,
[0.307s]                  from [01m[K/home/leedonghyuck/ws_px4/install/px4_ros2_cpp/include/px4_ros2/components/node_with_mode.hpp:8[m[K,
[0.308s]                  from [01m[K/home/leedonghyuck/ws_px4/src/collision_avoidance/src/main.cpp:2[m[K:
[0.308s] [01m[K/usr/include/c++/11/type_traits:1:1:[m[K [01;36m[Knote: [m[K‘[01m[Ksize_t[m[K’ is defined in header ‘[01m[K<cstddef>[m[K’; did you forget to ‘[01m[K#include <cstddef>[m[K’?
[0.308s]   +++ |+[32m[K#include <cstddef>[m[K
[0.308s]     1 | // C++11 <type_traits> -*- C++ -*-
[0.308s] In file included from [01m[K/usr/include/c++/11/bits/move.h:57[m[K,
[0.308s]                  from [01m[K/usr/include/c++/11/bits/stl_pair.h:59[m[K,
[0.308s]                  from [01m[K/usr/include/c++/11/utility:70[m[K,
[0.308s]                  from [01m[K/usr/include/c++/11/algorithm:60[m[K,
[0.308s]                  from [01m[K/home/leedonghyuck/ws_px4/install/px4_msgs/include/px4_msgs/px4_msgs/msg/detail/mode_completed__struct.hpp:8[m[K,
[0.308s]                  from [01m[K/home/leedonghyuck/ws_px4/install/px4_msgs/include/px4_msgs/px4_msgs/msg/mode_completed.hpp:7[m[K,
[0.308s]                  from [01m[K/home/leedonghyuck/ws_px4/install/px4_ros2_cpp/include/px4_ros2/components/mode.hpp:9[m[K,
[0.308s]                  from [01m[K/home/leedonghyuck/ws_px4/install/px4_ros2_cpp/include/px4_ros2/components/node_with_mode.hpp:8[m[K,
[0.309s]                  from [01m[K/home/leedonghyuck/ws_px4/src/collision_avoidance/src/main.cpp:2[m[K:
[0.309s] [01m[K/usr/include/c++/11/type_traits:1761:14:[m[K [01;31m[Kerror: [m[K‘[01m[Ksize_t[m[K’ has not been declared
[0.309s]  1761 |     template<[01;31m[Ksize_t[m[K _Sz, typename _Tp, bool = (_Sz <= _Tp::__size)>
[0.309s]       |              [01;31m[K^~~~~~[m[K
[0.309s] [01m[K/usr/include/c++/11/type_traits:1761:48:[m[K [01;31m[Kerror: [m[K‘[01m[K_Sz[m[K’ was not declared in this scope
[0.309s]  1761 |     template<size_t _Sz, typename _Tp, bool = ([01;31m[K_Sz[m[K <= _Tp::__size)>
[0.309s]       |                                                [01;31m[K^~~[m[K
[0.310s] [01m[K/usr/include/c++/11/type_traits:1762:14:[m[K [01;31m[Kerror: [m[Kno default argument for ‘[01m[K_Tp[m[K’
[0.310s]  1762 |       struct [01;31m[K__select[m[K;
[0.310s]       |              [01;31m[K^~~~~~~~[m[K
[0.310s] [01m[K/usr/include/c++/11/type_traits:1764:14:[m[K [01;31m[Kerror: [m[K‘[01m[Ksize_t[m[K’ has not been declared
[0.310s]  1764 |     template<[01;31m[Ksize_t[m[K _Sz, typename _Uint, typename... _UInts>
[0.310s]       |              [01;31m[K^~~~~~[m[K
[0.310s] [01m[K/usr/include/c++/11/type_traits:1765:23:[m[K [01;31m[Kerror: [m[K‘[01m[K_Sz[m[K’ was not declared in this scope
[0.310s]  1765 |       struct __select<[01;31m[K_Sz[m[K, _List<_Uint, _UInts...>, true>
[0.310s]       |                       [01;31m[K^~~[m[K
[0.310s] [01m[K/usr/include/c++/11/type_traits:1765:57:[m[K [01;31m[Kerror: [m[Ktemplate argument 1 is invalid
[0.311s]  1765 |       struct __select<_Sz, _List<_Uint, _UInts...>, true[01;31m[K>[m[K
[0.311s]       |                                                         [01;31m[K^[m[K
[0.311s] [01m[K/usr/include/c++/11/type_traits:1768:14:[m[K [01;31m[Kerror: [m[K‘[01m[Ksize_t[m[K’ has not been declared
[0.311s]  1768 |     template<[01;31m[Ksize_t[m[K _Sz, typename _Uint, typename... _UInts>
[0.311s]       |              [01;31m[K^~~~~~[m[K
[0.311s] [01m[K/usr/include/c++/11/type_traits:1769:23:[m[K [01;31m[Kerror: [m[K‘[01m[K_Sz[m[K’ was not declared in this scope
[0.311s]  1769 |       struct __select<[01;31m[K_Sz[m[K, _List<_Uint, _UInts...>, false>
[0.311s]       |                       [01;31m[K^~~[m[K
[0.311s] [01m[K/usr/include/c++/11/type_traits:1769:58:[m[K [01;31m[Kerror: [m[Ktemplate argument 1 is invalid
[0.311s]  1769 |       struct __select<_Sz, _List<_Uint, _UInts...>, false[01;31m[K>[m[K
[0.311s]       |                                                          [01;31m[K^[m[K
[0.312s] [01m[K/usr/include/c++/11/type_traits:1770:18:[m[K [01;31m[Kerror: [m[K‘[01m[K_Sz[m[K’ was not declared in this scope
[0.312s]  1770 |       : __select<[01;31m[K_Sz[m[K, _List<_UInts...>>
[0.312s]       |                  [01;31m[K^~~[m[K
[0.312s] [01m[K/usr/include/c++/11/type_traits:1770:38:[m[K [01;31m[Kerror: [m[Ktemplate argument 1 is invalid
[0.312s]  1770 |       : __select<_Sz, _List<_UInts...[01;31m[K>>[m[K
[0.312s]       |                                      [01;31m[K^~[m[K
[0.312s] [01m[K/usr/include/c++/11/type_traits:1761:60:[m[K [01;31m[Kerror: [m[K‘[01m[K__size[m[K’ is not a member of ‘[01m[Kstd::__make_unsigned_selector_base::_List<unsigned char, short unsigned int, unsigned int, long unsigned int, long long unsigned int>[m[K’
[0.312s]  1761 |     template<size_t _Sz, typename _Tp, bool = (_Sz <= _Tp::[01;31m[K__size[m[K)>
[0.312s]       |                                                            [01;31m[K^~~~~~[m[K
[0.312s] [01m[K/usr/include/c++/11/type_traits:1783:68:[m[K [01;31m[Kerror: [m[Ktemplate argument 3 is invalid
[0.313s]  1783 |       using __unsigned_type = typename __select<sizeof(_Tp), _UInts[01;31m[K>[m[K::__type;
[0.313s]       |                                                                    [01;31m[K^[m[K
[0.313s] [01m[K/usr/include/c++/11/type_traits:1787:47:[m[K [01;31m[Kerror: [m[K‘[01m[K__unsigned_type[m[K’ was not declared in this scope
[0.313s]  1787 |         = typename __match_cv_qualifiers<_Tp, [01;31m[K__unsigned_type[m[K>::__type;
[0.313s]       |                                               [01;31m[K^~~~~~~~~~~~~~~[m[K
[0.313s] [01m[K/usr/include/c++/11/type_traits:1787:62:[m[K [01;31m[Kerror: [m[Ktemplate argument 2 is invalid
[0.313s]  1787 |         = typename __match_cv_qualifiers<_Tp, __unsigned_type[01;31m[K>[m[K::__type;
[0.313s]       |                                                              [01;31m[K^[m[K
[0.313s] [01m[K/usr/include/c++/11/type_traits:1799:68:[m[K [01;31m[Kerror: [m[K‘[01m[K__type[m[K’ in ‘[01m[Kclass std::__make_unsigned_selector<wchar_t, false, true>[m[K’ does not name a type
[0.313s]  1799 |         = typename __make_unsigned_selector<wchar_t, false, true>::[01;31m[K__type[m[K;
[0.314s]       |                                                                    [01;31m[K^~~~~~[m[K
[0.314s] [01m[K/usr/include/c++/11/type_traits:1816:69:[m[K [01;31m[Kerror: [m[K‘[01m[K__type[m[K’ in ‘[01m[Kclass std::__make_unsigned_selector<char16_t, false, true>[m[K’ does not name a type
[0.314s]  1816 |         = typename __make_unsigned_selector<char16_t, false, true>::[01;31m[K__type[m[K;
[0.314s]       |                                                                     [01;31m[K^~~~~~[m[K
[0.314s] [01m[K/usr/include/c++/11/type_traits:1823:69:[m[K [01;31m[Kerror: [m[K‘[01m[K__type[m[K’ in ‘[01m[Kclass std::__make_unsigned_selector<char32_t, false, true>[m[K’ does not name a type
[0.314s]  1823 |         = typename __make_unsigned_selector<char32_t, false, true>::[01;31m[K__type[m[K;
[0.314s]       |                                                                     [01;31m[K^~~~~~[m[K
[0.314s] /usr/include/c++/11/type_traits: In instantiation of ‘[01m[Kclass std::__make_unsigned_selector<wchar_t, true, false>[m[K’:
[0.315s] [01m[K/usr/include/c++/11/type_traits:1912:62:[m[K   required from ‘[01m[Kclass std::__make_signed_selector<wchar_t, false, true>[m[K’
[0.315s] [01m[K/usr/include/c++/11/type_traits:1927:57:[m[K   required from here
[0.315s] [01m[K/usr/include/c++/11/type_traits:1744:13:[m[K [01;31m[Kerror: [m[Kno type named ‘[01m[K__type[m[K’ in ‘[01m[Kstruct std::__make_unsigned<wchar_t>[m[K’
[0.315s]  1744 |       using [01;31m[K__unsigned_type[m[K
[0.315s]       |             [01;31m[K^~~~~~~~~~~~~~~[m[K
[0.315s] [01m[K/usr/include/c++/11/type_traits:1748:13:[m[K [01;31m[Kerror: [m[Kno type named ‘[01m[K__type[m[K’ in ‘[01m[Kstruct std::__make_unsigned<wchar_t>[m[K’
[0.315s]  1748 |       using [01;31m[K__type[m[K
[0.315s]       |             [01;31m[K^~~~~~[m[K
[0.315s] [01m[K/usr/include/c++/11/type_traits:1927:66:[m[K [01;31m[Kerror: [m[Kinvalid combination of multiple type-specifiers
[0.315s]  1927 |         = typename __make_signed_selector<wchar_t, false, true>::[01;31m[K__type[m[K;
[0.315s]       |                                                                  [01;31m[K^~~~~~[m[K
[0.316s] /usr/include/c++/11/type_traits: In instantiation of ‘[01m[Kclass std::__make_unsigned_selector<char16_t, true, false>[m[K’:
[0.316s] [01m[K/usr/include/c++/11/type_traits:1912:62:[m[K   required from ‘[01m[Kclass std::__make_signed_selector<char16_t, false, true>[m[K’
[0.316s] [01m[K/usr/include/c++/11/type_traits:1944:58:[m[K   required from here
[0.316s] [01m[K/usr/include/c++/11/type_traits:1744:13:[m[K [01;31m[Kerror: [m[Kno type named ‘[01m[K__type[m[K’ in ‘[01m[Kstruct std::__make_unsigned<char16_t>[m[K’
[0.316s]  1744 |       using [01;31m[K__unsigned_type[m[K
[0.316s]       |             [01;31m[K^~~~~~~~~~~~~~~[m[K
[0.316s] [01m[K/usr/include/c++/11/type_traits:1748:13:[m[K [01;31m[Kerror: [m[Kno type named ‘[01m[K__type[m[K’ in ‘[01m[Kstruct std::__make_unsigned<char16_t>[m[K’
[0.316s]  1748 |       using [01;31m[K__type[m[K
[0.316s]       |             [01;31m[K^~~~~~[m[K
[0.316s] [01m[K/usr/include/c++/11/type_traits:1944:67:[m[K [01;31m[Kerror: [m[Kinvalid combination of multiple type-specifiers
[0.316s]  1944 |         = typename __make_signed_selector<char16_t, false, true>::[01;31m[K__type[m[K;
[0.317s]       |                                                                   [01;31m[K^~~~~~[m[K
[0.317s] /usr/include/c++/11/type_traits: In instantiation of ‘[01m[Kclass std::__make_unsigned_selector<char32_t, true, false>[m[K’:
[0.317s] [01m[K/usr/include/c++/11/type_traits:1912:62:[m[K   required from ‘[01m[Kclass std::__make_signed_selector<char32_t, false, true>[m[K’
[0.317s] [01m[K/usr/include/c++/11/type_traits:1951:58:[m[K   required from here
[0.317s] [01m[K/usr/include/c++/11/type_traits:1744:13:[m[K [01;31m[Kerror: [m[Kno type named ‘[01m[K__type[m[K’ in ‘[01m[Kstruct std::__make_unsigned<char32_t>[m[K’
[0.317s]  1744 |       using [01;31m[K__unsigned_type[m[K
[0.317s]       |             [01;31m[K^~~~~~~~~~~~~~~[m[K
[0.317s] [01m[K/usr/include/c++/11/type_traits:1748:13:[m[K [01;31m[Kerror: [m[Kno type named ‘[01m[K__type[m[K’ in ‘[01m[Kstruct std::__make_unsigned<char32_t>[m[K’
[0.317s]  1748 |       using [01;31m[K__type[m[K
[0.317s]       |             [01;31m[K^~~~~~[m[K
[0.317s] [01m[K/usr/include/c++/11/type_traits:1951:67:[m[K [01;31m[Kerror: [m[Kinvalid combination of multiple type-specifiers
[0.318s]  1951 |         = typename __make_signed_selector<char32_t, false, true>::[01;31m[K__type[m[K;
[0.318s]       |                                                                   [01;31m[K^~~~~~[m[K
[0.318s] [01m[K/usr/include/c++/11/type_traits:1984:26:[m[K [01;31m[Kerror: [m[K‘[01m[Kstd::size_t[m[K’ has not been declared
[0.318s]  1984 |   template<typename _Tp, [01;31m[Kstd[m[K::size_t _Size>
[0.318s]       |                          [01;31m[K^~~[m[K
[0.318s] [01m[K/usr/include/c++/11/type_traits:1985:30:[m[K [01;31m[Kerror: [m[K‘[01m[K_Size[m[K’ was not declared in this scope
[0.318s]  1985 |     struct remove_extent<_Tp[[01;31m[K_Size[m[K]>
[0.318s]       |                              [01;31m[K^~~~~[m[K
[0.318s] [01m[K/usr/include/c++/11/type_traits:1985:36:[m[K [01;31m[Kerror: [m[Ktemplate argument 1 is invalid
[0.319s]  1985 |     struct remove_extent<_Tp[_Size][01;31m[K>[m[K
[0.319s]       |                                    [01;31m[K^[m[K
[0.319s] [01m[K/usr/include/c++/11/type_traits:1997:26:[m[K [01;31m[Kerror: [m[K‘[01m[Kstd::size_t[m[K’ has not been declared
[0.319s]  1997 |   template<typename _Tp, [01;31m[Kstd[m[K::size_t _Size>
[0.319s]       |                          [01;31m[K^~~[m[K
[0.319s] [01m[K/usr/include/c++/11/type_traits:1998:35:[m[K [01;31m[Kerror: [m[K‘[01m[K_Size[m[K’ was not declared in this scope
[0.319s]  1998 |     struct remove_all_extents<_Tp[[01;31m[K_Size[m[K]>
[0.319s]       |                                   [01;31m[K^~~~~[m[K
[0.319s] [01m[K/usr/include/c++/11/type_traits:1998:41:[m[K [01;31m[Kerror: [m[Ktemplate argument 1 is invalid
[0.319s]  1998 |     struct remove_all_extents<_Tp[_Size][01;31m[K>[m[K
[0.319s]       |                                         [01;31m[K^[m[K
[0.320s] [01m[K/usr/include/c++/11/type_traits:2056:12:[m[K [01;31m[Kerror: [m[K‘[01m[Kstd::size_t[m[K’ has not been declared
[0.320s]  2056 |   template<[01;31m[Kstd[m[K::size_t _Len>
[0.320s]       |            [01;31m[K^~~[m[K
[0.320s] [01m[K/usr/include/c++/11/type_traits:2061:30:[m[K [01;31m[Kerror: [m[K‘[01m[K_Len[m[K’ was not declared in this scope
[0.320s]  2061 |         unsigned char __data[[01;31m[K_Len[m[K];
[0.320s]       |                              [01;31m[K^~~~[m[K
[0.320s] [01m[K/usr/include/c++/11/type_traits:2076:12:[m[K [01;31m[Kerror: [m[K‘[01m[Kstd::size_t[m[K’ has not been declared
[0.320s]  2076 |   template<[01;31m[Kstd[m[K::size_t _Len, std::size_t _Align =
[0.320s]       |            [01;31m[K^~~[m[K
[0.320s] [01m[K/usr/include/c++/11/type_traits:2076:30:[m[K [01;31m[Kerror: [m[K‘[01m[Kstd::size_t[m[K’ has not been declared
[0.321s]  2076 |   template<std::size_t _Len, [01;31m[Kstd[m[K::size_t _Align =
[0.321s]       |                              [01;31m[K^~~[m[K
[0.321s] [01m[K/usr/include/c++/11/type_traits:2077:55:[m[K [01;31m[Kerror: [m[K‘[01m[K_Len[m[K’ was not declared in this scope
[0.321s]  2077 |            __alignof__(typename __aligned_storage_msa<[01;31m[K_Len[m[K>::__type)>
[0.321s]       |                                                       [01;31m[K^~~~[m[K
[0.321s] [01m[K/usr/include/c++/11/type_traits:2077:59:[m[K [01;31m[Kerror: [m[Ktemplate argument 1 is invalid
[0.321s]  2077 |            __alignof__(typename __aligned_storage_msa<_Len[01;31m[K>[m[K::__type)>
[0.321s]       |                                                           [01;31m[K^[m[K
[0.321s] [01m[K/usr/include/c++/11/type_traits:2082:30:[m[K [01;31m[Kerror: [m[K‘[01m[K_Len[m[K’ was not declared in this scope
[0.322s]  2082 |         unsigned char __data[[01;31m[K_Len[m[K];
[0.322s]       |                              [01;31m[K^~~~[m[K
[0.322s] [01m[K/usr/include/c++/11/type_traits:2083:44:[m[K [01;31m[Kerror: [m[K‘[01m[K_Align[m[K’ was not declared in this scope
[0.322s]  2083 |         struct __attribute__((__aligned__(([01;31m[K_Align[m[K)))) { } __align;
[0.322s]       |                                            [01;31m[K^~~~~~[m[K
[0.322s] [01m[K/usr/include/c++/11/type_traits:2090:20:[m[K [01;31m[Kerror: [m[K‘[01m[Ksize_t[m[K’ does not name a type
[0.322s]  2090 |       static const [01;31m[Ksize_t[m[K _S_alignment = 0;
[0.322s]       |                    [01;31m[K^~~~~~[m[K
[0.322s] [01m[K/usr/include/c++/11/type_traits:2090:20:[m[K [01;36m[Knote: [m[K‘[01m[Ksize_t[m[K’ is defined in header ‘[01m[K<cstddef>[m[K’; did you forget to ‘[01m[K#include <cstddef>[m[K’?
[0.322s] [01m[K/usr/include/c++/11/type_traits:2091:20:[m[K [01;31m[Kerror: [m[K‘[01m[Ksize_t[m[K’ does not name a type
[0.322s]  2091 |       static const [01;31m[Ksize_t[m[K _S_size = 0;
[0.323s]       |                    [01;31m[K^~~~~~[m[K
[0.323s] [01m[K/usr/include/c++/11/type_traits:2091:20:[m[K [01;36m[Knote: [m[K‘[01m[Ksize_t[m[K’ is defined in header ‘[01m[K<cstddef>[m[K’; did you forget to ‘[01m[K#include <cstddef>[m[K’?
[0.323s] [01m[K/usr/include/c++/11/type_traits:2097:20:[m[K [01;31m[Kerror: [m[K‘[01m[Ksize_t[m[K’ does not name a type
[0.323s]  2097 |       static const [01;31m[Ksize_t[m[K _S_alignment =
[0.323s]       |                    [01;31m[K^~~~~~[m[K
[0.323s] [01m[K/usr/include/c++/11/type_traits:2097:20:[m[K [01;36m[Knote: [m[K‘[01m[Ksize_t[m[K’ is defined in header ‘[01m[K<cstddef>[m[K’; did you forget to ‘[01m[K#include <cstddef>[m[K’?
[0.323s] [01m[K/usr/include/c++/11/type_traits:2100:20:[m[K [01;31m[Kerror: [m[K‘[01m[Ksize_t[m[K’ does not name a type
[0.323s]  2100 |       static const [01;31m[Ksize_t[m[K _S_size =
[0.323s]       |                    [01;31m[K^~~~~~[m[K
[0.323s] [01m[K/usr/include/c++/11/type_traits:2100:20:[m[K [01;36m[Knote: [m[K‘[01m[Ksize_t[m[K’ is defined in header ‘[01m[K<cstddef>[m[K’; did you forget to ‘[01m[K#include <cstddef>[m[K’?
[0.323s] [01m[K/usr/include/c++/11/type_traits:2115:13:[m[K [01;31m[Kerror: [m[K‘[01m[Ksize_t[m[K’ has not been declared
[0.324s]  2115 |   template <[01;31m[Ksize_t[m[K _Len, typename... _Types>
[0.324s]       |             [01;31m[K^~~~~~[m[K
[0.324s] [01m[K/usr/include/c++/11/type_traits:2122:20:[m[K [01;31m[Kerror: [m[K‘[01m[Ksize_t[m[K’ does not name a type
[0.324s]  2122 |       static const [01;31m[Ksize_t[m[K _S_len = _Len > __strictest::_S_size
[0.324s]       |                    [01;31m[K^~~~~~[m[K
[0.324s] [01m[K/usr/include/c++/11/type_traits:2122:20:[m[K [01;36m[Knote: [m[K‘[01m[Ksize_t[m[K’ is defined in header ‘[01m[K<cstddef>[m[K’; did you forget to ‘[01m[K#include <cstddef>[m[K’?
[0.324s] [01m[K/usr/include/c++/11/type_traits:2126:20:[m[K [01;31m[Kerror: [m[K‘[01m[Ksize_t[m[K’ does not name a type
[0.324s]  2126 |       static const [01;31m[Ksize_t[m[K alignment_value = __strictest::_S_alignment;
[0.324s]       |                    [01;31m[K^~~~~~[m[K
[0.324s] [01m[K/usr/include/c++/11/type_traits:2126:20:[m[K [01;36m[Knote: [m[K‘[01m[Ksize_t[m[K’ is defined in header ‘[01m[K<cstddef>[m[K’; did you forget to ‘[01m[K#include <cstddef>[m[K’?
[0.325s] [01m[K/usr/include/c++/11/type_traits:2128:40:[m[K [01;31m[Kerror: [m[K‘[01m[K_S_len[m[K’ was not declared in this scope
[0.325s]  2128 |       typedef typename aligned_storage<[01;31m[K_S_len[m[K, alignment_value>::type type;
[0.325s]       |                                        [01;31m[K^~~~~~[m[K
[0.325s] [01m[K/usr/include/c++/11/type_traits:2128:48:[m[K [01;31m[Kerror: [m[K‘[01m[Kalignment_value[m[K’ was not declared in this scope; did you mean ‘[01m[Kalignment_of[m[K’?
[0.325s]  2128 |       typedef typename aligned_storage<_S_len, [01;31m[Kalignment_value[m[K>::type type;
[0.325s]       |                                                [01;31m[K^~~~~~~~~~~~~~~[m[K
[0.325s]       |                                                [32m[Kalignment_of[m[K
[0.325s] [01m[K/usr/include/c++/11/type_traits:2128:63:[m[K [01;31m[Kerror: [m[Ktemplate argument 1 is invalid
[0.325s]  2128 |       typedef typename aligned_storage<_S_len, alignment_value[01;31m[K>[m[K::type type;
[0.325s]       |                                                               [01;31m[K^[m[K
[0.326s] [01m[K/usr/include/c++/11/type_traits:2128:63:[m[K [01;31m[Kerror: [m[Ktemplate argument 2 is invalid
[0.326s] [01m[K/usr/include/c++/11/type_traits:2131:13:[m[K [01;31m[Kerror: [m[K‘[01m[Ksize_t[m[K’ has not been declared
[0.326s]  2131 |   template <[01;31m[Ksize_t[m[K _Len, typename... _Types>
[0.326s]       |             [01;31m[K^~~~~~[m[K
[0.326s] [01m[K/usr/include/c++/11/type_traits:2132:11:[m[K [01;31m[Kerror: [m[K‘[01m[Ksize_t[m[K’ does not name a type
[0.326s]  2132 |     const [01;31m[Ksize_t[m[K aligned_union<_Len, _Types...>::alignment_value;
[0.326s]       |           [01;31m[K^~~~~~[m[K
[0.326s] [01m[K/usr/include/c++/11/type_traits:2132:11:[m[K [01;36m[Knote: [m[K‘[01m[Ksize_t[m[K’ is defined in header ‘[01m[K<cstddef>[m[K’; did you forget to ‘[01m[K#include <cstddef>[m[K’?
[0.326s] [01m[K/usr/include/c++/11/type_traits:2566:12:[m[K [01;31m[Kerror: [m[K‘[01m[Ksize_t[m[K’ has not been declared
[0.326s]  2566 |   template<[01;31m[Ksize_t[m[K _Len, size_t _Align =
[0.327s]       |            [01;31m[K^~~~~~[m[K
[0.327s] [01m[K/usr/include/c++/11/type_traits:2566:25:[m[K [01;31m[Kerror: [m[K‘[01m[Ksize_t[m[K’ has not been declared
[0.327s]  2566 |   template<size_t _Len, [01;31m[Ksize_t[m[K _Align =
[0.327s]       |                         [01;31m[K^~~~~~[m[K
[0.327s] [01m[K/usr/include/c++/11/type_traits:2567:56:[m[K [01;31m[Kerror: [m[K‘[01m[K_Len[m[K’ was not declared in this scope
[0.327s]  2567 |             __alignof__(typename __aligned_storage_msa<[01;31m[K_Len[m[K>::__type)>
[0.327s]       |                                                        [01;31m[K^~~~[m[K
[0.327s] [01m[K/usr/include/c++/11/type_traits:2567:60:[m[K [01;31m[Kerror: [m[Ktemplate argument 1 is invalid
[0.327s]  2567 |             __alignof__(typename __aligned_storage_msa<_Len[01;31m[K>[m[K::__type)>
[0.328s]       |                                                            [01;31m[K^[m[K
[0.328s] [01m[K/usr/include/c++/11/type_traits:2568:56:[m[K [01;31m[Kerror: [m[K‘[01m[K_Len[m[K’ was not declared in this scope
[0.328s]  2568 |     using aligned_storage_t = typename aligned_storage<[01;31m[K_Len[m[K, _Align>::type;
[0.328s]       |                                                        [01;31m[K^~~~[m[K
[0.328s] [01m[K/usr/include/c++/11/type_traits:2568:62:[m[K [01;31m[Kerror: [m[K‘[01m[K_Align[m[K’ was not declared in this scope
[0.328s]  2568 |     using aligned_storage_t = typename aligned_storage<_Len, [01;31m[K_Align[m[K>::type;
[0.328s]       |                                                              [01;31m[K^~~~~~[m[K
[0.328s] [01m[K/usr/include/c++/11/type_traits:2568:68:[m[K [01;31m[Kerror: [m[Ktemplate argument 1 is invalid
[0.328s]  2568 |     using aligned_storage_t = typename aligned_storage<_Len, _Align[01;31m[K>[m[K::type;
[0.328s]       |                                                                    [01;31m[K^[m[K
[0.329s] [01m[K/usr/include/c++/11/type_traits:2568:68:[m[K [01;31m[Kerror: [m[Ktemplate argument 2 is invalid
[0.329s] [01m[K/usr/include/c++/11/type_traits:2570:13:[m[K [01;31m[Kerror: [m[K‘[01m[Ksize_t[m[K’ has not been declared
[0.329s]  2570 |   template <[01;31m[Ksize_t[m[K _Len, typename... _Types>
[0.329s]       |             [01;31m[K^~~~~~[m[K
[0.329s] [01m[K/usr/include/c++/11/type_traits:2571:52:[m[K [01;31m[Kerror: [m[K‘[01m[K_Len[m[K’ was not declared in this scope
[0.329s]  2571 |     using aligned_union_t = typename aligned_union<[01;31m[K_Len[m[K, _Types...>::type;
[0.329s]       |                                                    [01;31m[K^~~~[m[K
[0.329s] [01m[K/usr/include/c++/11/type_traits:2571:67:[m[K [01;31m[Kerror: [m[Ktemplate argument 1 is invalid
[0.329s]  2571 |     using aligned_union_t = typename aligned_union<_Len, _Types...[01;31m[K>[m[K::type;
[0.329s]       |                                                                   [01;31m[K^[m[K
[0.329s] [01m[K/usr/include/c++/11/type_traits:2680:26:[m[K [01;31m[Kerror: [m[K‘[01m[Ksize_t[m[K’ has not been declared
[0.330s]  2680 |   template<typename _Tp, [01;31m[Ksize_t[m[K _Nm>
[0.330s]       |                          [01;31m[K^~~~~~[m[K
[0.330s] [01m[K/usr/include/c++/11/type_traits:2684:21:[m[K [01;31m[Kerror: [m[K‘[01m[K_Nm[m[K’ was not declared in this scope
[0.330s]  2684 |     swap(_Tp (&__a)[[01;31m[K_Nm[m[K], _Tp (&__b)[_Nm])
[0.330s]       |                     [01;31m[K^~~[m[K
[0.330s] [01m[K/usr/include/c++/11/type_traits:2684:24:[m[K [01;31m[Kerror: [m[K‘[01m[Ktemplate<class _Tp, <declaration error> > std::__enable_if_t<std::__is_swappable<_Tp>::value> std::swap[m[K’ conflicts with a previous declaration
[0.330s]  2684 |     swap(_Tp (&__a)[_Nm[01;31m[K][m[K, _Tp (&__b)[_Nm])
[0.330s]       |                        [01;31m[K^[m[K
[0.330s] [01m[K/usr/include/c++/11/type_traits:2676:5:[m[K [01;36m[Knote: [m[Kprevious declaration ‘[01m[Kstd::_Require<std::__not_<std::__is_tuple_like<_Tp> >, std::is_move_constructible<_Tp>, std::is_move_assignable<_Tp> > std::swap(_Tp&, _Tp&)[m[K’
[0.330s]  2676 |     [01;36m[Kswap[m[K(_Tp&, _Tp&)
[0.330s]       |     [01;36m[K^~~~[m[K
[0.331s] [01m[K/usr/include/c++/11/type_traits:2684:16:[m[K [01;31m[Kerror: [m[K‘[01m[K__a[m[K’ was not declared in this scope
[0.331s]  2684 |     swap(_Tp (&[01;31m[K__a[m[K)[_Nm], _Tp (&__b)[_Nm])
[0.331s]       |                [01;31m[K^~~[m[K
[0.331s] [01m[K/usr/include/c++/11/type_traits:2684:21:[m[K [01;31m[Kerror: [m[K‘[01m[K_Nm[m[K’ was not declared in this scope
[0.331s]  2684 |     swap(_Tp (&__a)[[01;31m[K_Nm[m[K], _Tp (&__b)[_Nm])
[0.331s]       |                     [01;31m[K^~~[m[K
[0.331s] [01m[K/usr/include/c++/11/type_traits:2684:33:[m[K [01;31m[Kerror: [m[K‘[01m[K__b[m[K’ was not declared in this scope
[0.331s]  2684 |     swap(_Tp (&__a)[_Nm], _Tp (&[01;31m[K__b[m[K)[_Nm])
[0.331s]       |                                 [01;31m[K^~~[m[K
[0.331s] [01m[K/usr/include/c++/11/type_traits:2684:38:[m[K [01;31m[Kerror: [m[K‘[01m[K_Nm[m[K’ was not declared in this scope
[0.331s]  2684 |     swap(_Tp (&__a)[_Nm], _Tp (&__b)[[01;31m[K_Nm[m[K])
[0.332s]       |                                      [01;31m[K^~~[m[K
[0.332s] [01m[K/usr/include/c++/11/type_traits:2684:43:[m[K [01;31m[Kerror: [m[Kexpected ‘[01m[K;[m[K’ before ‘[01m[Knoexcept[m[K’
[0.332s]  2684 |     swap(_Tp (&__a)[_Nm], _Tp (&__b)[_Nm])
[0.332s]       |                                           [01;31m[K^[m[K
[0.332s]       |                                           [32m[K;[m[K
[0.332s]  2685 |     [32m[Knoexcept[m[K(__is_nothrow_swappable<_Tp>::value);
[0.332s]       |     [32m[K~~~~~~~~[m[K                               
[0.332s] [01m[K/usr/include/c++/11/type_traits:3244:20:[m[K [01;31m[Kerror: [m[K‘[01m[Ksize_t[m[K’ does not name a type
[0.332s]  3244 |   inline constexpr [01;31m[Ksize_t[m[K alignment_of_v = alignment_of<_Tp>::value;
[0.332s]       |                    [01;31m[K^~~~~~[m[K
[0.333s] [01m[K/usr/include/c++/11/type_traits:3244:20:[m[K [01;36m[Knote: [m[K‘[01m[Ksize_t[m[K’ is defined in header ‘[01m[K<cstddef>[m[K’; did you forget to ‘[01m[K#include <cstddef>[m[K’?
[0.333s] [01m[K/usr/include/c++/11/type_traits:3246:20:[m[K [01;31m[Kerror: [m[K‘[01m[Ksize_t[m[K’ does not name a type
[0.333s]  3246 |   inline constexpr [01;31m[Ksize_t[m[K rank_v = rank<_Tp>::value;
[0.333s]       |                    [01;31m[K^~~~~~[m[K
[0.333s] [01m[K/usr/include/c++/11/type_traits:3246:20:[m[K [01;36m[Knote: [m[K‘[01m[Ksize_t[m[K’ is defined in header ‘[01m[K<cstddef>[m[K’; did you forget to ‘[01m[K#include <cstddef>[m[K’?
[0.333s] [01m[K/usr/include/c++/11/type_traits:3248:20:[m[K [01;31m[Kerror: [m[K‘[01m[Ksize_t[m[K’ does not name a type
[0.333s]  3248 |   inline constexpr [01;31m[Ksize_t[m[K extent_v = extent<_Tp, _Idx>::value;
[0.333s]       |                    [01;31m[K^~~~~~[m[K
[0.333s] [01m[K/usr/include/c++/11/type_traits:3248:20:[m[K [01;36m[Knote: [m[K‘[01m[Ksize_t[m[K’ is defined in header ‘[01m[K<cstddef>[m[K’; did you forget to ‘[01m[K#include <cstddef>[m[K’?
[0.333s] In file included from [01m[K/usr/include/c++/11/bits/stl_pair.h:59[m[K,
[0.334s]                  from [01m[K/usr/include/c++/11/utility:70[m[K,
[0.334s]                  from [01m[K/usr/include/c++/11/algorithm:60[m[K,
[0.334s]                  from [01m[K/home/leedonghyuck/ws_px4/install/px4_msgs/include/px4_msgs/px4_msgs/msg/detail/mode_completed__struct.hpp:8[m[K,
[0.334s]                  from [01m[K/home/leedonghyuck/ws_px4/install/px4_msgs/include/px4_msgs/px4_msgs/msg/mode_completed.hpp:7[m[K,
[0.334s]                  from [01m[K/home/leedonghyuck/ws_px4/install/px4_ros2_cpp/include/px4_ros2/components/mode.hpp:9[m[K,
[0.334s]                  from [01m[K/home/leedonghyuck/ws_px4/install/px4_ros2_cpp/include/px4_ros2/components/node_with_mode.hpp:8[m[K,
[0.334s]                  from [01m[K/home/leedonghyuck/ws_px4/src/collision_avoidance/src/main.cpp:2[m[K:
[0.334s] [01m[K/usr/include/c++/11/bits/move.h:212:26:[m[K [01;31m[Kerror: [m[K‘[01m[Ksize_t[m[K’ has not been declared
[0.334s]   212 |   template<typename _Tp, [01;31m[Ksize_t[m[K _Nm>
[0.334s]       |                          [01;31m[K^~~~~~[m[K
[0.335s] [01m[K/usr/include/c++/11/bits/move.h:220:21:[m[K [01;31m[Kerror: [m[K‘[01m[K_Nm[m[K’ was not declared in this scope
[0.335s]   220 |     swap(_Tp (&__a)[[01;31m[K_Nm[m[K], _Tp (&__b)[_Nm])
[0.335s]       |                     [01;31m[K^~~[m[K
[0.335s] [01m[K/usr/include/c++/11/bits/move.h:220:24:[m[K [01;31m[Kerror: [m[K‘[01m[Ktemplate<class _Tp, <declaration error> > typename std::enable_if<std::__is_swappable<_Tp>::value, void>::type std::swap[m[K’ conflicts with a previous declaration
[0.335s]   220 |     swap(_Tp (&__a)[_Nm[01;31m[K][m[K, _Tp (&__b)[_Nm])
[0.335s]       |                        [01;31m[K^[m[K
[0.335s] [01m[K/usr/include/c++/11/bits/move.h:196:5:[m[K [01;36m[Knote: [m[Kprevious declaration ‘[01m[Kstd::_Require<std::__not_<std::__is_tuple_like<_Tp> >, std::is_move_constructible<_Tp>, std::is_move_assignable<_Tp> > std::swap(_Tp&, _Tp&)[m[K’
[0.335s]   196 |     [01;36m[Kswap[m[K(_Tp& __a, _Tp& __b)
[0.335s]       |     [01;36m[K^~~~[m[K
[0.335s] [01m[K/usr/include/c++/11/bits/move.h:220:16:[m[K [01;31m[Kerror: [m[K‘[01m[K__a[m[K’ was not declared in this scope
[0.335s]   220 |     swap(_Tp (&[01;31m[K__a[m[K)[_Nm], _Tp (&__b)[_Nm])
[0.335s]       |                [01;31m[K^~~[m[K
[0.336s] [01m[K/usr/include/c++/11/bits/move.h:220:21:[m[K [01;31m[Kerror: [m[K‘[01m[K_Nm[m[K’ was not declared in this scope
[0.336s]   220 |     swap(_Tp (&__a)[[01;31m[K_Nm[m[K], _Tp (&__b)[_Nm])
[0.336s]       |                     [01;31m[K^~~[m[K
[0.336s] [01m[K/usr/include/c++/11/bits/move.h:220:33:[m[K [01;31m[Kerror: [m[K‘[01m[K__b[m[K’ was not declared in this scope
[0.336s]   220 |     swap(_Tp (&__a)[_Nm], _Tp (&[01;31m[K__b[m[K)[_Nm])
[0.336s]       |                                 [01;31m[K^~~[m[K
[0.336s] [01m[K/usr/include/c++/11/bits/move.h:220:38:[m[K [01;31m[Kerror: [m[K‘[01m[K_Nm[m[K’ was not declared in this scope
[0.336s]   220 |     swap(_Tp (&__a)[_Nm], _Tp (&__b)[[01;31m[K_Nm[m[K])
[0.336s]       |                                      [01;31m[K^~~[m[K
[0.336s] [01m[K/usr/include/c++/11/bits/move.h:220:43:[m[K [01;31m[Kerror: [m[Kexpected ‘[01m[K;[m[K’ before ‘[01m[Knoexcept[m[K’
[0.336s]   220 |     swap(_Tp (&__a)[_Nm], _Tp (&__b)[_Nm])
[0.336s]       |                                           [01;31m[K^[m[K
[0.337s]       |                                           [32m[K;[m[K
[0.337s] In file included from [01m[K/usr/include/c++/11/utility:70[m[K,
[0.337s]                  from [01m[K/usr/include/c++/11/algorithm:60[m[K,
[0.337s]                  from [01m[K/home/leedonghyuck/ws_px4/install/px4_msgs/include/px4_msgs/px4_msgs/msg/detail/mode_completed__struct.hpp:8[m[K,
[0.337s]                  from [01m[K/home/leedonghyuck/ws_px4/install/px4_msgs/include/px4_msgs/px4_msgs/msg/mode_completed.hpp:7[m[K,
[0.337s]                  from [01m[K/home/leedonghyuck/ws_px4/install/px4_ros2_cpp/include/px4_ros2/components/mode.hpp:9[m[K,
[0.337s]                  from [01m[K/home/leedonghyuck/ws_px4/install/px4_ros2_cpp/include/px4_ros2/components/node_with_mode.hpp:8[m[K,
[0.337s]                  from [01m[K/home/leedonghyuck/ws_px4/src/collision_avoidance/src/main.cpp:2[m[K:
[0.337s] [01m[K/usr/include/c++/11/bits/stl_pair.h:92:12:[m[K [01;31m[Kerror: [m[K‘[01m[Ksize_t[m[K’ has not been declared
[0.337s]    92 |   template<[01;31m[Ksize_t[m[K...>
[0.337s]       |            [01;31m[K^~~~~~[m[K
[0.338s] [01m[K/usr/include/c++/11/bits/stl_pair.h:449:36:[m[K [01;31m[Kerror: [m[K‘[01m[Ksize_t[m[K’ has not been declared
[0.338s]   449 |       template<typename... _Args1, [01;31m[Ksize_t[m[K... _Indexes1,
[0.338s]       |                                    [01;31m[K^~~~~~[m[K
[0.338s] [01m[K/usr/include/c++/11/bits/stl_pair.h:450:36:[m[K [01;31m[Kerror: [m[K‘[01m[Ksize_t[m[K’ has not been declared
[0.338s]   450 |                typename... _Args2, [01;31m[Ksize_t[m[K... _Indexes2>
[0.338s]       |                                    [01;31m[K^~~~~~[m[K
[0.338s] [01m[K/usr/include/c++/11/bits/stl_pair.h:453:27:[m[K [01;31m[Kerror: [m[K‘[01m[K_Indexes1[m[K’ was not declared in this scope
[0.338s]   453 |              _Index_tuple<[01;31m[K_Indexes1[m[K...>, _Index_tuple<_Indexes2...>);
[0.338s]       |                           [01;31m[K^~~~~~~~~[m[K
[0.338s] [01m[K/usr/include/c++/11/bits/stl_pair.h:453:36:[m[K [01;31m[Kerror: [m[Kexpected parameter pack before ‘[01m[K...[m[K’
[0.338s]   453 |              _Index_tuple<_Indexes1[01;31m[K...[m[K>, _Index_tuple<_Indexes2...>);
[0.338s]       |                                    [01;31m[K^~~[m[K
[0.339s] [01m[K/usr/include/c++/11/bits/stl_pair.h:453:39:[m[K [01;31m[Kerror: [m[Ktemplate argument 1 is invalid
[0.339s]   453 |              _Index_tuple<_Indexes1...[01;31m[K>[m[K, _Index_tuple<_Indexes2...>);
[0.339s]       |                                       [01;31m[K^[m[K
[0.339s] [01m[K/usr/include/c++/11/bits/stl_pair.h:453:55:[m[K [01;31m[Kerror: [m[K‘[01m[K_Indexes2[m[K’ was not declared in this scope
[0.339s]   453 |              _Index_tuple<_Indexes1...>, _Index_tuple<[01;31m[K_Indexes2[m[K...>);
[0.339s]       |                                                       [01;31m[K^~~~~~~~~[m[K
[0.339s] [01m[K/usr/include/c++/11/bits/stl_pair.h:453:64:[m[K [01;31m[Kerror: [m[Kexpected parameter pack before ‘[01m[K...[m[K’
[0.339s]   453 |              _Index_tuple<_Indexes1...>, _Index_tuple<_Indexes2[01;31m[K...[m[K>);
[0.339s]       |                                                                [01;31m[K^~~[m[K
[0.339s] [01m[K/usr/include/c++/11/bits/stl_pair.h:453:67:[m[K [01;31m[Kerror: [m[Ktemplate argument 1 is invalid
[0.339s]   453 |              _Index_tuple<_Indexes1...>, _Index_tuple<_Indexes2...[01;31m[K>[m[K);
[0.340s]       |                                                                   [01;31m[K^[m[K
[0.340s] In file included from [01m[K/usr/include/c++/11/utility:76[m[K,
[0.340s]                  from [01m[K/usr/include/c++/11/algorithm:60[m[K,
[0.340s]                  from [01m[K/home/leedonghyuck/ws_px4/install/px4_msgs/include/px4_msgs/px4_msgs/msg/detail/mode_completed__struct.hpp:8[m[K,
[0.340s]                  from [01m[K/home/leedonghyuck/ws_px4/install/px4_msgs/include/px4_msgs/px4_msgs/msg/mode_completed.hpp:7[m[K,
[0.340s]                  from [01m[K/home/leedonghyuck/ws_px4/install/px4_ros2_cpp/include/px4_ros2/components/mode.hpp:9[m[K,
[0.340s]                  from [01m[K/home/leedonghyuck/ws_px4/install/px4_ros2_cpp/include/px4_ros2/components/node_with_mode.hpp:8[m[K,
[0.340s]                  from [01m[K/home/leedonghyuck/ws_px4/src/collision_avoidance/src/main.cpp:2[m[K:
[0.340s] [01m[K/usr/include/c++/11/initializer_list:53:15:[m[K [01;31m[Kerror: [m[K‘[01m[Ksize_t[m[K’ does not name a type
[0.340s]    53 |       typedef [01;31m[Ksize_t[m[K            size_type;
[0.340s]       |               [01;31m[K^~~~~~[m[K
[0.340s] In file included from [01m[K/usr/include/c++/11/utility:76[m[K,
[0.341s]                  from [01m[K/usr/include/c++/11/algorithm:60[m[K,
[0.341s]                  from [01m[K/home/leedonghyuck/ws_px4/install/px4_msgs/include/px4_msgs/px4_msgs/msg/detail/mode_completed__struct.hpp:8[m[K,
[0.341s]                  from [01m[K/home/leedonghyuck/ws_px4/install/px4_msgs/include/px4_msgs/px4_msgs/msg/mode_completed.hpp:7[m[K,
[0.341s]                  from [01m[K/home/leedonghyuck/ws_px4/install/px4_ros2_cpp/include/px4_ros2/components/mode.hpp:9[m[K,
[0.341s]                  from [01m[K/home/leedonghyuck/ws_px4/install/px4_ros2_cpp/include/px4_ros2/components/node_with_mode.hpp:8[m[K,
[0.341s]                  from [01m[K/home/leedonghyuck/ws_px4/src/collision_avoidance/src/main.cpp:2[m[K:
[0.341s] [01m[K/usr/include/c++/11/initializer_list:1:1:[m[K [01;36m[Knote: [m[K‘[01m[Ksize_t[m[K’ is defined in header ‘[01m[K<cstddef>[m[K’; did you forget to ‘[01m[K#include <cstddef>[m[K’?
[0.341s]   +++ |+[32m[K#include <cstddef>[m[K
[0.341s]     1 | // std::initializer_list support -*- C++ -*-
[0.341s] In file included from [01m[K/usr/include/c++/11/utility:76[m[K,
[0.341s]                  from [01m[K/usr/include/c++/11/algorithm:60[m[K,
[0.342s]                  from [01m[K/home/leedonghyuck/ws_px4/install/px4_msgs/include/px4_msgs/px4_msgs/msg/detail/mode_completed__struct.hpp:8[m[K,
[0.342s]                  from [01m[K/home/leedonghyuck/ws_px4/install/px4_msgs/include/px4_msgs/px4_msgs/msg/mode_completed.hpp:7[m[K,
[0.342s]                  from [01m[K/home/leedonghyuck/ws_px4/install/px4_ros2_cpp/include/px4_ros2/components/mode.hpp:9[m[K,
[0.342s]                  from [01m[K/home/leedonghyuck/ws_px4/install/px4_ros2_cpp/include/px4_ros2/components/node_with_mode.hpp:8[m[K,
[0.342s]                  from [01m[K/home/leedonghyuck/ws_px4/src/collision_avoidance/src/main.cpp:2[m[K:
[0.342s] [01m[K/usr/include/c++/11/initializer_list:59:7:[m[K [01;31m[Kerror: [m[K‘[01m[Ksize_type[m[K’ does not name a type; did you mean ‘[01m[Ktrue_type[m[K’?
[0.342s]    59 |       [01;31m[Ksize_type[m[K                 _M_len;
[0.342s]       |       [01;31m[K^~~~~~~~~[m[K
[0.342s]       |       [32m[Ktrue_type[m[K
[0.342s] [01m[K/usr/include/c++/11/initializer_list:62:54:[m[K [01;31m[Kerror: [m[K‘[01m[Ksize_type[m[K’ has not been declared
[0.342s]    62 |       constexpr initializer_list(const_iterator __a, [01;31m[Ksize_type[m[K __l)
[0.343s]       |                                                      [01;31m[K^~~~~~~~~[m[K
[0.343s] [01m[K/usr/include/c++/11/initializer_list:70:17:[m[K [01;31m[Kerror: [m[K‘[01m[Ksize_type[m[K’ does not name a type; did you mean ‘[01m[Ktrue_type[m[K’?
[0.343s]    70 |       constexpr [01;31m[Ksize_type[m[K
[0.343s]       |                 [01;31m[K^~~~~~~~~[m[K
[0.343s]       |                 [32m[Ktrue_type[m[K
[0.343s] [01m[K/usr/include/c++/11/initializer_list:47:11:[m[K [01;31m[Kfatal error: [m[Kdefinition of ‘[01m[Kclass std::initializer_list<_E>[m[K’ does not match ‘[01m[K#include <initializer_list>[m[K’
[0.343s]    47 |     class [01;31m[Kinitializer_list[m[K
[0.343s]       |           [01;31m[K^~~~~~~~~~~~~~~~[m[K
[0.343s] compilation terminated.
[0.346s] gmake[2]: *** [CMakeFiles/collision_avoidance_node.dir/build.make:76: CMakeFiles/collision_avoidance_node.dir/src/main.cpp.o] Error 1
[0.346s] gmake[1]: *** [CMakeFiles/Makefile2:137: CMakeFiles/collision_avoidance_node.dir/all] Error 2
[0.347s] gmake: *** [Makefile:146: all] Error 2
[0.350s] Invoked command in '/home/leedonghyuck/ws_px4/build/collision_avoidance' returned '2': CMAKE_PREFIX_PATH=/home/leedonghyuck/ws_px4/install/px4_ros2_cpp:/home/leedonghyuck/ws_px4/install/px4_msgs:/home/leedonghyuck/ws_px4/install/px4_ros_com:/home/leedonghyuck/ws_px4/install/px4_ros2_py:/home/leedonghyuck/ws_px4/install/example_rover_velocity_mode_cpp:/home/leedonghyuck/ws_px4/install/example_mode_with_executor_cpp:/home/leedonghyuck/ws_px4/install/example_mode_vtol_cpp:/home/leedonghyuck/ws_px4/install/example_mode_rtl_replacement_cpp:/home/leedonghyuck/ws_px4/install/example_mode_mission_cpp:/home/leedonghyuck/ws_px4/install/example_mode_manual_cpp:/home/leedonghyuck/ws_px4/install/example_mode_goto_global_cpp:/home/leedonghyuck/ws_px4/install/example_mode_goto_cpp:/home/leedonghyuck/ws_px4/install/example_mode_fw_attitude_cpp:/home/leedonghyuck/ws_px4/install/example_local_navigation_cpp:/home/leedonghyuck/ws_px4/install/example_global_navigation_cpp:/home/leedonghyuck/ws_px4/install/example_executor_with_multiple_modes_cpp:/home/leedonghyuck/ws_px4/install/collision_avoidance:/home/leedonghyuck/ws_px4/install/example_mode_with_rclpy_py:/home/leedonghyuck/ws_px4/install/example_mode_goto_py:/opt/ros/humble LD_LIBRARY_PATH=/home/leedonghyuck/ws_px4/install/px4_ros2_cpp/lib:/home/leedonghyuck/ws_px4/install/px4_msgs/lib:/home/leedonghyuck/ws_px4/install/px4_ros_com/lib:/usr/lib/x86_64-linux-gnu/gazebo-11/plugins:/opt/ros/humble/opt/rviz_ogre_vendor/lib:/opt/ros/humble/lib/x86_64-linux-gnu:/opt/ros/humble/lib:/home/username/.mujoco/mujoco210/bin /usr/bin/cmake --build /home/leedonghyuck/ws_px4/build/collision_avoidance -- -j32 -l32
