-- Found eigen3_cmake_module: 0.1.1 (/opt/ros/humble/share/eigen3_cmake_module/cmake)
-- Found ament_cmake: 1.3.13 (/opt/ros/humble/share/ament_cmake/cmake)
-- Found rclcpp: 16.0.18 (/opt/ros/humble/share/rclcpp/cmake)
-- Found rosidl_generator_c: 3.1.8 (/opt/ros/humble/share/rosidl_generator_c/cmake)
-- Found rosidl_adapter: 3.1.8 (/opt/ros/humble/share/rosidl_adapter/cmake)
-- Found rosidl_generator_cpp: 3.1.8 (/opt/ros/humble/share/rosidl_generator_cpp/cmake)
-- Using all available rosidl_typesupport_c: rosidl_typesupport_fastrtps_c;rosidl_typesupport_introspection_c
-- Using all available rosidl_typesupport_cpp: rosidl_typesupport_fastrtps_cpp;rosidl_typesupport_introspection_cpp
-- Found rmw_implementation_cmake: 6.1.2 (/opt/ros/humble/share/rmw_implementation_cmake/cmake)
-- Found rmw_fastrtps_cpp: 6.2.10 (/opt/ros/humble/share/rmw_fastrtps_cpp/cmake)
-- Using RMW implementation 'rmw_fastrtps_cpp' as default
-- Found px4_ros2_cpp: 0.0.1 (/home/leedonghyuck/ws_px4/install/px4_ros2_cpp/share/px4_ros2_cpp/cmake)
-- Configuring done
-- Generating done
-- Build files have been written to: /home/leedonghyuck/ws_px4/build/collision_avoidance
[35m[1mConsolidate compiler generated dependencies of target collision_avoidance_node[0m
[100%] Built target collision_avoidance_node
-- Install configuration: ""
-- Up-to-date: /home/leedonghyuck/ws_px4/install/collision_avoidance/lib/collision_avoidance/collision_avoidance_node
-- Up-to-date: /home/leedonghyuck/ws_px4/install/collision_avoidance/share/ament_index/resource_index/package_run_dependencies/collision_avoidance
-- Installing: /home/leedonghyuck/ws_px4/install/collision_avoidance/share/ament_index/resource_index/parent_prefix_path/collision_avoidance
-- Up-to-date: /home/leedonghyuck/ws_px4/install/collision_avoidance/share/collision_avoidance/environment/ament_prefix_path.sh
-- Installing: /home/leedonghyuck/ws_px4/install/collision_avoidance/share/collision_avoidance/environment/ament_prefix_path.dsv
-- Up-to-date: /home/leedonghyuck/ws_px4/install/collision_avoidance/share/collision_avoidance/environment/path.sh
-- Installing: /home/leedonghyuck/ws_px4/install/collision_avoidance/share/collision_avoidance/environment/path.dsv
-- Up-to-date: /home/leedonghyuck/ws_px4/install/collision_avoidance/share/collision_avoidance/local_setup.bash
-- Up-to-date: /home/leedonghyuck/ws_px4/install/collision_avoidance/share/collision_avoidance/local_setup.sh
-- Up-to-date: /home/leedonghyuck/ws_px4/install/collision_avoidance/share/collision_avoidance/local_setup.zsh
-- Installing: /home/leedonghyuck/ws_px4/install/collision_avoidance/share/collision_avoidance/local_setup.dsv
-- Installing: /home/leedonghyuck/ws_px4/install/collision_avoidance/share/collision_avoidance/package.dsv
-- Up-to-date: /home/leedonghyuck/ws_px4/install/collision_avoidance/share/ament_index/resource_index/packages/collision_avoidance
-- Up-to-date: /home/leedonghyuck/ws_px4/install/collision_avoidance/share/collision_avoidance/cmake/collision_avoidanceConfig.cmake
-- Up-to-date: /home/leedonghyuck/ws_px4/install/collision_avoidance/share/collision_avoidance/cmake/collision_avoidanceConfig-version.cmake
-- Up-to-date: /home/leedonghyuck/ws_px4/install/collision_avoidance/share/collision_avoidance/package.xml
