[0.034s] Invoking command in '/home/leedonghyuck/ws_px4/build/example_mode_goto_cpp': AMENT_PREFIX_PATH=/home/leedonghyuck/ws_px4/install/px4_ros2_cpp:/home/leedonghyuck/ws_px4/install/px4_msgs:${AMENT_PREFIX_PATH} CMAKE_PREFIX_PATH=/home/leedonghyuck/ws_px4/install/px4_ros2_cpp:/home/leedonghyuck/ws_px4/install/px4_msgs:/opt/ros/humble LD_LIBRARY_PATH=/home/leedonghyuck/ws_px4/install/px4_ros2_cpp/lib:/home/leedonghyuck/ws_px4/install/px4_msgs/lib:/opt/ros/humble/opt/rviz_ogre_vendor/lib:/opt/ros/humble/lib/x86_64-linux-gnu:/opt/ros/humble/lib:/home/username/.mujoco/mujoco210/bin PYTHONPATH=/home/leedonghyuck/ws_px4/install/px4_msgs/local/lib/python3.10/dist-packages:${PYTHONPATH} /usr/bin/cmake --build /home/leedonghyuck/ws_px4/build/example_mode_goto_cpp -- -j32 -l32
[0.090s] [100%] Built target example_mode_goto
[0.142s] Invoked command in '/home/leedonghyuck/ws_px4/build/example_mode_goto_cpp' returned '0': AMENT_PREFIX_PATH=/home/leedonghyuck/ws_px4/install/px4_ros2_cpp:/home/leedonghyuck/ws_px4/install/px4_msgs:${AMENT_PREFIX_PATH} CMAKE_PREFIX_PATH=/home/leedonghyuck/ws_px4/install/px4_ros2_cpp:/home/leedonghyuck/ws_px4/install/px4_msgs:/opt/ros/humble LD_LIBRARY_PATH=/home/leedonghyuck/ws_px4/install/px4_ros2_cpp/lib:/home/leedonghyuck/ws_px4/install/px4_msgs/lib:/opt/ros/humble/opt/rviz_ogre_vendor/lib:/opt/ros/humble/lib/x86_64-linux-gnu:/opt/ros/humble/lib:/home/username/.mujoco/mujoco210/bin PYTHONPATH=/home/leedonghyuck/ws_px4/install/px4_msgs/local/lib/python3.10/dist-packages:${PYTHONPATH} /usr/bin/cmake --build /home/leedonghyuck/ws_px4/build/example_mode_goto_cpp -- -j32 -l32
[0.143s] Invoking command in '/home/leedonghyuck/ws_px4/build/example_mode_goto_cpp': AMENT_PREFIX_PATH=/home/leedonghyuck/ws_px4/install/px4_ros2_cpp:/home/leedonghyuck/ws_px4/install/px4_msgs:${AMENT_PREFIX_PATH} CMAKE_PREFIX_PATH=/home/leedonghyuck/ws_px4/install/px4_ros2_cpp:/home/leedonghyuck/ws_px4/install/px4_msgs:/opt/ros/humble LD_LIBRARY_PATH=/home/leedonghyuck/ws_px4/install/px4_ros2_cpp/lib:/home/leedonghyuck/ws_px4/install/px4_msgs/lib:/opt/ros/humble/opt/rviz_ogre_vendor/lib:/opt/ros/humble/lib/x86_64-linux-gnu:/opt/ros/humble/lib:/home/username/.mujoco/mujoco210/bin PYTHONPATH=/home/leedonghyuck/ws_px4/install/px4_msgs/local/lib/python3.10/dist-packages:${PYTHONPATH} /usr/bin/cmake --install /home/leedonghyuck/ws_px4/build/example_mode_goto_cpp
[0.149s] -- Install configuration: ""
[0.150s] -- Up-to-date: /home/leedonghyuck/ws_px4/install/example_mode_goto_cpp/lib/example_mode_goto_cpp/example_mode_goto
[0.150s] -- Up-to-date: /home/leedonghyuck/ws_px4/install/example_mode_goto_cpp/share/ament_index/resource_index/package_run_dependencies/example_mode_goto_cpp
[0.150s] -- Up-to-date: /home/leedonghyuck/ws_px4/install/example_mode_goto_cpp/share/ament_index/resource_index/parent_prefix_path/example_mode_goto_cpp
[0.150s] -- Up-to-date: /home/leedonghyuck/ws_px4/install/example_mode_goto_cpp/share/example_mode_goto_cpp/environment/ament_prefix_path.sh
[0.150s] -- Up-to-date: /home/leedonghyuck/ws_px4/install/example_mode_goto_cpp/share/example_mode_goto_cpp/environment/ament_prefix_path.dsv
[0.151s] -- Up-to-date: /home/leedonghyuck/ws_px4/install/example_mode_goto_cpp/share/example_mode_goto_cpp/environment/path.sh
[0.151s] -- Up-to-date: /home/leedonghyuck/ws_px4/install/example_mode_goto_cpp/share/example_mode_goto_cpp/environment/path.dsv
[0.151s] -- Up-to-date: /home/leedonghyuck/ws_px4/install/example_mode_goto_cpp/share/example_mode_goto_cpp/local_setup.bash
[0.151s] -- Up-to-date: /home/leedonghyuck/ws_px4/install/example_mode_goto_cpp/share/example_mode_goto_cpp/local_setup.sh
[0.151s] -- Up-to-date: /home/leedonghyuck/ws_px4/install/example_mode_goto_cpp/share/example_mode_goto_cpp/local_setup.zsh
[0.151s] -- Up-to-date: /home/leedonghyuck/ws_px4/install/example_mode_goto_cpp/share/example_mode_goto_cpp/local_setup.dsv
[0.151s] -- Installing: /home/leedonghyuck/ws_px4/install/example_mode_goto_cpp/share/example_mode_goto_cpp/package.dsv
[0.151s] -- Up-to-date: /home/leedonghyuck/ws_px4/install/example_mode_goto_cpp/share/ament_index/resource_index/packages/example_mode_goto_cpp
[0.151s] -- Up-to-date: /home/leedonghyuck/ws_px4/install/example_mode_goto_cpp/share/example_mode_goto_cpp/cmake/example_mode_goto_cppConfig.cmake
[0.151s] -- Up-to-date: /home/leedonghyuck/ws_px4/install/example_mode_goto_cpp/share/example_mode_goto_cpp/cmake/example_mode_goto_cppConfig-version.cmake
[0.152s] -- Up-to-date: /home/leedonghyuck/ws_px4/install/example_mode_goto_cpp/share/example_mode_goto_cpp/package.xml
[0.223s] Invoked command in '/home/leedonghyuck/ws_px4/build/example_mode_goto_cpp' returned '0': AMENT_PREFIX_PATH=/home/leedonghyuck/ws_px4/install/px4_ros2_cpp:/home/leedonghyuck/ws_px4/install/px4_msgs:${AMENT_PREFIX_PATH} CMAKE_PREFIX_PATH=/home/leedonghyuck/ws_px4/install/px4_ros2_cpp:/home/leedonghyuck/ws_px4/install/px4_msgs:/opt/ros/humble LD_LIBRARY_PATH=/home/leedonghyuck/ws_px4/install/px4_ros2_cpp/lib:/home/leedonghyuck/ws_px4/install/px4_msgs/lib:/opt/ros/humble/opt/rviz_ogre_vendor/lib:/opt/ros/humble/lib/x86_64-linux-gnu:/opt/ros/humble/lib:/home/username/.mujoco/mujoco210/bin PYTHONPATH=/home/leedonghyuck/ws_px4/install/px4_msgs/local/lib/python3.10/dist-packages:${PYTHONPATH} /usr/bin/cmake --install /home/leedonghyuck/ws_px4/build/example_mode_goto_cpp
