[0.045s] Invoking command in '/home/leedonghyuck/ws_px4/build/example_mode_goto_global_cpp': AMENT_PREFIX_PATH=/home/leedonghyuck/ws_px4/install/px4_ros2_cpp:/home/leedonghyuck/ws_px4/install/px4_msgs:${AMENT_PREFIX_PATH} CMAKE_PREFIX_PATH=/home/leedonghyuck/ws_px4/install/px4_ros2_cpp:/home/leedonghyuck/ws_px4/install/px4_msgs:/opt/ros/humble LD_LIBRARY_PATH=/home/leedonghyuck/ws_px4/install/px4_ros2_cpp/lib:/home/leedonghyuck/ws_px4/install/px4_msgs/lib:/opt/ros/humble/opt/rviz_ogre_vendor/lib:/opt/ros/humble/lib/x86_64-linux-gnu:/opt/ros/humble/lib:/home/username/.mujoco/mujoco210/bin PYTHONPATH=/home/leedonghyuck/ws_px4/install/px4_msgs/local/lib/python3.10/dist-packages:${PYTHONPATH} /usr/bin/cmake /home/leedonghyuck/ws_px4/src/px4-ros2-interface-lib/examples/cpp/modes/goto_global -DCMAKE_INSTALL_PREFIX=/home/leedonghyuck/ws_px4/install/example_mode_goto_global_cpp
[0.095s] -- The C compiler identification is GNU 11.4.0
[0.147s] -- The CXX compiler identification is GNU 11.4.0
[0.154s] -- Detecting C compiler ABI info
[0.221s] -- Detecting C compiler ABI info - done
[0.227s] -- Check for working C compiler: /usr/bin/cc - skipped
[0.228s] -- Detecting C compile features
[0.228s] -- Detecting C compile features - done
[0.230s] -- Detecting CXX compiler ABI info
[0.309s] -- Detecting CXX compiler ABI info - done
[0.316s] -- Check for working CXX compiler: /usr/bin/c++ - skipped
[0.316s] -- Detecting CXX compile features
[0.317s] -- Detecting CXX compile features - done
[0.319s] -- Found eigen3_cmake_module: 0.1.1 (/opt/ros/humble/share/eigen3_cmake_module/cmake)
[0.331s] -- Found Eigen3: TRUE (found version "3.4.0") 
[0.332s] -- Found ament_cmake: 1.3.13 (/opt/ros/humble/share/ament_cmake/cmake)
[0.463s] -- Found Python3: /usr/bin/python3 (found version "3.10.12") found components: Interpreter 
[0.560s] -- Found rclcpp: 16.0.18 (/opt/ros/humble/share/rclcpp/cmake)
[0.608s] -- Found rosidl_generator_c: 3.1.8 (/opt/ros/humble/share/rosidl_generator_c/cmake)
[0.613s] -- Found rosidl_adapter: 3.1.8 (/opt/ros/humble/share/rosidl_adapter/cmake)
[0.620s] -- Found rosidl_generator_cpp: 3.1.8 (/opt/ros/humble/share/rosidl_generator_cpp/cmake)
[0.630s] -- Using all available rosidl_typesupport_c: rosidl_typesupport_fastrtps_c;rosidl_typesupport_introspection_c
[0.643s] -- Using all available rosidl_typesupport_cpp: rosidl_typesupport_fastrtps_cpp;rosidl_typesupport_introspection_cpp
[0.679s] -- Found rmw_implementation_cmake: 6.1.2 (/opt/ros/humble/share/rmw_implementation_cmake/cmake)
[0.681s] -- Found rmw_fastrtps_cpp: 6.2.10 (/opt/ros/humble/share/rmw_fastrtps_cpp/cmake)
[0.769s] -- Found OpenSSL: /usr/lib/x86_64-linux-gnu/libcrypto.so (found version "3.0.2")  
[0.800s] -- Found FastRTPS: /opt/ros/humble/include  
[0.855s] -- Using RMW implementation 'rmw_fastrtps_cpp' as default
[0.863s] -- Looking for pthread.h
[0.933s] -- Looking for pthread.h - found
[0.933s] -- Performing Test CMAKE_HAVE_LIBC_PTHREAD
[1.002s] -- Performing Test CMAKE_HAVE_LIBC_PTHREAD - Success
[1.004s] -- Found Threads: TRUE  
[1.056s] -- Found px4_ros2_cpp: 0.0.1 (/home/leedonghyuck/ws_px4/install/px4_ros2_cpp/share/px4_ros2_cpp/cmake)
[1.069s] -- Found ament_lint_auto: 0.12.15 (/opt/ros/humble/share/ament_lint_auto/cmake)
[1.150s] -- Added test 'copyright' to check source files copyright and LICENSE
[1.150s] -- Added test 'cppcheck' to perform static code analysis on C / C++ code
[1.151s] -- Configured cppcheck include dirs: /home/leedonghyuck/ws_px4/src/px4-ros2-interface-lib/examples/cpp/modes/goto_global/include
[1.151s] -- Configured cppcheck exclude dirs and/or files: 
[1.151s] -- Added test 'cpplint' to check C / C++ code against the Google style
[1.151s] -- Configured cpplint exclude dirs and/or files: 
[1.153s] -- Added test 'lint_cmake' to check CMake code style
[1.153s] -- Added test 'uncrustify' to check C / C++ code style
[1.153s] -- Configured uncrustify additional arguments: 
[1.153s] -- Added test 'xmllint' to check XML markup files
[1.154s] -- Configuring done
[1.165s] -- Generating done
[1.169s] -- Build files have been written to: /home/leedonghyuck/ws_px4/build/example_mode_goto_global_cpp
[1.181s] Invoked command in '/home/leedonghyuck/ws_px4/build/example_mode_goto_global_cpp' returned '0': AMENT_PREFIX_PATH=/home/leedonghyuck/ws_px4/install/px4_ros2_cpp:/home/leedonghyuck/ws_px4/install/px4_msgs:${AMENT_PREFIX_PATH} CMAKE_PREFIX_PATH=/home/leedonghyuck/ws_px4/install/px4_ros2_cpp:/home/leedonghyuck/ws_px4/install/px4_msgs:/opt/ros/humble LD_LIBRARY_PATH=/home/leedonghyuck/ws_px4/install/px4_ros2_cpp/lib:/home/leedonghyuck/ws_px4/install/px4_msgs/lib:/opt/ros/humble/opt/rviz_ogre_vendor/lib:/opt/ros/humble/lib/x86_64-linux-gnu:/opt/ros/humble/lib:/home/username/.mujoco/mujoco210/bin PYTHONPATH=/home/leedonghyuck/ws_px4/install/px4_msgs/local/lib/python3.10/dist-packages:${PYTHONPATH} /usr/bin/cmake /home/leedonghyuck/ws_px4/src/px4-ros2-interface-lib/examples/cpp/modes/goto_global -DCMAKE_INSTALL_PREFIX=/home/leedonghyuck/ws_px4/install/example_mode_goto_global_cpp
[1.182s] Invoking command in '/home/leedonghyuck/ws_px4/build/example_mode_goto_global_cpp': AMENT_PREFIX_PATH=/home/leedonghyuck/ws_px4/install/px4_ros2_cpp:/home/leedonghyuck/ws_px4/install/px4_msgs:${AMENT_PREFIX_PATH} CMAKE_PREFIX_PATH=/home/leedonghyuck/ws_px4/install/px4_ros2_cpp:/home/leedonghyuck/ws_px4/install/px4_msgs:/opt/ros/humble LD_LIBRARY_PATH=/home/leedonghyuck/ws_px4/install/px4_ros2_cpp/lib:/home/leedonghyuck/ws_px4/install/px4_msgs/lib:/opt/ros/humble/opt/rviz_ogre_vendor/lib:/opt/ros/humble/lib/x86_64-linux-gnu:/opt/ros/humble/lib:/home/username/.mujoco/mujoco210/bin PYTHONPATH=/home/leedonghyuck/ws_px4/install/px4_msgs/local/lib/python3.10/dist-packages:${PYTHONPATH} /usr/bin/cmake --build /home/leedonghyuck/ws_px4/build/example_mode_goto_global_cpp -- -j32 -l32
[1.230s] [ 50%] [32mBuilding CXX object CMakeFiles/example_mode_goto_global.dir/src/main.cpp.o[0m
[5.835s] [100%] [32m[1mLinking CXX executable example_mode_goto_global[0m
[9.505s] [100%] Built target example_mode_goto_global
[9.519s] Invoked command in '/home/leedonghyuck/ws_px4/build/example_mode_goto_global_cpp' returned '0': AMENT_PREFIX_PATH=/home/leedonghyuck/ws_px4/install/px4_ros2_cpp:/home/leedonghyuck/ws_px4/install/px4_msgs:${AMENT_PREFIX_PATH} CMAKE_PREFIX_PATH=/home/leedonghyuck/ws_px4/install/px4_ros2_cpp:/home/leedonghyuck/ws_px4/install/px4_msgs:/opt/ros/humble LD_LIBRARY_PATH=/home/leedonghyuck/ws_px4/install/px4_ros2_cpp/lib:/home/leedonghyuck/ws_px4/install/px4_msgs/lib:/opt/ros/humble/opt/rviz_ogre_vendor/lib:/opt/ros/humble/lib/x86_64-linux-gnu:/opt/ros/humble/lib:/home/username/.mujoco/mujoco210/bin PYTHONPATH=/home/leedonghyuck/ws_px4/install/px4_msgs/local/lib/python3.10/dist-packages:${PYTHONPATH} /usr/bin/cmake --build /home/leedonghyuck/ws_px4/build/example_mode_goto_global_cpp -- -j32 -l32
[9.521s] Invoking command in '/home/leedonghyuck/ws_px4/build/example_mode_goto_global_cpp': AMENT_PREFIX_PATH=/home/leedonghyuck/ws_px4/install/px4_ros2_cpp:/home/leedonghyuck/ws_px4/install/px4_msgs:${AMENT_PREFIX_PATH} CMAKE_PREFIX_PATH=/home/leedonghyuck/ws_px4/install/px4_ros2_cpp:/home/leedonghyuck/ws_px4/install/px4_msgs:/opt/ros/humble LD_LIBRARY_PATH=/home/leedonghyuck/ws_px4/install/px4_ros2_cpp/lib:/home/leedonghyuck/ws_px4/install/px4_msgs/lib:/opt/ros/humble/opt/rviz_ogre_vendor/lib:/opt/ros/humble/lib/x86_64-linux-gnu:/opt/ros/humble/lib:/home/username/.mujoco/mujoco210/bin PYTHONPATH=/home/leedonghyuck/ws_px4/install/px4_msgs/local/lib/python3.10/dist-packages:${PYTHONPATH} /usr/bin/cmake --install /home/leedonghyuck/ws_px4/build/example_mode_goto_global_cpp
[9.528s] -- Install configuration: ""
[9.528s] -- Installing: /home/leedonghyuck/ws_px4/install/example_mode_goto_global_cpp/lib/example_mode_goto_global_cpp/example_mode_goto_global
[9.529s] -- Set runtime path of "/home/leedonghyuck/ws_px4/install/example_mode_goto_global_cpp/lib/example_mode_goto_global_cpp/example_mode_goto_global" to ""
[9.529s] -- Installing: /home/leedonghyuck/ws_px4/install/example_mode_goto_global_cpp/share/ament_index/resource_index/package_run_dependencies/example_mode_goto_global_cpp
[9.529s] -- Installing: /home/leedonghyuck/ws_px4/install/example_mode_goto_global_cpp/share/ament_index/resource_index/parent_prefix_path/example_mode_goto_global_cpp
[9.529s] -- Installing: /home/leedonghyuck/ws_px4/install/example_mode_goto_global_cpp/share/example_mode_goto_global_cpp/environment/ament_prefix_path.sh
[9.529s] -- Installing: /home/leedonghyuck/ws_px4/install/example_mode_goto_global_cpp/share/example_mode_goto_global_cpp/environment/ament_prefix_path.dsv
[9.530s] -- Installing: /home/leedonghyuck/ws_px4/install/example_mode_goto_global_cpp/share/example_mode_goto_global_cpp/environment/path.sh
[9.530s] -- Installing: /home/leedonghyuck/ws_px4/install/example_mode_goto_global_cpp/share/example_mode_goto_global_cpp/environment/path.dsv
[9.530s] -- Installing: /home/leedonghyuck/ws_px4/install/example_mode_goto_global_cpp/share/example_mode_goto_global_cpp/local_setup.bash
[9.530s] -- Installing: /home/leedonghyuck/ws_px4/install/example_mode_goto_global_cpp/share/example_mode_goto_global_cpp/local_setup.sh
[9.530s] -- Installing: /home/leedonghyuck/ws_px4/install/example_mode_goto_global_cpp/share/example_mode_goto_global_cpp/local_setup.zsh
[9.530s] -- Installing: /home/leedonghyuck/ws_px4/install/example_mode_goto_global_cpp/share/example_mode_goto_global_cpp/local_setup.dsv
[9.530s] -- Installing: /home/leedonghyuck/ws_px4/install/example_mode_goto_global_cpp/share/example_mode_goto_global_cpp/package.dsv
[9.530s] -- Installing: /home/leedonghyuck/ws_px4/install/example_mode_goto_global_cpp/share/ament_index/resource_index/packages/example_mode_goto_global_cpp
[9.531s] -- Installing: /home/leedonghyuck/ws_px4/install/example_mode_goto_global_cpp/share/example_mode_goto_global_cpp/cmake/example_mode_goto_global_cppConfig.cmake
[9.531s] -- Installing: /home/leedonghyuck/ws_px4/install/example_mode_goto_global_cpp/share/example_mode_goto_global_cpp/cmake/example_mode_goto_global_cppConfig-version.cmake
[9.531s] -- Installing: /home/leedonghyuck/ws_px4/install/example_mode_goto_global_cpp/share/example_mode_goto_global_cpp/package.xml
[9.533s] Invoked command in '/home/leedonghyuck/ws_px4/build/example_mode_goto_global_cpp' returned '0': AMENT_PREFIX_PATH=/home/leedonghyuck/ws_px4/install/px4_ros2_cpp:/home/leedonghyuck/ws_px4/install/px4_msgs:${AMENT_PREFIX_PATH} CMAKE_PREFIX_PATH=/home/leedonghyuck/ws_px4/install/px4_ros2_cpp:/home/leedonghyuck/ws_px4/install/px4_msgs:/opt/ros/humble LD_LIBRARY_PATH=/home/leedonghyuck/ws_px4/install/px4_ros2_cpp/lib:/home/leedonghyuck/ws_px4/install/px4_msgs/lib:/opt/ros/humble/opt/rviz_ogre_vendor/lib:/opt/ros/humble/lib/x86_64-linux-gnu:/opt/ros/humble/lib:/home/username/.mujoco/mujoco210/bin PYTHONPATH=/home/leedonghyuck/ws_px4/install/px4_msgs/local/lib/python3.10/dist-packages:${PYTHONPATH} /usr/bin/cmake --install /home/leedonghyuck/ws_px4/build/example_mode_goto_global_cpp
