[0.074s] DEBUG:colcon:Command line arguments: ['/usr/bin/colcon', 'build']
[0.074s] DEBUG:colcon:Parsed command line arguments: Namespace(log_base=None, log_level=None, verb_name='build', build_base='build', install_base='install', merge_install=False, symlink_install=False, test_result_base=None, continue_on_error=False, executor='parallel', parallel_workers=32, event_handlers=None, ignore_user_meta=False, metas=['./colcon.meta'], base_paths=['.'], packages_ignore=None, packages_ignore_regex=None, paths=None, packages_up_to=None, packages_up_to_regex=None, packages_above=None, packages_above_and_dependencies=None, packages_above_depth=None, packages_select_by_dep=None, packages_skip_by_dep=None, packages_skip_up_to=None, packages_select_build_failed=False, packages_skip_build_finished=False, packages_select_test_failures=False, packages_skip_test_passed=False, packages_select=None, packages_skip=None, packages_select_regex=None, packages_skip_regex=None, packages_start=None, packages_end=None, allow_overriding=[], cmake_args=None, cmake_target=None, cmake_target_skip_unavailable=False, cmake_clean_cache=False, cmake_clean_first=False, cmake_force_configure=False, ament_cmake_args=None, catkin_cmake_args=None, catkin_skip_building_tests=False, verb_parser=<colcon_defaults.argument_parser.defaults.DefaultArgumentsDecorator object at 0x71c433c50c70>, verb_extension=<colcon_core.verb.build.BuildVerb object at 0x71c433c506a0>, main=<bound method BuildVerb.main of <colcon_core.verb.build.BuildVerb object at 0x71c433c506a0>>)
[0.211s] Level 1:colcon.colcon_core.package_discovery:discover_packages(colcon_meta) check parameters
[0.211s] Level 1:colcon.colcon_core.package_discovery:discover_packages(recursive) check parameters
[0.211s] Level 1:colcon.colcon_core.package_discovery:discover_packages(ignore) check parameters
[0.211s] Level 1:colcon.colcon_core.package_discovery:discover_packages(path) check parameters
[0.211s] Level 1:colcon.colcon_core.package_discovery:discover_packages(colcon_meta) discover
[0.211s] Level 1:colcon.colcon_core.package_discovery:discover_packages(recursive) discover
[0.211s] INFO:colcon.colcon_core.package_discovery:Crawling recursively for packages in '/home/leedonghyuck/ws_px4'
[0.211s] Level 1:colcon.colcon_core.package_identification:_identify(.) by extensions ['ignore', 'ignore_ament_install']
[0.211s] Level 1:colcon.colcon_core.package_identification:_identify(.) by extension 'ignore'
[0.211s] Level 1:colcon.colcon_core.package_identification:_identify(.) by extension 'ignore_ament_install'
[0.211s] Level 1:colcon.colcon_core.package_identification:_identify(.) by extensions ['colcon_pkg']
[0.211s] Level 1:colcon.colcon_core.package_identification:_identify(.) by extension 'colcon_pkg'
[0.211s] Level 1:colcon.colcon_core.package_identification:_identify(.) by extensions ['colcon_meta']
[0.211s] Level 1:colcon.colcon_core.package_identification:_identify(.) by extension 'colcon_meta'
[0.211s] Level 1:colcon.colcon_core.package_identification:_identify(.) by extensions ['ros']
[0.211s] Level 1:colcon.colcon_core.package_identification:_identify(.) by extension 'ros'
[0.222s] Level 1:colcon.colcon_core.package_identification:_identify(.) by extensions ['cmake', 'python']
[0.223s] Level 1:colcon.colcon_core.package_identification:_identify(.) by extension 'cmake'
[0.223s] Level 1:colcon.colcon_core.package_identification:_identify(.) by extension 'python'
[0.223s] Level 1:colcon.colcon_core.package_identification:_identify(.) by extensions ['python_setup_py']
[0.223s] Level 1:colcon.colcon_core.package_identification:_identify(.) by extension 'python_setup_py'
[0.223s] Level 1:colcon.colcon_core.package_identification:_identify(build) by extensions ['ignore', 'ignore_ament_install']
[0.223s] Level 1:colcon.colcon_core.package_identification:_identify(build) by extension 'ignore'
[0.223s] Level 1:colcon.colcon_core.package_identification:_identify(build) ignored
[0.223s] Level 1:colcon.colcon_core.package_identification:_identify(install) by extensions ['ignore', 'ignore_ament_install']
[0.223s] Level 1:colcon.colcon_core.package_identification:_identify(install) by extension 'ignore'
[0.223s] Level 1:colcon.colcon_core.package_identification:_identify(install) ignored
[0.223s] Level 1:colcon.colcon_core.package_identification:_identify(log) by extensions ['ignore', 'ignore_ament_install']
[0.223s] Level 1:colcon.colcon_core.package_identification:_identify(log) by extension 'ignore'
[0.223s] Level 1:colcon.colcon_core.package_identification:_identify(log) ignored
[0.223s] Level 1:colcon.colcon_core.package_identification:_identify(src) by extensions ['ignore', 'ignore_ament_install']
[0.223s] Level 1:colcon.colcon_core.package_identification:_identify(src) by extension 'ignore'
[0.223s] Level 1:colcon.colcon_core.package_identification:_identify(src) by extension 'ignore_ament_install'
[0.223s] Level 1:colcon.colcon_core.package_identification:_identify(src) by extensions ['colcon_pkg']
[0.223s] Level 1:colcon.colcon_core.package_identification:_identify(src) by extension 'colcon_pkg'
[0.223s] Level 1:colcon.colcon_core.package_identification:_identify(src) by extensions ['colcon_meta']
[0.223s] Level 1:colcon.colcon_core.package_identification:_identify(src) by extension 'colcon_meta'
[0.223s] Level 1:colcon.colcon_core.package_identification:_identify(src) by extensions ['ros']
[0.223s] Level 1:colcon.colcon_core.package_identification:_identify(src) by extension 'ros'
[0.223s] Level 1:colcon.colcon_core.package_identification:_identify(src) by extensions ['cmake', 'python']
[0.223s] Level 1:colcon.colcon_core.package_identification:_identify(src) by extension 'cmake'
[0.224s] Level 1:colcon.colcon_core.package_identification:_identify(src) by extension 'python'
[0.224s] Level 1:colcon.colcon_core.package_identification:_identify(src) by extensions ['python_setup_py']
[0.224s] Level 1:colcon.colcon_core.package_identification:_identify(src) by extension 'python_setup_py'
[0.224s] Level 1:colcon.colcon_core.package_identification:_identify(src/px4_msgs) by extensions ['ignore', 'ignore_ament_install']
[0.224s] Level 1:colcon.colcon_core.package_identification:_identify(src/px4_msgs) by extension 'ignore'
[0.224s] Level 1:colcon.colcon_core.package_identification:_identify(src/px4_msgs) by extension 'ignore_ament_install'
[0.224s] Level 1:colcon.colcon_core.package_identification:_identify(src/px4_msgs) by extensions ['colcon_pkg']
[0.224s] Level 1:colcon.colcon_core.package_identification:_identify(src/px4_msgs) by extension 'colcon_pkg'
[0.224s] Level 1:colcon.colcon_core.package_identification:_identify(src/px4_msgs) by extensions ['colcon_meta']
[0.224s] Level 1:colcon.colcon_core.package_identification:_identify(src/px4_msgs) by extension 'colcon_meta'
[0.224s] Level 1:colcon.colcon_core.package_identification:_identify(src/px4_msgs) by extensions ['ros']
[0.224s] Level 1:colcon.colcon_core.package_identification:_identify(src/px4_msgs) by extension 'ros'
[0.226s] DEBUG:colcon.colcon_core.package_identification:Package 'src/px4_msgs' with type 'ros.ament_cmake' and name 'px4_msgs'
[0.226s] Level 1:colcon.colcon_core.package_identification:_identify(src/px4_ros_com) by extensions ['ignore', 'ignore_ament_install']
[0.226s] Level 1:colcon.colcon_core.package_identification:_identify(src/px4_ros_com) by extension 'ignore'
[0.226s] Level 1:colcon.colcon_core.package_identification:_identify(src/px4_ros_com) by extension 'ignore_ament_install'
[0.226s] Level 1:colcon.colcon_core.package_identification:_identify(src/px4_ros_com) by extensions ['colcon_pkg']
[0.226s] Level 1:colcon.colcon_core.package_identification:_identify(src/px4_ros_com) by extension 'colcon_pkg'
[0.226s] Level 1:colcon.colcon_core.package_identification:_identify(src/px4_ros_com) by extensions ['colcon_meta']
[0.226s] Level 1:colcon.colcon_core.package_identification:_identify(src/px4_ros_com) by extension 'colcon_meta'
[0.226s] Level 1:colcon.colcon_core.package_identification:_identify(src/px4_ros_com) by extensions ['ros']
[0.226s] Level 1:colcon.colcon_core.package_identification:_identify(src/px4_ros_com) by extension 'ros'
[0.227s] DEBUG:colcon.colcon_core.package_identification:Package 'src/px4_ros_com' with type 'ros.ament_cmake' and name 'px4_ros_com'
[0.227s] Level 1:colcon.colcon_core.package_discovery:discover_packages(recursive) using defaults
[0.227s] Level 1:colcon.colcon_core.package_discovery:discover_packages(ignore) discover
[0.227s] Level 1:colcon.colcon_core.package_discovery:discover_packages(ignore) using defaults
[0.227s] Level 1:colcon.colcon_core.package_discovery:discover_packages(path) discover
[0.227s] Level 1:colcon.colcon_core.package_discovery:discover_packages(path) using defaults
[0.248s] Level 1:colcon.colcon_core.package_discovery:discover_packages(prefix_path) check parameters
[0.248s] Level 1:colcon.colcon_core.package_discovery:discover_packages(prefix_path) discover
[0.250s] DEBUG:colcon.colcon_installed_package_information.package_discovery:Found 272 installed packages in /opt/ros/humble
[0.251s] Level 1:colcon.colcon_core.package_discovery:discover_packages(prefix_path) using defaults
[0.278s] Level 5:colcon.colcon_core.verb:set package 'px4_msgs' build argument 'cmake_args' from command line to 'None'
[0.278s] Level 5:colcon.colcon_core.verb:set package 'px4_msgs' build argument 'cmake_target' from command line to 'None'
[0.278s] Level 5:colcon.colcon_core.verb:set package 'px4_msgs' build argument 'cmake_target_skip_unavailable' from command line to 'False'
[0.278s] Level 5:colcon.colcon_core.verb:set package 'px4_msgs' build argument 'cmake_clean_cache' from command line to 'False'
[0.278s] Level 5:colcon.colcon_core.verb:set package 'px4_msgs' build argument 'cmake_clean_first' from command line to 'False'
[0.278s] Level 5:colcon.colcon_core.verb:set package 'px4_msgs' build argument 'cmake_force_configure' from command line to 'False'
[0.278s] Level 5:colcon.colcon_core.verb:set package 'px4_msgs' build argument 'ament_cmake_args' from command line to 'None'
[0.278s] Level 5:colcon.colcon_core.verb:set package 'px4_msgs' build argument 'catkin_cmake_args' from command line to 'None'
[0.278s] Level 5:colcon.colcon_core.verb:set package 'px4_msgs' build argument 'catkin_skip_building_tests' from command line to 'False'
[0.278s] DEBUG:colcon.colcon_core.verb:Building package 'px4_msgs' with the following arguments: {'ament_cmake_args': None, 'build_base': '/home/leedonghyuck/ws_px4/build/px4_msgs', 'catkin_cmake_args': None, 'catkin_skip_building_tests': False, 'cmake_args': None, 'cmake_clean_cache': False, 'cmake_clean_first': False, 'cmake_force_configure': False, 'cmake_target': None, 'cmake_target_skip_unavailable': False, 'install_base': '/home/leedonghyuck/ws_px4/install/px4_msgs', 'merge_install': False, 'path': '/home/leedonghyuck/ws_px4/src/px4_msgs', 'symlink_install': False, 'test_result_base': None}
[0.278s] Level 5:colcon.colcon_core.verb:set package 'px4_ros_com' build argument 'cmake_args' from command line to 'None'
[0.278s] Level 5:colcon.colcon_core.verb:set package 'px4_ros_com' build argument 'cmake_target' from command line to 'None'
[0.278s] Level 5:colcon.colcon_core.verb:set package 'px4_ros_com' build argument 'cmake_target_skip_unavailable' from command line to 'False'
[0.278s] Level 5:colcon.colcon_core.verb:set package 'px4_ros_com' build argument 'cmake_clean_cache' from command line to 'False'
[0.278s] Level 5:colcon.colcon_core.verb:set package 'px4_ros_com' build argument 'cmake_clean_first' from command line to 'False'
[0.278s] Level 5:colcon.colcon_core.verb:set package 'px4_ros_com' build argument 'cmake_force_configure' from command line to 'False'
[0.278s] Level 5:colcon.colcon_core.verb:set package 'px4_ros_com' build argument 'ament_cmake_args' from command line to 'None'
[0.278s] Level 5:colcon.colcon_core.verb:set package 'px4_ros_com' build argument 'catkin_cmake_args' from command line to 'None'
[0.278s] Level 5:colcon.colcon_core.verb:set package 'px4_ros_com' build argument 'catkin_skip_building_tests' from command line to 'False'
[0.278s] DEBUG:colcon.colcon_core.verb:Building package 'px4_ros_com' with the following arguments: {'ament_cmake_args': None, 'build_base': '/home/leedonghyuck/ws_px4/build/px4_ros_com', 'catkin_cmake_args': None, 'catkin_skip_building_tests': False, 'cmake_args': None, 'cmake_clean_cache': False, 'cmake_clean_first': False, 'cmake_force_configure': False, 'cmake_target': None, 'cmake_target_skip_unavailable': False, 'install_base': '/home/leedonghyuck/ws_px4/install/px4_ros_com', 'merge_install': False, 'path': '/home/leedonghyuck/ws_px4/src/px4_ros_com', 'symlink_install': False, 'test_result_base': None}
[0.278s] INFO:colcon.colcon_core.executor:Executing jobs using 'parallel' executor
[0.279s] DEBUG:colcon.colcon_parallel_executor.executor.parallel:run_until_complete
[0.279s] INFO:colcon.colcon_ros.task.ament_cmake.build:Building ROS package in '/home/leedonghyuck/ws_px4/src/px4_msgs' with build type 'ament_cmake'
[0.279s] INFO:colcon.colcon_cmake.task.cmake.build:Building CMake package in '/home/leedonghyuck/ws_px4/src/px4_msgs'
[0.281s] INFO:colcon.colcon_core.plugin_system:Skipping extension 'colcon_core.shell.bat': Not used on non-Windows systems
[0.281s] INFO:colcon.colcon_core.shell:Skip shell extension 'powershell' for command environment: Not usable outside of PowerShell
[0.281s] DEBUG:colcon.colcon_core.shell:Skip shell extension 'dsv' for command environment
[0.289s] DEBUG:colcon.colcon_core.event_handler.log_command:Invoking command in '/home/leedonghyuck/ws_px4/build/px4_msgs': CMAKE_PREFIX_PATH=/opt/ros/humble /usr/bin/cmake --build /home/leedonghyuck/ws_px4/build/px4_msgs -- -j32 -l32
[1.416s] DEBUG:colcon.colcon_core.event_handler.log_command:Invoked command in '/home/leedonghyuck/ws_px4/build/px4_msgs' returned '0': CMAKE_PREFIX_PATH=/opt/ros/humble /usr/bin/cmake --build /home/leedonghyuck/ws_px4/build/px4_msgs -- -j32 -l32
[1.426s] DEBUG:colcon.colcon_core.event_handler.log_command:Invoking command in '/home/leedonghyuck/ws_px4/build/px4_msgs': CMAKE_PREFIX_PATH=/opt/ros/humble /usr/bin/cmake --install /home/leedonghyuck/ws_px4/build/px4_msgs
[1.786s] Level 1:colcon.colcon_core.environment:create_environment_scripts_only(px4_msgs)
[1.786s] DEBUG:colcon.colcon_core.event_handler.log_command:Invoked command in '/home/leedonghyuck/ws_px4/build/px4_msgs' returned '0': CMAKE_PREFIX_PATH=/opt/ros/humble /usr/bin/cmake --install /home/leedonghyuck/ws_px4/build/px4_msgs
[1.789s] Level 1:colcon.colcon_core.environment:checking '/home/leedonghyuck/ws_px4/install/px4_msgs' for CMake module files
[1.790s] Level 1:colcon.colcon_core.environment:checking '/home/leedonghyuck/ws_px4/install/px4_msgs' for CMake config files
[1.799s] Level 1:colcon.colcon_core.shell:create_environment_hook('px4_msgs', 'cmake_prefix_path')
[1.800s] INFO:colcon.colcon_core.shell:Creating environment hook '/home/leedonghyuck/ws_px4/install/px4_msgs/share/px4_msgs/hook/cmake_prefix_path.ps1'
[1.801s] INFO:colcon.colcon_core.shell:Creating environment descriptor '/home/leedonghyuck/ws_px4/install/px4_msgs/share/px4_msgs/hook/cmake_prefix_path.dsv'
[1.801s] INFO:colcon.colcon_core.shell:Creating environment hook '/home/leedonghyuck/ws_px4/install/px4_msgs/share/px4_msgs/hook/cmake_prefix_path.sh'
[1.802s] Level 1:colcon.colcon_core.environment:checking '/home/leedonghyuck/ws_px4/install/px4_msgs/lib'
[1.803s] Level 1:colcon.colcon_core.shell:create_environment_hook('px4_msgs', 'ld_library_path_lib')
[1.803s] INFO:colcon.colcon_core.shell:Creating environment hook '/home/leedonghyuck/ws_px4/install/px4_msgs/share/px4_msgs/hook/ld_library_path_lib.ps1'
[1.803s] INFO:colcon.colcon_core.shell:Creating environment descriptor '/home/leedonghyuck/ws_px4/install/px4_msgs/share/px4_msgs/hook/ld_library_path_lib.dsv'
[1.804s] INFO:colcon.colcon_core.shell:Creating environment hook '/home/leedonghyuck/ws_px4/install/px4_msgs/share/px4_msgs/hook/ld_library_path_lib.sh'
[1.804s] Level 1:colcon.colcon_core.environment:checking '/home/leedonghyuck/ws_px4/install/px4_msgs/bin'
[1.804s] Level 1:colcon.colcon_core.environment:checking '/home/leedonghyuck/ws_px4/install/px4_msgs/lib/pkgconfig/px4_msgs.pc'
[1.805s] Level 1:colcon.colcon_core.environment:checking '/home/leedonghyuck/ws_px4/install/px4_msgs/lib/python3.10/site-packages'
[1.805s] Level 1:colcon.colcon_core.environment:checking '/home/leedonghyuck/ws_px4/install/px4_msgs/bin'
[1.806s] INFO:colcon.colcon_core.shell:Creating package script '/home/leedonghyuck/ws_px4/install/px4_msgs/share/px4_msgs/package.ps1'
[1.807s] INFO:colcon.colcon_core.shell:Creating package descriptor '/home/leedonghyuck/ws_px4/install/px4_msgs/share/px4_msgs/package.dsv'
[1.807s] INFO:colcon.colcon_core.shell:Creating package script '/home/leedonghyuck/ws_px4/install/px4_msgs/share/px4_msgs/package.sh'
[1.809s] INFO:colcon.colcon_core.shell:Creating package script '/home/leedonghyuck/ws_px4/install/px4_msgs/share/px4_msgs/package.bash'
[1.810s] INFO:colcon.colcon_core.shell:Creating package script '/home/leedonghyuck/ws_px4/install/px4_msgs/share/px4_msgs/package.zsh'
[1.811s] Level 1:colcon.colcon_core.environment:create_file_with_runtime_dependencies(/home/leedonghyuck/ws_px4/install/px4_msgs/share/colcon-core/packages/px4_msgs)
[1.812s] Level 1:colcon.colcon_core.environment:create_environment_scripts_only(px4_msgs)
[1.812s] Level 1:colcon.colcon_core.environment:checking '/home/leedonghyuck/ws_px4/install/px4_msgs' for CMake module files
[1.813s] Level 1:colcon.colcon_core.environment:checking '/home/leedonghyuck/ws_px4/install/px4_msgs' for CMake config files
[1.822s] Level 1:colcon.colcon_core.shell:create_environment_hook('px4_msgs', 'cmake_prefix_path')
[1.822s] INFO:colcon.colcon_core.shell:Creating environment hook '/home/leedonghyuck/ws_px4/install/px4_msgs/share/px4_msgs/hook/cmake_prefix_path.ps1'
[1.822s] INFO:colcon.colcon_core.shell:Creating environment descriptor '/home/leedonghyuck/ws_px4/install/px4_msgs/share/px4_msgs/hook/cmake_prefix_path.dsv'
[1.823s] INFO:colcon.colcon_core.shell:Creating environment hook '/home/leedonghyuck/ws_px4/install/px4_msgs/share/px4_msgs/hook/cmake_prefix_path.sh'
[1.824s] Level 1:colcon.colcon_core.environment:checking '/home/leedonghyuck/ws_px4/install/px4_msgs/lib'
[1.824s] Level 1:colcon.colcon_core.shell:create_environment_hook('px4_msgs', 'ld_library_path_lib')
[1.824s] INFO:colcon.colcon_core.shell:Creating environment hook '/home/leedonghyuck/ws_px4/install/px4_msgs/share/px4_msgs/hook/ld_library_path_lib.ps1'
[1.825s] INFO:colcon.colcon_core.shell:Creating environment descriptor '/home/leedonghyuck/ws_px4/install/px4_msgs/share/px4_msgs/hook/ld_library_path_lib.dsv'
[1.825s] INFO:colcon.colcon_core.shell:Creating environment hook '/home/leedonghyuck/ws_px4/install/px4_msgs/share/px4_msgs/hook/ld_library_path_lib.sh'
[1.825s] Level 1:colcon.colcon_core.environment:checking '/home/leedonghyuck/ws_px4/install/px4_msgs/bin'
[1.826s] Level 1:colcon.colcon_core.environment:checking '/home/leedonghyuck/ws_px4/install/px4_msgs/lib/pkgconfig/px4_msgs.pc'
[1.826s] Level 1:colcon.colcon_core.environment:checking '/home/leedonghyuck/ws_px4/install/px4_msgs/lib/python3.10/site-packages'
[1.826s] Level 1:colcon.colcon_core.environment:checking '/home/leedonghyuck/ws_px4/install/px4_msgs/bin'
[1.827s] INFO:colcon.colcon_core.shell:Creating package script '/home/leedonghyuck/ws_px4/install/px4_msgs/share/px4_msgs/package.ps1'
[1.827s] INFO:colcon.colcon_core.shell:Creating package descriptor '/home/leedonghyuck/ws_px4/install/px4_msgs/share/px4_msgs/package.dsv'
[1.828s] INFO:colcon.colcon_core.shell:Creating package script '/home/leedonghyuck/ws_px4/install/px4_msgs/share/px4_msgs/package.sh'
[1.829s] INFO:colcon.colcon_core.shell:Creating package script '/home/leedonghyuck/ws_px4/install/px4_msgs/share/px4_msgs/package.bash'
[1.829s] INFO:colcon.colcon_core.shell:Creating package script '/home/leedonghyuck/ws_px4/install/px4_msgs/share/px4_msgs/package.zsh'
[1.830s] Level 1:colcon.colcon_core.environment:create_file_with_runtime_dependencies(/home/leedonghyuck/ws_px4/install/px4_msgs/share/colcon-core/packages/px4_msgs)
[1.830s] INFO:colcon.colcon_ros.task.ament_cmake.build:Building ROS package in '/home/leedonghyuck/ws_px4/src/px4_ros_com' with build type 'ament_cmake'
[1.830s] INFO:colcon.colcon_cmake.task.cmake.build:Building CMake package in '/home/leedonghyuck/ws_px4/src/px4_ros_com'
[1.831s] INFO:colcon.colcon_core.shell:Skip shell extension 'powershell' for command environment: Not usable outside of PowerShell
[1.831s] DEBUG:colcon.colcon_core.shell:Skip shell extension 'dsv' for command environment
[1.844s] DEBUG:colcon.colcon_core.event_handler.log_command:Invoking command in '/home/leedonghyuck/ws_px4/build/px4_ros_com': AMENT_PREFIX_PATH=/home/leedonghyuck/ws_px4/install/px4_msgs:${AMENT_PREFIX_PATH} CMAKE_PREFIX_PATH=/home/leedonghyuck/ws_px4/install/px4_msgs:/opt/ros/humble LD_LIBRARY_PATH=/home/leedonghyuck/ws_px4/install/px4_msgs/lib:/opt/ros/humble/opt/rviz_ogre_vendor/lib:/opt/ros/humble/lib/x86_64-linux-gnu:/opt/ros/humble/lib:/home/username/.mujoco/mujoco210/bin PYTHONPATH=/home/leedonghyuck/ws_px4/install/px4_msgs/local/lib/python3.10/dist-packages:${PYTHONPATH} /usr/bin/cmake --build /home/leedonghyuck/ws_px4/build/px4_ros_com -- -j32 -l32
[2.122s] DEBUG:colcon.colcon_core.event_handler.log_command:Invoked command in '/home/leedonghyuck/ws_px4/build/px4_ros_com' returned '0': AMENT_PREFIX_PATH=/home/leedonghyuck/ws_px4/install/px4_msgs:${AMENT_PREFIX_PATH} CMAKE_PREFIX_PATH=/home/leedonghyuck/ws_px4/install/px4_msgs:/opt/ros/humble LD_LIBRARY_PATH=/home/leedonghyuck/ws_px4/install/px4_msgs/lib:/opt/ros/humble/opt/rviz_ogre_vendor/lib:/opt/ros/humble/lib/x86_64-linux-gnu:/opt/ros/humble/lib:/home/username/.mujoco/mujoco210/bin PYTHONPATH=/home/leedonghyuck/ws_px4/install/px4_msgs/local/lib/python3.10/dist-packages:${PYTHONPATH} /usr/bin/cmake --build /home/leedonghyuck/ws_px4/build/px4_ros_com -- -j32 -l32
[2.124s] DEBUG:colcon.colcon_core.event_handler.log_command:Invoking command in '/home/leedonghyuck/ws_px4/build/px4_ros_com': AMENT_PREFIX_PATH=/home/leedonghyuck/ws_px4/install/px4_msgs:${AMENT_PREFIX_PATH} CMAKE_PREFIX_PATH=/home/leedonghyuck/ws_px4/install/px4_msgs:/opt/ros/humble LD_LIBRARY_PATH=/home/leedonghyuck/ws_px4/install/px4_msgs/lib:/opt/ros/humble/opt/rviz_ogre_vendor/lib:/opt/ros/humble/lib/x86_64-linux-gnu:/opt/ros/humble/lib:/home/username/.mujoco/mujoco210/bin PYTHONPATH=/home/leedonghyuck/ws_px4/install/px4_msgs/local/lib/python3.10/dist-packages:${PYTHONPATH} /usr/bin/cmake --install /home/leedonghyuck/ws_px4/build/px4_ros_com
[2.164s] Level 1:colcon.colcon_core.environment:create_environment_scripts_only(px4_ros_com)
[2.164s] DEBUG:colcon.colcon_core.event_handler.log_command:Invoked command in '/home/leedonghyuck/ws_px4/build/px4_ros_com' returned '0': AMENT_PREFIX_PATH=/home/leedonghyuck/ws_px4/install/px4_msgs:${AMENT_PREFIX_PATH} CMAKE_PREFIX_PATH=/home/leedonghyuck/ws_px4/install/px4_msgs:/opt/ros/humble LD_LIBRARY_PATH=/home/leedonghyuck/ws_px4/install/px4_msgs/lib:/opt/ros/humble/opt/rviz_ogre_vendor/lib:/opt/ros/humble/lib/x86_64-linux-gnu:/opt/ros/humble/lib:/home/username/.mujoco/mujoco210/bin PYTHONPATH=/home/leedonghyuck/ws_px4/install/px4_msgs/local/lib/python3.10/dist-packages:${PYTHONPATH} /usr/bin/cmake --install /home/leedonghyuck/ws_px4/build/px4_ros_com
[2.165s] Level 1:colcon.colcon_core.environment:checking '/home/leedonghyuck/ws_px4/install/px4_ros_com' for CMake module files
[2.166s] Level 1:colcon.colcon_core.environment:checking '/home/leedonghyuck/ws_px4/install/px4_ros_com' for CMake config files
[2.166s] Level 1:colcon.colcon_core.shell:create_environment_hook('px4_ros_com', 'cmake_prefix_path')
[2.166s] INFO:colcon.colcon_core.shell:Creating environment hook '/home/leedonghyuck/ws_px4/install/px4_ros_com/share/px4_ros_com/hook/cmake_prefix_path.ps1'
[2.167s] INFO:colcon.colcon_core.shell:Creating environment descriptor '/home/leedonghyuck/ws_px4/install/px4_ros_com/share/px4_ros_com/hook/cmake_prefix_path.dsv'
[2.167s] INFO:colcon.colcon_core.shell:Creating environment hook '/home/leedonghyuck/ws_px4/install/px4_ros_com/share/px4_ros_com/hook/cmake_prefix_path.sh'
[2.168s] Level 1:colcon.colcon_core.environment:checking '/home/leedonghyuck/ws_px4/install/px4_ros_com/lib'
[2.168s] Level 1:colcon.colcon_core.shell:create_environment_hook('px4_ros_com', 'ld_library_path_lib')
[2.168s] INFO:colcon.colcon_core.shell:Creating environment hook '/home/leedonghyuck/ws_px4/install/px4_ros_com/share/px4_ros_com/hook/ld_library_path_lib.ps1'
[2.169s] INFO:colcon.colcon_core.shell:Creating environment descriptor '/home/leedonghyuck/ws_px4/install/px4_ros_com/share/px4_ros_com/hook/ld_library_path_lib.dsv'
[2.169s] INFO:colcon.colcon_core.shell:Creating environment hook '/home/leedonghyuck/ws_px4/install/px4_ros_com/share/px4_ros_com/hook/ld_library_path_lib.sh'
[2.169s] Level 1:colcon.colcon_core.environment:checking '/home/leedonghyuck/ws_px4/install/px4_ros_com/bin'
[2.169s] Level 1:colcon.colcon_core.environment:checking '/home/leedonghyuck/ws_px4/install/px4_ros_com/lib/pkgconfig/px4_ros_com.pc'
[2.170s] Level 1:colcon.colcon_core.environment:checking '/home/leedonghyuck/ws_px4/install/px4_ros_com/lib/python3.10/site-packages'
[2.170s] Level 1:colcon.colcon_core.environment:checking '/home/leedonghyuck/ws_px4/install/px4_ros_com/bin'
[2.170s] INFO:colcon.colcon_core.shell:Creating package script '/home/leedonghyuck/ws_px4/install/px4_ros_com/share/px4_ros_com/package.ps1'
[2.171s] INFO:colcon.colcon_core.shell:Creating package descriptor '/home/leedonghyuck/ws_px4/install/px4_ros_com/share/px4_ros_com/package.dsv'
[2.171s] INFO:colcon.colcon_core.shell:Creating package script '/home/leedonghyuck/ws_px4/install/px4_ros_com/share/px4_ros_com/package.sh'
[2.172s] INFO:colcon.colcon_core.shell:Creating package script '/home/leedonghyuck/ws_px4/install/px4_ros_com/share/px4_ros_com/package.bash'
[2.172s] INFO:colcon.colcon_core.shell:Creating package script '/home/leedonghyuck/ws_px4/install/px4_ros_com/share/px4_ros_com/package.zsh'
[2.173s] Level 1:colcon.colcon_core.environment:create_file_with_runtime_dependencies(/home/leedonghyuck/ws_px4/install/px4_ros_com/share/colcon-core/packages/px4_ros_com)
[2.173s] Level 1:colcon.colcon_core.environment:create_environment_scripts_only(px4_ros_com)
[2.174s] Level 1:colcon.colcon_core.environment:checking '/home/leedonghyuck/ws_px4/install/px4_ros_com' for CMake module files
[2.174s] Level 1:colcon.colcon_core.environment:checking '/home/leedonghyuck/ws_px4/install/px4_ros_com' for CMake config files
[2.175s] Level 1:colcon.colcon_core.shell:create_environment_hook('px4_ros_com', 'cmake_prefix_path')
[2.175s] INFO:colcon.colcon_core.shell:Creating environment hook '/home/leedonghyuck/ws_px4/install/px4_ros_com/share/px4_ros_com/hook/cmake_prefix_path.ps1'
[2.175s] INFO:colcon.colcon_core.shell:Creating environment descriptor '/home/leedonghyuck/ws_px4/install/px4_ros_com/share/px4_ros_com/hook/cmake_prefix_path.dsv'
[2.176s] INFO:colcon.colcon_core.shell:Creating environment hook '/home/leedonghyuck/ws_px4/install/px4_ros_com/share/px4_ros_com/hook/cmake_prefix_path.sh'
[2.176s] Level 1:colcon.colcon_core.environment:checking '/home/leedonghyuck/ws_px4/install/px4_ros_com/lib'
[2.176s] Level 1:colcon.colcon_core.shell:create_environment_hook('px4_ros_com', 'ld_library_path_lib')
[2.177s] INFO:colcon.colcon_core.shell:Creating environment hook '/home/leedonghyuck/ws_px4/install/px4_ros_com/share/px4_ros_com/hook/ld_library_path_lib.ps1'
[2.177s] INFO:colcon.colcon_core.shell:Creating environment descriptor '/home/leedonghyuck/ws_px4/install/px4_ros_com/share/px4_ros_com/hook/ld_library_path_lib.dsv'
[2.177s] INFO:colcon.colcon_core.shell:Creating environment hook '/home/leedonghyuck/ws_px4/install/px4_ros_com/share/px4_ros_com/hook/ld_library_path_lib.sh'
[2.178s] Level 1:colcon.colcon_core.environment:checking '/home/leedonghyuck/ws_px4/install/px4_ros_com/bin'
[2.178s] Level 1:colcon.colcon_core.environment:checking '/home/leedonghyuck/ws_px4/install/px4_ros_com/lib/pkgconfig/px4_ros_com.pc'
[2.178s] Level 1:colcon.colcon_core.environment:checking '/home/leedonghyuck/ws_px4/install/px4_ros_com/lib/python3.10/site-packages'
[2.179s] Level 1:colcon.colcon_core.environment:checking '/home/leedonghyuck/ws_px4/install/px4_ros_com/bin'
[2.179s] INFO:colcon.colcon_core.shell:Creating package script '/home/leedonghyuck/ws_px4/install/px4_ros_com/share/px4_ros_com/package.ps1'
[2.179s] INFO:colcon.colcon_core.shell:Creating package descriptor '/home/leedonghyuck/ws_px4/install/px4_ros_com/share/px4_ros_com/package.dsv'
[2.180s] INFO:colcon.colcon_core.shell:Creating package script '/home/leedonghyuck/ws_px4/install/px4_ros_com/share/px4_ros_com/package.sh'
[2.181s] INFO:colcon.colcon_core.shell:Creating package script '/home/leedonghyuck/ws_px4/install/px4_ros_com/share/px4_ros_com/package.bash'
[2.181s] INFO:colcon.colcon_core.shell:Creating package script '/home/leedonghyuck/ws_px4/install/px4_ros_com/share/px4_ros_com/package.zsh'
[2.182s] Level 1:colcon.colcon_core.environment:create_file_with_runtime_dependencies(/home/leedonghyuck/ws_px4/install/px4_ros_com/share/colcon-core/packages/px4_ros_com)
[2.182s] DEBUG:colcon.colcon_parallel_executor.executor.parallel:closing loop
[2.182s] DEBUG:colcon.colcon_parallel_executor.executor.parallel:loop closed
[2.182s] DEBUG:colcon.colcon_parallel_executor.executor.parallel:run_until_complete finished with '0'
[2.182s] DEBUG:colcon.colcon_core.event_reactor:joining thread
[2.189s] INFO:colcon.colcon_core.plugin_system:Skipping extension 'colcon_notification.desktop_notification.terminal_notifier': Not used on non-Darwin systems
[2.190s] INFO:colcon.colcon_core.plugin_system:Skipping extension 'colcon_notification.desktop_notification.win32': Not used on non-Windows systems
[2.190s] INFO:colcon.colcon_notification.desktop_notification:Sending desktop notification using 'notify2'
[2.206s] DEBUG:colcon.colcon_core.event_reactor:joined thread
[2.206s] INFO:colcon.colcon_core.shell:Creating prefix script '/home/leedonghyuck/ws_px4/install/local_setup.ps1'
[2.207s] INFO:colcon.colcon_core.shell:Creating prefix util module '/home/leedonghyuck/ws_px4/install/_local_setup_util_ps1.py'
[2.208s] INFO:colcon.colcon_core.shell:Creating prefix chain script '/home/leedonghyuck/ws_px4/install/setup.ps1'
[2.209s] INFO:colcon.colcon_core.shell:Creating prefix script '/home/leedonghyuck/ws_px4/install/local_setup.sh'
[2.210s] INFO:colcon.colcon_core.shell:Creating prefix util module '/home/leedonghyuck/ws_px4/install/_local_setup_util_sh.py'
[2.210s] INFO:colcon.colcon_core.shell:Creating prefix chain script '/home/leedonghyuck/ws_px4/install/setup.sh'
[2.211s] INFO:colcon.colcon_core.shell:Creating prefix script '/home/leedonghyuck/ws_px4/install/local_setup.bash'
[2.211s] INFO:colcon.colcon_core.shell:Creating prefix chain script '/home/leedonghyuck/ws_px4/install/setup.bash'
[2.212s] INFO:colcon.colcon_core.shell:Creating prefix script '/home/leedonghyuck/ws_px4/install/local_setup.zsh'
[2.213s] INFO:colcon.colcon_core.shell:Creating prefix chain script '/home/leedonghyuck/ws_px4/install/setup.zsh'
