[0.047s] Invoking command in '/home/leedonghyuck/ws_px4/build/px4_ros2_py': AMENT_PREFIX_PATH=/home/leedonghyuck/ws_px4/install/px4_ros2_cpp:/home/leedonghyuck/ws_px4/install/px4_msgs:${AMENT_PREFIX_PATH} CMAKE_PREFIX_PATH=/home/leedonghyuck/ws_px4/install/px4_ros2_cpp:/home/leedonghyuck/ws_px4/install/px4_msgs:/opt/ros/humble LD_LIBRARY_PATH=/home/leedonghyuck/ws_px4/install/px4_ros2_cpp/lib:/home/leedonghyuck/ws_px4/install/px4_msgs/lib:/opt/ros/humble/opt/rviz_ogre_vendor/lib:/opt/ros/humble/lib/x86_64-linux-gnu:/opt/ros/humble/lib:/home/username/.mujoco/mujoco210/bin PYTHONPATH=/home/leedonghyuck/ws_px4/install/px4_msgs/local/lib/python3.10/dist-packages:${PYTHONPATH} /usr/bin/cmake --build /home/leedonghyuck/ws_px4/build/px4_ros2_py -- -j32 -l32
[0.102s] [  0%] Built target ament_cmake_python_copy_px4_ros2
[0.110s] [100%] Built target px4_ros2_py
[0.299s] running egg_info
[0.299s] writing px4_ros2.egg-info/PKG-INFO
[0.300s] writing dependency_links to px4_ros2.egg-info/dependency_links.txt
[0.300s] writing top-level names to px4_ros2.egg-info/top_level.txt
[0.301s] reading manifest file 'px4_ros2.egg-info/SOURCES.txt'
[0.301s] writing manifest file 'px4_ros2.egg-info/SOURCES.txt'
[0.321s] [100%] Built target ament_cmake_python_build_px4_ros2_egg
[0.332s] Invoked command in '/home/leedonghyuck/ws_px4/build/px4_ros2_py' returned '0': AMENT_PREFIX_PATH=/home/leedonghyuck/ws_px4/install/px4_ros2_cpp:/home/leedonghyuck/ws_px4/install/px4_msgs:${AMENT_PREFIX_PATH} CMAKE_PREFIX_PATH=/home/leedonghyuck/ws_px4/install/px4_ros2_cpp:/home/leedonghyuck/ws_px4/install/px4_msgs:/opt/ros/humble LD_LIBRARY_PATH=/home/leedonghyuck/ws_px4/install/px4_ros2_cpp/lib:/home/leedonghyuck/ws_px4/install/px4_msgs/lib:/opt/ros/humble/opt/rviz_ogre_vendor/lib:/opt/ros/humble/lib/x86_64-linux-gnu:/opt/ros/humble/lib:/home/username/.mujoco/mujoco210/bin PYTHONPATH=/home/leedonghyuck/ws_px4/install/px4_msgs/local/lib/python3.10/dist-packages:${PYTHONPATH} /usr/bin/cmake --build /home/leedonghyuck/ws_px4/build/px4_ros2_py -- -j32 -l32
[0.333s] Invoking command in '/home/leedonghyuck/ws_px4/build/px4_ros2_py': AMENT_PREFIX_PATH=/home/leedonghyuck/ws_px4/install/px4_ros2_cpp:/home/leedonghyuck/ws_px4/install/px4_msgs:${AMENT_PREFIX_PATH} CMAKE_PREFIX_PATH=/home/leedonghyuck/ws_px4/install/px4_ros2_cpp:/home/leedonghyuck/ws_px4/install/px4_msgs:/opt/ros/humble LD_LIBRARY_PATH=/home/leedonghyuck/ws_px4/install/px4_ros2_cpp/lib:/home/leedonghyuck/ws_px4/install/px4_msgs/lib:/opt/ros/humble/opt/rviz_ogre_vendor/lib:/opt/ros/humble/lib/x86_64-linux-gnu:/opt/ros/humble/lib:/home/username/.mujoco/mujoco210/bin PYTHONPATH=/home/leedonghyuck/ws_px4/install/px4_msgs/local/lib/python3.10/dist-packages:${PYTHONPATH} /usr/bin/cmake --install /home/leedonghyuck/ws_px4/build/px4_ros2_py
[0.342s] -- Install configuration: ""
[0.342s] -- Up-to-date: /home/leedonghyuck/ws_px4/install/px4_ros2_py/share/px4_ros2_py/environment/pythonpath.sh
[0.342s] -- Up-to-date: /home/leedonghyuck/ws_px4/install/px4_ros2_py/share/px4_ros2_py/environment/pythonpath.dsv
[0.342s] -- Up-to-date: /home/leedonghyuck/ws_px4/install/px4_ros2_py/local/lib/python3.10/dist-packages/px4_ros2-0.0.1-py3.10.egg-info
[0.342s] -- Installing: /home/leedonghyuck/ws_px4/install/px4_ros2_py/local/lib/python3.10/dist-packages/px4_ros2-0.0.1-py3.10.egg-info/PKG-INFO
[0.342s] -- Installing: /home/leedonghyuck/ws_px4/install/px4_ros2_py/local/lib/python3.10/dist-packages/px4_ros2-0.0.1-py3.10.egg-info/SOURCES.txt
[0.342s] -- Installing: /home/leedonghyuck/ws_px4/install/px4_ros2_py/local/lib/python3.10/dist-packages/px4_ros2-0.0.1-py3.10.egg-info/dependency_links.txt
[0.343s] -- Installing: /home/leedonghyuck/ws_px4/install/px4_ros2_py/local/lib/python3.10/dist-packages/px4_ros2-0.0.1-py3.10.egg-info/top_level.txt
[0.343s] -- Up-to-date: /home/leedonghyuck/ws_px4/install/px4_ros2_py/local/lib/python3.10/dist-packages/px4_ros2
[0.343s] -- Up-to-date: /home/leedonghyuck/ws_px4/install/px4_ros2_py/local/lib/python3.10/dist-packages/px4_ros2/__init__.py
[0.367s] Listing '/home/leedonghyuck/ws_px4/install/px4_ros2_py/local/lib/python3.10/dist-packages/px4_ros2'...
[0.370s] -- Up-to-date: /home/leedonghyuck/ws_px4/install/px4_ros2_py/local/lib/python3.10/dist-packages/px4_ros2/px4_ros2_py.cpython-310-x86_64-linux-gnu.so
[0.370s] -- Up-to-date: /home/leedonghyuck/ws_px4/install/px4_ros2_py/share/ament_index/resource_index/package_run_dependencies/px4_ros2_py
[0.370s] -- Up-to-date: /home/leedonghyuck/ws_px4/install/px4_ros2_py/share/ament_index/resource_index/parent_prefix_path/px4_ros2_py
[0.370s] -- Up-to-date: /home/leedonghyuck/ws_px4/install/px4_ros2_py/share/px4_ros2_py/environment/ament_prefix_path.sh
[0.371s] -- Up-to-date: /home/leedonghyuck/ws_px4/install/px4_ros2_py/share/px4_ros2_py/environment/ament_prefix_path.dsv
[0.371s] -- Up-to-date: /home/leedonghyuck/ws_px4/install/px4_ros2_py/share/px4_ros2_py/environment/path.sh
[0.371s] -- Up-to-date: /home/leedonghyuck/ws_px4/install/px4_ros2_py/share/px4_ros2_py/environment/path.dsv
[0.371s] -- Up-to-date: /home/leedonghyuck/ws_px4/install/px4_ros2_py/share/px4_ros2_py/local_setup.bash
[0.371s] -- Up-to-date: /home/leedonghyuck/ws_px4/install/px4_ros2_py/share/px4_ros2_py/local_setup.sh
[0.371s] -- Up-to-date: /home/leedonghyuck/ws_px4/install/px4_ros2_py/share/px4_ros2_py/local_setup.zsh
[0.371s] -- Up-to-date: /home/leedonghyuck/ws_px4/install/px4_ros2_py/share/px4_ros2_py/local_setup.dsv
[0.371s] -- Installing: /home/leedonghyuck/ws_px4/install/px4_ros2_py/share/px4_ros2_py/package.dsv
[0.371s] -- Up-to-date: /home/leedonghyuck/ws_px4/install/px4_ros2_py/share/ament_index/resource_index/packages/px4_ros2_py
[0.371s] -- Up-to-date: /home/leedonghyuck/ws_px4/install/px4_ros2_py/share/px4_ros2_py/cmake/px4_ros2_pyConfig.cmake
[0.371s] -- Up-to-date: /home/leedonghyuck/ws_px4/install/px4_ros2_py/share/px4_ros2_py/cmake/px4_ros2_pyConfig-version.cmake
[0.371s] -- Up-to-date: /home/leedonghyuck/ws_px4/install/px4_ros2_py/share/px4_ros2_py/package.xml
[0.374s] Invoked command in '/home/leedonghyuck/ws_px4/build/px4_ros2_py' returned '0': AMENT_PREFIX_PATH=/home/leedonghyuck/ws_px4/install/px4_ros2_cpp:/home/leedonghyuck/ws_px4/install/px4_msgs:${AMENT_PREFIX_PATH} CMAKE_PREFIX_PATH=/home/leedonghyuck/ws_px4/install/px4_ros2_cpp:/home/leedonghyuck/ws_px4/install/px4_msgs:/opt/ros/humble LD_LIBRARY_PATH=/home/leedonghyuck/ws_px4/install/px4_ros2_cpp/lib:/home/leedonghyuck/ws_px4/install/px4_msgs/lib:/opt/ros/humble/opt/rviz_ogre_vendor/lib:/opt/ros/humble/lib/x86_64-linux-gnu:/opt/ros/humble/lib:/home/username/.mujoco/mujoco210/bin PYTHONPATH=/home/leedonghyuck/ws_px4/install/px4_msgs/local/lib/python3.10/dist-packages:${PYTHONPATH} /usr/bin/cmake --install /home/leedonghyuck/ws_px4/build/px4_ros2_py
