[0.041s] Invoking command in '/home/leedonghyuck/ws_px4/build/example_mode_mission_cpp': AMENT_PREFIX_PATH=/home/leedonghyuck/ws_px4/install/px4_ros2_cpp:/home/leedonghyuck/ws_px4/install/px4_msgs:${AMENT_PREFIX_PATH} CMAKE_PREFIX_PATH=/home/leedonghyuck/ws_px4/install/px4_ros2_cpp:/home/leedonghyuck/ws_px4/install/px4_msgs:/opt/ros/humble LD_LIBRARY_PATH=/home/leedonghyuck/ws_px4/install/px4_ros2_cpp/lib:/home/leedonghyuck/ws_px4/install/px4_msgs/lib:/opt/ros/humble/opt/rviz_ogre_vendor/lib:/opt/ros/humble/lib/x86_64-linux-gnu:/opt/ros/humble/lib:/home/username/.mujoco/mujoco210/bin PYTHONPATH=/home/leedonghyuck/ws_px4/install/px4_msgs/local/lib/python3.10/dist-packages:${PYTHONPATH} /usr/bin/cmake --build /home/leedonghyuck/ws_px4/build/example_mode_mission_cpp -- -j32 -l32
[0.081s] [35m[1mConsolidate compiler generated dependencies of target example_mode_mission[0m
[0.101s] [100%] Built target example_mode_mission
[0.130s] Invoked command in '/home/leedonghyuck/ws_px4/build/example_mode_mission_cpp' returned '0': AMENT_PREFIX_PATH=/home/leedonghyuck/ws_px4/install/px4_ros2_cpp:/home/leedonghyuck/ws_px4/install/px4_msgs:${AMENT_PREFIX_PATH} CMAKE_PREFIX_PATH=/home/leedonghyuck/ws_px4/install/px4_ros2_cpp:/home/leedonghyuck/ws_px4/install/px4_msgs:/opt/ros/humble LD_LIBRARY_PATH=/home/leedonghyuck/ws_px4/install/px4_ros2_cpp/lib:/home/leedonghyuck/ws_px4/install/px4_msgs/lib:/opt/ros/humble/opt/rviz_ogre_vendor/lib:/opt/ros/humble/lib/x86_64-linux-gnu:/opt/ros/humble/lib:/home/username/.mujoco/mujoco210/bin PYTHONPATH=/home/leedonghyuck/ws_px4/install/px4_msgs/local/lib/python3.10/dist-packages:${PYTHONPATH} /usr/bin/cmake --build /home/leedonghyuck/ws_px4/build/example_mode_mission_cpp -- -j32 -l32
[0.131s] Invoking command in '/home/leedonghyuck/ws_px4/build/example_mode_mission_cpp': AMENT_PREFIX_PATH=/home/leedonghyuck/ws_px4/install/px4_ros2_cpp:/home/leedonghyuck/ws_px4/install/px4_msgs:${AMENT_PREFIX_PATH} CMAKE_PREFIX_PATH=/home/leedonghyuck/ws_px4/install/px4_ros2_cpp:/home/leedonghyuck/ws_px4/install/px4_msgs:/opt/ros/humble LD_LIBRARY_PATH=/home/leedonghyuck/ws_px4/install/px4_ros2_cpp/lib:/home/leedonghyuck/ws_px4/install/px4_msgs/lib:/opt/ros/humble/opt/rviz_ogre_vendor/lib:/opt/ros/humble/lib/x86_64-linux-gnu:/opt/ros/humble/lib:/home/username/.mujoco/mujoco210/bin PYTHONPATH=/home/leedonghyuck/ws_px4/install/px4_msgs/local/lib/python3.10/dist-packages:${PYTHONPATH} /usr/bin/cmake --install /home/leedonghyuck/ws_px4/build/example_mode_mission_cpp
[0.140s] -- Install configuration: ""
[0.140s] -- Up-to-date: /home/leedonghyuck/ws_px4/install/example_mode_mission_cpp/lib/example_mode_mission_cpp/example_mode_mission
[0.141s] -- Up-to-date: /home/leedonghyuck/ws_px4/install/example_mode_mission_cpp/share/ament_index/resource_index/package_run_dependencies/example_mode_mission_cpp
[0.141s] -- Up-to-date: /home/leedonghyuck/ws_px4/install/example_mode_mission_cpp/share/ament_index/resource_index/parent_prefix_path/example_mode_mission_cpp
[0.142s] -- Up-to-date: /home/leedonghyuck/ws_px4/install/example_mode_mission_cpp/share/example_mode_mission_cpp/environment/ament_prefix_path.sh
[0.142s] -- Up-to-date: /home/leedonghyuck/ws_px4/install/example_mode_mission_cpp/share/example_mode_mission_cpp/environment/ament_prefix_path.dsv
[0.142s] -- Up-to-date: /home/leedonghyuck/ws_px4/install/example_mode_mission_cpp/share/example_mode_mission_cpp/environment/path.sh
[0.142s] -- Up-to-date: /home/leedonghyuck/ws_px4/install/example_mode_mission_cpp/share/example_mode_mission_cpp/environment/path.dsv
[0.142s] -- Up-to-date: /home/leedonghyuck/ws_px4/install/example_mode_mission_cpp/share/example_mode_mission_cpp/local_setup.bash
[0.142s] -- Up-to-date: /home/leedonghyuck/ws_px4/install/example_mode_mission_cpp/share/example_mode_mission_cpp/local_setup.sh
[0.142s] -- Up-to-date: /home/leedonghyuck/ws_px4/install/example_mode_mission_cpp/share/example_mode_mission_cpp/local_setup.zsh
[0.142s] -- Up-to-date: /home/leedonghyuck/ws_px4/install/example_mode_mission_cpp/share/example_mode_mission_cpp/local_setup.dsv
[0.142s] -- Installing: /home/leedonghyuck/ws_px4/install/example_mode_mission_cpp/share/example_mode_mission_cpp/package.dsv
[0.143s] -- Up-to-date: /home/leedonghyuck/ws_px4/install/example_mode_mission_cpp/share/ament_index/resource_index/packages/example_mode_mission_cpp
[0.143s] -- Up-to-date: /home/leedonghyuck/ws_px4/install/example_mode_mission_cpp/share/example_mode_mission_cpp/cmake/example_mode_mission_cppConfig.cmake
[0.143s] -- Up-to-date: /home/leedonghyuck/ws_px4/install/example_mode_mission_cpp/share/example_mode_mission_cpp/cmake/example_mode_mission_cppConfig-version.cmake
[0.143s] -- Up-to-date: /home/leedonghyuck/ws_px4/install/example_mode_mission_cpp/share/example_mode_mission_cpp/package.xml
[0.194s] Invoked command in '/home/leedonghyuck/ws_px4/build/example_mode_mission_cpp' returned '0': AMENT_PREFIX_PATH=/home/leedonghyuck/ws_px4/install/px4_ros2_cpp:/home/leedonghyuck/ws_px4/install/px4_msgs:${AMENT_PREFIX_PATH} CMAKE_PREFIX_PATH=/home/leedonghyuck/ws_px4/install/px4_ros2_cpp:/home/leedonghyuck/ws_px4/install/px4_msgs:/opt/ros/humble LD_LIBRARY_PATH=/home/leedonghyuck/ws_px4/install/px4_ros2_cpp/lib:/home/leedonghyuck/ws_px4/install/px4_msgs/lib:/opt/ros/humble/opt/rviz_ogre_vendor/lib:/opt/ros/humble/lib/x86_64-linux-gnu:/opt/ros/humble/lib:/home/username/.mujoco/mujoco210/bin PYTHONPATH=/home/leedonghyuck/ws_px4/install/px4_msgs/local/lib/python3.10/dist-packages:${PYTHONPATH} /usr/bin/cmake --install /home/leedonghyuck/ws_px4/build/example_mode_mission_cpp
